<?xml version="1.0" encoding="UTF-8"?>
<testsuites name="ATC_Test Suite" time="19.202" tests="1" failures="1" errors="0">
   <testsuite name="ATC_Test Suite" tests="1" failures="1" errors="0" time="19.202" skipped="0" timestamp="2022-11-05 19:30:54" hostname="Athif - DESKTOP-HMC26PQ" id="Test Suites/ATC_Test Suite">
      <properties>
         <property name="deviceName" value=""/>
         <property name="devicePlatform" value=""/>
         <property name="logFolder" value="C:\\Users\\Athif\\git\\MiniprojectWeb\\Reports\\20221105_193045\\ATC_Test Suite\\20221105_193045"/>
         <property name="logFiles" value="C:\\Users\\Athif\\git\\MiniprojectWeb\\Reports\\20221105_193045\\ATC_Test Suite\\20221105_193045\\execution0.log"/>
         <property name="attachments" value=""/>
         <property name="hostName" value="Athif - DESKTOP-HMC26PQ"/>
         <property name="hostAddress" value="192.168.56.1"/>
         <property name="os" value="Windows 10 64bit"/>
         <property name="katalonVersion" value="8.3.0.208"/>
      </properties>
      <testcase name="Test Cases/Feature File" time="18.761" classname="Test Cases/Feature File" status="FAILED">
         <failure type="FAILED" message="Test Cases/Feature File FAILED.
Reason:
com.kms.katalon.core.exception.StepFailedException: Feature file 'Include/features/Positive/login.feature' was failed
	at com.kms.katalon.core.keyword.internal.KeywordMain.stepFailed(KeywordMain.groovy:50)
	at com.kms.katalon.core.keyword.internal.KeywordMain.stepFailed(KeywordMain.groovy)
	at com.kms.katalon.core.keyword.internal.KeywordMain.stepFailed(KeywordMain.groovy:23)
	at com.kms.katalon.core.keyword.internal.KeywordMain$stepFailed$0.call(Unknown Source)
	at com.kms.katalon.core.cucumber.keyword.CucumberBuiltinKeywords$_runFeatureFile_closure1.doCall(CucumberBuiltinKeywords.groovy:114)
	at com.kms.katalon.core.cucumber.keyword.CucumberBuiltinKeywords$_runFeatureFile_closure1.doCall(CucumberBuiltinKeywords.groovy)
	at com.kms.katalon.core.keyword.internal.KeywordMain.runKeyword(KeywordMain.groovy:74)
	at com.kms.katalon.core.keyword.internal.KeywordMain.runKeyword(KeywordMain.groovy:68)
	at com.kms.katalon.core.keyword.internal.KeywordMain$runKeyword.call(Unknown Source)
	at com.kms.katalon.core.cucumber.keyword.CucumberBuiltinKeywords.runFeatureFile(CucumberBuiltinKeywords.groovy:75)
	at com.kms.katalon.core.cucumber.keyword.CucumberBuiltinKeywords$runFeatureFile$0.callStatic(Unknown Source)
	at com.kms.katalon.core.cucumber.keyword.CucumberBuiltinKeywords.runFeatureFile(CucumberBuiltinKeywords.groovy:248)
	at com.kms.katalon.core.cucumber.keyword.CucumberBuiltinKeywords$runFeatureFile.call(Unknown Source)
	at Feature File.run(Feature File:20)
	at com.kms.katalon.core.main.ScriptEngine.run(ScriptEngine.java:194)
	at com.kms.katalon.core.main.ScriptEngine.runScriptAsRawText(ScriptEngine.java:119)
	at com.kms.katalon.core.main.TestCaseExecutor.runScript(TestCaseExecutor.java:445)
	at com.kms.katalon.core.main.TestCaseExecutor.doExecute(TestCaseExecutor.java:436)
	at com.kms.katalon.core.main.TestCaseExecutor.processExecutionPhase(TestCaseExecutor.java:415)
	at com.kms.katalon.core.main.TestCaseExecutor.accessMainPhase(TestCaseExecutor.java:407)
	at com.kms.katalon.core.main.TestCaseExecutor.execute(TestCaseExecutor.java:284)
	at com.kms.katalon.core.common.CommonExecutor.accessTestCaseMainPhase(CommonExecutor.java:65)
	at com.kms.katalon.core.main.TestSuiteExecutor.accessTestSuiteMainPhase(TestSuiteExecutor.java:144)
	at com.kms.katalon.core.main.TestSuiteExecutor.execute(TestSuiteExecutor.java:106)
	at com.kms.katalon.core.main.TestCaseMain.startTestSuite(TestCaseMain.java:185)
	at com.kms.katalon.core.main.TestCaseMain$startTestSuite$0.call(Unknown Source)
	at TempTestSuite1667651445050.run(TempTestSuite1667651445050.groovy:36)
"/>
         <system-out><![CDATA[2022-11-05 19:30:54 - [TEST_CASE][FAILED] - Test Cases/Feature File: Test Cases/Feature File FAILED.
Reason:
com.kms.katalon.core.exception.StepFailedException: Feature file 'Include/features/Positive/login.feature' was failed
	at com.kms.katalon.core.keyword.internal.KeywordMain.stepFailed(KeywordMain.groovy:50)
	at com.kms.katalon.core.keyword.internal.KeywordMain.stepFailed(KeywordMain.groovy)
	at com.kms.katalon.core.keyword.internal.KeywordMain.stepFailed(KeywordMain.groovy:23)
	at com.kms.katalon.core.keyword.internal.KeywordMain$stepFailed$0.call(Unknown Source)
	at com.kms.katalon.core.cucumber.keyword.CucumberBuiltinKeywords$_runFeatureFile_closure1.doCall(CucumberBuiltinKeywords.groovy:114)
	at com.kms.katalon.core.cucumber.keyword.CucumberBuiltinKeywords$_runFeatureFile_closure1.doCall(CucumberBuiltinKeywords.groovy)
	at com.kms.katalon.core.keyword.internal.KeywordMain.runKeyword(KeywordMain.groovy:74)
	at com.kms.katalon.core.keyword.internal.KeywordMain.runKeyword(KeywordMain.groovy:68)
	at com.kms.katalon.core.keyword.internal.KeywordMain$runKeyword.call(Unknown Source)
	at com.kms.katalon.core.cucumber.keyword.CucumberBuiltinKeywords.runFeatureFile(CucumberBuiltinKeywords.groovy:75)
	at com.kms.katalon.core.cucumber.keyword.CucumberBuiltinKeywords$runFeatureFile$0.callStatic(Unknown Source)
	at com.kms.katalon.core.cucumber.keyword.CucumberBuiltinKeywords.runFeatureFile(CucumberBuiltinKeywords.groovy:248)
	at com.kms.katalon.core.cucumber.keyword.CucumberBuiltinKeywords$runFeatureFile.call(Unknown Source)
	at Feature File.run(Feature File:20)
	at com.kms.katalon.core.main.ScriptEngine.run(ScriptEngine.java:194)
	at com.kms.katalon.core.main.ScriptEngine.runScriptAsRawText(ScriptEngine.java:119)
	at com.kms.katalon.core.main.TestCaseExecutor.runScript(TestCaseExecutor.java:445)
	at com.kms.katalon.core.main.TestCaseExecutor.doExecute(TestCaseExecutor.java:436)
	at com.kms.katalon.core.main.TestCaseExecutor.processExecutionPhase(TestCaseExecutor.java:415)
	at com.kms.katalon.core.main.TestCaseExecutor.accessMainPhase(TestCaseExecutor.java:407)
	at com.kms.katalon.core.main.TestCaseExecutor.execute(TestCaseExecutor.java:284)
	at com.kms.katalon.core.common.CommonExecutor.accessTestCaseMainPhase(CommonExecutor.java:65)
	at com.kms.katalon.core.main.TestSuiteExecutor.accessTestSuiteMainPhase(TestSuiteExecutor.java:144)
	at com.kms.katalon.core.main.TestSuiteExecutor.execute(TestSuiteExecutor.java:106)
	at com.kms.katalon.core.main.TestCaseMain.startTestSuite(TestCaseMain.java:185)
	at com.kms.katalon.core.main.TestCaseMain$startTestSuite$0.call(Unknown Source)
	at TempTestSuite1667651445050.run(TempTestSuite1667651445050.groovy:36)


2022-11-05 19:30:55 - [TEST_STEP][FAILED] - runFeatureFile("Include/features/Positive/login.feature"): Keyword runFeatureFile was failed (Root cause: com.kms.katalon.core.exception.StepFailedException: Feature file 'Include/features/Positive/login.feature' was failed
	at com.kms.katalon.core.keyword.internal.KeywordMain.stepFailed(KeywordMain.groovy:50)
	at com.kms.katalon.core.keyword.internal.KeywordMain.stepFailed(KeywordMain.groovy)
	at com.kms.katalon.core.keyword.internal.KeywordMain.stepFailed(KeywordMain.groovy:23)
	at com.kms.katalon.core.keyword.internal.KeywordMain$stepFailed$0.call(Unknown Source)
	at com.kms.katalon.core.cucumber.keyword.CucumberBuiltinKeywords$_runFeatureFile_closure1.doCall(CucumberBuiltinKeywords.groovy:114)
	at com.kms.katalon.core.cucumber.keyword.CucumberBuiltinKeywords$_runFeatureFile_closure1.doCall(CucumberBuiltinKeywords.groovy)
	at com.kms.katalon.core.keyword.internal.KeywordMain.runKeyword(KeywordMain.groovy:74)
	at com.kms.katalon.core.keyword.internal.KeywordMain.runKeyword(KeywordMain.groovy:68)
	at com.kms.katalon.core.keyword.internal.KeywordMain$runKeyword.call(Unknown Source)
	at com.kms.katalon.core.cucumber.keyword.CucumberBuiltinKeywords.runFeatureFile(CucumberBuiltinKeywords.groovy:75)
	at com.kms.katalon.core.cucumber.keyword.CucumberBuiltinKeywords$runFeatureFile$0.callStatic(Unknown Source)
	at com.kms.katalon.core.cucumber.keyword.CucumberBuiltinKeywords.runFeatureFile(CucumberBuiltinKeywords.groovy:248)
	at com.kms.katalon.core.cucumber.keyword.CucumberBuiltinKeywords$runFeatureFile.call(Unknown Source)
	at Feature File.run(Feature File:20)
	at com.kms.katalon.core.main.ScriptEngine.run(ScriptEngine.java:194)
	at com.kms.katalon.core.main.ScriptEngine.runScriptAsRawText(ScriptEngine.java:119)
	at com.kms.katalon.core.main.TestCaseExecutor.runScript(TestCaseExecutor.java:445)
	at com.kms.katalon.core.main.TestCaseExecutor.doExecute(TestCaseExecutor.java:436)
	at com.kms.katalon.core.main.TestCaseExecutor.processExecutionPhase(TestCaseExecutor.java:415)
	at com.kms.katalon.core.main.TestCaseExecutor.accessMainPhase(TestCaseExecutor.java:407)
	at com.kms.katalon.core.main.TestCaseExecutor.execute(TestCaseExecutor.java:284)
	at com.kms.katalon.core.common.CommonExecutor.accessTestCaseMainPhase(CommonExecutor.java:65)
	at com.kms.katalon.core.main.TestSuiteExecutor.accessTestSuiteMainPhase(TestSuiteExecutor.java:144)
	at com.kms.katalon.core.main.TestSuiteExecutor.execute(TestSuiteExecutor.java:106)
	at com.kms.katalon.core.main.TestCaseMain.startTestSuite(TestCaseMain.java:185)
	at com.kms.katalon.core.main.TestCaseMain$startTestSuite$0.call(Unknown Source)
	at TempTestSuite1667651445050.run(TempTestSuite1667651445050.groovy:36)
)

2022-11-05 19:30:55 - [MESSAGE][INFO] - Starting run keyword runFeatureFile: 'Include/features/Positive/login.feature' and extract report to folder: 'C:\Users\Athif\git\MiniprojectWeb\Reports\20221105_193045\ATC_Test Suite\20221105_193045/cucumber_report/1667651455125'...

2022-11-05 19:30:56 - [TEST_CASE][FAILED] - Start Test Case : SCENARIO Login with valid data: SCENARIO Login with valid data FAILED.
Reason:
com.kms.katalon.core.exception.StepFailedException: Unable to open browser with url: ''
	at com.kms.katalon.core.webui.keyword.internal.WebUIKeywordMain.stepFailed(WebUIKeywordMain.groovy:64)
	at com.kms.katalon.core.webui.keyword.internal.WebUIKeywordMain.runKeyword(WebUIKeywordMain.groovy:26)
	at com.kms.katalon.core.webui.keyword.builtin.OpenBrowserKeyword.openBrowser(OpenBrowserKeyword.groovy:81)
	at com.kms.katalon.core.webui.keyword.builtin.OpenBrowserKeyword.execute(OpenBrowserKeyword.groovy:67)
	at com.kms.katalon.core.keyword.internal.KeywordExecutor.executeKeywordForPlatform(KeywordExecutor.groovy:74)
	at com.kms.katalon.core.webui.keyword.WebUiBuiltInKeywords.openBrowser(WebUiBuiltInKeywords.groovy:64)
	at com.kms.katalon.core.webui.keyword.WebUiBuiltInKeywords$openBrowser.call(Unknown Source)
	at loginsteps.Navigatetoaltashophomepage(loginsteps.groovy:49)
	at ✽.Navigate to altashop homepage(C:/Users/Athif/git/MiniprojectWeb/Include/features/Positive/login.feature:5)
Caused by: org.openqa.selenium.SessionNotCreatedException: session not created: This version of ChromeDriver only supports Chrome version 105
Current browser version is 107.0.5304.88 with binary path C:\Program Files\Google\Chrome\Application\chrome.exe
Build info: version: '3.141.59', revision: 'e82be7d358', time: '2018-11-14T08:25:53'
System info: host: 'DESKTOP-HMC26PQ', ip: '192.168.56.1', os.name: 'Windows 10', os.arch: 'amd64', os.version: '10.0', java.version: '1.8.0_282'
Driver info: driver.version: CChromeDriver
remote stacktrace: Backtrace:
	Ordinal0 [0x0092DF13+2219795]
	Ordinal0 [0x008C2841+1779777]
	Ordinal0 [0x007D423D+803389]
	Ordinal0 [0x007F64AC+943276]
	Ordinal0 [0x007F19F0+924144]
	Ordinal0 [0x007EF179+913785]
	Ordinal0 [0x008236B9+1128121]
	Ordinal0 [0x0082331A+1127194]
	Ordinal0 [0x0081E616+1107478]
	Ordinal0 [0x007F7F89+950153]
	Ordinal0 [0x007F8F56+954198]
	GetHandleVerifier [0x00C22CB2+3040210]
	GetHandleVerifier [0x00C12BB4+2974420]
	GetHandleVerifier [0x009C6A0A+565546]
	GetHandleVerifier [0x009C5680+560544]
	Ordinal0 [0x008C9A5C+1808988]
	Ordinal0 [0x008CE3A8+1827752]
	Ordinal0 [0x008CE495+1827989]
	Ordinal0 [0x008D80A4+1867940]
	BaseThreadInitThunk [0x75D1FA29+25]
	RtlGetAppContainerNamedObjectPath [0x77747BBE+286]
	RtlGetAppContainerNamedObjectPath [0x77747B8E+238]

	at org.openqa.selenium.remote.W3CHandshakeResponse.lambda$errorHandler$0(W3CHandshakeResponse.java:62)
	at org.openqa.selenium.remote.HandshakeResponse.lambda$getResponseFunction$0(HandshakeResponse.java:30)
	at org.openqa.selenium.remote.ProtocolHandshake.lambda$createSession$0(ProtocolHandshake.java:126)
	at org.openqa.selenium.remote.ProtocolHandshake.createSession(ProtocolHandshake.java:128)
	at org.openqa.selenium.remote.ProtocolHandshake.createSession(ProtocolHandshake.java:74)
	at org.openqa.selenium.remote.HttpCommandExecutor.execute(HttpCommandExecutor.java:136)
	at org.openqa.selenium.remote.service.DriverCommandExecutor.execute(DriverCommandExecutor.java:83)
	at org.openqa.selenium.remote.RemoteWebDriver.execute(RemoteWebDriver.java:552)
	at com.kms.katalon.selenium.driver.CChromeDriver.execute(CChromeDriver.java:19)
	at org.openqa.selenium.remote.RemoteWebDriver.startSession(RemoteWebDriver.java:213)
	at org.openqa.selenium.remote.RemoteWebDriver.<init>(RemoteWebDriver.java:131)
	at org.openqa.selenium.chrome.ChromeDriver.<init>(ChromeDriver.java:181)
	at org.openqa.selenium.chrome.ChromeDriver.<init>(ChromeDriver.java:147)
	at com.kms.katalon.selenium.driver.CChromeDriver.<init>(CChromeDriver.java:13)
	at com.kms.katalon.core.webui.driver.DriverFactory.createNewChromeDriver(DriverFactory.java:434)
	at com.kms.katalon.core.webui.driver.DriverFactory.startNewBrowser(DriverFactory.java:367)
	at com.kms.katalon.core.webui.driver.DriverFactory.openWebDriver(DriverFactory.java:254)
	at com.kms.katalon.core.webui.keyword.builtin.OpenBrowserKeyword$_openBrowser_closure1.doCall(OpenBrowserKeyword.groovy:74)
	at com.kms.katalon.core.webui.keyword.builtin.OpenBrowserKeyword$_openBrowser_closure1.call(OpenBrowserKeyword.groovy)
	at com.kms.katalon.core.webui.keyword.internal.WebUIKeywordMain.runKeyword(WebUIKeywordMain.groovy:20)
	at com.kms.katalon.core.webui.keyword.builtin.OpenBrowserKeyword.openBrowser(OpenBrowserKeyword.groovy:81)
	at com.kms.katalon.core.webui.keyword.builtin.OpenBrowserKeyword.execute(OpenBrowserKeyword.groovy:67)
	at com.kms.katalon.core.keyword.internal.KeywordExecutor.executeKeywordForPlatform(KeywordExecutor.groovy:74)
	at com.kms.katalon.core.webui.keyword.WebUiBuiltInKeywords.openBrowser(WebUiBuiltInKeywords.groovy:64)
	at com.kms.katalon.core.webui.keyword.WebUiBuiltInKeywords$openBrowser.call(Unknown Source)
	at loginsteps.Navigatetoaltashophomepage(loginsteps.groovy:49)
	at cucumber.runtime.Utils$1.call(Utils.java:26)
	at cucumber.runtime.Timeout.timeout(Timeout.java:16)
	at cucumber.runtime.Utils.invoke(Utils.java:20)
	at cucumber.runtime.java.JavaStepDefinition.execute(JavaStepDefinition.java:48)
	at cucumber.runtime.PickleStepDefinitionMatch.runStep(PickleStepDefinitionMatch.java:50)
	at cucumber.runner.TestStep.executeStep(TestStep.java:68)
	at cucumber.runner.TestStep.run(TestStep.java:50)
	at cucumber.runner.PickleStepTestStep.run(PickleStepTestStep.java:53)
	at cucumber.runner.TestCase.run(TestCase.java:47)
	at cucumber.runner.Runner.runPickle(Runner.java:44)
	at cucumber.runtime.Runtime.runFeature(Runtime.java:120)
	at cucumber.runtime.Runtime.run(Runtime.java:106)
	at cucumber.api.cli.Main.run(Main.java:35)
	at cucumber.api.cli.Main$run.call(Unknown Source)
	at com.kms.katalon.core.cucumber.keyword.CucumberBuiltinKeywords$_runFeatureFile_closure1.doCall(CucumberBuiltinKeywords.groovy:108)
	at com.kms.katalon.core.cucumber.keyword.CucumberBuiltinKeywords$_runFeatureFile_closure1.doCall(CucumberBuiltinKeywords.groovy)
	at com.kms.katalon.core.keyword.internal.KeywordMain.runKeyword(KeywordMain.groovy:74)
	at com.kms.katalon.core.keyword.internal.KeywordMain.runKeyword(KeywordMain.groovy:68)
	at com.kms.katalon.core.keyword.internal.KeywordMain$runKeyword.call(Unknown Source)
	at com.kms.katalon.core.cucumber.keyword.CucumberBuiltinKeywords.runFeatureFile(CucumberBuiltinKeywords.groovy:75)
	at com.kms.katalon.core.cucumber.keyword.CucumberBuiltinKeywords$runFeatureFile$0.callStatic(Unknown Source)
	at com.kms.katalon.core.cucumber.keyword.CucumberBuiltinKeywords.runFeatureFile(CucumberBuiltinKeywords.groovy:248)
	at com.kms.katalon.core.cucumber.keyword.CucumberBuiltinKeywords$runFeatureFile.call(Unknown Source)
	at Feature File.run(Feature File:20)
	at com.kms.katalon.core.main.ScriptEngine.run(ScriptEngine.java:194)
	at com.kms.katalon.core.main.ScriptEngine.runScriptAsRawText(ScriptEngine.java:119)
	at com.kms.katalon.core.main.TestCaseExecutor.runScript(TestCaseExecutor.java:445)
	at com.kms.katalon.core.main.TestCaseExecutor.doExecute(TestCaseExecutor.java:436)
	at com.kms.katalon.core.main.TestCaseExecutor.processExecutionPhase(TestCaseExecutor.java:415)
	at com.kms.katalon.core.main.TestCaseExecutor.accessMainPhase(TestCaseExecutor.java:407)
	at com.kms.katalon.core.main.TestCaseExecutor.execute(TestCaseExecutor.java:284)
	at com.kms.katalon.core.common.CommonExecutor.accessTestCaseMainPhase(CommonExecutor.java:65)
	at com.kms.katalon.core.main.TestSuiteExecutor.accessTestSuiteMainPhase(TestSuiteExecutor.java:144)
	at com.kms.katalon.core.main.TestSuiteExecutor.execute(TestSuiteExecutor.java:106)
	at com.kms.katalon.core.main.TestCaseMain.startTestSuite(TestCaseMain.java:185)
	at com.kms.katalon.core.main.TestCaseMain$startTestSuite$0.call(Unknown Source)
	at TempTestSuite1667651445050.run(TempTestSuite1667651445050.groovy:36)


2022-11-05 19:30:56 - [TEST_STEP][FAILED] - Navigate to altashop homepage: Navigate to altashop homepage FAILED.
Reason:
com.kms.katalon.core.exception.StepFailedException: Unable to open browser with url: ''
	at com.kms.katalon.core.webui.keyword.internal.WebUIKeywordMain.stepFailed(WebUIKeywordMain.groovy:64)
	at com.kms.katalon.core.webui.keyword.internal.WebUIKeywordMain.runKeyword(WebUIKeywordMain.groovy:26)
	at com.kms.katalon.core.webui.keyword.builtin.OpenBrowserKeyword.openBrowser(OpenBrowserKeyword.groovy:81)
	at com.kms.katalon.core.webui.keyword.builtin.OpenBrowserKeyword.execute(OpenBrowserKeyword.groovy:67)
	at com.kms.katalon.core.keyword.internal.KeywordExecutor.executeKeywordForPlatform(KeywordExecutor.groovy:74)
	at com.kms.katalon.core.webui.keyword.WebUiBuiltInKeywords.openBrowser(WebUiBuiltInKeywords.groovy:64)
	at com.kms.katalon.core.webui.keyword.WebUiBuiltInKeywords$openBrowser.call(Unknown Source)
	at loginsteps.Navigatetoaltashophomepage(loginsteps.groovy:49)
	at ✽.Navigate to altashop homepage(C:/Users/Athif/git/MiniprojectWeb/Include/features/Positive/login.feature:5)
Caused by: org.openqa.selenium.SessionNotCreatedException: session not created: This version of ChromeDriver only supports Chrome version 105
Current browser version is 107.0.5304.88 with binary path C:\Program Files\Google\Chrome\Application\chrome.exe
Build info: version: '3.141.59', revision: 'e82be7d358', time: '2018-11-14T08:25:53'
System info: host: 'DESKTOP-HMC26PQ', ip: '192.168.56.1', os.name: 'Windows 10', os.arch: 'amd64', os.version: '10.0', java.version: '1.8.0_282'
Driver info: driver.version: CChromeDriver
remote stacktrace: Backtrace:
	Ordinal0 [0x0092DF13+2219795]
	Ordinal0 [0x008C2841+1779777]
	Ordinal0 [0x007D423D+803389]
	Ordinal0 [0x007F64AC+943276]
	Ordinal0 [0x007F19F0+924144]
	Ordinal0 [0x007EF179+913785]
	Ordinal0 [0x008236B9+1128121]
	Ordinal0 [0x0082331A+1127194]
	Ordinal0 [0x0081E616+1107478]
	Ordinal0 [0x007F7F89+950153]
	Ordinal0 [0x007F8F56+954198]
	GetHandleVerifier [0x00C22CB2+3040210]
	GetHandleVerifier [0x00C12BB4+2974420]
	GetHandleVerifier [0x009C6A0A+565546]
	GetHandleVerifier [0x009C5680+560544]
	Ordinal0 [0x008C9A5C+1808988]
	Ordinal0 [0x008CE3A8+1827752]
	Ordinal0 [0x008CE495+1827989]
	Ordinal0 [0x008D80A4+1867940]
	BaseThreadInitThunk [0x75D1FA29+25]
	RtlGetAppContainerNamedObjectPath [0x77747BBE+286]
	RtlGetAppContainerNamedObjectPath [0x77747B8E+238]

	at org.openqa.selenium.remote.W3CHandshakeResponse.lambda$errorHandler$0(W3CHandshakeResponse.java:62)
	at org.openqa.selenium.remote.HandshakeResponse.lambda$getResponseFunction$0(HandshakeResponse.java:30)
	at org.openqa.selenium.remote.ProtocolHandshake.lambda$createSession$0(ProtocolHandshake.java:126)
	at org.openqa.selenium.remote.ProtocolHandshake.createSession(ProtocolHandshake.java:128)
	at org.openqa.selenium.remote.ProtocolHandshake.createSession(ProtocolHandshake.java:74)
	at org.openqa.selenium.remote.HttpCommandExecutor.execute(HttpCommandExecutor.java:136)
	at org.openqa.selenium.remote.service.DriverCommandExecutor.execute(DriverCommandExecutor.java:83)
	at org.openqa.selenium.remote.RemoteWebDriver.execute(RemoteWebDriver.java:552)
	at com.kms.katalon.selenium.driver.CChromeDriver.execute(CChromeDriver.java:19)
	at org.openqa.selenium.remote.RemoteWebDriver.startSession(RemoteWebDriver.java:213)
	at org.openqa.selenium.remote.RemoteWebDriver.<init>(RemoteWebDriver.java:131)
	at org.openqa.selenium.chrome.ChromeDriver.<init>(ChromeDriver.java:181)
	at org.openqa.selenium.chrome.ChromeDriver.<init>(ChromeDriver.java:147)
	at com.kms.katalon.selenium.driver.CChromeDriver.<init>(CChromeDriver.java:13)
	at com.kms.katalon.core.webui.driver.DriverFactory.createNewChromeDriver(DriverFactory.java:434)
	at com.kms.katalon.core.webui.driver.DriverFactory.startNewBrowser(DriverFactory.java:367)
	at com.kms.katalon.core.webui.driver.DriverFactory.openWebDriver(DriverFactory.java:254)
	at com.kms.katalon.core.webui.keyword.builtin.OpenBrowserKeyword$_openBrowser_closure1.doCall(OpenBrowserKeyword.groovy:74)
	at com.kms.katalon.core.webui.keyword.builtin.OpenBrowserKeyword$_openBrowser_closure1.call(OpenBrowserKeyword.groovy)
	at com.kms.katalon.core.webui.keyword.internal.WebUIKeywordMain.runKeyword(WebUIKeywordMain.groovy:20)
	at com.kms.katalon.core.webui.keyword.builtin.OpenBrowserKeyword.openBrowser(OpenBrowserKeyword.groovy:81)
	at com.kms.katalon.core.webui.keyword.builtin.OpenBrowserKeyword.execute(OpenBrowserKeyword.groovy:67)
	at com.kms.katalon.core.keyword.internal.KeywordExecutor.executeKeywordForPlatform(KeywordExecutor.groovy:74)
	at com.kms.katalon.core.webui.keyword.WebUiBuiltInKeywords.openBrowser(WebUiBuiltInKeywords.groovy:64)
	at com.kms.katalon.core.webui.keyword.WebUiBuiltInKeywords$openBrowser.call(Unknown Source)
	at loginsteps.Navigatetoaltashophomepage(loginsteps.groovy:49)
	at cucumber.runtime.Utils$1.call(Utils.java:26)
	at cucumber.runtime.Timeout.timeout(Timeout.java:16)
	at cucumber.runtime.Utils.invoke(Utils.java:20)
	at cucumber.runtime.java.JavaStepDefinition.execute(JavaStepDefinition.java:48)
	at cucumber.runtime.PickleStepDefinitionMatch.runStep(PickleStepDefinitionMatch.java:50)
	at cucumber.runner.TestStep.executeStep(TestStep.java:68)
	at cucumber.runner.TestStep.run(TestStep.java:50)
	at cucumber.runner.PickleStepTestStep.run(PickleStepTestStep.java:53)
	at cucumber.runner.TestCase.run(TestCase.java:47)
	at cucumber.runner.Runner.runPickle(Runner.java:44)
	at cucumber.runtime.Runtime.runFeature(Runtime.java:120)
	at cucumber.runtime.Runtime.run(Runtime.java:106)
	at cucumber.api.cli.Main.run(Main.java:35)
	at cucumber.api.cli.Main$run.call(Unknown Source)
	at com.kms.katalon.core.cucumber.keyword.CucumberBuiltinKeywords$_runFeatureFile_closure1.doCall(CucumberBuiltinKeywords.groovy:108)
	at com.kms.katalon.core.cucumber.keyword.CucumberBuiltinKeywords$_runFeatureFile_closure1.doCall(CucumberBuiltinKeywords.groovy)
	at com.kms.katalon.core.keyword.internal.KeywordMain.runKeyword(KeywordMain.groovy:74)
	at com.kms.katalon.core.keyword.internal.KeywordMain.runKeyword(KeywordMain.groovy:68)
	at com.kms.katalon.core.keyword.internal.KeywordMain$runKeyword.call(Unknown Source)
	at com.kms.katalon.core.cucumber.keyword.CucumberBuiltinKeywords.runFeatureFile(CucumberBuiltinKeywords.groovy:75)
	at com.kms.katalon.core.cucumber.keyword.CucumberBuiltinKeywords$runFeatureFile$0.callStatic(Unknown Source)
	at com.kms.katalon.core.cucumber.keyword.CucumberBuiltinKeywords.runFeatureFile(CucumberBuiltinKeywords.groovy:248)
	at com.kms.katalon.core.cucumber.keyword.CucumberBuiltinKeywords$runFeatureFile.call(Unknown Source)
	at Feature File.run(Feature File:20)
	at com.kms.katalon.core.main.ScriptEngine.run(ScriptEngine.java:194)
	at com.kms.katalon.core.main.ScriptEngine.runScriptAsRawText(ScriptEngine.java:119)
	at com.kms.katalon.core.main.TestCaseExecutor.runScript(TestCaseExecutor.java:445)
	at com.kms.katalon.core.main.TestCaseExecutor.doExecute(TestCaseExecutor.java:436)
	at com.kms.katalon.core.main.TestCaseExecutor.processExecutionPhase(TestCaseExecutor.java:415)
	at com.kms.katalon.core.main.TestCaseExecutor.accessMainPhase(TestCaseExecutor.java:407)
	at com.kms.katalon.core.main.TestCaseExecutor.execute(TestCaseExecutor.java:284)
	at com.kms.katalon.core.common.CommonExecutor.accessTestCaseMainPhase(CommonExecutor.java:65)
	at com.kms.katalon.core.main.TestSuiteExecutor.accessTestSuiteMainPhase(TestSuiteExecutor.java:144)
	at com.kms.katalon.core.main.TestSuiteExecutor.execute(TestSuiteExecutor.java:106)
	at com.kms.katalon.core.main.TestCaseMain.startTestSuite(TestCaseMain.java:185)
	at com.kms.katalon.core.main.TestCaseMain$startTestSuite$0.call(Unknown Source)
	at TempTestSuite1667651445050.run(TempTestSuite1667651445050.groovy:36)


2022-11-05 19:30:57 - [MESSAGE][INFO] - Starting 'Chrome' driver

2022-11-05 19:30:57 - [MESSAGE][INFO] - Action delay is set to 0 milliseconds

2022-11-05 19:31:00 - [MESSAGE][FAILED] - Unable to open browser with url: '' (Root cause: com.kms.katalon.core.exception.StepFailedException: Unable to open browser with url: ''
	at com.kms.katalon.core.webui.keyword.internal.WebUIKeywordMain.stepFailed(WebUIKeywordMain.groovy:64)
	at com.kms.katalon.core.webui.keyword.internal.WebUIKeywordMain.runKeyword(WebUIKeywordMain.groovy:26)
	at com.kms.katalon.core.webui.keyword.builtin.OpenBrowserKeyword.openBrowser(OpenBrowserKeyword.groovy:81)
	at com.kms.katalon.core.webui.keyword.builtin.OpenBrowserKeyword.execute(OpenBrowserKeyword.groovy:67)
	at com.kms.katalon.core.keyword.internal.KeywordExecutor.executeKeywordForPlatform(KeywordExecutor.groovy:74)
	at com.kms.katalon.core.webui.keyword.WebUiBuiltInKeywords.openBrowser(WebUiBuiltInKeywords.groovy:64)
	at com.kms.katalon.core.webui.keyword.WebUiBuiltInKeywords$openBrowser.call(Unknown Source)
	at loginsteps.Navigatetoaltashophomepage(loginsteps.groovy:49)
	at cucumber.runtime.Utils$1.call(Utils.java:26)
	at cucumber.runtime.Timeout.timeout(Timeout.java:16)
	at cucumber.runtime.Utils.invoke(Utils.java:20)
	at cucumber.runtime.java.JavaStepDefinition.execute(JavaStepDefinition.java:48)
	at cucumber.runtime.PickleStepDefinitionMatch.runStep(PickleStepDefinitionMatch.java:50)
	at cucumber.runner.TestStep.executeStep(TestStep.java:68)
	at cucumber.runner.TestStep.run(TestStep.java:50)
	at cucumber.runner.PickleStepTestStep.run(PickleStepTestStep.java:53)
	at cucumber.runner.TestCase.run(TestCase.java:47)
	at cucumber.runner.Runner.runPickle(Runner.java:44)
	at cucumber.runtime.Runtime.runFeature(Runtime.java:120)
	at cucumber.runtime.Runtime.run(Runtime.java:106)
	at cucumber.api.cli.Main.run(Main.java:35)
	at cucumber.api.cli.Main$run.call(Unknown Source)
	at com.kms.katalon.core.cucumber.keyword.CucumberBuiltinKeywords$_runFeatureFile_closure1.doCall(CucumberBuiltinKeywords.groovy:108)
	at com.kms.katalon.core.cucumber.keyword.CucumberBuiltinKeywords$_runFeatureFile_closure1.doCall(CucumberBuiltinKeywords.groovy)
	at com.kms.katalon.core.keyword.internal.KeywordMain.runKeyword(KeywordMain.groovy:74)
	at com.kms.katalon.core.keyword.internal.KeywordMain.runKeyword(KeywordMain.groovy:68)
	at com.kms.katalon.core.keyword.internal.KeywordMain$runKeyword.call(Unknown Source)
	at com.kms.katalon.core.cucumber.keyword.CucumberBuiltinKeywords.runFeatureFile(CucumberBuiltinKeywords.groovy:75)
	at com.kms.katalon.core.cucumber.keyword.CucumberBuiltinKeywords$runFeatureFile$0.callStatic(Unknown Source)
	at com.kms.katalon.core.cucumber.keyword.CucumberBuiltinKeywords.runFeatureFile(CucumberBuiltinKeywords.groovy:248)
	at com.kms.katalon.core.cucumber.keyword.CucumberBuiltinKeywords$runFeatureFile.call(Unknown Source)
	at Feature File.run(Feature File:20)
	at com.kms.katalon.core.main.ScriptEngine.run(ScriptEngine.java:194)
	at com.kms.katalon.core.main.ScriptEngine.runScriptAsRawText(ScriptEngine.java:119)
	at com.kms.katalon.core.main.TestCaseExecutor.runScript(TestCaseExecutor.java:445)
	at com.kms.katalon.core.main.TestCaseExecutor.doExecute(TestCaseExecutor.java:436)
	at com.kms.katalon.core.main.TestCaseExecutor.processExecutionPhase(TestCaseExecutor.java:415)
	at com.kms.katalon.core.main.TestCaseExecutor.accessMainPhase(TestCaseExecutor.java:407)
	at com.kms.katalon.core.main.TestCaseExecutor.execute(TestCaseExecutor.java:284)
	at com.kms.katalon.core.common.CommonExecutor.accessTestCaseMainPhase(CommonExecutor.java:65)
	at com.kms.katalon.core.main.TestSuiteExecutor.accessTestSuiteMainPhase(TestSuiteExecutor.java:144)
	at com.kms.katalon.core.main.TestSuiteExecutor.execute(TestSuiteExecutor.java:106)
	at com.kms.katalon.core.main.TestCaseMain.startTestSuite(TestCaseMain.java:185)
	at com.kms.katalon.core.main.TestCaseMain$startTestSuite$0.call(Unknown Source)
	at TempTestSuite1667651445050.run(TempTestSuite1667651445050.groovy:36)
Caused by: org.openqa.selenium.SessionNotCreatedException: session not created: This version of ChromeDriver only supports Chrome version 105
Current browser version is 107.0.5304.88 with binary path C:\Program Files\Google\Chrome\Application\chrome.exe
Build info: version: '3.141.59', revision: 'e82be7d358', time: '2018-11-14T08:25:53'
System info: host: 'DESKTOP-HMC26PQ', ip: '192.168.56.1', os.name: 'Windows 10', os.arch: 'amd64', os.version: '10.0', java.version: '1.8.0_282'
Driver info: driver.version: CChromeDriver
remote stacktrace: Backtrace:
	Ordinal0 [0x0092DF13+2219795]
	Ordinal0 [0x008C2841+1779777]
	Ordinal0 [0x007D423D+803389]
	Ordinal0 [0x007F64AC+943276]
	Ordinal0 [0x007F19F0+924144]
	Ordinal0 [0x007EF179+913785]
	Ordinal0 [0x008236B9+1128121]
	Ordinal0 [0x0082331A+1127194]
	Ordinal0 [0x0081E616+1107478]
	Ordinal0 [0x007F7F89+950153]
	Ordinal0 [0x007F8F56+954198]
	GetHandleVerifier [0x00C22CB2+3040210]
	GetHandleVerifier [0x00C12BB4+2974420]
	GetHandleVerifier [0x009C6A0A+565546]
	GetHandleVerifier [0x009C5680+560544]
	Ordinal0 [0x008C9A5C+1808988]
	Ordinal0 [0x008CE3A8+1827752]
	Ordinal0 [0x008CE495+1827989]
	Ordinal0 [0x008D80A4+1867940]
	BaseThreadInitThunk [0x75D1FA29+25]
	RtlGetAppContainerNamedObjectPath [0x77747BBE+286]
	RtlGetAppContainerNamedObjectPath [0x77747B8E+238]

	at org.openqa.selenium.remote.W3CHandshakeResponse.lambda$errorHandler$0(W3CHandshakeResponse.java:62)
	at org.openqa.selenium.remote.HandshakeResponse.lambda$getResponseFunction$0(HandshakeResponse.java:30)
	at org.openqa.selenium.remote.ProtocolHandshake.lambda$createSession$0(ProtocolHandshake.java:126)
	at org.openqa.selenium.remote.ProtocolHandshake.createSession(ProtocolHandshake.java:128)
	at org.openqa.selenium.remote.ProtocolHandshake.createSession(ProtocolHandshake.java:74)
	at org.openqa.selenium.remote.HttpCommandExecutor.execute(HttpCommandExecutor.java:136)
	at org.openqa.selenium.remote.service.DriverCommandExecutor.execute(DriverCommandExecutor.java:83)
	at org.openqa.selenium.remote.RemoteWebDriver.execute(RemoteWebDriver.java:552)
	at com.kms.katalon.selenium.driver.CChromeDriver.execute(CChromeDriver.java:19)
	at org.openqa.selenium.remote.RemoteWebDriver.startSession(RemoteWebDriver.java:213)
	at org.openqa.selenium.remote.RemoteWebDriver.<init>(RemoteWebDriver.java:131)
	at org.openqa.selenium.chrome.ChromeDriver.<init>(ChromeDriver.java:181)
	at org.openqa.selenium.chrome.ChromeDriver.<init>(ChromeDriver.java:147)
	at com.kms.katalon.selenium.driver.CChromeDriver.<init>(CChromeDriver.java:13)
	at com.kms.katalon.core.webui.driver.DriverFactory.createNewChromeDriver(DriverFactory.java:434)
	at com.kms.katalon.core.webui.driver.DriverFactory.startNewBrowser(DriverFactory.java:367)
	at com.kms.katalon.core.webui.driver.DriverFactory.openWebDriver(DriverFactory.java:254)
	at com.kms.katalon.core.webui.keyword.builtin.OpenBrowserKeyword$_openBrowser_closure1.doCall(OpenBrowserKeyword.groovy:74)
	at com.kms.katalon.core.webui.keyword.builtin.OpenBrowserKeyword$_openBrowser_closure1.call(OpenBrowserKeyword.groovy)
	at com.kms.katalon.core.webui.keyword.internal.WebUIKeywordMain.runKeyword(WebUIKeywordMain.groovy:20)
	at com.kms.katalon.core.webui.keyword.builtin.OpenBrowserKeyword.openBrowser(OpenBrowserKeyword.groovy:81)
	at com.kms.katalon.core.webui.keyword.builtin.OpenBrowserKeyword.execute(OpenBrowserKeyword.groovy:67)
	at com.kms.katalon.core.keyword.internal.KeywordExecutor.executeKeywordForPlatform(KeywordExecutor.groovy:74)
	at com.kms.katalon.core.webui.keyword.WebUiBuiltInKeywords.openBrowser(WebUiBuiltInKeywords.groovy:64)
	at com.kms.katalon.core.webui.keyword.WebUiBuiltInKeywords$openBrowser.call(Unknown Source)
	at loginsteps.Navigatetoaltashophomepage(loginsteps.groovy:49)
	at cucumber.runtime.Utils$1.call(Utils.java:26)
	at cucumber.runtime.Timeout.timeout(Timeout.java:16)
	at cucumber.runtime.Utils.invoke(Utils.java:20)
	at cucumber.runtime.java.JavaStepDefinition.execute(JavaStepDefinition.java:48)
	at cucumber.runtime.PickleStepDefinitionMatch.runStep(PickleStepDefinitionMatch.java:50)
	at cucumber.runner.TestStep.executeStep(TestStep.java:68)
	at cucumber.runner.TestStep.run(TestStep.java:50)
	at cucumber.runner.PickleStepTestStep.run(PickleStepTestStep.java:53)
	at cucumber.runner.TestCase.run(TestCase.java:47)
	at cucumber.runner.Runner.runPickle(Runner.java:44)
	at cucumber.runtime.Runtime.runFeature(Runtime.java:120)
	at cucumber.runtime.Runtime.run(Runtime.java:106)
	at cucumber.api.cli.Main.run(Main.java:35)
	at cucumber.api.cli.Main$run.call(Unknown Source)
	at com.kms.katalon.core.cucumber.keyword.CucumberBuiltinKeywords$_runFeatureFile_closure1.doCall(CucumberBuiltinKeywords.groovy:108)
	at com.kms.katalon.core.cucumber.keyword.CucumberBuiltinKeywords$_runFeatureFile_closure1.doCall(CucumberBuiltinKeywords.groovy)
	at com.kms.katalon.core.keyword.internal.KeywordMain.runKeyword(KeywordMain.groovy:74)
	at com.kms.katalon.core.keyword.internal.KeywordMain.runKeyword(KeywordMain.groovy:68)
	at com.kms.katalon.core.keyword.internal.KeywordMain$runKeyword.call(Unknown Source)
	at com.kms.katalon.core.cucumber.keyword.CucumberBuiltinKeywords.runFeatureFile(CucumberBuiltinKeywords.groovy:75)
	at com.kms.katalon.core.cucumber.keyword.CucumberBuiltinKeywords$runFeatureFile$0.callStatic(Unknown Source)
	at com.kms.katalon.core.cucumber.keyword.CucumberBuiltinKeywords.runFeatureFile(CucumberBuiltinKeywords.groovy:248)
	at com.kms.katalon.core.cucumber.keyword.CucumberBuiltinKeywords$runFeatureFile.call(Unknown Source)
	at Script1667275976583.run(Script1667275976583.groovy:20)
	... 13 more
)

2022-11-05 19:31:00 - [MESSAGE][FAILED] - Navigate to altashop homepage FAILED.
Reason:
com.kms.katalon.core.exception.StepFailedException: Unable to open browser with url: ''
	at com.kms.katalon.core.webui.keyword.internal.WebUIKeywordMain.stepFailed(WebUIKeywordMain.groovy:64)
	at com.kms.katalon.core.webui.keyword.internal.WebUIKeywordMain.runKeyword(WebUIKeywordMain.groovy:26)
	at com.kms.katalon.core.webui.keyword.builtin.OpenBrowserKeyword.openBrowser(OpenBrowserKeyword.groovy:81)
	at com.kms.katalon.core.webui.keyword.builtin.OpenBrowserKeyword.execute(OpenBrowserKeyword.groovy:67)
	at com.kms.katalon.core.keyword.internal.KeywordExecutor.executeKeywordForPlatform(KeywordExecutor.groovy:74)
	at com.kms.katalon.core.webui.keyword.WebUiBuiltInKeywords.openBrowser(WebUiBuiltInKeywords.groovy:64)
	at com.kms.katalon.core.webui.keyword.WebUiBuiltInKeywords$openBrowser.call(Unknown Source)
	at loginsteps.Navigatetoaltashophomepage(loginsteps.groovy:49)
	at ✽.Navigate to altashop homepage(C:/Users/Athif/git/MiniprojectWeb/Include/features/Positive/login.feature:5)
Caused by: org.openqa.selenium.SessionNotCreatedException: session not created: This version of ChromeDriver only supports Chrome version 105
Current browser version is 107.0.5304.88 with binary path C:\Program Files\Google\Chrome\Application\chrome.exe
Build info: version: '3.141.59', revision: 'e82be7d358', time: '2018-11-14T08:25:53'
System info: host: 'DESKTOP-HMC26PQ', ip: '192.168.56.1', os.name: 'Windows 10', os.arch: 'amd64', os.version: '10.0', java.version: '1.8.0_282'
Driver info: driver.version: CChromeDriver
remote stacktrace: Backtrace:
	Ordinal0 [0x0092DF13+2219795]
	Ordinal0 [0x008C2841+1779777]
	Ordinal0 [0x007D423D+803389]
	Ordinal0 [0x007F64AC+943276]
	Ordinal0 [0x007F19F0+924144]
	Ordinal0 [0x007EF179+913785]
	Ordinal0 [0x008236B9+1128121]
	Ordinal0 [0x0082331A+1127194]
	Ordinal0 [0x0081E616+1107478]
	Ordinal0 [0x007F7F89+950153]
	Ordinal0 [0x007F8F56+954198]
	GetHandleVerifier [0x00C22CB2+3040210]
	GetHandleVerifier [0x00C12BB4+2974420]
	GetHandleVerifier [0x009C6A0A+565546]
	GetHandleVerifier [0x009C5680+560544]
	Ordinal0 [0x008C9A5C+1808988]
	Ordinal0 [0x008CE3A8+1827752]
	Ordinal0 [0x008CE495+1827989]
	Ordinal0 [0x008D80A4+1867940]
	BaseThreadInitThunk [0x75D1FA29+25]
	RtlGetAppContainerNamedObjectPath [0x77747BBE+286]
	RtlGetAppContainerNamedObjectPath [0x77747B8E+238]

	at org.openqa.selenium.remote.W3CHandshakeResponse.lambda$errorHandler$0(W3CHandshakeResponse.java:62)
	at org.openqa.selenium.remote.HandshakeResponse.lambda$getResponseFunction$0(HandshakeResponse.java:30)
	at org.openqa.selenium.remote.ProtocolHandshake.lambda$createSession$0(ProtocolHandshake.java:126)
	at org.openqa.selenium.remote.ProtocolHandshake.createSession(ProtocolHandshake.java:128)
	at org.openqa.selenium.remote.ProtocolHandshake.createSession(ProtocolHandshake.java:74)
	at org.openqa.selenium.remote.HttpCommandExecutor.execute(HttpCommandExecutor.java:136)
	at org.openqa.selenium.remote.service.DriverCommandExecutor.execute(DriverCommandExecutor.java:83)
	at org.openqa.selenium.remote.RemoteWebDriver.execute(RemoteWebDriver.java:552)
	at com.kms.katalon.selenium.driver.CChromeDriver.execute(CChromeDriver.java:19)
	at org.openqa.selenium.remote.RemoteWebDriver.startSession(RemoteWebDriver.java:213)
	at org.openqa.selenium.remote.RemoteWebDriver.<init>(RemoteWebDriver.java:131)
	at org.openqa.selenium.chrome.ChromeDriver.<init>(ChromeDriver.java:181)
	at org.openqa.selenium.chrome.ChromeDriver.<init>(ChromeDriver.java:147)
	at com.kms.katalon.selenium.driver.CChromeDriver.<init>(CChromeDriver.java:13)
	at com.kms.katalon.core.webui.driver.DriverFactory.createNewChromeDriver(DriverFactory.java:434)
	at com.kms.katalon.core.webui.driver.DriverFactory.startNewBrowser(DriverFactory.java:367)
	at com.kms.katalon.core.webui.driver.DriverFactory.openWebDriver(DriverFactory.java:254)
	at com.kms.katalon.core.webui.keyword.builtin.OpenBrowserKeyword$_openBrowser_closure1.doCall(OpenBrowserKeyword.groovy:74)
	at com.kms.katalon.core.webui.keyword.builtin.OpenBrowserKeyword$_openBrowser_closure1.call(OpenBrowserKeyword.groovy)
	at com.kms.katalon.core.webui.keyword.internal.WebUIKeywordMain.runKeyword(WebUIKeywordMain.groovy:20)
	at com.kms.katalon.core.webui.keyword.builtin.OpenBrowserKeyword.openBrowser(OpenBrowserKeyword.groovy:81)
	at com.kms.katalon.core.webui.keyword.builtin.OpenBrowserKeyword.execute(OpenBrowserKeyword.groovy:67)
	at com.kms.katalon.core.keyword.internal.KeywordExecutor.executeKeywordForPlatform(KeywordExecutor.groovy:74)
	at com.kms.katalon.core.webui.keyword.WebUiBuiltInKeywords.openBrowser(WebUiBuiltInKeywords.groovy:64)
	at com.kms.katalon.core.webui.keyword.WebUiBuiltInKeywords$openBrowser.call(Unknown Source)
	at loginsteps.Navigatetoaltashophomepage(loginsteps.groovy:49)
	at cucumber.runtime.Utils$1.call(Utils.java:26)
	at cucumber.runtime.Timeout.timeout(Timeout.java:16)
	at cucumber.runtime.Utils.invoke(Utils.java:20)
	at cucumber.runtime.java.JavaStepDefinition.execute(JavaStepDefinition.java:48)
	at cucumber.runtime.PickleStepDefinitionMatch.runStep(PickleStepDefinitionMatch.java:50)
	at cucumber.runner.TestStep.executeStep(TestStep.java:68)
	at cucumber.runner.TestStep.run(TestStep.java:50)
	at cucumber.runner.PickleStepTestStep.run(PickleStepTestStep.java:53)
	at cucumber.runner.TestCase.run(TestCase.java:47)
	at cucumber.runner.Runner.runPickle(Runner.java:44)
	at cucumber.runtime.Runtime.runFeature(Runtime.java:120)
	at cucumber.runtime.Runtime.run(Runtime.java:106)
	at cucumber.api.cli.Main.run(Main.java:35)
	at cucumber.api.cli.Main$run.call(Unknown Source)
	at com.kms.katalon.core.cucumber.keyword.CucumberBuiltinKeywords$_runFeatureFile_closure1.doCall(CucumberBuiltinKeywords.groovy:108)
	at com.kms.katalon.core.cucumber.keyword.CucumberBuiltinKeywords$_runFeatureFile_closure1.doCall(CucumberBuiltinKeywords.groovy)
	at com.kms.katalon.core.keyword.internal.KeywordMain.runKeyword(KeywordMain.groovy:74)
	at com.kms.katalon.core.keyword.internal.KeywordMain.runKeyword(KeywordMain.groovy:68)
	at com.kms.katalon.core.keyword.internal.KeywordMain$runKeyword.call(Unknown Source)
	at com.kms.katalon.core.cucumber.keyword.CucumberBuiltinKeywords.runFeatureFile(CucumberBuiltinKeywords.groovy:75)
	at com.kms.katalon.core.cucumber.keyword.CucumberBuiltinKeywords$runFeatureFile$0.callStatic(Unknown Source)
	at com.kms.katalon.core.cucumber.keyword.CucumberBuiltinKeywords.runFeatureFile(CucumberBuiltinKeywords.groovy:248)
	at com.kms.katalon.core.cucumber.keyword.CucumberBuiltinKeywords$runFeatureFile.call(Unknown Source)
	at Feature File.run(Feature File:20)
	at com.kms.katalon.core.main.ScriptEngine.run(ScriptEngine.java:194)
	at com.kms.katalon.core.main.ScriptEngine.runScriptAsRawText(ScriptEngine.java:119)
	at com.kms.katalon.core.main.TestCaseExecutor.runScript(TestCaseExecutor.java:445)
	at com.kms.katalon.core.main.TestCaseExecutor.doExecute(TestCaseExecutor.java:436)
	at com.kms.katalon.core.main.TestCaseExecutor.processExecutionPhase(TestCaseExecutor.java:415)
	at com.kms.katalon.core.main.TestCaseExecutor.accessMainPhase(TestCaseExecutor.java:407)
	at com.kms.katalon.core.main.TestCaseExecutor.execute(TestCaseExecutor.java:284)
	at com.kms.katalon.core.common.CommonExecutor.accessTestCaseMainPhase(CommonExecutor.java:65)
	at com.kms.katalon.core.main.TestSuiteExecutor.accessTestSuiteMainPhase(TestSuiteExecutor.java:144)
	at com.kms.katalon.core.main.TestSuiteExecutor.execute(TestSuiteExecutor.java:106)
	at com.kms.katalon.core.main.TestCaseMain.startTestSuite(TestCaseMain.java:185)
	at com.kms.katalon.core.main.TestCaseMain$startTestSuite$0.call(Unknown Source)
	at TempTestSuite1667651445050.run(TempTestSuite1667651445050.groovy:36)


2022-11-05 19:31:00 - [TEST_STEP][NOT_RUN] - User navigate to login page: User navigate to login page

2022-11-05 19:31:00 - [MESSAGE][NOT_RUN] - User navigate to login page

2022-11-05 19:31:00 - [TEST_STEP][NOT_RUN] - User input zack@gmail.com and zack123: User input zack@gmail.com and zack123

2022-11-05 19:31:00 - [MESSAGE][NOT_RUN] - User input zack@gmail.com and zack123

2022-11-05 19:31:00 - [TEST_STEP][NOT_RUN] - Click login button: Click login button

2022-11-05 19:31:00 - [MESSAGE][NOT_RUN] - Click login button

2022-11-05 19:31:00 - [TEST_CASE][FAILED] - Start Test Case : SCENARIO Login with false data: SCENARIO Login with false data FAILED.
Reason:
com.kms.katalon.core.exception.StepFailedException: Unable to open browser with url: ''
	at com.kms.katalon.core.webui.keyword.internal.WebUIKeywordMain.stepFailed(WebUIKeywordMain.groovy:64)
	at com.kms.katalon.core.webui.keyword.internal.WebUIKeywordMain.runKeyword(WebUIKeywordMain.groovy:26)
	at com.kms.katalon.core.webui.keyword.builtin.OpenBrowserKeyword.openBrowser(OpenBrowserKeyword.groovy:81)
	at com.kms.katalon.core.webui.keyword.builtin.OpenBrowserKeyword.execute(OpenBrowserKeyword.groovy:67)
	at com.kms.katalon.core.keyword.internal.KeywordExecutor.executeKeywordForPlatform(KeywordExecutor.groovy:74)
	at com.kms.katalon.core.webui.keyword.WebUiBuiltInKeywords.openBrowser(WebUiBuiltInKeywords.groovy:64)
	at com.kms.katalon.core.webui.keyword.WebUiBuiltInKeywords$openBrowser.call(Unknown Source)
	at loginsteps.Navigatetoaltashophomepage(loginsteps.groovy:49)
	at ✽.Navigate to altashop homepage(C:/Users/Athif/git/MiniprojectWeb/Include/features/Positive/login.feature:16)
Caused by: org.openqa.selenium.SessionNotCreatedException: session not created: This version of ChromeDriver only supports Chrome version 105
Current browser version is 107.0.5304.88 with binary path C:\Program Files\Google\Chrome\Application\chrome.exe
Build info: version: '3.141.59', revision: 'e82be7d358', time: '2018-11-14T08:25:53'
System info: host: 'DESKTOP-HMC26PQ', ip: '192.168.56.1', os.name: 'Windows 10', os.arch: 'amd64', os.version: '10.0', java.version: '1.8.0_282'
Driver info: driver.version: CChromeDriver
remote stacktrace: Backtrace:
	Ordinal0 [0x0092DF13+2219795]
	Ordinal0 [0x008C2841+1779777]
	Ordinal0 [0x007D423D+803389]
	Ordinal0 [0x007F64AC+943276]
	Ordinal0 [0x007F19F0+924144]
	Ordinal0 [0x007EF179+913785]
	Ordinal0 [0x008236B9+1128121]
	Ordinal0 [0x0082331A+1127194]
	Ordinal0 [0x0081E616+1107478]
	Ordinal0 [0x007F7F89+950153]
	Ordinal0 [0x007F8F56+954198]
	GetHandleVerifier [0x00C22CB2+3040210]
	GetHandleVerifier [0x00C12BB4+2974420]
	GetHandleVerifier [0x009C6A0A+565546]
	GetHandleVerifier [0x009C5680+560544]
	Ordinal0 [0x008C9A5C+1808988]
	Ordinal0 [0x008CE3A8+1827752]
	Ordinal0 [0x008CE495+1827989]
	Ordinal0 [0x008D80A4+1867940]
	BaseThreadInitThunk [0x75D1FA29+25]
	RtlGetAppContainerNamedObjectPath [0x77747BBE+286]
	RtlGetAppContainerNamedObjectPath [0x77747B8E+238]

	at org.openqa.selenium.remote.W3CHandshakeResponse.lambda$errorHandler$0(W3CHandshakeResponse.java:62)
	at org.openqa.selenium.remote.HandshakeResponse.lambda$getResponseFunction$0(HandshakeResponse.java:30)
	at org.openqa.selenium.remote.ProtocolHandshake.lambda$createSession$0(ProtocolHandshake.java:126)
	at org.openqa.selenium.remote.ProtocolHandshake.createSession(ProtocolHandshake.java:128)
	at org.openqa.selenium.remote.ProtocolHandshake.createSession(ProtocolHandshake.java:74)
	at org.openqa.selenium.remote.HttpCommandExecutor.execute(HttpCommandExecutor.java:136)
	at org.openqa.selenium.remote.service.DriverCommandExecutor.execute(DriverCommandExecutor.java:83)
	at org.openqa.selenium.remote.RemoteWebDriver.execute(RemoteWebDriver.java:552)
	at com.kms.katalon.selenium.driver.CChromeDriver.execute(CChromeDriver.java:19)
	at org.openqa.selenium.remote.RemoteWebDriver.startSession(RemoteWebDriver.java:213)
	at org.openqa.selenium.remote.RemoteWebDriver.<init>(RemoteWebDriver.java:131)
	at org.openqa.selenium.chrome.ChromeDriver.<init>(ChromeDriver.java:181)
	at org.openqa.selenium.chrome.ChromeDriver.<init>(ChromeDriver.java:147)
	at com.kms.katalon.selenium.driver.CChromeDriver.<init>(CChromeDriver.java:13)
	at com.kms.katalon.core.webui.driver.DriverFactory.createNewChromeDriver(DriverFactory.java:434)
	at com.kms.katalon.core.webui.driver.DriverFactory.startNewBrowser(DriverFactory.java:367)
	at com.kms.katalon.core.webui.driver.DriverFactory.openWebDriver(DriverFactory.java:254)
	at com.kms.katalon.core.webui.keyword.builtin.OpenBrowserKeyword$_openBrowser_closure1.doCall(OpenBrowserKeyword.groovy:74)
	at com.kms.katalon.core.webui.keyword.builtin.OpenBrowserKeyword$_openBrowser_closure1.call(OpenBrowserKeyword.groovy)
	at com.kms.katalon.core.webui.keyword.internal.WebUIKeywordMain.runKeyword(WebUIKeywordMain.groovy:20)
	at com.kms.katalon.core.webui.keyword.builtin.OpenBrowserKeyword.openBrowser(OpenBrowserKeyword.groovy:81)
	at com.kms.katalon.core.webui.keyword.builtin.OpenBrowserKeyword.execute(OpenBrowserKeyword.groovy:67)
	at com.kms.katalon.core.keyword.internal.KeywordExecutor.executeKeywordForPlatform(KeywordExecutor.groovy:74)
	at com.kms.katalon.core.webui.keyword.WebUiBuiltInKeywords.openBrowser(WebUiBuiltInKeywords.groovy:64)
	at com.kms.katalon.core.webui.keyword.WebUiBuiltInKeywords$openBrowser.call(Unknown Source)
	at loginsteps.Navigatetoaltashophomepage(loginsteps.groovy:49)
	at cucumber.runtime.Utils$1.call(Utils.java:26)
	at cucumber.runtime.Timeout.timeout(Timeout.java:16)
	at cucumber.runtime.Utils.invoke(Utils.java:20)
	at cucumber.runtime.java.JavaStepDefinition.execute(JavaStepDefinition.java:48)
	at cucumber.runtime.PickleStepDefinitionMatch.runStep(PickleStepDefinitionMatch.java:50)
	at cucumber.runner.TestStep.executeStep(TestStep.java:68)
	at cucumber.runner.TestStep.run(TestStep.java:50)
	at cucumber.runner.PickleStepTestStep.run(PickleStepTestStep.java:53)
	at cucumber.runner.TestCase.run(TestCase.java:47)
	at cucumber.runner.Runner.runPickle(Runner.java:44)
	at cucumber.runtime.Runtime.runFeature(Runtime.java:120)
	at cucumber.runtime.Runtime.run(Runtime.java:106)
	at cucumber.api.cli.Main.run(Main.java:35)
	at cucumber.api.cli.Main$run.call(Unknown Source)
	at com.kms.katalon.core.cucumber.keyword.CucumberBuiltinKeywords$_runFeatureFile_closure1.doCall(CucumberBuiltinKeywords.groovy:108)
	at com.kms.katalon.core.cucumber.keyword.CucumberBuiltinKeywords$_runFeatureFile_closure1.doCall(CucumberBuiltinKeywords.groovy)
	at com.kms.katalon.core.keyword.internal.KeywordMain.runKeyword(KeywordMain.groovy:74)
	at com.kms.katalon.core.keyword.internal.KeywordMain.runKeyword(KeywordMain.groovy:68)
	at com.kms.katalon.core.keyword.internal.KeywordMain$runKeyword.call(Unknown Source)
	at com.kms.katalon.core.cucumber.keyword.CucumberBuiltinKeywords.runFeatureFile(CucumberBuiltinKeywords.groovy:75)
	at com.kms.katalon.core.cucumber.keyword.CucumberBuiltinKeywords$runFeatureFile$0.callStatic(Unknown Source)
	at com.kms.katalon.core.cucumber.keyword.CucumberBuiltinKeywords.runFeatureFile(CucumberBuiltinKeywords.groovy:248)
	at com.kms.katalon.core.cucumber.keyword.CucumberBuiltinKeywords$runFeatureFile.call(Unknown Source)
	at Feature File.run(Feature File:20)
	at com.kms.katalon.core.main.ScriptEngine.run(ScriptEngine.java:194)
	at com.kms.katalon.core.main.ScriptEngine.runScriptAsRawText(ScriptEngine.java:119)
	at com.kms.katalon.core.main.TestCaseExecutor.runScript(TestCaseExecutor.java:445)
	at com.kms.katalon.core.main.TestCaseExecutor.doExecute(TestCaseExecutor.java:436)
	at com.kms.katalon.core.main.TestCaseExecutor.processExecutionPhase(TestCaseExecutor.java:415)
	at com.kms.katalon.core.main.TestCaseExecutor.accessMainPhase(TestCaseExecutor.java:407)
	at com.kms.katalon.core.main.TestCaseExecutor.execute(TestCaseExecutor.java:284)
	at com.kms.katalon.core.common.CommonExecutor.accessTestCaseMainPhase(CommonExecutor.java:65)
	at com.kms.katalon.core.main.TestSuiteExecutor.accessTestSuiteMainPhase(TestSuiteExecutor.java:144)
	at com.kms.katalon.core.main.TestSuiteExecutor.execute(TestSuiteExecutor.java:106)
	at com.kms.katalon.core.main.TestCaseMain.startTestSuite(TestCaseMain.java:185)
	at com.kms.katalon.core.main.TestCaseMain$startTestSuite$0.call(Unknown Source)
	at TempTestSuite1667651445050.run(TempTestSuite1667651445050.groovy:36)


2022-11-05 19:31:00 - [TEST_STEP][FAILED] - Navigate to altashop homepage: Navigate to altashop homepage FAILED.
Reason:
com.kms.katalon.core.exception.StepFailedException: Unable to open browser with url: ''
	at com.kms.katalon.core.webui.keyword.internal.WebUIKeywordMain.stepFailed(WebUIKeywordMain.groovy:64)
	at com.kms.katalon.core.webui.keyword.internal.WebUIKeywordMain.runKeyword(WebUIKeywordMain.groovy:26)
	at com.kms.katalon.core.webui.keyword.builtin.OpenBrowserKeyword.openBrowser(OpenBrowserKeyword.groovy:81)
	at com.kms.katalon.core.webui.keyword.builtin.OpenBrowserKeyword.execute(OpenBrowserKeyword.groovy:67)
	at com.kms.katalon.core.keyword.internal.KeywordExecutor.executeKeywordForPlatform(KeywordExecutor.groovy:74)
	at com.kms.katalon.core.webui.keyword.WebUiBuiltInKeywords.openBrowser(WebUiBuiltInKeywords.groovy:64)
	at com.kms.katalon.core.webui.keyword.WebUiBuiltInKeywords$openBrowser.call(Unknown Source)
	at loginsteps.Navigatetoaltashophomepage(loginsteps.groovy:49)
	at ✽.Navigate to altashop homepage(C:/Users/Athif/git/MiniprojectWeb/Include/features/Positive/login.feature:16)
Caused by: org.openqa.selenium.SessionNotCreatedException: session not created: This version of ChromeDriver only supports Chrome version 105
Current browser version is 107.0.5304.88 with binary path C:\Program Files\Google\Chrome\Application\chrome.exe
Build info: version: '3.141.59', revision: 'e82be7d358', time: '2018-11-14T08:25:53'
System info: host: 'DESKTOP-HMC26PQ', ip: '192.168.56.1', os.name: 'Windows 10', os.arch: 'amd64', os.version: '10.0', java.version: '1.8.0_282'
Driver info: driver.version: CChromeDriver
remote stacktrace: Backtrace:
	Ordinal0 [0x0092DF13+2219795]
	Ordinal0 [0x008C2841+1779777]
	Ordinal0 [0x007D423D+803389]
	Ordinal0 [0x007F64AC+943276]
	Ordinal0 [0x007F19F0+924144]
	Ordinal0 [0x007EF179+913785]
	Ordinal0 [0x008236B9+1128121]
	Ordinal0 [0x0082331A+1127194]
	Ordinal0 [0x0081E616+1107478]
	Ordinal0 [0x007F7F89+950153]
	Ordinal0 [0x007F8F56+954198]
	GetHandleVerifier [0x00C22CB2+3040210]
	GetHandleVerifier [0x00C12BB4+2974420]
	GetHandleVerifier [0x009C6A0A+565546]
	GetHandleVerifier [0x009C5680+560544]
	Ordinal0 [0x008C9A5C+1808988]
	Ordinal0 [0x008CE3A8+1827752]
	Ordinal0 [0x008CE495+1827989]
	Ordinal0 [0x008D80A4+1867940]
	BaseThreadInitThunk [0x75D1FA29+25]
	RtlGetAppContainerNamedObjectPath [0x77747BBE+286]
	RtlGetAppContainerNamedObjectPath [0x77747B8E+238]

	at org.openqa.selenium.remote.W3CHandshakeResponse.lambda$errorHandler$0(W3CHandshakeResponse.java:62)
	at org.openqa.selenium.remote.HandshakeResponse.lambda$getResponseFunction$0(HandshakeResponse.java:30)
	at org.openqa.selenium.remote.ProtocolHandshake.lambda$createSession$0(ProtocolHandshake.java:126)
	at org.openqa.selenium.remote.ProtocolHandshake.createSession(ProtocolHandshake.java:128)
	at org.openqa.selenium.remote.ProtocolHandshake.createSession(ProtocolHandshake.java:74)
	at org.openqa.selenium.remote.HttpCommandExecutor.execute(HttpCommandExecutor.java:136)
	at org.openqa.selenium.remote.service.DriverCommandExecutor.execute(DriverCommandExecutor.java:83)
	at org.openqa.selenium.remote.RemoteWebDriver.execute(RemoteWebDriver.java:552)
	at com.kms.katalon.selenium.driver.CChromeDriver.execute(CChromeDriver.java:19)
	at org.openqa.selenium.remote.RemoteWebDriver.startSession(RemoteWebDriver.java:213)
	at org.openqa.selenium.remote.RemoteWebDriver.<init>(RemoteWebDriver.java:131)
	at org.openqa.selenium.chrome.ChromeDriver.<init>(ChromeDriver.java:181)
	at org.openqa.selenium.chrome.ChromeDriver.<init>(ChromeDriver.java:147)
	at com.kms.katalon.selenium.driver.CChromeDriver.<init>(CChromeDriver.java:13)
	at com.kms.katalon.core.webui.driver.DriverFactory.createNewChromeDriver(DriverFactory.java:434)
	at com.kms.katalon.core.webui.driver.DriverFactory.startNewBrowser(DriverFactory.java:367)
	at com.kms.katalon.core.webui.driver.DriverFactory.openWebDriver(DriverFactory.java:254)
	at com.kms.katalon.core.webui.keyword.builtin.OpenBrowserKeyword$_openBrowser_closure1.doCall(OpenBrowserKeyword.groovy:74)
	at com.kms.katalon.core.webui.keyword.builtin.OpenBrowserKeyword$_openBrowser_closure1.call(OpenBrowserKeyword.groovy)
	at com.kms.katalon.core.webui.keyword.internal.WebUIKeywordMain.runKeyword(WebUIKeywordMain.groovy:20)
	at com.kms.katalon.core.webui.keyword.builtin.OpenBrowserKeyword.openBrowser(OpenBrowserKeyword.groovy:81)
	at com.kms.katalon.core.webui.keyword.builtin.OpenBrowserKeyword.execute(OpenBrowserKeyword.groovy:67)
	at com.kms.katalon.core.keyword.internal.KeywordExecutor.executeKeywordForPlatform(KeywordExecutor.groovy:74)
	at com.kms.katalon.core.webui.keyword.WebUiBuiltInKeywords.openBrowser(WebUiBuiltInKeywords.groovy:64)
	at com.kms.katalon.core.webui.keyword.WebUiBuiltInKeywords$openBrowser.call(Unknown Source)
	at loginsteps.Navigatetoaltashophomepage(loginsteps.groovy:49)
	at cucumber.runtime.Utils$1.call(Utils.java:26)
	at cucumber.runtime.Timeout.timeout(Timeout.java:16)
	at cucumber.runtime.Utils.invoke(Utils.java:20)
	at cucumber.runtime.java.JavaStepDefinition.execute(JavaStepDefinition.java:48)
	at cucumber.runtime.PickleStepDefinitionMatch.runStep(PickleStepDefinitionMatch.java:50)
	at cucumber.runner.TestStep.executeStep(TestStep.java:68)
	at cucumber.runner.TestStep.run(TestStep.java:50)
	at cucumber.runner.PickleStepTestStep.run(PickleStepTestStep.java:53)
	at cucumber.runner.TestCase.run(TestCase.java:47)
	at cucumber.runner.Runner.runPickle(Runner.java:44)
	at cucumber.runtime.Runtime.runFeature(Runtime.java:120)
	at cucumber.runtime.Runtime.run(Runtime.java:106)
	at cucumber.api.cli.Main.run(Main.java:35)
	at cucumber.api.cli.Main$run.call(Unknown Source)
	at com.kms.katalon.core.cucumber.keyword.CucumberBuiltinKeywords$_runFeatureFile_closure1.doCall(CucumberBuiltinKeywords.groovy:108)
	at com.kms.katalon.core.cucumber.keyword.CucumberBuiltinKeywords$_runFeatureFile_closure1.doCall(CucumberBuiltinKeywords.groovy)
	at com.kms.katalon.core.keyword.internal.KeywordMain.runKeyword(KeywordMain.groovy:74)
	at com.kms.katalon.core.keyword.internal.KeywordMain.runKeyword(KeywordMain.groovy:68)
	at com.kms.katalon.core.keyword.internal.KeywordMain$runKeyword.call(Unknown Source)
	at com.kms.katalon.core.cucumber.keyword.CucumberBuiltinKeywords.runFeatureFile(CucumberBuiltinKeywords.groovy:75)
	at com.kms.katalon.core.cucumber.keyword.CucumberBuiltinKeywords$runFeatureFile$0.callStatic(Unknown Source)
	at com.kms.katalon.core.cucumber.keyword.CucumberBuiltinKeywords.runFeatureFile(CucumberBuiltinKeywords.groovy:248)
	at com.kms.katalon.core.cucumber.keyword.CucumberBuiltinKeywords$runFeatureFile.call(Unknown Source)
	at Feature File.run(Feature File:20)
	at com.kms.katalon.core.main.ScriptEngine.run(ScriptEngine.java:194)
	at com.kms.katalon.core.main.ScriptEngine.runScriptAsRawText(ScriptEngine.java:119)
	at com.kms.katalon.core.main.TestCaseExecutor.runScript(TestCaseExecutor.java:445)
	at com.kms.katalon.core.main.TestCaseExecutor.doExecute(TestCaseExecutor.java:436)
	at com.kms.katalon.core.main.TestCaseExecutor.processExecutionPhase(TestCaseExecutor.java:415)
	at com.kms.katalon.core.main.TestCaseExecutor.accessMainPhase(TestCaseExecutor.java:407)
	at com.kms.katalon.core.main.TestCaseExecutor.execute(TestCaseExecutor.java:284)
	at com.kms.katalon.core.common.CommonExecutor.accessTestCaseMainPhase(CommonExecutor.java:65)
	at com.kms.katalon.core.main.TestSuiteExecutor.accessTestSuiteMainPhase(TestSuiteExecutor.java:144)
	at com.kms.katalon.core.main.TestSuiteExecutor.execute(TestSuiteExecutor.java:106)
	at com.kms.katalon.core.main.TestCaseMain.startTestSuite(TestCaseMain.java:185)
	at com.kms.katalon.core.main.TestCaseMain$startTestSuite$0.call(Unknown Source)
	at TempTestSuite1667651445050.run(TempTestSuite1667651445050.groovy:36)


2022-11-05 19:31:00 - [MESSAGE][INFO] - Starting 'Chrome' driver

2022-11-05 19:31:00 - [MESSAGE][INFO] - Action delay is set to 0 milliseconds

2022-11-05 19:31:02 - [MESSAGE][FAILED] - Unable to open browser with url: '' (Root cause: com.kms.katalon.core.exception.StepFailedException: Unable to open browser with url: ''
	at com.kms.katalon.core.webui.keyword.internal.WebUIKeywordMain.stepFailed(WebUIKeywordMain.groovy:64)
	at com.kms.katalon.core.webui.keyword.internal.WebUIKeywordMain.runKeyword(WebUIKeywordMain.groovy:26)
	at com.kms.katalon.core.webui.keyword.builtin.OpenBrowserKeyword.openBrowser(OpenBrowserKeyword.groovy:81)
	at com.kms.katalon.core.webui.keyword.builtin.OpenBrowserKeyword.execute(OpenBrowserKeyword.groovy:67)
	at com.kms.katalon.core.keyword.internal.KeywordExecutor.executeKeywordForPlatform(KeywordExecutor.groovy:74)
	at com.kms.katalon.core.webui.keyword.WebUiBuiltInKeywords.openBrowser(WebUiBuiltInKeywords.groovy:64)
	at com.kms.katalon.core.webui.keyword.WebUiBuiltInKeywords$openBrowser.call(Unknown Source)
	at loginsteps.Navigatetoaltashophomepage(loginsteps.groovy:49)
	at cucumber.runtime.Utils$1.call(Utils.java:26)
	at cucumber.runtime.Timeout.timeout(Timeout.java:16)
	at cucumber.runtime.Utils.invoke(Utils.java:20)
	at cucumber.runtime.java.JavaStepDefinition.execute(JavaStepDefinition.java:48)
	at cucumber.runtime.PickleStepDefinitionMatch.runStep(PickleStepDefinitionMatch.java:50)
	at cucumber.runner.TestStep.executeStep(TestStep.java:68)
	at cucumber.runner.TestStep.run(TestStep.java:50)
	at cucumber.runner.PickleStepTestStep.run(PickleStepTestStep.java:53)
	at cucumber.runner.TestCase.run(TestCase.java:47)
	at cucumber.runner.Runner.runPickle(Runner.java:44)
	at cucumber.runtime.Runtime.runFeature(Runtime.java:120)
	at cucumber.runtime.Runtime.run(Runtime.java:106)
	at cucumber.api.cli.Main.run(Main.java:35)
	at cucumber.api.cli.Main$run.call(Unknown Source)
	at com.kms.katalon.core.cucumber.keyword.CucumberBuiltinKeywords$_runFeatureFile_closure1.doCall(CucumberBuiltinKeywords.groovy:108)
	at com.kms.katalon.core.cucumber.keyword.CucumberBuiltinKeywords$_runFeatureFile_closure1.doCall(CucumberBuiltinKeywords.groovy)
	at com.kms.katalon.core.keyword.internal.KeywordMain.runKeyword(KeywordMain.groovy:74)
	at com.kms.katalon.core.keyword.internal.KeywordMain.runKeyword(KeywordMain.groovy:68)
	at com.kms.katalon.core.keyword.internal.KeywordMain$runKeyword.call(Unknown Source)
	at com.kms.katalon.core.cucumber.keyword.CucumberBuiltinKeywords.runFeatureFile(CucumberBuiltinKeywords.groovy:75)
	at com.kms.katalon.core.cucumber.keyword.CucumberBuiltinKeywords$runFeatureFile$0.callStatic(Unknown Source)
	at com.kms.katalon.core.cucumber.keyword.CucumberBuiltinKeywords.runFeatureFile(CucumberBuiltinKeywords.groovy:248)
	at com.kms.katalon.core.cucumber.keyword.CucumberBuiltinKeywords$runFeatureFile.call(Unknown Source)
	at Feature File.run(Feature File:20)
	at com.kms.katalon.core.main.ScriptEngine.run(ScriptEngine.java:194)
	at com.kms.katalon.core.main.ScriptEngine.runScriptAsRawText(ScriptEngine.java:119)
	at com.kms.katalon.core.main.TestCaseExecutor.runScript(TestCaseExecutor.java:445)
	at com.kms.katalon.core.main.TestCaseExecutor.doExecute(TestCaseExecutor.java:436)
	at com.kms.katalon.core.main.TestCaseExecutor.processExecutionPhase(TestCaseExecutor.java:415)
	at com.kms.katalon.core.main.TestCaseExecutor.accessMainPhase(TestCaseExecutor.java:407)
	at com.kms.katalon.core.main.TestCaseExecutor.execute(TestCaseExecutor.java:284)
	at com.kms.katalon.core.common.CommonExecutor.accessTestCaseMainPhase(CommonExecutor.java:65)
	at com.kms.katalon.core.main.TestSuiteExecutor.accessTestSuiteMainPhase(TestSuiteExecutor.java:144)
	at com.kms.katalon.core.main.TestSuiteExecutor.execute(TestSuiteExecutor.java:106)
	at com.kms.katalon.core.main.TestCaseMain.startTestSuite(TestCaseMain.java:185)
	at com.kms.katalon.core.main.TestCaseMain$startTestSuite$0.call(Unknown Source)
	at TempTestSuite1667651445050.run(TempTestSuite1667651445050.groovy:36)
Caused by: org.openqa.selenium.SessionNotCreatedException: session not created: This version of ChromeDriver only supports Chrome version 105
Current browser version is 107.0.5304.88 with binary path C:\Program Files\Google\Chrome\Application\chrome.exe
Build info: version: '3.141.59', revision: 'e82be7d358', time: '2018-11-14T08:25:53'
System info: host: 'DESKTOP-HMC26PQ', ip: '192.168.56.1', os.name: 'Windows 10', os.arch: 'amd64', os.version: '10.0', java.version: '1.8.0_282'
Driver info: driver.version: CChromeDriver
remote stacktrace: Backtrace:
	Ordinal0 [0x0092DF13+2219795]
	Ordinal0 [0x008C2841+1779777]
	Ordinal0 [0x007D423D+803389]
	Ordinal0 [0x007F64AC+943276]
	Ordinal0 [0x007F19F0+924144]
	Ordinal0 [0x007EF179+913785]
	Ordinal0 [0x008236B9+1128121]
	Ordinal0 [0x0082331A+1127194]
	Ordinal0 [0x0081E616+1107478]
	Ordinal0 [0x007F7F89+950153]
	Ordinal0 [0x007F8F56+954198]
	GetHandleVerifier [0x00C22CB2+3040210]
	GetHandleVerifier [0x00C12BB4+2974420]
	GetHandleVerifier [0x009C6A0A+565546]
	GetHandleVerifier [0x009C5680+560544]
	Ordinal0 [0x008C9A5C+1808988]
	Ordinal0 [0x008CE3A8+1827752]
	Ordinal0 [0x008CE495+1827989]
	Ordinal0 [0x008D80A4+1867940]
	BaseThreadInitThunk [0x75D1FA29+25]
	RtlGetAppContainerNamedObjectPath [0x77747BBE+286]
	RtlGetAppContainerNamedObjectPath [0x77747B8E+238]

	at org.openqa.selenium.remote.W3CHandshakeResponse.lambda$errorHandler$0(W3CHandshakeResponse.java:62)
	at org.openqa.selenium.remote.HandshakeResponse.lambda$getResponseFunction$0(HandshakeResponse.java:30)
	at org.openqa.selenium.remote.ProtocolHandshake.lambda$createSession$0(ProtocolHandshake.java:126)
	at org.openqa.selenium.remote.ProtocolHandshake.createSession(ProtocolHandshake.java:128)
	at org.openqa.selenium.remote.ProtocolHandshake.createSession(ProtocolHandshake.java:74)
	at org.openqa.selenium.remote.HttpCommandExecutor.execute(HttpCommandExecutor.java:136)
	at org.openqa.selenium.remote.service.DriverCommandExecutor.execute(DriverCommandExecutor.java:83)
	at org.openqa.selenium.remote.RemoteWebDriver.execute(RemoteWebDriver.java:552)
	at com.kms.katalon.selenium.driver.CChromeDriver.execute(CChromeDriver.java:19)
	at org.openqa.selenium.remote.RemoteWebDriver.startSession(RemoteWebDriver.java:213)
	at org.openqa.selenium.remote.RemoteWebDriver.<init>(RemoteWebDriver.java:131)
	at org.openqa.selenium.chrome.ChromeDriver.<init>(ChromeDriver.java:181)
	at org.openqa.selenium.chrome.ChromeDriver.<init>(ChromeDriver.java:147)
	at com.kms.katalon.selenium.driver.CChromeDriver.<init>(CChromeDriver.java:13)
	at com.kms.katalon.core.webui.driver.DriverFactory.createNewChromeDriver(DriverFactory.java:434)
	at com.kms.katalon.core.webui.driver.DriverFactory.startNewBrowser(DriverFactory.java:367)
	at com.kms.katalon.core.webui.driver.DriverFactory.openWebDriver(DriverFactory.java:254)
	at com.kms.katalon.core.webui.keyword.builtin.OpenBrowserKeyword$_openBrowser_closure1.doCall(OpenBrowserKeyword.groovy:74)
	at com.kms.katalon.core.webui.keyword.builtin.OpenBrowserKeyword$_openBrowser_closure1.call(OpenBrowserKeyword.groovy)
	at com.kms.katalon.core.webui.keyword.internal.WebUIKeywordMain.runKeyword(WebUIKeywordMain.groovy:20)
	at com.kms.katalon.core.webui.keyword.builtin.OpenBrowserKeyword.openBrowser(OpenBrowserKeyword.groovy:81)
	at com.kms.katalon.core.webui.keyword.builtin.OpenBrowserKeyword.execute(OpenBrowserKeyword.groovy:67)
	at com.kms.katalon.core.keyword.internal.KeywordExecutor.executeKeywordForPlatform(KeywordExecutor.groovy:74)
	at com.kms.katalon.core.webui.keyword.WebUiBuiltInKeywords.openBrowser(WebUiBuiltInKeywords.groovy:64)
	at com.kms.katalon.core.webui.keyword.WebUiBuiltInKeywords$openBrowser.call(Unknown Source)
	at loginsteps.Navigatetoaltashophomepage(loginsteps.groovy:49)
	at cucumber.runtime.Utils$1.call(Utils.java:26)
	at cucumber.runtime.Timeout.timeout(Timeout.java:16)
	at cucumber.runtime.Utils.invoke(Utils.java:20)
	at cucumber.runtime.java.JavaStepDefinition.execute(JavaStepDefinition.java:48)
	at cucumber.runtime.PickleStepDefinitionMatch.runStep(PickleStepDefinitionMatch.java:50)
	at cucumber.runner.TestStep.executeStep(TestStep.java:68)
	at cucumber.runner.TestStep.run(TestStep.java:50)
	at cucumber.runner.PickleStepTestStep.run(PickleStepTestStep.java:53)
	at cucumber.runner.TestCase.run(TestCase.java:47)
	at cucumber.runner.Runner.runPickle(Runner.java:44)
	at cucumber.runtime.Runtime.runFeature(Runtime.java:120)
	at cucumber.runtime.Runtime.run(Runtime.java:106)
	at cucumber.api.cli.Main.run(Main.java:35)
	at cucumber.api.cli.Main$run.call(Unknown Source)
	at com.kms.katalon.core.cucumber.keyword.CucumberBuiltinKeywords$_runFeatureFile_closure1.doCall(CucumberBuiltinKeywords.groovy:108)
	at com.kms.katalon.core.cucumber.keyword.CucumberBuiltinKeywords$_runFeatureFile_closure1.doCall(CucumberBuiltinKeywords.groovy)
	at com.kms.katalon.core.keyword.internal.KeywordMain.runKeyword(KeywordMain.groovy:74)
	at com.kms.katalon.core.keyword.internal.KeywordMain.runKeyword(KeywordMain.groovy:68)
	at com.kms.katalon.core.keyword.internal.KeywordMain$runKeyword.call(Unknown Source)
	at com.kms.katalon.core.cucumber.keyword.CucumberBuiltinKeywords.runFeatureFile(CucumberBuiltinKeywords.groovy:75)
	at com.kms.katalon.core.cucumber.keyword.CucumberBuiltinKeywords$runFeatureFile$0.callStatic(Unknown Source)
	at com.kms.katalon.core.cucumber.keyword.CucumberBuiltinKeywords.runFeatureFile(CucumberBuiltinKeywords.groovy:248)
	at com.kms.katalon.core.cucumber.keyword.CucumberBuiltinKeywords$runFeatureFile.call(Unknown Source)
	at Script1667275976583.run(Script1667275976583.groovy:20)
	... 13 more
)

2022-11-05 19:31:02 - [MESSAGE][FAILED] - Navigate to altashop homepage FAILED.
Reason:
com.kms.katalon.core.exception.StepFailedException: Unable to open browser with url: ''
	at com.kms.katalon.core.webui.keyword.internal.WebUIKeywordMain.stepFailed(WebUIKeywordMain.groovy:64)
	at com.kms.katalon.core.webui.keyword.internal.WebUIKeywordMain.runKeyword(WebUIKeywordMain.groovy:26)
	at com.kms.katalon.core.webui.keyword.builtin.OpenBrowserKeyword.openBrowser(OpenBrowserKeyword.groovy:81)
	at com.kms.katalon.core.webui.keyword.builtin.OpenBrowserKeyword.execute(OpenBrowserKeyword.groovy:67)
	at com.kms.katalon.core.keyword.internal.KeywordExecutor.executeKeywordForPlatform(KeywordExecutor.groovy:74)
	at com.kms.katalon.core.webui.keyword.WebUiBuiltInKeywords.openBrowser(WebUiBuiltInKeywords.groovy:64)
	at com.kms.katalon.core.webui.keyword.WebUiBuiltInKeywords$openBrowser.call(Unknown Source)
	at loginsteps.Navigatetoaltashophomepage(loginsteps.groovy:49)
	at ✽.Navigate to altashop homepage(C:/Users/Athif/git/MiniprojectWeb/Include/features/Positive/login.feature:16)
Caused by: org.openqa.selenium.SessionNotCreatedException: session not created: This version of ChromeDriver only supports Chrome version 105
Current browser version is 107.0.5304.88 with binary path C:\Program Files\Google\Chrome\Application\chrome.exe
Build info: version: '3.141.59', revision: 'e82be7d358', time: '2018-11-14T08:25:53'
System info: host: 'DESKTOP-HMC26PQ', ip: '192.168.56.1', os.name: 'Windows 10', os.arch: 'amd64', os.version: '10.0', java.version: '1.8.0_282'
Driver info: driver.version: CChromeDriver
remote stacktrace: Backtrace:
	Ordinal0 [0x0092DF13+2219795]
	Ordinal0 [0x008C2841+1779777]
	Ordinal0 [0x007D423D+803389]
	Ordinal0 [0x007F64AC+943276]
	Ordinal0 [0x007F19F0+924144]
	Ordinal0 [0x007EF179+913785]
	Ordinal0 [0x008236B9+1128121]
	Ordinal0 [0x0082331A+1127194]
	Ordinal0 [0x0081E616+1107478]
	Ordinal0 [0x007F7F89+950153]
	Ordinal0 [0x007F8F56+954198]
	GetHandleVerifier [0x00C22CB2+3040210]
	GetHandleVerifier [0x00C12BB4+2974420]
	GetHandleVerifier [0x009C6A0A+565546]
	GetHandleVerifier [0x009C5680+560544]
	Ordinal0 [0x008C9A5C+1808988]
	Ordinal0 [0x008CE3A8+1827752]
	Ordinal0 [0x008CE495+1827989]
	Ordinal0 [0x008D80A4+1867940]
	BaseThreadInitThunk [0x75D1FA29+25]
	RtlGetAppContainerNamedObjectPath [0x77747BBE+286]
	RtlGetAppContainerNamedObjectPath [0x77747B8E+238]

	at org.openqa.selenium.remote.W3CHandshakeResponse.lambda$errorHandler$0(W3CHandshakeResponse.java:62)
	at org.openqa.selenium.remote.HandshakeResponse.lambda$getResponseFunction$0(HandshakeResponse.java:30)
	at org.openqa.selenium.remote.ProtocolHandshake.lambda$createSession$0(ProtocolHandshake.java:126)
	at org.openqa.selenium.remote.ProtocolHandshake.createSession(ProtocolHandshake.java:128)
	at org.openqa.selenium.remote.ProtocolHandshake.createSession(ProtocolHandshake.java:74)
	at org.openqa.selenium.remote.HttpCommandExecutor.execute(HttpCommandExecutor.java:136)
	at org.openqa.selenium.remote.service.DriverCommandExecutor.execute(DriverCommandExecutor.java:83)
	at org.openqa.selenium.remote.RemoteWebDriver.execute(RemoteWebDriver.java:552)
	at com.kms.katalon.selenium.driver.CChromeDriver.execute(CChromeDriver.java:19)
	at org.openqa.selenium.remote.RemoteWebDriver.startSession(RemoteWebDriver.java:213)
	at org.openqa.selenium.remote.RemoteWebDriver.<init>(RemoteWebDriver.java:131)
	at org.openqa.selenium.chrome.ChromeDriver.<init>(ChromeDriver.java:181)
	at org.openqa.selenium.chrome.ChromeDriver.<init>(ChromeDriver.java:147)
	at com.kms.katalon.selenium.driver.CChromeDriver.<init>(CChromeDriver.java:13)
	at com.kms.katalon.core.webui.driver.DriverFactory.createNewChromeDriver(DriverFactory.java:434)
	at com.kms.katalon.core.webui.driver.DriverFactory.startNewBrowser(DriverFactory.java:367)
	at com.kms.katalon.core.webui.driver.DriverFactory.openWebDriver(DriverFactory.java:254)
	at com.kms.katalon.core.webui.keyword.builtin.OpenBrowserKeyword$_openBrowser_closure1.doCall(OpenBrowserKeyword.groovy:74)
	at com.kms.katalon.core.webui.keyword.builtin.OpenBrowserKeyword$_openBrowser_closure1.call(OpenBrowserKeyword.groovy)
	at com.kms.katalon.core.webui.keyword.internal.WebUIKeywordMain.runKeyword(WebUIKeywordMain.groovy:20)
	at com.kms.katalon.core.webui.keyword.builtin.OpenBrowserKeyword.openBrowser(OpenBrowserKeyword.groovy:81)
	at com.kms.katalon.core.webui.keyword.builtin.OpenBrowserKeyword.execute(OpenBrowserKeyword.groovy:67)
	at com.kms.katalon.core.keyword.internal.KeywordExecutor.executeKeywordForPlatform(KeywordExecutor.groovy:74)
	at com.kms.katalon.core.webui.keyword.WebUiBuiltInKeywords.openBrowser(WebUiBuiltInKeywords.groovy:64)
	at com.kms.katalon.core.webui.keyword.WebUiBuiltInKeywords$openBrowser.call(Unknown Source)
	at loginsteps.Navigatetoaltashophomepage(loginsteps.groovy:49)
	at cucumber.runtime.Utils$1.call(Utils.java:26)
	at cucumber.runtime.Timeout.timeout(Timeout.java:16)
	at cucumber.runtime.Utils.invoke(Utils.java:20)
	at cucumber.runtime.java.JavaStepDefinition.execute(JavaStepDefinition.java:48)
	at cucumber.runtime.PickleStepDefinitionMatch.runStep(PickleStepDefinitionMatch.java:50)
	at cucumber.runner.TestStep.executeStep(TestStep.java:68)
	at cucumber.runner.TestStep.run(TestStep.java:50)
	at cucumber.runner.PickleStepTestStep.run(PickleStepTestStep.java:53)
	at cucumber.runner.TestCase.run(TestCase.java:47)
	at cucumber.runner.Runner.runPickle(Runner.java:44)
	at cucumber.runtime.Runtime.runFeature(Runtime.java:120)
	at cucumber.runtime.Runtime.run(Runtime.java:106)
	at cucumber.api.cli.Main.run(Main.java:35)
	at cucumber.api.cli.Main$run.call(Unknown Source)
	at com.kms.katalon.core.cucumber.keyword.CucumberBuiltinKeywords$_runFeatureFile_closure1.doCall(CucumberBuiltinKeywords.groovy:108)
	at com.kms.katalon.core.cucumber.keyword.CucumberBuiltinKeywords$_runFeatureFile_closure1.doCall(CucumberBuiltinKeywords.groovy)
	at com.kms.katalon.core.keyword.internal.KeywordMain.runKeyword(KeywordMain.groovy:74)
	at com.kms.katalon.core.keyword.internal.KeywordMain.runKeyword(KeywordMain.groovy:68)
	at com.kms.katalon.core.keyword.internal.KeywordMain$runKeyword.call(Unknown Source)
	at com.kms.katalon.core.cucumber.keyword.CucumberBuiltinKeywords.runFeatureFile(CucumberBuiltinKeywords.groovy:75)
	at com.kms.katalon.core.cucumber.keyword.CucumberBuiltinKeywords$runFeatureFile$0.callStatic(Unknown Source)
	at com.kms.katalon.core.cucumber.keyword.CucumberBuiltinKeywords.runFeatureFile(CucumberBuiltinKeywords.groovy:248)
	at com.kms.katalon.core.cucumber.keyword.CucumberBuiltinKeywords$runFeatureFile.call(Unknown Source)
	at Feature File.run(Feature File:20)
	at com.kms.katalon.core.main.ScriptEngine.run(ScriptEngine.java:194)
	at com.kms.katalon.core.main.ScriptEngine.runScriptAsRawText(ScriptEngine.java:119)
	at com.kms.katalon.core.main.TestCaseExecutor.runScript(TestCaseExecutor.java:445)
	at com.kms.katalon.core.main.TestCaseExecutor.doExecute(TestCaseExecutor.java:436)
	at com.kms.katalon.core.main.TestCaseExecutor.processExecutionPhase(TestCaseExecutor.java:415)
	at com.kms.katalon.core.main.TestCaseExecutor.accessMainPhase(TestCaseExecutor.java:407)
	at com.kms.katalon.core.main.TestCaseExecutor.execute(TestCaseExecutor.java:284)
	at com.kms.katalon.core.common.CommonExecutor.accessTestCaseMainPhase(CommonExecutor.java:65)
	at com.kms.katalon.core.main.TestSuiteExecutor.accessTestSuiteMainPhase(TestSuiteExecutor.java:144)
	at com.kms.katalon.core.main.TestSuiteExecutor.execute(TestSuiteExecutor.java:106)
	at com.kms.katalon.core.main.TestCaseMain.startTestSuite(TestCaseMain.java:185)
	at com.kms.katalon.core.main.TestCaseMain$startTestSuite$0.call(Unknown Source)
	at TempTestSuite1667651445050.run(TempTestSuite1667651445050.groovy:36)


2022-11-05 19:31:02 - [TEST_STEP][NOT_RUN] - User navigate to login page: User navigate to login page

2022-11-05 19:31:02 - [MESSAGE][NOT_RUN] - User navigate to login page

2022-11-05 19:31:02 - [TEST_STEP][NOT_RUN] - User input zack@gmail.com and aaaaaaa: User input zack@gmail.com and aaaaaaa

2022-11-05 19:31:02 - [MESSAGE][NOT_RUN] - User input zack@gmail.com and aaaaaaa

2022-11-05 19:31:02 - [TEST_STEP][NOT_RUN] - User click login button: User click login button

2022-11-05 19:31:02 - [MESSAGE][NOT_RUN] - User click login button

2022-11-05 19:31:02 - [TEST_STEP][NOT_RUN] - Error message showed: Error message showed

2022-11-05 19:31:02 - [MESSAGE][NOT_RUN] - Error message showed

2022-11-05 19:31:02 - [TEST_CASE][FAILED] - Start Test Case : SCENARIO Login with false data: SCENARIO Login with false data FAILED.
Reason:
com.kms.katalon.core.exception.StepFailedException: Unable to open browser with url: ''
	at com.kms.katalon.core.webui.keyword.internal.WebUIKeywordMain.stepFailed(WebUIKeywordMain.groovy:64)
	at com.kms.katalon.core.webui.keyword.internal.WebUIKeywordMain.runKeyword(WebUIKeywordMain.groovy:26)
	at com.kms.katalon.core.webui.keyword.builtin.OpenBrowserKeyword.openBrowser(OpenBrowserKeyword.groovy:81)
	at com.kms.katalon.core.webui.keyword.builtin.OpenBrowserKeyword.execute(OpenBrowserKeyword.groovy:67)
	at com.kms.katalon.core.keyword.internal.KeywordExecutor.executeKeywordForPlatform(KeywordExecutor.groovy:74)
	at com.kms.katalon.core.webui.keyword.WebUiBuiltInKeywords.openBrowser(WebUiBuiltInKeywords.groovy:64)
	at com.kms.katalon.core.webui.keyword.WebUiBuiltInKeywords$openBrowser.call(Unknown Source)
	at loginsteps.Navigatetoaltashophomepage(loginsteps.groovy:49)
	at ✽.Navigate to altashop homepage(C:/Users/Athif/git/MiniprojectWeb/Include/features/Positive/login.feature:16)
Caused by: org.openqa.selenium.SessionNotCreatedException: session not created: This version of ChromeDriver only supports Chrome version 105
Current browser version is 107.0.5304.88 with binary path C:\Program Files\Google\Chrome\Application\chrome.exe
Build info: version: '3.141.59', revision: 'e82be7d358', time: '2018-11-14T08:25:53'
System info: host: 'DESKTOP-HMC26PQ', ip: '192.168.56.1', os.name: 'Windows 10', os.arch: 'amd64', os.version: '10.0', java.version: '1.8.0_282'
Driver info: driver.version: CChromeDriver
remote stacktrace: Backtrace:
	Ordinal0 [0x0092DF13+2219795]
	Ordinal0 [0x008C2841+1779777]
	Ordinal0 [0x007D423D+803389]
	Ordinal0 [0x007F64AC+943276]
	Ordinal0 [0x007F19F0+924144]
	Ordinal0 [0x007EF179+913785]
	Ordinal0 [0x008236B9+1128121]
	Ordinal0 [0x0082331A+1127194]
	Ordinal0 [0x0081E616+1107478]
	Ordinal0 [0x007F7F89+950153]
	Ordinal0 [0x007F8F56+954198]
	GetHandleVerifier [0x00C22CB2+3040210]
	GetHandleVerifier [0x00C12BB4+2974420]
	GetHandleVerifier [0x009C6A0A+565546]
	GetHandleVerifier [0x009C5680+560544]
	Ordinal0 [0x008C9A5C+1808988]
	Ordinal0 [0x008CE3A8+1827752]
	Ordinal0 [0x008CE495+1827989]
	Ordinal0 [0x008D80A4+1867940]
	BaseThreadInitThunk [0x75D1FA29+25]
	RtlGetAppContainerNamedObjectPath [0x77747BBE+286]
	RtlGetAppContainerNamedObjectPath [0x77747B8E+238]

	at org.openqa.selenium.remote.W3CHandshakeResponse.lambda$errorHandler$0(W3CHandshakeResponse.java:62)
	at org.openqa.selenium.remote.HandshakeResponse.lambda$getResponseFunction$0(HandshakeResponse.java:30)
	at org.openqa.selenium.remote.ProtocolHandshake.lambda$createSession$0(ProtocolHandshake.java:126)
	at org.openqa.selenium.remote.ProtocolHandshake.createSession(ProtocolHandshake.java:128)
	at org.openqa.selenium.remote.ProtocolHandshake.createSession(ProtocolHandshake.java:74)
	at org.openqa.selenium.remote.HttpCommandExecutor.execute(HttpCommandExecutor.java:136)
	at org.openqa.selenium.remote.service.DriverCommandExecutor.execute(DriverCommandExecutor.java:83)
	at org.openqa.selenium.remote.RemoteWebDriver.execute(RemoteWebDriver.java:552)
	at com.kms.katalon.selenium.driver.CChromeDriver.execute(CChromeDriver.java:19)
	at org.openqa.selenium.remote.RemoteWebDriver.startSession(RemoteWebDriver.java:213)
	at org.openqa.selenium.remote.RemoteWebDriver.<init>(RemoteWebDriver.java:131)
	at org.openqa.selenium.chrome.ChromeDriver.<init>(ChromeDriver.java:181)
	at org.openqa.selenium.chrome.ChromeDriver.<init>(ChromeDriver.java:147)
	at com.kms.katalon.selenium.driver.CChromeDriver.<init>(CChromeDriver.java:13)
	at com.kms.katalon.core.webui.driver.DriverFactory.createNewChromeDriver(DriverFactory.java:434)
	at com.kms.katalon.core.webui.driver.DriverFactory.startNewBrowser(DriverFactory.java:367)
	at com.kms.katalon.core.webui.driver.DriverFactory.openWebDriver(DriverFactory.java:254)
	at com.kms.katalon.core.webui.keyword.builtin.OpenBrowserKeyword$_openBrowser_closure1.doCall(OpenBrowserKeyword.groovy:74)
	at com.kms.katalon.core.webui.keyword.builtin.OpenBrowserKeyword$_openBrowser_closure1.call(OpenBrowserKeyword.groovy)
	at com.kms.katalon.core.webui.keyword.internal.WebUIKeywordMain.runKeyword(WebUIKeywordMain.groovy:20)
	at com.kms.katalon.core.webui.keyword.builtin.OpenBrowserKeyword.openBrowser(OpenBrowserKeyword.groovy:81)
	at com.kms.katalon.core.webui.keyword.builtin.OpenBrowserKeyword.execute(OpenBrowserKeyword.groovy:67)
	at com.kms.katalon.core.keyword.internal.KeywordExecutor.executeKeywordForPlatform(KeywordExecutor.groovy:74)
	at com.kms.katalon.core.webui.keyword.WebUiBuiltInKeywords.openBrowser(WebUiBuiltInKeywords.groovy:64)
	at com.kms.katalon.core.webui.keyword.WebUiBuiltInKeywords$openBrowser.call(Unknown Source)
	at loginsteps.Navigatetoaltashophomepage(loginsteps.groovy:49)
	at cucumber.runtime.Utils$1.call(Utils.java:26)
	at cucumber.runtime.Timeout.timeout(Timeout.java:16)
	at cucumber.runtime.Utils.invoke(Utils.java:20)
	at cucumber.runtime.java.JavaStepDefinition.execute(JavaStepDefinition.java:48)
	at cucumber.runtime.PickleStepDefinitionMatch.runStep(PickleStepDefinitionMatch.java:50)
	at cucumber.runner.TestStep.executeStep(TestStep.java:68)
	at cucumber.runner.TestStep.run(TestStep.java:50)
	at cucumber.runner.PickleStepTestStep.run(PickleStepTestStep.java:53)
	at cucumber.runner.TestCase.run(TestCase.java:47)
	at cucumber.runner.Runner.runPickle(Runner.java:44)
	at cucumber.runtime.Runtime.runFeature(Runtime.java:120)
	at cucumber.runtime.Runtime.run(Runtime.java:106)
	at cucumber.api.cli.Main.run(Main.java:35)
	at cucumber.api.cli.Main$run.call(Unknown Source)
	at com.kms.katalon.core.cucumber.keyword.CucumberBuiltinKeywords$_runFeatureFile_closure1.doCall(CucumberBuiltinKeywords.groovy:108)
	at com.kms.katalon.core.cucumber.keyword.CucumberBuiltinKeywords$_runFeatureFile_closure1.doCall(CucumberBuiltinKeywords.groovy)
	at com.kms.katalon.core.keyword.internal.KeywordMain.runKeyword(KeywordMain.groovy:74)
	at com.kms.katalon.core.keyword.internal.KeywordMain.runKeyword(KeywordMain.groovy:68)
	at com.kms.katalon.core.keyword.internal.KeywordMain$runKeyword.call(Unknown Source)
	at com.kms.katalon.core.cucumber.keyword.CucumberBuiltinKeywords.runFeatureFile(CucumberBuiltinKeywords.groovy:75)
	at com.kms.katalon.core.cucumber.keyword.CucumberBuiltinKeywords$runFeatureFile$0.callStatic(Unknown Source)
	at com.kms.katalon.core.cucumber.keyword.CucumberBuiltinKeywords.runFeatureFile(CucumberBuiltinKeywords.groovy:248)
	at com.kms.katalon.core.cucumber.keyword.CucumberBuiltinKeywords$runFeatureFile.call(Unknown Source)
	at Feature File.run(Feature File:20)
	at com.kms.katalon.core.main.ScriptEngine.run(ScriptEngine.java:194)
	at com.kms.katalon.core.main.ScriptEngine.runScriptAsRawText(ScriptEngine.java:119)
	at com.kms.katalon.core.main.TestCaseExecutor.runScript(TestCaseExecutor.java:445)
	at com.kms.katalon.core.main.TestCaseExecutor.doExecute(TestCaseExecutor.java:436)
	at com.kms.katalon.core.main.TestCaseExecutor.processExecutionPhase(TestCaseExecutor.java:415)
	at com.kms.katalon.core.main.TestCaseExecutor.accessMainPhase(TestCaseExecutor.java:407)
	at com.kms.katalon.core.main.TestCaseExecutor.execute(TestCaseExecutor.java:284)
	at com.kms.katalon.core.common.CommonExecutor.accessTestCaseMainPhase(CommonExecutor.java:65)
	at com.kms.katalon.core.main.TestSuiteExecutor.accessTestSuiteMainPhase(TestSuiteExecutor.java:144)
	at com.kms.katalon.core.main.TestSuiteExecutor.execute(TestSuiteExecutor.java:106)
	at com.kms.katalon.core.main.TestCaseMain.startTestSuite(TestCaseMain.java:185)
	at com.kms.katalon.core.main.TestCaseMain$startTestSuite$0.call(Unknown Source)
	at TempTestSuite1667651445050.run(TempTestSuite1667651445050.groovy:36)


2022-11-05 19:31:02 - [TEST_STEP][FAILED] - Navigate to altashop homepage: Navigate to altashop homepage FAILED.
Reason:
com.kms.katalon.core.exception.StepFailedException: Unable to open browser with url: ''
	at com.kms.katalon.core.webui.keyword.internal.WebUIKeywordMain.stepFailed(WebUIKeywordMain.groovy:64)
	at com.kms.katalon.core.webui.keyword.internal.WebUIKeywordMain.runKeyword(WebUIKeywordMain.groovy:26)
	at com.kms.katalon.core.webui.keyword.builtin.OpenBrowserKeyword.openBrowser(OpenBrowserKeyword.groovy:81)
	at com.kms.katalon.core.webui.keyword.builtin.OpenBrowserKeyword.execute(OpenBrowserKeyword.groovy:67)
	at com.kms.katalon.core.keyword.internal.KeywordExecutor.executeKeywordForPlatform(KeywordExecutor.groovy:74)
	at com.kms.katalon.core.webui.keyword.WebUiBuiltInKeywords.openBrowser(WebUiBuiltInKeywords.groovy:64)
	at com.kms.katalon.core.webui.keyword.WebUiBuiltInKeywords$openBrowser.call(Unknown Source)
	at loginsteps.Navigatetoaltashophomepage(loginsteps.groovy:49)
	at ✽.Navigate to altashop homepage(C:/Users/Athif/git/MiniprojectWeb/Include/features/Positive/login.feature:16)
Caused by: org.openqa.selenium.SessionNotCreatedException: session not created: This version of ChromeDriver only supports Chrome version 105
Current browser version is 107.0.5304.88 with binary path C:\Program Files\Google\Chrome\Application\chrome.exe
Build info: version: '3.141.59', revision: 'e82be7d358', time: '2018-11-14T08:25:53'
System info: host: 'DESKTOP-HMC26PQ', ip: '192.168.56.1', os.name: 'Windows 10', os.arch: 'amd64', os.version: '10.0', java.version: '1.8.0_282'
Driver info: driver.version: CChromeDriver
remote stacktrace: Backtrace:
	Ordinal0 [0x0092DF13+2219795]
	Ordinal0 [0x008C2841+1779777]
	Ordinal0 [0x007D423D+803389]
	Ordinal0 [0x007F64AC+943276]
	Ordinal0 [0x007F19F0+924144]
	Ordinal0 [0x007EF179+913785]
	Ordinal0 [0x008236B9+1128121]
	Ordinal0 [0x0082331A+1127194]
	Ordinal0 [0x0081E616+1107478]
	Ordinal0 [0x007F7F89+950153]
	Ordinal0 [0x007F8F56+954198]
	GetHandleVerifier [0x00C22CB2+3040210]
	GetHandleVerifier [0x00C12BB4+2974420]
	GetHandleVerifier [0x009C6A0A+565546]
	GetHandleVerifier [0x009C5680+560544]
	Ordinal0 [0x008C9A5C+1808988]
	Ordinal0 [0x008CE3A8+1827752]
	Ordinal0 [0x008CE495+1827989]
	Ordinal0 [0x008D80A4+1867940]
	BaseThreadInitThunk [0x75D1FA29+25]
	RtlGetAppContainerNamedObjectPath [0x77747BBE+286]
	RtlGetAppContainerNamedObjectPath [0x77747B8E+238]

	at org.openqa.selenium.remote.W3CHandshakeResponse.lambda$errorHandler$0(W3CHandshakeResponse.java:62)
	at org.openqa.selenium.remote.HandshakeResponse.lambda$getResponseFunction$0(HandshakeResponse.java:30)
	at org.openqa.selenium.remote.ProtocolHandshake.lambda$createSession$0(ProtocolHandshake.java:126)
	at org.openqa.selenium.remote.ProtocolHandshake.createSession(ProtocolHandshake.java:128)
	at org.openqa.selenium.remote.ProtocolHandshake.createSession(ProtocolHandshake.java:74)
	at org.openqa.selenium.remote.HttpCommandExecutor.execute(HttpCommandExecutor.java:136)
	at org.openqa.selenium.remote.service.DriverCommandExecutor.execute(DriverCommandExecutor.java:83)
	at org.openqa.selenium.remote.RemoteWebDriver.execute(RemoteWebDriver.java:552)
	at com.kms.katalon.selenium.driver.CChromeDriver.execute(CChromeDriver.java:19)
	at org.openqa.selenium.remote.RemoteWebDriver.startSession(RemoteWebDriver.java:213)
	at org.openqa.selenium.remote.RemoteWebDriver.<init>(RemoteWebDriver.java:131)
	at org.openqa.selenium.chrome.ChromeDriver.<init>(ChromeDriver.java:181)
	at org.openqa.selenium.chrome.ChromeDriver.<init>(ChromeDriver.java:147)
	at com.kms.katalon.selenium.driver.CChromeDriver.<init>(CChromeDriver.java:13)
	at com.kms.katalon.core.webui.driver.DriverFactory.createNewChromeDriver(DriverFactory.java:434)
	at com.kms.katalon.core.webui.driver.DriverFactory.startNewBrowser(DriverFactory.java:367)
	at com.kms.katalon.core.webui.driver.DriverFactory.openWebDriver(DriverFactory.java:254)
	at com.kms.katalon.core.webui.keyword.builtin.OpenBrowserKeyword$_openBrowser_closure1.doCall(OpenBrowserKeyword.groovy:74)
	at com.kms.katalon.core.webui.keyword.builtin.OpenBrowserKeyword$_openBrowser_closure1.call(OpenBrowserKeyword.groovy)
	at com.kms.katalon.core.webui.keyword.internal.WebUIKeywordMain.runKeyword(WebUIKeywordMain.groovy:20)
	at com.kms.katalon.core.webui.keyword.builtin.OpenBrowserKeyword.openBrowser(OpenBrowserKeyword.groovy:81)
	at com.kms.katalon.core.webui.keyword.builtin.OpenBrowserKeyword.execute(OpenBrowserKeyword.groovy:67)
	at com.kms.katalon.core.keyword.internal.KeywordExecutor.executeKeywordForPlatform(KeywordExecutor.groovy:74)
	at com.kms.katalon.core.webui.keyword.WebUiBuiltInKeywords.openBrowser(WebUiBuiltInKeywords.groovy:64)
	at com.kms.katalon.core.webui.keyword.WebUiBuiltInKeywords$openBrowser.call(Unknown Source)
	at loginsteps.Navigatetoaltashophomepage(loginsteps.groovy:49)
	at cucumber.runtime.Utils$1.call(Utils.java:26)
	at cucumber.runtime.Timeout.timeout(Timeout.java:16)
	at cucumber.runtime.Utils.invoke(Utils.java:20)
	at cucumber.runtime.java.JavaStepDefinition.execute(JavaStepDefinition.java:48)
	at cucumber.runtime.PickleStepDefinitionMatch.runStep(PickleStepDefinitionMatch.java:50)
	at cucumber.runner.TestStep.executeStep(TestStep.java:68)
	at cucumber.runner.TestStep.run(TestStep.java:50)
	at cucumber.runner.PickleStepTestStep.run(PickleStepTestStep.java:53)
	at cucumber.runner.TestCase.run(TestCase.java:47)
	at cucumber.runner.Runner.runPickle(Runner.java:44)
	at cucumber.runtime.Runtime.runFeature(Runtime.java:120)
	at cucumber.runtime.Runtime.run(Runtime.java:106)
	at cucumber.api.cli.Main.run(Main.java:35)
	at cucumber.api.cli.Main$run.call(Unknown Source)
	at com.kms.katalon.core.cucumber.keyword.CucumberBuiltinKeywords$_runFeatureFile_closure1.doCall(CucumberBuiltinKeywords.groovy:108)
	at com.kms.katalon.core.cucumber.keyword.CucumberBuiltinKeywords$_runFeatureFile_closure1.doCall(CucumberBuiltinKeywords.groovy)
	at com.kms.katalon.core.keyword.internal.KeywordMain.runKeyword(KeywordMain.groovy:74)
	at com.kms.katalon.core.keyword.internal.KeywordMain.runKeyword(KeywordMain.groovy:68)
	at com.kms.katalon.core.keyword.internal.KeywordMain$runKeyword.call(Unknown Source)
	at com.kms.katalon.core.cucumber.keyword.CucumberBuiltinKeywords.runFeatureFile(CucumberBuiltinKeywords.groovy:75)
	at com.kms.katalon.core.cucumber.keyword.CucumberBuiltinKeywords$runFeatureFile$0.callStatic(Unknown Source)
	at com.kms.katalon.core.cucumber.keyword.CucumberBuiltinKeywords.runFeatureFile(CucumberBuiltinKeywords.groovy:248)
	at com.kms.katalon.core.cucumber.keyword.CucumberBuiltinKeywords$runFeatureFile.call(Unknown Source)
	at Feature File.run(Feature File:20)
	at com.kms.katalon.core.main.ScriptEngine.run(ScriptEngine.java:194)
	at com.kms.katalon.core.main.ScriptEngine.runScriptAsRawText(ScriptEngine.java:119)
	at com.kms.katalon.core.main.TestCaseExecutor.runScript(TestCaseExecutor.java:445)
	at com.kms.katalon.core.main.TestCaseExecutor.doExecute(TestCaseExecutor.java:436)
	at com.kms.katalon.core.main.TestCaseExecutor.processExecutionPhase(TestCaseExecutor.java:415)
	at com.kms.katalon.core.main.TestCaseExecutor.accessMainPhase(TestCaseExecutor.java:407)
	at com.kms.katalon.core.main.TestCaseExecutor.execute(TestCaseExecutor.java:284)
	at com.kms.katalon.core.common.CommonExecutor.accessTestCaseMainPhase(CommonExecutor.java:65)
	at com.kms.katalon.core.main.TestSuiteExecutor.accessTestSuiteMainPhase(TestSuiteExecutor.java:144)
	at com.kms.katalon.core.main.TestSuiteExecutor.execute(TestSuiteExecutor.java:106)
	at com.kms.katalon.core.main.TestCaseMain.startTestSuite(TestCaseMain.java:185)
	at com.kms.katalon.core.main.TestCaseMain$startTestSuite$0.call(Unknown Source)
	at TempTestSuite1667651445050.run(TempTestSuite1667651445050.groovy:36)


2022-11-05 19:31:02 - [MESSAGE][INFO] - Starting 'Chrome' driver

2022-11-05 19:31:02 - [MESSAGE][INFO] - Action delay is set to 0 milliseconds

2022-11-05 19:31:04 - [MESSAGE][FAILED] - Unable to open browser with url: '' (Root cause: com.kms.katalon.core.exception.StepFailedException: Unable to open browser with url: ''
	at com.kms.katalon.core.webui.keyword.internal.WebUIKeywordMain.stepFailed(WebUIKeywordMain.groovy:64)
	at com.kms.katalon.core.webui.keyword.internal.WebUIKeywordMain.runKeyword(WebUIKeywordMain.groovy:26)
	at com.kms.katalon.core.webui.keyword.builtin.OpenBrowserKeyword.openBrowser(OpenBrowserKeyword.groovy:81)
	at com.kms.katalon.core.webui.keyword.builtin.OpenBrowserKeyword.execute(OpenBrowserKeyword.groovy:67)
	at com.kms.katalon.core.keyword.internal.KeywordExecutor.executeKeywordForPlatform(KeywordExecutor.groovy:74)
	at com.kms.katalon.core.webui.keyword.WebUiBuiltInKeywords.openBrowser(WebUiBuiltInKeywords.groovy:64)
	at com.kms.katalon.core.webui.keyword.WebUiBuiltInKeywords$openBrowser.call(Unknown Source)
	at loginsteps.Navigatetoaltashophomepage(loginsteps.groovy:49)
	at cucumber.runtime.Utils$1.call(Utils.java:26)
	at cucumber.runtime.Timeout.timeout(Timeout.java:16)
	at cucumber.runtime.Utils.invoke(Utils.java:20)
	at cucumber.runtime.java.JavaStepDefinition.execute(JavaStepDefinition.java:48)
	at cucumber.runtime.PickleStepDefinitionMatch.runStep(PickleStepDefinitionMatch.java:50)
	at cucumber.runner.TestStep.executeStep(TestStep.java:68)
	at cucumber.runner.TestStep.run(TestStep.java:50)
	at cucumber.runner.PickleStepTestStep.run(PickleStepTestStep.java:53)
	at cucumber.runner.TestCase.run(TestCase.java:47)
	at cucumber.runner.Runner.runPickle(Runner.java:44)
	at cucumber.runtime.Runtime.runFeature(Runtime.java:120)
	at cucumber.runtime.Runtime.run(Runtime.java:106)
	at cucumber.api.cli.Main.run(Main.java:35)
	at cucumber.api.cli.Main$run.call(Unknown Source)
	at com.kms.katalon.core.cucumber.keyword.CucumberBuiltinKeywords$_runFeatureFile_closure1.doCall(CucumberBuiltinKeywords.groovy:108)
	at com.kms.katalon.core.cucumber.keyword.CucumberBuiltinKeywords$_runFeatureFile_closure1.doCall(CucumberBuiltinKeywords.groovy)
	at com.kms.katalon.core.keyword.internal.KeywordMain.runKeyword(KeywordMain.groovy:74)
	at com.kms.katalon.core.keyword.internal.KeywordMain.runKeyword(KeywordMain.groovy:68)
	at com.kms.katalon.core.keyword.internal.KeywordMain$runKeyword.call(Unknown Source)
	at com.kms.katalon.core.cucumber.keyword.CucumberBuiltinKeywords.runFeatureFile(CucumberBuiltinKeywords.groovy:75)
	at com.kms.katalon.core.cucumber.keyword.CucumberBuiltinKeywords$runFeatureFile$0.callStatic(Unknown Source)
	at com.kms.katalon.core.cucumber.keyword.CucumberBuiltinKeywords.runFeatureFile(CucumberBuiltinKeywords.groovy:248)
	at com.kms.katalon.core.cucumber.keyword.CucumberBuiltinKeywords$runFeatureFile.call(Unknown Source)
	at Feature File.run(Feature File:20)
	at com.kms.katalon.core.main.ScriptEngine.run(ScriptEngine.java:194)
	at com.kms.katalon.core.main.ScriptEngine.runScriptAsRawText(ScriptEngine.java:119)
	at com.kms.katalon.core.main.TestCaseExecutor.runScript(TestCaseExecutor.java:445)
	at com.kms.katalon.core.main.TestCaseExecutor.doExecute(TestCaseExecutor.java:436)
	at com.kms.katalon.core.main.TestCaseExecutor.processExecutionPhase(TestCaseExecutor.java:415)
	at com.kms.katalon.core.main.TestCaseExecutor.accessMainPhase(TestCaseExecutor.java:407)
	at com.kms.katalon.core.main.TestCaseExecutor.execute(TestCaseExecutor.java:284)
	at com.kms.katalon.core.common.CommonExecutor.accessTestCaseMainPhase(CommonExecutor.java:65)
	at com.kms.katalon.core.main.TestSuiteExecutor.accessTestSuiteMainPhase(TestSuiteExecutor.java:144)
	at com.kms.katalon.core.main.TestSuiteExecutor.execute(TestSuiteExecutor.java:106)
	at com.kms.katalon.core.main.TestCaseMain.startTestSuite(TestCaseMain.java:185)
	at com.kms.katalon.core.main.TestCaseMain$startTestSuite$0.call(Unknown Source)
	at TempTestSuite1667651445050.run(TempTestSuite1667651445050.groovy:36)
Caused by: org.openqa.selenium.SessionNotCreatedException: session not created: This version of ChromeDriver only supports Chrome version 105
Current browser version is 107.0.5304.88 with binary path C:\Program Files\Google\Chrome\Application\chrome.exe
Build info: version: '3.141.59', revision: 'e82be7d358', time: '2018-11-14T08:25:53'
System info: host: 'DESKTOP-HMC26PQ', ip: '192.168.56.1', os.name: 'Windows 10', os.arch: 'amd64', os.version: '10.0', java.version: '1.8.0_282'
Driver info: driver.version: CChromeDriver
remote stacktrace: Backtrace:
	Ordinal0 [0x0092DF13+2219795]
	Ordinal0 [0x008C2841+1779777]
	Ordinal0 [0x007D423D+803389]
	Ordinal0 [0x007F64AC+943276]
	Ordinal0 [0x007F19F0+924144]
	Ordinal0 [0x007EF179+913785]
	Ordinal0 [0x008236B9+1128121]
	Ordinal0 [0x0082331A+1127194]
	Ordinal0 [0x0081E616+1107478]
	Ordinal0 [0x007F7F89+950153]
	Ordinal0 [0x007F8F56+954198]
	GetHandleVerifier [0x00C22CB2+3040210]
	GetHandleVerifier [0x00C12BB4+2974420]
	GetHandleVerifier [0x009C6A0A+565546]
	GetHandleVerifier [0x009C5680+560544]
	Ordinal0 [0x008C9A5C+1808988]
	Ordinal0 [0x008CE3A8+1827752]
	Ordinal0 [0x008CE495+1827989]
	Ordinal0 [0x008D80A4+1867940]
	BaseThreadInitThunk [0x75D1FA29+25]
	RtlGetAppContainerNamedObjectPath [0x77747BBE+286]
	RtlGetAppContainerNamedObjectPath [0x77747B8E+238]

	at org.openqa.selenium.remote.W3CHandshakeResponse.lambda$errorHandler$0(W3CHandshakeResponse.java:62)
	at org.openqa.selenium.remote.HandshakeResponse.lambda$getResponseFunction$0(HandshakeResponse.java:30)
	at org.openqa.selenium.remote.ProtocolHandshake.lambda$createSession$0(ProtocolHandshake.java:126)
	at org.openqa.selenium.remote.ProtocolHandshake.createSession(ProtocolHandshake.java:128)
	at org.openqa.selenium.remote.ProtocolHandshake.createSession(ProtocolHandshake.java:74)
	at org.openqa.selenium.remote.HttpCommandExecutor.execute(HttpCommandExecutor.java:136)
	at org.openqa.selenium.remote.service.DriverCommandExecutor.execute(DriverCommandExecutor.java:83)
	at org.openqa.selenium.remote.RemoteWebDriver.execute(RemoteWebDriver.java:552)
	at com.kms.katalon.selenium.driver.CChromeDriver.execute(CChromeDriver.java:19)
	at org.openqa.selenium.remote.RemoteWebDriver.startSession(RemoteWebDriver.java:213)
	at org.openqa.selenium.remote.RemoteWebDriver.<init>(RemoteWebDriver.java:131)
	at org.openqa.selenium.chrome.ChromeDriver.<init>(ChromeDriver.java:181)
	at org.openqa.selenium.chrome.ChromeDriver.<init>(ChromeDriver.java:147)
	at com.kms.katalon.selenium.driver.CChromeDriver.<init>(CChromeDriver.java:13)
	at com.kms.katalon.core.webui.driver.DriverFactory.createNewChromeDriver(DriverFactory.java:434)
	at com.kms.katalon.core.webui.driver.DriverFactory.startNewBrowser(DriverFactory.java:367)
	at com.kms.katalon.core.webui.driver.DriverFactory.openWebDriver(DriverFactory.java:254)
	at com.kms.katalon.core.webui.keyword.builtin.OpenBrowserKeyword$_openBrowser_closure1.doCall(OpenBrowserKeyword.groovy:74)
	at com.kms.katalon.core.webui.keyword.builtin.OpenBrowserKeyword$_openBrowser_closure1.call(OpenBrowserKeyword.groovy)
	at com.kms.katalon.core.webui.keyword.internal.WebUIKeywordMain.runKeyword(WebUIKeywordMain.groovy:20)
	at com.kms.katalon.core.webui.keyword.builtin.OpenBrowserKeyword.openBrowser(OpenBrowserKeyword.groovy:81)
	at com.kms.katalon.core.webui.keyword.builtin.OpenBrowserKeyword.execute(OpenBrowserKeyword.groovy:67)
	at com.kms.katalon.core.keyword.internal.KeywordExecutor.executeKeywordForPlatform(KeywordExecutor.groovy:74)
	at com.kms.katalon.core.webui.keyword.WebUiBuiltInKeywords.openBrowser(WebUiBuiltInKeywords.groovy:64)
	at com.kms.katalon.core.webui.keyword.WebUiBuiltInKeywords$openBrowser.call(Unknown Source)
	at loginsteps.Navigatetoaltashophomepage(loginsteps.groovy:49)
	at cucumber.runtime.Utils$1.call(Utils.java:26)
	at cucumber.runtime.Timeout.timeout(Timeout.java:16)
	at cucumber.runtime.Utils.invoke(Utils.java:20)
	at cucumber.runtime.java.JavaStepDefinition.execute(JavaStepDefinition.java:48)
	at cucumber.runtime.PickleStepDefinitionMatch.runStep(PickleStepDefinitionMatch.java:50)
	at cucumber.runner.TestStep.executeStep(TestStep.java:68)
	at cucumber.runner.TestStep.run(TestStep.java:50)
	at cucumber.runner.PickleStepTestStep.run(PickleStepTestStep.java:53)
	at cucumber.runner.TestCase.run(TestCase.java:47)
	at cucumber.runner.Runner.runPickle(Runner.java:44)
	at cucumber.runtime.Runtime.runFeature(Runtime.java:120)
	at cucumber.runtime.Runtime.run(Runtime.java:106)
	at cucumber.api.cli.Main.run(Main.java:35)
	at cucumber.api.cli.Main$run.call(Unknown Source)
	at com.kms.katalon.core.cucumber.keyword.CucumberBuiltinKeywords$_runFeatureFile_closure1.doCall(CucumberBuiltinKeywords.groovy:108)
	at com.kms.katalon.core.cucumber.keyword.CucumberBuiltinKeywords$_runFeatureFile_closure1.doCall(CucumberBuiltinKeywords.groovy)
	at com.kms.katalon.core.keyword.internal.KeywordMain.runKeyword(KeywordMain.groovy:74)
	at com.kms.katalon.core.keyword.internal.KeywordMain.runKeyword(KeywordMain.groovy:68)
	at com.kms.katalon.core.keyword.internal.KeywordMain$runKeyword.call(Unknown Source)
	at com.kms.katalon.core.cucumber.keyword.CucumberBuiltinKeywords.runFeatureFile(CucumberBuiltinKeywords.groovy:75)
	at com.kms.katalon.core.cucumber.keyword.CucumberBuiltinKeywords$runFeatureFile$0.callStatic(Unknown Source)
	at com.kms.katalon.core.cucumber.keyword.CucumberBuiltinKeywords.runFeatureFile(CucumberBuiltinKeywords.groovy:248)
	at com.kms.katalon.core.cucumber.keyword.CucumberBuiltinKeywords$runFeatureFile.call(Unknown Source)
	at Script1667275976583.run(Script1667275976583.groovy:20)
	... 13 more
)

2022-11-05 19:31:04 - [MESSAGE][FAILED] - Navigate to altashop homepage FAILED.
Reason:
com.kms.katalon.core.exception.StepFailedException: Unable to open browser with url: ''
	at com.kms.katalon.core.webui.keyword.internal.WebUIKeywordMain.stepFailed(WebUIKeywordMain.groovy:64)
	at com.kms.katalon.core.webui.keyword.internal.WebUIKeywordMain.runKeyword(WebUIKeywordMain.groovy:26)
	at com.kms.katalon.core.webui.keyword.builtin.OpenBrowserKeyword.openBrowser(OpenBrowserKeyword.groovy:81)
	at com.kms.katalon.core.webui.keyword.builtin.OpenBrowserKeyword.execute(OpenBrowserKeyword.groovy:67)
	at com.kms.katalon.core.keyword.internal.KeywordExecutor.executeKeywordForPlatform(KeywordExecutor.groovy:74)
	at com.kms.katalon.core.webui.keyword.WebUiBuiltInKeywords.openBrowser(WebUiBuiltInKeywords.groovy:64)
	at com.kms.katalon.core.webui.keyword.WebUiBuiltInKeywords$openBrowser.call(Unknown Source)
	at loginsteps.Navigatetoaltashophomepage(loginsteps.groovy:49)
	at ✽.Navigate to altashop homepage(C:/Users/Athif/git/MiniprojectWeb/Include/features/Positive/login.feature:16)
Caused by: org.openqa.selenium.SessionNotCreatedException: session not created: This version of ChromeDriver only supports Chrome version 105
Current browser version is 107.0.5304.88 with binary path C:\Program Files\Google\Chrome\Application\chrome.exe
Build info: version: '3.141.59', revision: 'e82be7d358', time: '2018-11-14T08:25:53'
System info: host: 'DESKTOP-HMC26PQ', ip: '192.168.56.1', os.name: 'Windows 10', os.arch: 'amd64', os.version: '10.0', java.version: '1.8.0_282'
Driver info: driver.version: CChromeDriver
remote stacktrace: Backtrace:
	Ordinal0 [0x0092DF13+2219795]
	Ordinal0 [0x008C2841+1779777]
	Ordinal0 [0x007D423D+803389]
	Ordinal0 [0x007F64AC+943276]
	Ordinal0 [0x007F19F0+924144]
	Ordinal0 [0x007EF179+913785]
	Ordinal0 [0x008236B9+1128121]
	Ordinal0 [0x0082331A+1127194]
	Ordinal0 [0x0081E616+1107478]
	Ordinal0 [0x007F7F89+950153]
	Ordinal0 [0x007F8F56+954198]
	GetHandleVerifier [0x00C22CB2+3040210]
	GetHandleVerifier [0x00C12BB4+2974420]
	GetHandleVerifier [0x009C6A0A+565546]
	GetHandleVerifier [0x009C5680+560544]
	Ordinal0 [0x008C9A5C+1808988]
	Ordinal0 [0x008CE3A8+1827752]
	Ordinal0 [0x008CE495+1827989]
	Ordinal0 [0x008D80A4+1867940]
	BaseThreadInitThunk [0x75D1FA29+25]
	RtlGetAppContainerNamedObjectPath [0x77747BBE+286]
	RtlGetAppContainerNamedObjectPath [0x77747B8E+238]

	at org.openqa.selenium.remote.W3CHandshakeResponse.lambda$errorHandler$0(W3CHandshakeResponse.java:62)
	at org.openqa.selenium.remote.HandshakeResponse.lambda$getResponseFunction$0(HandshakeResponse.java:30)
	at org.openqa.selenium.remote.ProtocolHandshake.lambda$createSession$0(ProtocolHandshake.java:126)
	at org.openqa.selenium.remote.ProtocolHandshake.createSession(ProtocolHandshake.java:128)
	at org.openqa.selenium.remote.ProtocolHandshake.createSession(ProtocolHandshake.java:74)
	at org.openqa.selenium.remote.HttpCommandExecutor.execute(HttpCommandExecutor.java:136)
	at org.openqa.selenium.remote.service.DriverCommandExecutor.execute(DriverCommandExecutor.java:83)
	at org.openqa.selenium.remote.RemoteWebDriver.execute(RemoteWebDriver.java:552)
	at com.kms.katalon.selenium.driver.CChromeDriver.execute(CChromeDriver.java:19)
	at org.openqa.selenium.remote.RemoteWebDriver.startSession(RemoteWebDriver.java:213)
	at org.openqa.selenium.remote.RemoteWebDriver.<init>(RemoteWebDriver.java:131)
	at org.openqa.selenium.chrome.ChromeDriver.<init>(ChromeDriver.java:181)
	at org.openqa.selenium.chrome.ChromeDriver.<init>(ChromeDriver.java:147)
	at com.kms.katalon.selenium.driver.CChromeDriver.<init>(CChromeDriver.java:13)
	at com.kms.katalon.core.webui.driver.DriverFactory.createNewChromeDriver(DriverFactory.java:434)
	at com.kms.katalon.core.webui.driver.DriverFactory.startNewBrowser(DriverFactory.java:367)
	at com.kms.katalon.core.webui.driver.DriverFactory.openWebDriver(DriverFactory.java:254)
	at com.kms.katalon.core.webui.keyword.builtin.OpenBrowserKeyword$_openBrowser_closure1.doCall(OpenBrowserKeyword.groovy:74)
	at com.kms.katalon.core.webui.keyword.builtin.OpenBrowserKeyword$_openBrowser_closure1.call(OpenBrowserKeyword.groovy)
	at com.kms.katalon.core.webui.keyword.internal.WebUIKeywordMain.runKeyword(WebUIKeywordMain.groovy:20)
	at com.kms.katalon.core.webui.keyword.builtin.OpenBrowserKeyword.openBrowser(OpenBrowserKeyword.groovy:81)
	at com.kms.katalon.core.webui.keyword.builtin.OpenBrowserKeyword.execute(OpenBrowserKeyword.groovy:67)
	at com.kms.katalon.core.keyword.internal.KeywordExecutor.executeKeywordForPlatform(KeywordExecutor.groovy:74)
	at com.kms.katalon.core.webui.keyword.WebUiBuiltInKeywords.openBrowser(WebUiBuiltInKeywords.groovy:64)
	at com.kms.katalon.core.webui.keyword.WebUiBuiltInKeywords$openBrowser.call(Unknown Source)
	at loginsteps.Navigatetoaltashophomepage(loginsteps.groovy:49)
	at cucumber.runtime.Utils$1.call(Utils.java:26)
	at cucumber.runtime.Timeout.timeout(Timeout.java:16)
	at cucumber.runtime.Utils.invoke(Utils.java:20)
	at cucumber.runtime.java.JavaStepDefinition.execute(JavaStepDefinition.java:48)
	at cucumber.runtime.PickleStepDefinitionMatch.runStep(PickleStepDefinitionMatch.java:50)
	at cucumber.runner.TestStep.executeStep(TestStep.java:68)
	at cucumber.runner.TestStep.run(TestStep.java:50)
	at cucumber.runner.PickleStepTestStep.run(PickleStepTestStep.java:53)
	at cucumber.runner.TestCase.run(TestCase.java:47)
	at cucumber.runner.Runner.runPickle(Runner.java:44)
	at cucumber.runtime.Runtime.runFeature(Runtime.java:120)
	at cucumber.runtime.Runtime.run(Runtime.java:106)
	at cucumber.api.cli.Main.run(Main.java:35)
	at cucumber.api.cli.Main$run.call(Unknown Source)
	at com.kms.katalon.core.cucumber.keyword.CucumberBuiltinKeywords$_runFeatureFile_closure1.doCall(CucumberBuiltinKeywords.groovy:108)
	at com.kms.katalon.core.cucumber.keyword.CucumberBuiltinKeywords$_runFeatureFile_closure1.doCall(CucumberBuiltinKeywords.groovy)
	at com.kms.katalon.core.keyword.internal.KeywordMain.runKeyword(KeywordMain.groovy:74)
	at com.kms.katalon.core.keyword.internal.KeywordMain.runKeyword(KeywordMain.groovy:68)
	at com.kms.katalon.core.keyword.internal.KeywordMain$runKeyword.call(Unknown Source)
	at com.kms.katalon.core.cucumber.keyword.CucumberBuiltinKeywords.runFeatureFile(CucumberBuiltinKeywords.groovy:75)
	at com.kms.katalon.core.cucumber.keyword.CucumberBuiltinKeywords$runFeatureFile$0.callStatic(Unknown Source)
	at com.kms.katalon.core.cucumber.keyword.CucumberBuiltinKeywords.runFeatureFile(CucumberBuiltinKeywords.groovy:248)
	at com.kms.katalon.core.cucumber.keyword.CucumberBuiltinKeywords$runFeatureFile.call(Unknown Source)
	at Feature File.run(Feature File:20)
	at com.kms.katalon.core.main.ScriptEngine.run(ScriptEngine.java:194)
	at com.kms.katalon.core.main.ScriptEngine.runScriptAsRawText(ScriptEngine.java:119)
	at com.kms.katalon.core.main.TestCaseExecutor.runScript(TestCaseExecutor.java:445)
	at com.kms.katalon.core.main.TestCaseExecutor.doExecute(TestCaseExecutor.java:436)
	at com.kms.katalon.core.main.TestCaseExecutor.processExecutionPhase(TestCaseExecutor.java:415)
	at com.kms.katalon.core.main.TestCaseExecutor.accessMainPhase(TestCaseExecutor.java:407)
	at com.kms.katalon.core.main.TestCaseExecutor.execute(TestCaseExecutor.java:284)
	at com.kms.katalon.core.common.CommonExecutor.accessTestCaseMainPhase(CommonExecutor.java:65)
	at com.kms.katalon.core.main.TestSuiteExecutor.accessTestSuiteMainPhase(TestSuiteExecutor.java:144)
	at com.kms.katalon.core.main.TestSuiteExecutor.execute(TestSuiteExecutor.java:106)
	at com.kms.katalon.core.main.TestCaseMain.startTestSuite(TestCaseMain.java:185)
	at com.kms.katalon.core.main.TestCaseMain$startTestSuite$0.call(Unknown Source)
	at TempTestSuite1667651445050.run(TempTestSuite1667651445050.groovy:36)


2022-11-05 19:31:04 - [TEST_STEP][NOT_RUN] - User navigate to login page: User navigate to login page

2022-11-05 19:31:04 - [MESSAGE][NOT_RUN] - User navigate to login page

2022-11-05 19:31:04 - [TEST_STEP][NOT_RUN] - User input aaaa@gmail.com and zack123: User input aaaa@gmail.com and zack123

2022-11-05 19:31:04 - [MESSAGE][NOT_RUN] - User input aaaa@gmail.com and zack123

2022-11-05 19:31:04 - [TEST_STEP][NOT_RUN] - User click login button: User click login button

2022-11-05 19:31:04 - [MESSAGE][NOT_RUN] - User click login button

2022-11-05 19:31:04 - [TEST_STEP][NOT_RUN] - Error message showed: Error message showed

2022-11-05 19:31:04 - [MESSAGE][NOT_RUN] - Error message showed

2022-11-05 19:31:04 - [TEST_CASE][FAILED] - Start Test Case : SCENARIO Login with false data: SCENARIO Login with false data FAILED.
Reason:
com.kms.katalon.core.exception.StepFailedException: Unable to open browser with url: ''
	at com.kms.katalon.core.webui.keyword.internal.WebUIKeywordMain.stepFailed(WebUIKeywordMain.groovy:64)
	at com.kms.katalon.core.webui.keyword.internal.WebUIKeywordMain.runKeyword(WebUIKeywordMain.groovy:26)
	at com.kms.katalon.core.webui.keyword.builtin.OpenBrowserKeyword.openBrowser(OpenBrowserKeyword.groovy:81)
	at com.kms.katalon.core.webui.keyword.builtin.OpenBrowserKeyword.execute(OpenBrowserKeyword.groovy:67)
	at com.kms.katalon.core.keyword.internal.KeywordExecutor.executeKeywordForPlatform(KeywordExecutor.groovy:74)
	at com.kms.katalon.core.webui.keyword.WebUiBuiltInKeywords.openBrowser(WebUiBuiltInKeywords.groovy:64)
	at com.kms.katalon.core.webui.keyword.WebUiBuiltInKeywords$openBrowser.call(Unknown Source)
	at loginsteps.Navigatetoaltashophomepage(loginsteps.groovy:49)
	at ✽.Navigate to altashop homepage(C:/Users/Athif/git/MiniprojectWeb/Include/features/Positive/login.feature:16)
Caused by: org.openqa.selenium.SessionNotCreatedException: session not created: This version of ChromeDriver only supports Chrome version 105
Current browser version is 107.0.5304.88 with binary path C:\Program Files\Google\Chrome\Application\chrome.exe
Build info: version: '3.141.59', revision: 'e82be7d358', time: '2018-11-14T08:25:53'
System info: host: 'DESKTOP-HMC26PQ', ip: '192.168.56.1', os.name: 'Windows 10', os.arch: 'amd64', os.version: '10.0', java.version: '1.8.0_282'
Driver info: driver.version: CChromeDriver
remote stacktrace: Backtrace:
	Ordinal0 [0x0092DF13+2219795]
	Ordinal0 [0x008C2841+1779777]
	Ordinal0 [0x007D423D+803389]
	Ordinal0 [0x007F64AC+943276]
	Ordinal0 [0x007F19F0+924144]
	Ordinal0 [0x007EF179+913785]
	Ordinal0 [0x008236B9+1128121]
	Ordinal0 [0x0082331A+1127194]
	Ordinal0 [0x0081E616+1107478]
	Ordinal0 [0x007F7F89+950153]
	Ordinal0 [0x007F8F56+954198]
	GetHandleVerifier [0x00C22CB2+3040210]
	GetHandleVerifier [0x00C12BB4+2974420]
	GetHandleVerifier [0x009C6A0A+565546]
	GetHandleVerifier [0x009C5680+560544]
	Ordinal0 [0x008C9A5C+1808988]
	Ordinal0 [0x008CE3A8+1827752]
	Ordinal0 [0x008CE495+1827989]
	Ordinal0 [0x008D80A4+1867940]
	BaseThreadInitThunk [0x75D1FA29+25]
	RtlGetAppContainerNamedObjectPath [0x77747BBE+286]
	RtlGetAppContainerNamedObjectPath [0x77747B8E+238]

	at org.openqa.selenium.remote.W3CHandshakeResponse.lambda$errorHandler$0(W3CHandshakeResponse.java:62)
	at org.openqa.selenium.remote.HandshakeResponse.lambda$getResponseFunction$0(HandshakeResponse.java:30)
	at org.openqa.selenium.remote.ProtocolHandshake.lambda$createSession$0(ProtocolHandshake.java:126)
	at org.openqa.selenium.remote.ProtocolHandshake.createSession(ProtocolHandshake.java:128)
	at org.openqa.selenium.remote.ProtocolHandshake.createSession(ProtocolHandshake.java:74)
	at org.openqa.selenium.remote.HttpCommandExecutor.execute(HttpCommandExecutor.java:136)
	at org.openqa.selenium.remote.service.DriverCommandExecutor.execute(DriverCommandExecutor.java:83)
	at org.openqa.selenium.remote.RemoteWebDriver.execute(RemoteWebDriver.java:552)
	at com.kms.katalon.selenium.driver.CChromeDriver.execute(CChromeDriver.java:19)
	at org.openqa.selenium.remote.RemoteWebDriver.startSession(RemoteWebDriver.java:213)
	at org.openqa.selenium.remote.RemoteWebDriver.<init>(RemoteWebDriver.java:131)
	at org.openqa.selenium.chrome.ChromeDriver.<init>(ChromeDriver.java:181)
	at org.openqa.selenium.chrome.ChromeDriver.<init>(ChromeDriver.java:147)
	at com.kms.katalon.selenium.driver.CChromeDriver.<init>(CChromeDriver.java:13)
	at com.kms.katalon.core.webui.driver.DriverFactory.createNewChromeDriver(DriverFactory.java:434)
	at com.kms.katalon.core.webui.driver.DriverFactory.startNewBrowser(DriverFactory.java:367)
	at com.kms.katalon.core.webui.driver.DriverFactory.openWebDriver(DriverFactory.java:254)
	at com.kms.katalon.core.webui.keyword.builtin.OpenBrowserKeyword$_openBrowser_closure1.doCall(OpenBrowserKeyword.groovy:74)
	at com.kms.katalon.core.webui.keyword.builtin.OpenBrowserKeyword$_openBrowser_closure1.call(OpenBrowserKeyword.groovy)
	at com.kms.katalon.core.webui.keyword.internal.WebUIKeywordMain.runKeyword(WebUIKeywordMain.groovy:20)
	at com.kms.katalon.core.webui.keyword.builtin.OpenBrowserKeyword.openBrowser(OpenBrowserKeyword.groovy:81)
	at com.kms.katalon.core.webui.keyword.builtin.OpenBrowserKeyword.execute(OpenBrowserKeyword.groovy:67)
	at com.kms.katalon.core.keyword.internal.KeywordExecutor.executeKeywordForPlatform(KeywordExecutor.groovy:74)
	at com.kms.katalon.core.webui.keyword.WebUiBuiltInKeywords.openBrowser(WebUiBuiltInKeywords.groovy:64)
	at com.kms.katalon.core.webui.keyword.WebUiBuiltInKeywords$openBrowser.call(Unknown Source)
	at loginsteps.Navigatetoaltashophomepage(loginsteps.groovy:49)
	at cucumber.runtime.Utils$1.call(Utils.java:26)
	at cucumber.runtime.Timeout.timeout(Timeout.java:16)
	at cucumber.runtime.Utils.invoke(Utils.java:20)
	at cucumber.runtime.java.JavaStepDefinition.execute(JavaStepDefinition.java:48)
	at cucumber.runtime.PickleStepDefinitionMatch.runStep(PickleStepDefinitionMatch.java:50)
	at cucumber.runner.TestStep.executeStep(TestStep.java:68)
	at cucumber.runner.TestStep.run(TestStep.java:50)
	at cucumber.runner.PickleStepTestStep.run(PickleStepTestStep.java:53)
	at cucumber.runner.TestCase.run(TestCase.java:47)
	at cucumber.runner.Runner.runPickle(Runner.java:44)
	at cucumber.runtime.Runtime.runFeature(Runtime.java:120)
	at cucumber.runtime.Runtime.run(Runtime.java:106)
	at cucumber.api.cli.Main.run(Main.java:35)
	at cucumber.api.cli.Main$run.call(Unknown Source)
	at com.kms.katalon.core.cucumber.keyword.CucumberBuiltinKeywords$_runFeatureFile_closure1.doCall(CucumberBuiltinKeywords.groovy:108)
	at com.kms.katalon.core.cucumber.keyword.CucumberBuiltinKeywords$_runFeatureFile_closure1.doCall(CucumberBuiltinKeywords.groovy)
	at com.kms.katalon.core.keyword.internal.KeywordMain.runKeyword(KeywordMain.groovy:74)
	at com.kms.katalon.core.keyword.internal.KeywordMain.runKeyword(KeywordMain.groovy:68)
	at com.kms.katalon.core.keyword.internal.KeywordMain$runKeyword.call(Unknown Source)
	at com.kms.katalon.core.cucumber.keyword.CucumberBuiltinKeywords.runFeatureFile(CucumberBuiltinKeywords.groovy:75)
	at com.kms.katalon.core.cucumber.keyword.CucumberBuiltinKeywords$runFeatureFile$0.callStatic(Unknown Source)
	at com.kms.katalon.core.cucumber.keyword.CucumberBuiltinKeywords.runFeatureFile(CucumberBuiltinKeywords.groovy:248)
	at com.kms.katalon.core.cucumber.keyword.CucumberBuiltinKeywords$runFeatureFile.call(Unknown Source)
	at Feature File.run(Feature File:20)
	at com.kms.katalon.core.main.ScriptEngine.run(ScriptEngine.java:194)
	at com.kms.katalon.core.main.ScriptEngine.runScriptAsRawText(ScriptEngine.java:119)
	at com.kms.katalon.core.main.TestCaseExecutor.runScript(TestCaseExecutor.java:445)
	at com.kms.katalon.core.main.TestCaseExecutor.doExecute(TestCaseExecutor.java:436)
	at com.kms.katalon.core.main.TestCaseExecutor.processExecutionPhase(TestCaseExecutor.java:415)
	at com.kms.katalon.core.main.TestCaseExecutor.accessMainPhase(TestCaseExecutor.java:407)
	at com.kms.katalon.core.main.TestCaseExecutor.execute(TestCaseExecutor.java:284)
	at com.kms.katalon.core.common.CommonExecutor.accessTestCaseMainPhase(CommonExecutor.java:65)
	at com.kms.katalon.core.main.TestSuiteExecutor.accessTestSuiteMainPhase(TestSuiteExecutor.java:144)
	at com.kms.katalon.core.main.TestSuiteExecutor.execute(TestSuiteExecutor.java:106)
	at com.kms.katalon.core.main.TestCaseMain.startTestSuite(TestCaseMain.java:185)
	at com.kms.katalon.core.main.TestCaseMain$startTestSuite$0.call(Unknown Source)
	at TempTestSuite1667651445050.run(TempTestSuite1667651445050.groovy:36)


2022-11-05 19:31:04 - [TEST_STEP][FAILED] - Navigate to altashop homepage: Navigate to altashop homepage FAILED.
Reason:
com.kms.katalon.core.exception.StepFailedException: Unable to open browser with url: ''
	at com.kms.katalon.core.webui.keyword.internal.WebUIKeywordMain.stepFailed(WebUIKeywordMain.groovy:64)
	at com.kms.katalon.core.webui.keyword.internal.WebUIKeywordMain.runKeyword(WebUIKeywordMain.groovy:26)
	at com.kms.katalon.core.webui.keyword.builtin.OpenBrowserKeyword.openBrowser(OpenBrowserKeyword.groovy:81)
	at com.kms.katalon.core.webui.keyword.builtin.OpenBrowserKeyword.execute(OpenBrowserKeyword.groovy:67)
	at com.kms.katalon.core.keyword.internal.KeywordExecutor.executeKeywordForPlatform(KeywordExecutor.groovy:74)
	at com.kms.katalon.core.webui.keyword.WebUiBuiltInKeywords.openBrowser(WebUiBuiltInKeywords.groovy:64)
	at com.kms.katalon.core.webui.keyword.WebUiBuiltInKeywords$openBrowser.call(Unknown Source)
	at loginsteps.Navigatetoaltashophomepage(loginsteps.groovy:49)
	at ✽.Navigate to altashop homepage(C:/Users/Athif/git/MiniprojectWeb/Include/features/Positive/login.feature:16)
Caused by: org.openqa.selenium.SessionNotCreatedException: session not created: This version of ChromeDriver only supports Chrome version 105
Current browser version is 107.0.5304.88 with binary path C:\Program Files\Google\Chrome\Application\chrome.exe
Build info: version: '3.141.59', revision: 'e82be7d358', time: '2018-11-14T08:25:53'
System info: host: 'DESKTOP-HMC26PQ', ip: '192.168.56.1', os.name: 'Windows 10', os.arch: 'amd64', os.version: '10.0', java.version: '1.8.0_282'
Driver info: driver.version: CChromeDriver
remote stacktrace: Backtrace:
	Ordinal0 [0x0092DF13+2219795]
	Ordinal0 [0x008C2841+1779777]
	Ordinal0 [0x007D423D+803389]
	Ordinal0 [0x007F64AC+943276]
	Ordinal0 [0x007F19F0+924144]
	Ordinal0 [0x007EF179+913785]
	Ordinal0 [0x008236B9+1128121]
	Ordinal0 [0x0082331A+1127194]
	Ordinal0 [0x0081E616+1107478]
	Ordinal0 [0x007F7F89+950153]
	Ordinal0 [0x007F8F56+954198]
	GetHandleVerifier [0x00C22CB2+3040210]
	GetHandleVerifier [0x00C12BB4+2974420]
	GetHandleVerifier [0x009C6A0A+565546]
	GetHandleVerifier [0x009C5680+560544]
	Ordinal0 [0x008C9A5C+1808988]
	Ordinal0 [0x008CE3A8+1827752]
	Ordinal0 [0x008CE495+1827989]
	Ordinal0 [0x008D80A4+1867940]
	BaseThreadInitThunk [0x75D1FA29+25]
	RtlGetAppContainerNamedObjectPath [0x77747BBE+286]
	RtlGetAppContainerNamedObjectPath [0x77747B8E+238]

	at org.openqa.selenium.remote.W3CHandshakeResponse.lambda$errorHandler$0(W3CHandshakeResponse.java:62)
	at org.openqa.selenium.remote.HandshakeResponse.lambda$getResponseFunction$0(HandshakeResponse.java:30)
	at org.openqa.selenium.remote.ProtocolHandshake.lambda$createSession$0(ProtocolHandshake.java:126)
	at org.openqa.selenium.remote.ProtocolHandshake.createSession(ProtocolHandshake.java:128)
	at org.openqa.selenium.remote.ProtocolHandshake.createSession(ProtocolHandshake.java:74)
	at org.openqa.selenium.remote.HttpCommandExecutor.execute(HttpCommandExecutor.java:136)
	at org.openqa.selenium.remote.service.DriverCommandExecutor.execute(DriverCommandExecutor.java:83)
	at org.openqa.selenium.remote.RemoteWebDriver.execute(RemoteWebDriver.java:552)
	at com.kms.katalon.selenium.driver.CChromeDriver.execute(CChromeDriver.java:19)
	at org.openqa.selenium.remote.RemoteWebDriver.startSession(RemoteWebDriver.java:213)
	at org.openqa.selenium.remote.RemoteWebDriver.<init>(RemoteWebDriver.java:131)
	at org.openqa.selenium.chrome.ChromeDriver.<init>(ChromeDriver.java:181)
	at org.openqa.selenium.chrome.ChromeDriver.<init>(ChromeDriver.java:147)
	at com.kms.katalon.selenium.driver.CChromeDriver.<init>(CChromeDriver.java:13)
	at com.kms.katalon.core.webui.driver.DriverFactory.createNewChromeDriver(DriverFactory.java:434)
	at com.kms.katalon.core.webui.driver.DriverFactory.startNewBrowser(DriverFactory.java:367)
	at com.kms.katalon.core.webui.driver.DriverFactory.openWebDriver(DriverFactory.java:254)
	at com.kms.katalon.core.webui.keyword.builtin.OpenBrowserKeyword$_openBrowser_closure1.doCall(OpenBrowserKeyword.groovy:74)
	at com.kms.katalon.core.webui.keyword.builtin.OpenBrowserKeyword$_openBrowser_closure1.call(OpenBrowserKeyword.groovy)
	at com.kms.katalon.core.webui.keyword.internal.WebUIKeywordMain.runKeyword(WebUIKeywordMain.groovy:20)
	at com.kms.katalon.core.webui.keyword.builtin.OpenBrowserKeyword.openBrowser(OpenBrowserKeyword.groovy:81)
	at com.kms.katalon.core.webui.keyword.builtin.OpenBrowserKeyword.execute(OpenBrowserKeyword.groovy:67)
	at com.kms.katalon.core.keyword.internal.KeywordExecutor.executeKeywordForPlatform(KeywordExecutor.groovy:74)
	at com.kms.katalon.core.webui.keyword.WebUiBuiltInKeywords.openBrowser(WebUiBuiltInKeywords.groovy:64)
	at com.kms.katalon.core.webui.keyword.WebUiBuiltInKeywords$openBrowser.call(Unknown Source)
	at loginsteps.Navigatetoaltashophomepage(loginsteps.groovy:49)
	at cucumber.runtime.Utils$1.call(Utils.java:26)
	at cucumber.runtime.Timeout.timeout(Timeout.java:16)
	at cucumber.runtime.Utils.invoke(Utils.java:20)
	at cucumber.runtime.java.JavaStepDefinition.execute(JavaStepDefinition.java:48)
	at cucumber.runtime.PickleStepDefinitionMatch.runStep(PickleStepDefinitionMatch.java:50)
	at cucumber.runner.TestStep.executeStep(TestStep.java:68)
	at cucumber.runner.TestStep.run(TestStep.java:50)
	at cucumber.runner.PickleStepTestStep.run(PickleStepTestStep.java:53)
	at cucumber.runner.TestCase.run(TestCase.java:47)
	at cucumber.runner.Runner.runPickle(Runner.java:44)
	at cucumber.runtime.Runtime.runFeature(Runtime.java:120)
	at cucumber.runtime.Runtime.run(Runtime.java:106)
	at cucumber.api.cli.Main.run(Main.java:35)
	at cucumber.api.cli.Main$run.call(Unknown Source)
	at com.kms.katalon.core.cucumber.keyword.CucumberBuiltinKeywords$_runFeatureFile_closure1.doCall(CucumberBuiltinKeywords.groovy:108)
	at com.kms.katalon.core.cucumber.keyword.CucumberBuiltinKeywords$_runFeatureFile_closure1.doCall(CucumberBuiltinKeywords.groovy)
	at com.kms.katalon.core.keyword.internal.KeywordMain.runKeyword(KeywordMain.groovy:74)
	at com.kms.katalon.core.keyword.internal.KeywordMain.runKeyword(KeywordMain.groovy:68)
	at com.kms.katalon.core.keyword.internal.KeywordMain$runKeyword.call(Unknown Source)
	at com.kms.katalon.core.cucumber.keyword.CucumberBuiltinKeywords.runFeatureFile(CucumberBuiltinKeywords.groovy:75)
	at com.kms.katalon.core.cucumber.keyword.CucumberBuiltinKeywords$runFeatureFile$0.callStatic(Unknown Source)
	at com.kms.katalon.core.cucumber.keyword.CucumberBuiltinKeywords.runFeatureFile(CucumberBuiltinKeywords.groovy:248)
	at com.kms.katalon.core.cucumber.keyword.CucumberBuiltinKeywords$runFeatureFile.call(Unknown Source)
	at Feature File.run(Feature File:20)
	at com.kms.katalon.core.main.ScriptEngine.run(ScriptEngine.java:194)
	at com.kms.katalon.core.main.ScriptEngine.runScriptAsRawText(ScriptEngine.java:119)
	at com.kms.katalon.core.main.TestCaseExecutor.runScript(TestCaseExecutor.java:445)
	at com.kms.katalon.core.main.TestCaseExecutor.doExecute(TestCaseExecutor.java:436)
	at com.kms.katalon.core.main.TestCaseExecutor.processExecutionPhase(TestCaseExecutor.java:415)
	at com.kms.katalon.core.main.TestCaseExecutor.accessMainPhase(TestCaseExecutor.java:407)
	at com.kms.katalon.core.main.TestCaseExecutor.execute(TestCaseExecutor.java:284)
	at com.kms.katalon.core.common.CommonExecutor.accessTestCaseMainPhase(CommonExecutor.java:65)
	at com.kms.katalon.core.main.TestSuiteExecutor.accessTestSuiteMainPhase(TestSuiteExecutor.java:144)
	at com.kms.katalon.core.main.TestSuiteExecutor.execute(TestSuiteExecutor.java:106)
	at com.kms.katalon.core.main.TestCaseMain.startTestSuite(TestCaseMain.java:185)
	at com.kms.katalon.core.main.TestCaseMain$startTestSuite$0.call(Unknown Source)
	at TempTestSuite1667651445050.run(TempTestSuite1667651445050.groovy:36)


2022-11-05 19:31:04 - [MESSAGE][INFO] - Starting 'Chrome' driver

2022-11-05 19:31:04 - [MESSAGE][INFO] - Action delay is set to 0 milliseconds

2022-11-05 19:31:05 - [MESSAGE][FAILED] - Unable to open browser with url: '' (Root cause: com.kms.katalon.core.exception.StepFailedException: Unable to open browser with url: ''
	at com.kms.katalon.core.webui.keyword.internal.WebUIKeywordMain.stepFailed(WebUIKeywordMain.groovy:64)
	at com.kms.katalon.core.webui.keyword.internal.WebUIKeywordMain.runKeyword(WebUIKeywordMain.groovy:26)
	at com.kms.katalon.core.webui.keyword.builtin.OpenBrowserKeyword.openBrowser(OpenBrowserKeyword.groovy:81)
	at com.kms.katalon.core.webui.keyword.builtin.OpenBrowserKeyword.execute(OpenBrowserKeyword.groovy:67)
	at com.kms.katalon.core.keyword.internal.KeywordExecutor.executeKeywordForPlatform(KeywordExecutor.groovy:74)
	at com.kms.katalon.core.webui.keyword.WebUiBuiltInKeywords.openBrowser(WebUiBuiltInKeywords.groovy:64)
	at com.kms.katalon.core.webui.keyword.WebUiBuiltInKeywords$openBrowser.call(Unknown Source)
	at loginsteps.Navigatetoaltashophomepage(loginsteps.groovy:49)
	at cucumber.runtime.Utils$1.call(Utils.java:26)
	at cucumber.runtime.Timeout.timeout(Timeout.java:16)
	at cucumber.runtime.Utils.invoke(Utils.java:20)
	at cucumber.runtime.java.JavaStepDefinition.execute(JavaStepDefinition.java:48)
	at cucumber.runtime.PickleStepDefinitionMatch.runStep(PickleStepDefinitionMatch.java:50)
	at cucumber.runner.TestStep.executeStep(TestStep.java:68)
	at cucumber.runner.TestStep.run(TestStep.java:50)
	at cucumber.runner.PickleStepTestStep.run(PickleStepTestStep.java:53)
	at cucumber.runner.TestCase.run(TestCase.java:47)
	at cucumber.runner.Runner.runPickle(Runner.java:44)
	at cucumber.runtime.Runtime.runFeature(Runtime.java:120)
	at cucumber.runtime.Runtime.run(Runtime.java:106)
	at cucumber.api.cli.Main.run(Main.java:35)
	at cucumber.api.cli.Main$run.call(Unknown Source)
	at com.kms.katalon.core.cucumber.keyword.CucumberBuiltinKeywords$_runFeatureFile_closure1.doCall(CucumberBuiltinKeywords.groovy:108)
	at com.kms.katalon.core.cucumber.keyword.CucumberBuiltinKeywords$_runFeatureFile_closure1.doCall(CucumberBuiltinKeywords.groovy)
	at com.kms.katalon.core.keyword.internal.KeywordMain.runKeyword(KeywordMain.groovy:74)
	at com.kms.katalon.core.keyword.internal.KeywordMain.runKeyword(KeywordMain.groovy:68)
	at com.kms.katalon.core.keyword.internal.KeywordMain$runKeyword.call(Unknown Source)
	at com.kms.katalon.core.cucumber.keyword.CucumberBuiltinKeywords.runFeatureFile(CucumberBuiltinKeywords.groovy:75)
	at com.kms.katalon.core.cucumber.keyword.CucumberBuiltinKeywords$runFeatureFile$0.callStatic(Unknown Source)
	at com.kms.katalon.core.cucumber.keyword.CucumberBuiltinKeywords.runFeatureFile(CucumberBuiltinKeywords.groovy:248)
	at com.kms.katalon.core.cucumber.keyword.CucumberBuiltinKeywords$runFeatureFile.call(Unknown Source)
	at Feature File.run(Feature File:20)
	at com.kms.katalon.core.main.ScriptEngine.run(ScriptEngine.java:194)
	at com.kms.katalon.core.main.ScriptEngine.runScriptAsRawText(ScriptEngine.java:119)
	at com.kms.katalon.core.main.TestCaseExecutor.runScript(TestCaseExecutor.java:445)
	at com.kms.katalon.core.main.TestCaseExecutor.doExecute(TestCaseExecutor.java:436)
	at com.kms.katalon.core.main.TestCaseExecutor.processExecutionPhase(TestCaseExecutor.java:415)
	at com.kms.katalon.core.main.TestCaseExecutor.accessMainPhase(TestCaseExecutor.java:407)
	at com.kms.katalon.core.main.TestCaseExecutor.execute(TestCaseExecutor.java:284)
	at com.kms.katalon.core.common.CommonExecutor.accessTestCaseMainPhase(CommonExecutor.java:65)
	at com.kms.katalon.core.main.TestSuiteExecutor.accessTestSuiteMainPhase(TestSuiteExecutor.java:144)
	at com.kms.katalon.core.main.TestSuiteExecutor.execute(TestSuiteExecutor.java:106)
	at com.kms.katalon.core.main.TestCaseMain.startTestSuite(TestCaseMain.java:185)
	at com.kms.katalon.core.main.TestCaseMain$startTestSuite$0.call(Unknown Source)
	at TempTestSuite1667651445050.run(TempTestSuite1667651445050.groovy:36)
Caused by: org.openqa.selenium.SessionNotCreatedException: session not created: This version of ChromeDriver only supports Chrome version 105
Current browser version is 107.0.5304.88 with binary path C:\Program Files\Google\Chrome\Application\chrome.exe
Build info: version: '3.141.59', revision: 'e82be7d358', time: '2018-11-14T08:25:53'
System info: host: 'DESKTOP-HMC26PQ', ip: '192.168.56.1', os.name: 'Windows 10', os.arch: 'amd64', os.version: '10.0', java.version: '1.8.0_282'
Driver info: driver.version: CChromeDriver
remote stacktrace: Backtrace:
	Ordinal0 [0x0092DF13+2219795]
	Ordinal0 [0x008C2841+1779777]
	Ordinal0 [0x007D423D+803389]
	Ordinal0 [0x007F64AC+943276]
	Ordinal0 [0x007F19F0+924144]
	Ordinal0 [0x007EF179+913785]
	Ordinal0 [0x008236B9+1128121]
	Ordinal0 [0x0082331A+1127194]
	Ordinal0 [0x0081E616+1107478]
	Ordinal0 [0x007F7F89+950153]
	Ordinal0 [0x007F8F56+954198]
	GetHandleVerifier [0x00C22CB2+3040210]
	GetHandleVerifier [0x00C12BB4+2974420]
	GetHandleVerifier [0x009C6A0A+565546]
	GetHandleVerifier [0x009C5680+560544]
	Ordinal0 [0x008C9A5C+1808988]
	Ordinal0 [0x008CE3A8+1827752]
	Ordinal0 [0x008CE495+1827989]
	Ordinal0 [0x008D80A4+1867940]
	BaseThreadInitThunk [0x75D1FA29+25]
	RtlGetAppContainerNamedObjectPath [0x77747BBE+286]
	RtlGetAppContainerNamedObjectPath [0x77747B8E+238]

	at org.openqa.selenium.remote.W3CHandshakeResponse.lambda$errorHandler$0(W3CHandshakeResponse.java:62)
	at org.openqa.selenium.remote.HandshakeResponse.lambda$getResponseFunction$0(HandshakeResponse.java:30)
	at org.openqa.selenium.remote.ProtocolHandshake.lambda$createSession$0(ProtocolHandshake.java:126)
	at org.openqa.selenium.remote.ProtocolHandshake.createSession(ProtocolHandshake.java:128)
	at org.openqa.selenium.remote.ProtocolHandshake.createSession(ProtocolHandshake.java:74)
	at org.openqa.selenium.remote.HttpCommandExecutor.execute(HttpCommandExecutor.java:136)
	at org.openqa.selenium.remote.service.DriverCommandExecutor.execute(DriverCommandExecutor.java:83)
	at org.openqa.selenium.remote.RemoteWebDriver.execute(RemoteWebDriver.java:552)
	at com.kms.katalon.selenium.driver.CChromeDriver.execute(CChromeDriver.java:19)
	at org.openqa.selenium.remote.RemoteWebDriver.startSession(RemoteWebDriver.java:213)
	at org.openqa.selenium.remote.RemoteWebDriver.<init>(RemoteWebDriver.java:131)
	at org.openqa.selenium.chrome.ChromeDriver.<init>(ChromeDriver.java:181)
	at org.openqa.selenium.chrome.ChromeDriver.<init>(ChromeDriver.java:147)
	at com.kms.katalon.selenium.driver.CChromeDriver.<init>(CChromeDriver.java:13)
	at com.kms.katalon.core.webui.driver.DriverFactory.createNewChromeDriver(DriverFactory.java:434)
	at com.kms.katalon.core.webui.driver.DriverFactory.startNewBrowser(DriverFactory.java:367)
	at com.kms.katalon.core.webui.driver.DriverFactory.openWebDriver(DriverFactory.java:254)
	at com.kms.katalon.core.webui.keyword.builtin.OpenBrowserKeyword$_openBrowser_closure1.doCall(OpenBrowserKeyword.groovy:74)
	at com.kms.katalon.core.webui.keyword.builtin.OpenBrowserKeyword$_openBrowser_closure1.call(OpenBrowserKeyword.groovy)
	at com.kms.katalon.core.webui.keyword.internal.WebUIKeywordMain.runKeyword(WebUIKeywordMain.groovy:20)
	at com.kms.katalon.core.webui.keyword.builtin.OpenBrowserKeyword.openBrowser(OpenBrowserKeyword.groovy:81)
	at com.kms.katalon.core.webui.keyword.builtin.OpenBrowserKeyword.execute(OpenBrowserKeyword.groovy:67)
	at com.kms.katalon.core.keyword.internal.KeywordExecutor.executeKeywordForPlatform(KeywordExecutor.groovy:74)
	at com.kms.katalon.core.webui.keyword.WebUiBuiltInKeywords.openBrowser(WebUiBuiltInKeywords.groovy:64)
	at com.kms.katalon.core.webui.keyword.WebUiBuiltInKeywords$openBrowser.call(Unknown Source)
	at loginsteps.Navigatetoaltashophomepage(loginsteps.groovy:49)
	at cucumber.runtime.Utils$1.call(Utils.java:26)
	at cucumber.runtime.Timeout.timeout(Timeout.java:16)
	at cucumber.runtime.Utils.invoke(Utils.java:20)
	at cucumber.runtime.java.JavaStepDefinition.execute(JavaStepDefinition.java:48)
	at cucumber.runtime.PickleStepDefinitionMatch.runStep(PickleStepDefinitionMatch.java:50)
	at cucumber.runner.TestStep.executeStep(TestStep.java:68)
	at cucumber.runner.TestStep.run(TestStep.java:50)
	at cucumber.runner.PickleStepTestStep.run(PickleStepTestStep.java:53)
	at cucumber.runner.TestCase.run(TestCase.java:47)
	at cucumber.runner.Runner.runPickle(Runner.java:44)
	at cucumber.runtime.Runtime.runFeature(Runtime.java:120)
	at cucumber.runtime.Runtime.run(Runtime.java:106)
	at cucumber.api.cli.Main.run(Main.java:35)
	at cucumber.api.cli.Main$run.call(Unknown Source)
	at com.kms.katalon.core.cucumber.keyword.CucumberBuiltinKeywords$_runFeatureFile_closure1.doCall(CucumberBuiltinKeywords.groovy:108)
	at com.kms.katalon.core.cucumber.keyword.CucumberBuiltinKeywords$_runFeatureFile_closure1.doCall(CucumberBuiltinKeywords.groovy)
	at com.kms.katalon.core.keyword.internal.KeywordMain.runKeyword(KeywordMain.groovy:74)
	at com.kms.katalon.core.keyword.internal.KeywordMain.runKeyword(KeywordMain.groovy:68)
	at com.kms.katalon.core.keyword.internal.KeywordMain$runKeyword.call(Unknown Source)
	at com.kms.katalon.core.cucumber.keyword.CucumberBuiltinKeywords.runFeatureFile(CucumberBuiltinKeywords.groovy:75)
	at com.kms.katalon.core.cucumber.keyword.CucumberBuiltinKeywords$runFeatureFile$0.callStatic(Unknown Source)
	at com.kms.katalon.core.cucumber.keyword.CucumberBuiltinKeywords.runFeatureFile(CucumberBuiltinKeywords.groovy:248)
	at com.kms.katalon.core.cucumber.keyword.CucumberBuiltinKeywords$runFeatureFile.call(Unknown Source)
	at Script1667275976583.run(Script1667275976583.groovy:20)
	... 13 more
)

2022-11-05 19:31:05 - [MESSAGE][FAILED] - Navigate to altashop homepage FAILED.
Reason:
com.kms.katalon.core.exception.StepFailedException: Unable to open browser with url: ''
	at com.kms.katalon.core.webui.keyword.internal.WebUIKeywordMain.stepFailed(WebUIKeywordMain.groovy:64)
	at com.kms.katalon.core.webui.keyword.internal.WebUIKeywordMain.runKeyword(WebUIKeywordMain.groovy:26)
	at com.kms.katalon.core.webui.keyword.builtin.OpenBrowserKeyword.openBrowser(OpenBrowserKeyword.groovy:81)
	at com.kms.katalon.core.webui.keyword.builtin.OpenBrowserKeyword.execute(OpenBrowserKeyword.groovy:67)
	at com.kms.katalon.core.keyword.internal.KeywordExecutor.executeKeywordForPlatform(KeywordExecutor.groovy:74)
	at com.kms.katalon.core.webui.keyword.WebUiBuiltInKeywords.openBrowser(WebUiBuiltInKeywords.groovy:64)
	at com.kms.katalon.core.webui.keyword.WebUiBuiltInKeywords$openBrowser.call(Unknown Source)
	at loginsteps.Navigatetoaltashophomepage(loginsteps.groovy:49)
	at ✽.Navigate to altashop homepage(C:/Users/Athif/git/MiniprojectWeb/Include/features/Positive/login.feature:16)
Caused by: org.openqa.selenium.SessionNotCreatedException: session not created: This version of ChromeDriver only supports Chrome version 105
Current browser version is 107.0.5304.88 with binary path C:\Program Files\Google\Chrome\Application\chrome.exe
Build info: version: '3.141.59', revision: 'e82be7d358', time: '2018-11-14T08:25:53'
System info: host: 'DESKTOP-HMC26PQ', ip: '192.168.56.1', os.name: 'Windows 10', os.arch: 'amd64', os.version: '10.0', java.version: '1.8.0_282'
Driver info: driver.version: CChromeDriver
remote stacktrace: Backtrace:
	Ordinal0 [0x0092DF13+2219795]
	Ordinal0 [0x008C2841+1779777]
	Ordinal0 [0x007D423D+803389]
	Ordinal0 [0x007F64AC+943276]
	Ordinal0 [0x007F19F0+924144]
	Ordinal0 [0x007EF179+913785]
	Ordinal0 [0x008236B9+1128121]
	Ordinal0 [0x0082331A+1127194]
	Ordinal0 [0x0081E616+1107478]
	Ordinal0 [0x007F7F89+950153]
	Ordinal0 [0x007F8F56+954198]
	GetHandleVerifier [0x00C22CB2+3040210]
	GetHandleVerifier [0x00C12BB4+2974420]
	GetHandleVerifier [0x009C6A0A+565546]
	GetHandleVerifier [0x009C5680+560544]
	Ordinal0 [0x008C9A5C+1808988]
	Ordinal0 [0x008CE3A8+1827752]
	Ordinal0 [0x008CE495+1827989]
	Ordinal0 [0x008D80A4+1867940]
	BaseThreadInitThunk [0x75D1FA29+25]
	RtlGetAppContainerNamedObjectPath [0x77747BBE+286]
	RtlGetAppContainerNamedObjectPath [0x77747B8E+238]

	at org.openqa.selenium.remote.W3CHandshakeResponse.lambda$errorHandler$0(W3CHandshakeResponse.java:62)
	at org.openqa.selenium.remote.HandshakeResponse.lambda$getResponseFunction$0(HandshakeResponse.java:30)
	at org.openqa.selenium.remote.ProtocolHandshake.lambda$createSession$0(ProtocolHandshake.java:126)
	at org.openqa.selenium.remote.ProtocolHandshake.createSession(ProtocolHandshake.java:128)
	at org.openqa.selenium.remote.ProtocolHandshake.createSession(ProtocolHandshake.java:74)
	at org.openqa.selenium.remote.HttpCommandExecutor.execute(HttpCommandExecutor.java:136)
	at org.openqa.selenium.remote.service.DriverCommandExecutor.execute(DriverCommandExecutor.java:83)
	at org.openqa.selenium.remote.RemoteWebDriver.execute(RemoteWebDriver.java:552)
	at com.kms.katalon.selenium.driver.CChromeDriver.execute(CChromeDriver.java:19)
	at org.openqa.selenium.remote.RemoteWebDriver.startSession(RemoteWebDriver.java:213)
	at org.openqa.selenium.remote.RemoteWebDriver.<init>(RemoteWebDriver.java:131)
	at org.openqa.selenium.chrome.ChromeDriver.<init>(ChromeDriver.java:181)
	at org.openqa.selenium.chrome.ChromeDriver.<init>(ChromeDriver.java:147)
	at com.kms.katalon.selenium.driver.CChromeDriver.<init>(CChromeDriver.java:13)
	at com.kms.katalon.core.webui.driver.DriverFactory.createNewChromeDriver(DriverFactory.java:434)
	at com.kms.katalon.core.webui.driver.DriverFactory.startNewBrowser(DriverFactory.java:367)
	at com.kms.katalon.core.webui.driver.DriverFactory.openWebDriver(DriverFactory.java:254)
	at com.kms.katalon.core.webui.keyword.builtin.OpenBrowserKeyword$_openBrowser_closure1.doCall(OpenBrowserKeyword.groovy:74)
	at com.kms.katalon.core.webui.keyword.builtin.OpenBrowserKeyword$_openBrowser_closure1.call(OpenBrowserKeyword.groovy)
	at com.kms.katalon.core.webui.keyword.internal.WebUIKeywordMain.runKeyword(WebUIKeywordMain.groovy:20)
	at com.kms.katalon.core.webui.keyword.builtin.OpenBrowserKeyword.openBrowser(OpenBrowserKeyword.groovy:81)
	at com.kms.katalon.core.webui.keyword.builtin.OpenBrowserKeyword.execute(OpenBrowserKeyword.groovy:67)
	at com.kms.katalon.core.keyword.internal.KeywordExecutor.executeKeywordForPlatform(KeywordExecutor.groovy:74)
	at com.kms.katalon.core.webui.keyword.WebUiBuiltInKeywords.openBrowser(WebUiBuiltInKeywords.groovy:64)
	at com.kms.katalon.core.webui.keyword.WebUiBuiltInKeywords$openBrowser.call(Unknown Source)
	at loginsteps.Navigatetoaltashophomepage(loginsteps.groovy:49)
	at cucumber.runtime.Utils$1.call(Utils.java:26)
	at cucumber.runtime.Timeout.timeout(Timeout.java:16)
	at cucumber.runtime.Utils.invoke(Utils.java:20)
	at cucumber.runtime.java.JavaStepDefinition.execute(JavaStepDefinition.java:48)
	at cucumber.runtime.PickleStepDefinitionMatch.runStep(PickleStepDefinitionMatch.java:50)
	at cucumber.runner.TestStep.executeStep(TestStep.java:68)
	at cucumber.runner.TestStep.run(TestStep.java:50)
	at cucumber.runner.PickleStepTestStep.run(PickleStepTestStep.java:53)
	at cucumber.runner.TestCase.run(TestCase.java:47)
	at cucumber.runner.Runner.runPickle(Runner.java:44)
	at cucumber.runtime.Runtime.runFeature(Runtime.java:120)
	at cucumber.runtime.Runtime.run(Runtime.java:106)
	at cucumber.api.cli.Main.run(Main.java:35)
	at cucumber.api.cli.Main$run.call(Unknown Source)
	at com.kms.katalon.core.cucumber.keyword.CucumberBuiltinKeywords$_runFeatureFile_closure1.doCall(CucumberBuiltinKeywords.groovy:108)
	at com.kms.katalon.core.cucumber.keyword.CucumberBuiltinKeywords$_runFeatureFile_closure1.doCall(CucumberBuiltinKeywords.groovy)
	at com.kms.katalon.core.keyword.internal.KeywordMain.runKeyword(KeywordMain.groovy:74)
	at com.kms.katalon.core.keyword.internal.KeywordMain.runKeyword(KeywordMain.groovy:68)
	at com.kms.katalon.core.keyword.internal.KeywordMain$runKeyword.call(Unknown Source)
	at com.kms.katalon.core.cucumber.keyword.CucumberBuiltinKeywords.runFeatureFile(CucumberBuiltinKeywords.groovy:75)
	at com.kms.katalon.core.cucumber.keyword.CucumberBuiltinKeywords$runFeatureFile$0.callStatic(Unknown Source)
	at com.kms.katalon.core.cucumber.keyword.CucumberBuiltinKeywords.runFeatureFile(CucumberBuiltinKeywords.groovy:248)
	at com.kms.katalon.core.cucumber.keyword.CucumberBuiltinKeywords$runFeatureFile.call(Unknown Source)
	at Feature File.run(Feature File:20)
	at com.kms.katalon.core.main.ScriptEngine.run(ScriptEngine.java:194)
	at com.kms.katalon.core.main.ScriptEngine.runScriptAsRawText(ScriptEngine.java:119)
	at com.kms.katalon.core.main.TestCaseExecutor.runScript(TestCaseExecutor.java:445)
	at com.kms.katalon.core.main.TestCaseExecutor.doExecute(TestCaseExecutor.java:436)
	at com.kms.katalon.core.main.TestCaseExecutor.processExecutionPhase(TestCaseExecutor.java:415)
	at com.kms.katalon.core.main.TestCaseExecutor.accessMainPhase(TestCaseExecutor.java:407)
	at com.kms.katalon.core.main.TestCaseExecutor.execute(TestCaseExecutor.java:284)
	at com.kms.katalon.core.common.CommonExecutor.accessTestCaseMainPhase(CommonExecutor.java:65)
	at com.kms.katalon.core.main.TestSuiteExecutor.accessTestSuiteMainPhase(TestSuiteExecutor.java:144)
	at com.kms.katalon.core.main.TestSuiteExecutor.execute(TestSuiteExecutor.java:106)
	at com.kms.katalon.core.main.TestCaseMain.startTestSuite(TestCaseMain.java:185)
	at com.kms.katalon.core.main.TestCaseMain$startTestSuite$0.call(Unknown Source)
	at TempTestSuite1667651445050.run(TempTestSuite1667651445050.groovy:36)


2022-11-05 19:31:05 - [TEST_STEP][NOT_RUN] - User navigate to login page: User navigate to login page

2022-11-05 19:31:05 - [MESSAGE][NOT_RUN] - User navigate to login page

2022-11-05 19:31:05 - [TEST_STEP][NOT_RUN] - User input zack123 and zack@gmail.com: User input zack123 and zack@gmail.com

2022-11-05 19:31:05 - [MESSAGE][NOT_RUN] - User input zack123 and zack@gmail.com

2022-11-05 19:31:05 - [TEST_STEP][NOT_RUN] - User click login button: User click login button

2022-11-05 19:31:05 - [MESSAGE][NOT_RUN] - User click login button

2022-11-05 19:31:05 - [TEST_STEP][NOT_RUN] - Error message showed: Error message showed

2022-11-05 19:31:05 - [MESSAGE][NOT_RUN] - Error message showed

2022-11-05 19:31:05 - [TEST_CASE][FAILED] - Start Test Case : SCENARIO Login with false data: SCENARIO Login with false data FAILED.
Reason:
com.kms.katalon.core.exception.StepFailedException: Unable to open browser with url: ''
	at com.kms.katalon.core.webui.keyword.internal.WebUIKeywordMain.stepFailed(WebUIKeywordMain.groovy:64)
	at com.kms.katalon.core.webui.keyword.internal.WebUIKeywordMain.runKeyword(WebUIKeywordMain.groovy:26)
	at com.kms.katalon.core.webui.keyword.builtin.OpenBrowserKeyword.openBrowser(OpenBrowserKeyword.groovy:81)
	at com.kms.katalon.core.webui.keyword.builtin.OpenBrowserKeyword.execute(OpenBrowserKeyword.groovy:67)
	at com.kms.katalon.core.keyword.internal.KeywordExecutor.executeKeywordForPlatform(KeywordExecutor.groovy:74)
	at com.kms.katalon.core.webui.keyword.WebUiBuiltInKeywords.openBrowser(WebUiBuiltInKeywords.groovy:64)
	at com.kms.katalon.core.webui.keyword.WebUiBuiltInKeywords$openBrowser.call(Unknown Source)
	at loginsteps.Navigatetoaltashophomepage(loginsteps.groovy:49)
	at ✽.Navigate to altashop homepage(C:/Users/Athif/git/MiniprojectWeb/Include/features/Positive/login.feature:16)
Caused by: org.openqa.selenium.SessionNotCreatedException: session not created: This version of ChromeDriver only supports Chrome version 105
Current browser version is 107.0.5304.88 with binary path C:\Program Files\Google\Chrome\Application\chrome.exe
Build info: version: '3.141.59', revision: 'e82be7d358', time: '2018-11-14T08:25:53'
System info: host: 'DESKTOP-HMC26PQ', ip: '192.168.56.1', os.name: 'Windows 10', os.arch: 'amd64', os.version: '10.0', java.version: '1.8.0_282'
Driver info: driver.version: CChromeDriver
remote stacktrace: Backtrace:
	Ordinal0 [0x0092DF13+2219795]
	Ordinal0 [0x008C2841+1779777]
	Ordinal0 [0x007D423D+803389]
	Ordinal0 [0x007F64AC+943276]
	Ordinal0 [0x007F19F0+924144]
	Ordinal0 [0x007EF179+913785]
	Ordinal0 [0x008236B9+1128121]
	Ordinal0 [0x0082331A+1127194]
	Ordinal0 [0x0081E616+1107478]
	Ordinal0 [0x007F7F89+950153]
	Ordinal0 [0x007F8F56+954198]
	GetHandleVerifier [0x00C22CB2+3040210]
	GetHandleVerifier [0x00C12BB4+2974420]
	GetHandleVerifier [0x009C6A0A+565546]
	GetHandleVerifier [0x009C5680+560544]
	Ordinal0 [0x008C9A5C+1808988]
	Ordinal0 [0x008CE3A8+1827752]
	Ordinal0 [0x008CE495+1827989]
	Ordinal0 [0x008D80A4+1867940]
	BaseThreadInitThunk [0x75D1FA29+25]
	RtlGetAppContainerNamedObjectPath [0x77747BBE+286]
	RtlGetAppContainerNamedObjectPath [0x77747B8E+238]

	at org.openqa.selenium.remote.W3CHandshakeResponse.lambda$errorHandler$0(W3CHandshakeResponse.java:62)
	at org.openqa.selenium.remote.HandshakeResponse.lambda$getResponseFunction$0(HandshakeResponse.java:30)
	at org.openqa.selenium.remote.ProtocolHandshake.lambda$createSession$0(ProtocolHandshake.java:126)
	at org.openqa.selenium.remote.ProtocolHandshake.createSession(ProtocolHandshake.java:128)
	at org.openqa.selenium.remote.ProtocolHandshake.createSession(ProtocolHandshake.java:74)
	at org.openqa.selenium.remote.HttpCommandExecutor.execute(HttpCommandExecutor.java:136)
	at org.openqa.selenium.remote.service.DriverCommandExecutor.execute(DriverCommandExecutor.java:83)
	at org.openqa.selenium.remote.RemoteWebDriver.execute(RemoteWebDriver.java:552)
	at com.kms.katalon.selenium.driver.CChromeDriver.execute(CChromeDriver.java:19)
	at org.openqa.selenium.remote.RemoteWebDriver.startSession(RemoteWebDriver.java:213)
	at org.openqa.selenium.remote.RemoteWebDriver.<init>(RemoteWebDriver.java:131)
	at org.openqa.selenium.chrome.ChromeDriver.<init>(ChromeDriver.java:181)
	at org.openqa.selenium.chrome.ChromeDriver.<init>(ChromeDriver.java:147)
	at com.kms.katalon.selenium.driver.CChromeDriver.<init>(CChromeDriver.java:13)
	at com.kms.katalon.core.webui.driver.DriverFactory.createNewChromeDriver(DriverFactory.java:434)
	at com.kms.katalon.core.webui.driver.DriverFactory.startNewBrowser(DriverFactory.java:367)
	at com.kms.katalon.core.webui.driver.DriverFactory.openWebDriver(DriverFactory.java:254)
	at com.kms.katalon.core.webui.keyword.builtin.OpenBrowserKeyword$_openBrowser_closure1.doCall(OpenBrowserKeyword.groovy:74)
	at com.kms.katalon.core.webui.keyword.builtin.OpenBrowserKeyword$_openBrowser_closure1.call(OpenBrowserKeyword.groovy)
	at com.kms.katalon.core.webui.keyword.internal.WebUIKeywordMain.runKeyword(WebUIKeywordMain.groovy:20)
	at com.kms.katalon.core.webui.keyword.builtin.OpenBrowserKeyword.openBrowser(OpenBrowserKeyword.groovy:81)
	at com.kms.katalon.core.webui.keyword.builtin.OpenBrowserKeyword.execute(OpenBrowserKeyword.groovy:67)
	at com.kms.katalon.core.keyword.internal.KeywordExecutor.executeKeywordForPlatform(KeywordExecutor.groovy:74)
	at com.kms.katalon.core.webui.keyword.WebUiBuiltInKeywords.openBrowser(WebUiBuiltInKeywords.groovy:64)
	at com.kms.katalon.core.webui.keyword.WebUiBuiltInKeywords$openBrowser.call(Unknown Source)
	at loginsteps.Navigatetoaltashophomepage(loginsteps.groovy:49)
	at cucumber.runtime.Utils$1.call(Utils.java:26)
	at cucumber.runtime.Timeout.timeout(Timeout.java:16)
	at cucumber.runtime.Utils.invoke(Utils.java:20)
	at cucumber.runtime.java.JavaStepDefinition.execute(JavaStepDefinition.java:48)
	at cucumber.runtime.PickleStepDefinitionMatch.runStep(PickleStepDefinitionMatch.java:50)
	at cucumber.runner.TestStep.executeStep(TestStep.java:68)
	at cucumber.runner.TestStep.run(TestStep.java:50)
	at cucumber.runner.PickleStepTestStep.run(PickleStepTestStep.java:53)
	at cucumber.runner.TestCase.run(TestCase.java:47)
	at cucumber.runner.Runner.runPickle(Runner.java:44)
	at cucumber.runtime.Runtime.runFeature(Runtime.java:120)
	at cucumber.runtime.Runtime.run(Runtime.java:106)
	at cucumber.api.cli.Main.run(Main.java:35)
	at cucumber.api.cli.Main$run.call(Unknown Source)
	at com.kms.katalon.core.cucumber.keyword.CucumberBuiltinKeywords$_runFeatureFile_closure1.doCall(CucumberBuiltinKeywords.groovy:108)
	at com.kms.katalon.core.cucumber.keyword.CucumberBuiltinKeywords$_runFeatureFile_closure1.doCall(CucumberBuiltinKeywords.groovy)
	at com.kms.katalon.core.keyword.internal.KeywordMain.runKeyword(KeywordMain.groovy:74)
	at com.kms.katalon.core.keyword.internal.KeywordMain.runKeyword(KeywordMain.groovy:68)
	at com.kms.katalon.core.keyword.internal.KeywordMain$runKeyword.call(Unknown Source)
	at com.kms.katalon.core.cucumber.keyword.CucumberBuiltinKeywords.runFeatureFile(CucumberBuiltinKeywords.groovy:75)
	at com.kms.katalon.core.cucumber.keyword.CucumberBuiltinKeywords$runFeatureFile$0.callStatic(Unknown Source)
	at com.kms.katalon.core.cucumber.keyword.CucumberBuiltinKeywords.runFeatureFile(CucumberBuiltinKeywords.groovy:248)
	at com.kms.katalon.core.cucumber.keyword.CucumberBuiltinKeywords$runFeatureFile.call(Unknown Source)
	at Feature File.run(Feature File:20)
	at com.kms.katalon.core.main.ScriptEngine.run(ScriptEngine.java:194)
	at com.kms.katalon.core.main.ScriptEngine.runScriptAsRawText(ScriptEngine.java:119)
	at com.kms.katalon.core.main.TestCaseExecutor.runScript(TestCaseExecutor.java:445)
	at com.kms.katalon.core.main.TestCaseExecutor.doExecute(TestCaseExecutor.java:436)
	at com.kms.katalon.core.main.TestCaseExecutor.processExecutionPhase(TestCaseExecutor.java:415)
	at com.kms.katalon.core.main.TestCaseExecutor.accessMainPhase(TestCaseExecutor.java:407)
	at com.kms.katalon.core.main.TestCaseExecutor.execute(TestCaseExecutor.java:284)
	at com.kms.katalon.core.common.CommonExecutor.accessTestCaseMainPhase(CommonExecutor.java:65)
	at com.kms.katalon.core.main.TestSuiteExecutor.accessTestSuiteMainPhase(TestSuiteExecutor.java:144)
	at com.kms.katalon.core.main.TestSuiteExecutor.execute(TestSuiteExecutor.java:106)
	at com.kms.katalon.core.main.TestCaseMain.startTestSuite(TestCaseMain.java:185)
	at com.kms.katalon.core.main.TestCaseMain$startTestSuite$0.call(Unknown Source)
	at TempTestSuite1667651445050.run(TempTestSuite1667651445050.groovy:36)


2022-11-05 19:31:05 - [TEST_STEP][FAILED] - Navigate to altashop homepage: Navigate to altashop homepage FAILED.
Reason:
com.kms.katalon.core.exception.StepFailedException: Unable to open browser with url: ''
	at com.kms.katalon.core.webui.keyword.internal.WebUIKeywordMain.stepFailed(WebUIKeywordMain.groovy:64)
	at com.kms.katalon.core.webui.keyword.internal.WebUIKeywordMain.runKeyword(WebUIKeywordMain.groovy:26)
	at com.kms.katalon.core.webui.keyword.builtin.OpenBrowserKeyword.openBrowser(OpenBrowserKeyword.groovy:81)
	at com.kms.katalon.core.webui.keyword.builtin.OpenBrowserKeyword.execute(OpenBrowserKeyword.groovy:67)
	at com.kms.katalon.core.keyword.internal.KeywordExecutor.executeKeywordForPlatform(KeywordExecutor.groovy:74)
	at com.kms.katalon.core.webui.keyword.WebUiBuiltInKeywords.openBrowser(WebUiBuiltInKeywords.groovy:64)
	at com.kms.katalon.core.webui.keyword.WebUiBuiltInKeywords$openBrowser.call(Unknown Source)
	at loginsteps.Navigatetoaltashophomepage(loginsteps.groovy:49)
	at ✽.Navigate to altashop homepage(C:/Users/Athif/git/MiniprojectWeb/Include/features/Positive/login.feature:16)
Caused by: org.openqa.selenium.SessionNotCreatedException: session not created: This version of ChromeDriver only supports Chrome version 105
Current browser version is 107.0.5304.88 with binary path C:\Program Files\Google\Chrome\Application\chrome.exe
Build info: version: '3.141.59', revision: 'e82be7d358', time: '2018-11-14T08:25:53'
System info: host: 'DESKTOP-HMC26PQ', ip: '192.168.56.1', os.name: 'Windows 10', os.arch: 'amd64', os.version: '10.0', java.version: '1.8.0_282'
Driver info: driver.version: CChromeDriver
remote stacktrace: Backtrace:
	Ordinal0 [0x0092DF13+2219795]
	Ordinal0 [0x008C2841+1779777]
	Ordinal0 [0x007D423D+803389]
	Ordinal0 [0x007F64AC+943276]
	Ordinal0 [0x007F19F0+924144]
	Ordinal0 [0x007EF179+913785]
	Ordinal0 [0x008236B9+1128121]
	Ordinal0 [0x0082331A+1127194]
	Ordinal0 [0x0081E616+1107478]
	Ordinal0 [0x007F7F89+950153]
	Ordinal0 [0x007F8F56+954198]
	GetHandleVerifier [0x00C22CB2+3040210]
	GetHandleVerifier [0x00C12BB4+2974420]
	GetHandleVerifier [0x009C6A0A+565546]
	GetHandleVerifier [0x009C5680+560544]
	Ordinal0 [0x008C9A5C+1808988]
	Ordinal0 [0x008CE3A8+1827752]
	Ordinal0 [0x008CE495+1827989]
	Ordinal0 [0x008D80A4+1867940]
	BaseThreadInitThunk [0x75D1FA29+25]
	RtlGetAppContainerNamedObjectPath [0x77747BBE+286]
	RtlGetAppContainerNamedObjectPath [0x77747B8E+238]

	at org.openqa.selenium.remote.W3CHandshakeResponse.lambda$errorHandler$0(W3CHandshakeResponse.java:62)
	at org.openqa.selenium.remote.HandshakeResponse.lambda$getResponseFunction$0(HandshakeResponse.java:30)
	at org.openqa.selenium.remote.ProtocolHandshake.lambda$createSession$0(ProtocolHandshake.java:126)
	at org.openqa.selenium.remote.ProtocolHandshake.createSession(ProtocolHandshake.java:128)
	at org.openqa.selenium.remote.ProtocolHandshake.createSession(ProtocolHandshake.java:74)
	at org.openqa.selenium.remote.HttpCommandExecutor.execute(HttpCommandExecutor.java:136)
	at org.openqa.selenium.remote.service.DriverCommandExecutor.execute(DriverCommandExecutor.java:83)
	at org.openqa.selenium.remote.RemoteWebDriver.execute(RemoteWebDriver.java:552)
	at com.kms.katalon.selenium.driver.CChromeDriver.execute(CChromeDriver.java:19)
	at org.openqa.selenium.remote.RemoteWebDriver.startSession(RemoteWebDriver.java:213)
	at org.openqa.selenium.remote.RemoteWebDriver.<init>(RemoteWebDriver.java:131)
	at org.openqa.selenium.chrome.ChromeDriver.<init>(ChromeDriver.java:181)
	at org.openqa.selenium.chrome.ChromeDriver.<init>(ChromeDriver.java:147)
	at com.kms.katalon.selenium.driver.CChromeDriver.<init>(CChromeDriver.java:13)
	at com.kms.katalon.core.webui.driver.DriverFactory.createNewChromeDriver(DriverFactory.java:434)
	at com.kms.katalon.core.webui.driver.DriverFactory.startNewBrowser(DriverFactory.java:367)
	at com.kms.katalon.core.webui.driver.DriverFactory.openWebDriver(DriverFactory.java:254)
	at com.kms.katalon.core.webui.keyword.builtin.OpenBrowserKeyword$_openBrowser_closure1.doCall(OpenBrowserKeyword.groovy:74)
	at com.kms.katalon.core.webui.keyword.builtin.OpenBrowserKeyword$_openBrowser_closure1.call(OpenBrowserKeyword.groovy)
	at com.kms.katalon.core.webui.keyword.internal.WebUIKeywordMain.runKeyword(WebUIKeywordMain.groovy:20)
	at com.kms.katalon.core.webui.keyword.builtin.OpenBrowserKeyword.openBrowser(OpenBrowserKeyword.groovy:81)
	at com.kms.katalon.core.webui.keyword.builtin.OpenBrowserKeyword.execute(OpenBrowserKeyword.groovy:67)
	at com.kms.katalon.core.keyword.internal.KeywordExecutor.executeKeywordForPlatform(KeywordExecutor.groovy:74)
	at com.kms.katalon.core.webui.keyword.WebUiBuiltInKeywords.openBrowser(WebUiBuiltInKeywords.groovy:64)
	at com.kms.katalon.core.webui.keyword.WebUiBuiltInKeywords$openBrowser.call(Unknown Source)
	at loginsteps.Navigatetoaltashophomepage(loginsteps.groovy:49)
	at cucumber.runtime.Utils$1.call(Utils.java:26)
	at cucumber.runtime.Timeout.timeout(Timeout.java:16)
	at cucumber.runtime.Utils.invoke(Utils.java:20)
	at cucumber.runtime.java.JavaStepDefinition.execute(JavaStepDefinition.java:48)
	at cucumber.runtime.PickleStepDefinitionMatch.runStep(PickleStepDefinitionMatch.java:50)
	at cucumber.runner.TestStep.executeStep(TestStep.java:68)
	at cucumber.runner.TestStep.run(TestStep.java:50)
	at cucumber.runner.PickleStepTestStep.run(PickleStepTestStep.java:53)
	at cucumber.runner.TestCase.run(TestCase.java:47)
	at cucumber.runner.Runner.runPickle(Runner.java:44)
	at cucumber.runtime.Runtime.runFeature(Runtime.java:120)
	at cucumber.runtime.Runtime.run(Runtime.java:106)
	at cucumber.api.cli.Main.run(Main.java:35)
	at cucumber.api.cli.Main$run.call(Unknown Source)
	at com.kms.katalon.core.cucumber.keyword.CucumberBuiltinKeywords$_runFeatureFile_closure1.doCall(CucumberBuiltinKeywords.groovy:108)
	at com.kms.katalon.core.cucumber.keyword.CucumberBuiltinKeywords$_runFeatureFile_closure1.doCall(CucumberBuiltinKeywords.groovy)
	at com.kms.katalon.core.keyword.internal.KeywordMain.runKeyword(KeywordMain.groovy:74)
	at com.kms.katalon.core.keyword.internal.KeywordMain.runKeyword(KeywordMain.groovy:68)
	at com.kms.katalon.core.keyword.internal.KeywordMain$runKeyword.call(Unknown Source)
	at com.kms.katalon.core.cucumber.keyword.CucumberBuiltinKeywords.runFeatureFile(CucumberBuiltinKeywords.groovy:75)
	at com.kms.katalon.core.cucumber.keyword.CucumberBuiltinKeywords$runFeatureFile$0.callStatic(Unknown Source)
	at com.kms.katalon.core.cucumber.keyword.CucumberBuiltinKeywords.runFeatureFile(CucumberBuiltinKeywords.groovy:248)
	at com.kms.katalon.core.cucumber.keyword.CucumberBuiltinKeywords$runFeatureFile.call(Unknown Source)
	at Feature File.run(Feature File:20)
	at com.kms.katalon.core.main.ScriptEngine.run(ScriptEngine.java:194)
	at com.kms.katalon.core.main.ScriptEngine.runScriptAsRawText(ScriptEngine.java:119)
	at com.kms.katalon.core.main.TestCaseExecutor.runScript(TestCaseExecutor.java:445)
	at com.kms.katalon.core.main.TestCaseExecutor.doExecute(TestCaseExecutor.java:436)
	at com.kms.katalon.core.main.TestCaseExecutor.processExecutionPhase(TestCaseExecutor.java:415)
	at com.kms.katalon.core.main.TestCaseExecutor.accessMainPhase(TestCaseExecutor.java:407)
	at com.kms.katalon.core.main.TestCaseExecutor.execute(TestCaseExecutor.java:284)
	at com.kms.katalon.core.common.CommonExecutor.accessTestCaseMainPhase(CommonExecutor.java:65)
	at com.kms.katalon.core.main.TestSuiteExecutor.accessTestSuiteMainPhase(TestSuiteExecutor.java:144)
	at com.kms.katalon.core.main.TestSuiteExecutor.execute(TestSuiteExecutor.java:106)
	at com.kms.katalon.core.main.TestCaseMain.startTestSuite(TestCaseMain.java:185)
	at com.kms.katalon.core.main.TestCaseMain$startTestSuite$0.call(Unknown Source)
	at TempTestSuite1667651445050.run(TempTestSuite1667651445050.groovy:36)


2022-11-05 19:31:05 - [MESSAGE][INFO] - Starting 'Chrome' driver

2022-11-05 19:31:05 - [MESSAGE][INFO] - Action delay is set to 0 milliseconds

2022-11-05 19:31:07 - [MESSAGE][FAILED] - Unable to open browser with url: '' (Root cause: com.kms.katalon.core.exception.StepFailedException: Unable to open browser with url: ''
	at com.kms.katalon.core.webui.keyword.internal.WebUIKeywordMain.stepFailed(WebUIKeywordMain.groovy:64)
	at com.kms.katalon.core.webui.keyword.internal.WebUIKeywordMain.runKeyword(WebUIKeywordMain.groovy:26)
	at com.kms.katalon.core.webui.keyword.builtin.OpenBrowserKeyword.openBrowser(OpenBrowserKeyword.groovy:81)
	at com.kms.katalon.core.webui.keyword.builtin.OpenBrowserKeyword.execute(OpenBrowserKeyword.groovy:67)
	at com.kms.katalon.core.keyword.internal.KeywordExecutor.executeKeywordForPlatform(KeywordExecutor.groovy:74)
	at com.kms.katalon.core.webui.keyword.WebUiBuiltInKeywords.openBrowser(WebUiBuiltInKeywords.groovy:64)
	at com.kms.katalon.core.webui.keyword.WebUiBuiltInKeywords$openBrowser.call(Unknown Source)
	at loginsteps.Navigatetoaltashophomepage(loginsteps.groovy:49)
	at cucumber.runtime.Utils$1.call(Utils.java:26)
	at cucumber.runtime.Timeout.timeout(Timeout.java:16)
	at cucumber.runtime.Utils.invoke(Utils.java:20)
	at cucumber.runtime.java.JavaStepDefinition.execute(JavaStepDefinition.java:48)
	at cucumber.runtime.PickleStepDefinitionMatch.runStep(PickleStepDefinitionMatch.java:50)
	at cucumber.runner.TestStep.executeStep(TestStep.java:68)
	at cucumber.runner.TestStep.run(TestStep.java:50)
	at cucumber.runner.PickleStepTestStep.run(PickleStepTestStep.java:53)
	at cucumber.runner.TestCase.run(TestCase.java:47)
	at cucumber.runner.Runner.runPickle(Runner.java:44)
	at cucumber.runtime.Runtime.runFeature(Runtime.java:120)
	at cucumber.runtime.Runtime.run(Runtime.java:106)
	at cucumber.api.cli.Main.run(Main.java:35)
	at cucumber.api.cli.Main$run.call(Unknown Source)
	at com.kms.katalon.core.cucumber.keyword.CucumberBuiltinKeywords$_runFeatureFile_closure1.doCall(CucumberBuiltinKeywords.groovy:108)
	at com.kms.katalon.core.cucumber.keyword.CucumberBuiltinKeywords$_runFeatureFile_closure1.doCall(CucumberBuiltinKeywords.groovy)
	at com.kms.katalon.core.keyword.internal.KeywordMain.runKeyword(KeywordMain.groovy:74)
	at com.kms.katalon.core.keyword.internal.KeywordMain.runKeyword(KeywordMain.groovy:68)
	at com.kms.katalon.core.keyword.internal.KeywordMain$runKeyword.call(Unknown Source)
	at com.kms.katalon.core.cucumber.keyword.CucumberBuiltinKeywords.runFeatureFile(CucumberBuiltinKeywords.groovy:75)
	at com.kms.katalon.core.cucumber.keyword.CucumberBuiltinKeywords$runFeatureFile$0.callStatic(Unknown Source)
	at com.kms.katalon.core.cucumber.keyword.CucumberBuiltinKeywords.runFeatureFile(CucumberBuiltinKeywords.groovy:248)
	at com.kms.katalon.core.cucumber.keyword.CucumberBuiltinKeywords$runFeatureFile.call(Unknown Source)
	at Feature File.run(Feature File:20)
	at com.kms.katalon.core.main.ScriptEngine.run(ScriptEngine.java:194)
	at com.kms.katalon.core.main.ScriptEngine.runScriptAsRawText(ScriptEngine.java:119)
	at com.kms.katalon.core.main.TestCaseExecutor.runScript(TestCaseExecutor.java:445)
	at com.kms.katalon.core.main.TestCaseExecutor.doExecute(TestCaseExecutor.java:436)
	at com.kms.katalon.core.main.TestCaseExecutor.processExecutionPhase(TestCaseExecutor.java:415)
	at com.kms.katalon.core.main.TestCaseExecutor.accessMainPhase(TestCaseExecutor.java:407)
	at com.kms.katalon.core.main.TestCaseExecutor.execute(TestCaseExecutor.java:284)
	at com.kms.katalon.core.common.CommonExecutor.accessTestCaseMainPhase(CommonExecutor.java:65)
	at com.kms.katalon.core.main.TestSuiteExecutor.accessTestSuiteMainPhase(TestSuiteExecutor.java:144)
	at com.kms.katalon.core.main.TestSuiteExecutor.execute(TestSuiteExecutor.java:106)
	at com.kms.katalon.core.main.TestCaseMain.startTestSuite(TestCaseMain.java:185)
	at com.kms.katalon.core.main.TestCaseMain$startTestSuite$0.call(Unknown Source)
	at TempTestSuite1667651445050.run(TempTestSuite1667651445050.groovy:36)
Caused by: org.openqa.selenium.SessionNotCreatedException: session not created: This version of ChromeDriver only supports Chrome version 105
Current browser version is 107.0.5304.88 with binary path C:\Program Files\Google\Chrome\Application\chrome.exe
Build info: version: '3.141.59', revision: 'e82be7d358', time: '2018-11-14T08:25:53'
System info: host: 'DESKTOP-HMC26PQ', ip: '192.168.56.1', os.name: 'Windows 10', os.arch: 'amd64', os.version: '10.0', java.version: '1.8.0_282'
Driver info: driver.version: CChromeDriver
remote stacktrace: Backtrace:
	Ordinal0 [0x0092DF13+2219795]
	Ordinal0 [0x008C2841+1779777]
	Ordinal0 [0x007D423D+803389]
	Ordinal0 [0x007F64AC+943276]
	Ordinal0 [0x007F19F0+924144]
	Ordinal0 [0x007EF179+913785]
	Ordinal0 [0x008236B9+1128121]
	Ordinal0 [0x0082331A+1127194]
	Ordinal0 [0x0081E616+1107478]
	Ordinal0 [0x007F7F89+950153]
	Ordinal0 [0x007F8F56+954198]
	GetHandleVerifier [0x00C22CB2+3040210]
	GetHandleVerifier [0x00C12BB4+2974420]
	GetHandleVerifier [0x009C6A0A+565546]
	GetHandleVerifier [0x009C5680+560544]
	Ordinal0 [0x008C9A5C+1808988]
	Ordinal0 [0x008CE3A8+1827752]
	Ordinal0 [0x008CE495+1827989]
	Ordinal0 [0x008D80A4+1867940]
	BaseThreadInitThunk [0x75D1FA29+25]
	RtlGetAppContainerNamedObjectPath [0x77747BBE+286]
	RtlGetAppContainerNamedObjectPath [0x77747B8E+238]

	at org.openqa.selenium.remote.W3CHandshakeResponse.lambda$errorHandler$0(W3CHandshakeResponse.java:62)
	at org.openqa.selenium.remote.HandshakeResponse.lambda$getResponseFunction$0(HandshakeResponse.java:30)
	at org.openqa.selenium.remote.ProtocolHandshake.lambda$createSession$0(ProtocolHandshake.java:126)
	at org.openqa.selenium.remote.ProtocolHandshake.createSession(ProtocolHandshake.java:128)
	at org.openqa.selenium.remote.ProtocolHandshake.createSession(ProtocolHandshake.java:74)
	at org.openqa.selenium.remote.HttpCommandExecutor.execute(HttpCommandExecutor.java:136)
	at org.openqa.selenium.remote.service.DriverCommandExecutor.execute(DriverCommandExecutor.java:83)
	at org.openqa.selenium.remote.RemoteWebDriver.execute(RemoteWebDriver.java:552)
	at com.kms.katalon.selenium.driver.CChromeDriver.execute(CChromeDriver.java:19)
	at org.openqa.selenium.remote.RemoteWebDriver.startSession(RemoteWebDriver.java:213)
	at org.openqa.selenium.remote.RemoteWebDriver.<init>(RemoteWebDriver.java:131)
	at org.openqa.selenium.chrome.ChromeDriver.<init>(ChromeDriver.java:181)
	at org.openqa.selenium.chrome.ChromeDriver.<init>(ChromeDriver.java:147)
	at com.kms.katalon.selenium.driver.CChromeDriver.<init>(CChromeDriver.java:13)
	at com.kms.katalon.core.webui.driver.DriverFactory.createNewChromeDriver(DriverFactory.java:434)
	at com.kms.katalon.core.webui.driver.DriverFactory.startNewBrowser(DriverFactory.java:367)
	at com.kms.katalon.core.webui.driver.DriverFactory.openWebDriver(DriverFactory.java:254)
	at com.kms.katalon.core.webui.keyword.builtin.OpenBrowserKeyword$_openBrowser_closure1.doCall(OpenBrowserKeyword.groovy:74)
	at com.kms.katalon.core.webui.keyword.builtin.OpenBrowserKeyword$_openBrowser_closure1.call(OpenBrowserKeyword.groovy)
	at com.kms.katalon.core.webui.keyword.internal.WebUIKeywordMain.runKeyword(WebUIKeywordMain.groovy:20)
	at com.kms.katalon.core.webui.keyword.builtin.OpenBrowserKeyword.openBrowser(OpenBrowserKeyword.groovy:81)
	at com.kms.katalon.core.webui.keyword.builtin.OpenBrowserKeyword.execute(OpenBrowserKeyword.groovy:67)
	at com.kms.katalon.core.keyword.internal.KeywordExecutor.executeKeywordForPlatform(KeywordExecutor.groovy:74)
	at com.kms.katalon.core.webui.keyword.WebUiBuiltInKeywords.openBrowser(WebUiBuiltInKeywords.groovy:64)
	at com.kms.katalon.core.webui.keyword.WebUiBuiltInKeywords$openBrowser.call(Unknown Source)
	at loginsteps.Navigatetoaltashophomepage(loginsteps.groovy:49)
	at cucumber.runtime.Utils$1.call(Utils.java:26)
	at cucumber.runtime.Timeout.timeout(Timeout.java:16)
	at cucumber.runtime.Utils.invoke(Utils.java:20)
	at cucumber.runtime.java.JavaStepDefinition.execute(JavaStepDefinition.java:48)
	at cucumber.runtime.PickleStepDefinitionMatch.runStep(PickleStepDefinitionMatch.java:50)
	at cucumber.runner.TestStep.executeStep(TestStep.java:68)
	at cucumber.runner.TestStep.run(TestStep.java:50)
	at cucumber.runner.PickleStepTestStep.run(PickleStepTestStep.java:53)
	at cucumber.runner.TestCase.run(TestCase.java:47)
	at cucumber.runner.Runner.runPickle(Runner.java:44)
	at cucumber.runtime.Runtime.runFeature(Runtime.java:120)
	at cucumber.runtime.Runtime.run(Runtime.java:106)
	at cucumber.api.cli.Main.run(Main.java:35)
	at cucumber.api.cli.Main$run.call(Unknown Source)
	at com.kms.katalon.core.cucumber.keyword.CucumberBuiltinKeywords$_runFeatureFile_closure1.doCall(CucumberBuiltinKeywords.groovy:108)
	at com.kms.katalon.core.cucumber.keyword.CucumberBuiltinKeywords$_runFeatureFile_closure1.doCall(CucumberBuiltinKeywords.groovy)
	at com.kms.katalon.core.keyword.internal.KeywordMain.runKeyword(KeywordMain.groovy:74)
	at com.kms.katalon.core.keyword.internal.KeywordMain.runKeyword(KeywordMain.groovy:68)
	at com.kms.katalon.core.keyword.internal.KeywordMain$runKeyword.call(Unknown Source)
	at com.kms.katalon.core.cucumber.keyword.CucumberBuiltinKeywords.runFeatureFile(CucumberBuiltinKeywords.groovy:75)
	at com.kms.katalon.core.cucumber.keyword.CucumberBuiltinKeywords$runFeatureFile$0.callStatic(Unknown Source)
	at com.kms.katalon.core.cucumber.keyword.CucumberBuiltinKeywords.runFeatureFile(CucumberBuiltinKeywords.groovy:248)
	at com.kms.katalon.core.cucumber.keyword.CucumberBuiltinKeywords$runFeatureFile.call(Unknown Source)
	at Script1667275976583.run(Script1667275976583.groovy:20)
	... 13 more
)

2022-11-05 19:31:07 - [MESSAGE][FAILED] - Navigate to altashop homepage FAILED.
Reason:
com.kms.katalon.core.exception.StepFailedException: Unable to open browser with url: ''
	at com.kms.katalon.core.webui.keyword.internal.WebUIKeywordMain.stepFailed(WebUIKeywordMain.groovy:64)
	at com.kms.katalon.core.webui.keyword.internal.WebUIKeywordMain.runKeyword(WebUIKeywordMain.groovy:26)
	at com.kms.katalon.core.webui.keyword.builtin.OpenBrowserKeyword.openBrowser(OpenBrowserKeyword.groovy:81)
	at com.kms.katalon.core.webui.keyword.builtin.OpenBrowserKeyword.execute(OpenBrowserKeyword.groovy:67)
	at com.kms.katalon.core.keyword.internal.KeywordExecutor.executeKeywordForPlatform(KeywordExecutor.groovy:74)
	at com.kms.katalon.core.webui.keyword.WebUiBuiltInKeywords.openBrowser(WebUiBuiltInKeywords.groovy:64)
	at com.kms.katalon.core.webui.keyword.WebUiBuiltInKeywords$openBrowser.call(Unknown Source)
	at loginsteps.Navigatetoaltashophomepage(loginsteps.groovy:49)
	at ✽.Navigate to altashop homepage(C:/Users/Athif/git/MiniprojectWeb/Include/features/Positive/login.feature:16)
Caused by: org.openqa.selenium.SessionNotCreatedException: session not created: This version of ChromeDriver only supports Chrome version 105
Current browser version is 107.0.5304.88 with binary path C:\Program Files\Google\Chrome\Application\chrome.exe
Build info: version: '3.141.59', revision: 'e82be7d358', time: '2018-11-14T08:25:53'
System info: host: 'DESKTOP-HMC26PQ', ip: '192.168.56.1', os.name: 'Windows 10', os.arch: 'amd64', os.version: '10.0', java.version: '1.8.0_282'
Driver info: driver.version: CChromeDriver
remote stacktrace: Backtrace:
	Ordinal0 [0x0092DF13+2219795]
	Ordinal0 [0x008C2841+1779777]
	Ordinal0 [0x007D423D+803389]
	Ordinal0 [0x007F64AC+943276]
	Ordinal0 [0x007F19F0+924144]
	Ordinal0 [0x007EF179+913785]
	Ordinal0 [0x008236B9+1128121]
	Ordinal0 [0x0082331A+1127194]
	Ordinal0 [0x0081E616+1107478]
	Ordinal0 [0x007F7F89+950153]
	Ordinal0 [0x007F8F56+954198]
	GetHandleVerifier [0x00C22CB2+3040210]
	GetHandleVerifier [0x00C12BB4+2974420]
	GetHandleVerifier [0x009C6A0A+565546]
	GetHandleVerifier [0x009C5680+560544]
	Ordinal0 [0x008C9A5C+1808988]
	Ordinal0 [0x008CE3A8+1827752]
	Ordinal0 [0x008CE495+1827989]
	Ordinal0 [0x008D80A4+1867940]
	BaseThreadInitThunk [0x75D1FA29+25]
	RtlGetAppContainerNamedObjectPath [0x77747BBE+286]
	RtlGetAppContainerNamedObjectPath [0x77747B8E+238]

	at org.openqa.selenium.remote.W3CHandshakeResponse.lambda$errorHandler$0(W3CHandshakeResponse.java:62)
	at org.openqa.selenium.remote.HandshakeResponse.lambda$getResponseFunction$0(HandshakeResponse.java:30)
	at org.openqa.selenium.remote.ProtocolHandshake.lambda$createSession$0(ProtocolHandshake.java:126)
	at org.openqa.selenium.remote.ProtocolHandshake.createSession(ProtocolHandshake.java:128)
	at org.openqa.selenium.remote.ProtocolHandshake.createSession(ProtocolHandshake.java:74)
	at org.openqa.selenium.remote.HttpCommandExecutor.execute(HttpCommandExecutor.java:136)
	at org.openqa.selenium.remote.service.DriverCommandExecutor.execute(DriverCommandExecutor.java:83)
	at org.openqa.selenium.remote.RemoteWebDriver.execute(RemoteWebDriver.java:552)
	at com.kms.katalon.selenium.driver.CChromeDriver.execute(CChromeDriver.java:19)
	at org.openqa.selenium.remote.RemoteWebDriver.startSession(RemoteWebDriver.java:213)
	at org.openqa.selenium.remote.RemoteWebDriver.<init>(RemoteWebDriver.java:131)
	at org.openqa.selenium.chrome.ChromeDriver.<init>(ChromeDriver.java:181)
	at org.openqa.selenium.chrome.ChromeDriver.<init>(ChromeDriver.java:147)
	at com.kms.katalon.selenium.driver.CChromeDriver.<init>(CChromeDriver.java:13)
	at com.kms.katalon.core.webui.driver.DriverFactory.createNewChromeDriver(DriverFactory.java:434)
	at com.kms.katalon.core.webui.driver.DriverFactory.startNewBrowser(DriverFactory.java:367)
	at com.kms.katalon.core.webui.driver.DriverFactory.openWebDriver(DriverFactory.java:254)
	at com.kms.katalon.core.webui.keyword.builtin.OpenBrowserKeyword$_openBrowser_closure1.doCall(OpenBrowserKeyword.groovy:74)
	at com.kms.katalon.core.webui.keyword.builtin.OpenBrowserKeyword$_openBrowser_closure1.call(OpenBrowserKeyword.groovy)
	at com.kms.katalon.core.webui.keyword.internal.WebUIKeywordMain.runKeyword(WebUIKeywordMain.groovy:20)
	at com.kms.katalon.core.webui.keyword.builtin.OpenBrowserKeyword.openBrowser(OpenBrowserKeyword.groovy:81)
	at com.kms.katalon.core.webui.keyword.builtin.OpenBrowserKeyword.execute(OpenBrowserKeyword.groovy:67)
	at com.kms.katalon.core.keyword.internal.KeywordExecutor.executeKeywordForPlatform(KeywordExecutor.groovy:74)
	at com.kms.katalon.core.webui.keyword.WebUiBuiltInKeywords.openBrowser(WebUiBuiltInKeywords.groovy:64)
	at com.kms.katalon.core.webui.keyword.WebUiBuiltInKeywords$openBrowser.call(Unknown Source)
	at loginsteps.Navigatetoaltashophomepage(loginsteps.groovy:49)
	at cucumber.runtime.Utils$1.call(Utils.java:26)
	at cucumber.runtime.Timeout.timeout(Timeout.java:16)
	at cucumber.runtime.Utils.invoke(Utils.java:20)
	at cucumber.runtime.java.JavaStepDefinition.execute(JavaStepDefinition.java:48)
	at cucumber.runtime.PickleStepDefinitionMatch.runStep(PickleStepDefinitionMatch.java:50)
	at cucumber.runner.TestStep.executeStep(TestStep.java:68)
	at cucumber.runner.TestStep.run(TestStep.java:50)
	at cucumber.runner.PickleStepTestStep.run(PickleStepTestStep.java:53)
	at cucumber.runner.TestCase.run(TestCase.java:47)
	at cucumber.runner.Runner.runPickle(Runner.java:44)
	at cucumber.runtime.Runtime.runFeature(Runtime.java:120)
	at cucumber.runtime.Runtime.run(Runtime.java:106)
	at cucumber.api.cli.Main.run(Main.java:35)
	at cucumber.api.cli.Main$run.call(Unknown Source)
	at com.kms.katalon.core.cucumber.keyword.CucumberBuiltinKeywords$_runFeatureFile_closure1.doCall(CucumberBuiltinKeywords.groovy:108)
	at com.kms.katalon.core.cucumber.keyword.CucumberBuiltinKeywords$_runFeatureFile_closure1.doCall(CucumberBuiltinKeywords.groovy)
	at com.kms.katalon.core.keyword.internal.KeywordMain.runKeyword(KeywordMain.groovy:74)
	at com.kms.katalon.core.keyword.internal.KeywordMain.runKeyword(KeywordMain.groovy:68)
	at com.kms.katalon.core.keyword.internal.KeywordMain$runKeyword.call(Unknown Source)
	at com.kms.katalon.core.cucumber.keyword.CucumberBuiltinKeywords.runFeatureFile(CucumberBuiltinKeywords.groovy:75)
	at com.kms.katalon.core.cucumber.keyword.CucumberBuiltinKeywords$runFeatureFile$0.callStatic(Unknown Source)
	at com.kms.katalon.core.cucumber.keyword.CucumberBuiltinKeywords.runFeatureFile(CucumberBuiltinKeywords.groovy:248)
	at com.kms.katalon.core.cucumber.keyword.CucumberBuiltinKeywords$runFeatureFile.call(Unknown Source)
	at Feature File.run(Feature File:20)
	at com.kms.katalon.core.main.ScriptEngine.run(ScriptEngine.java:194)
	at com.kms.katalon.core.main.ScriptEngine.runScriptAsRawText(ScriptEngine.java:119)
	at com.kms.katalon.core.main.TestCaseExecutor.runScript(TestCaseExecutor.java:445)
	at com.kms.katalon.core.main.TestCaseExecutor.doExecute(TestCaseExecutor.java:436)
	at com.kms.katalon.core.main.TestCaseExecutor.processExecutionPhase(TestCaseExecutor.java:415)
	at com.kms.katalon.core.main.TestCaseExecutor.accessMainPhase(TestCaseExecutor.java:407)
	at com.kms.katalon.core.main.TestCaseExecutor.execute(TestCaseExecutor.java:284)
	at com.kms.katalon.core.common.CommonExecutor.accessTestCaseMainPhase(CommonExecutor.java:65)
	at com.kms.katalon.core.main.TestSuiteExecutor.accessTestSuiteMainPhase(TestSuiteExecutor.java:144)
	at com.kms.katalon.core.main.TestSuiteExecutor.execute(TestSuiteExecutor.java:106)
	at com.kms.katalon.core.main.TestCaseMain.startTestSuite(TestCaseMain.java:185)
	at com.kms.katalon.core.main.TestCaseMain$startTestSuite$0.call(Unknown Source)
	at TempTestSuite1667651445050.run(TempTestSuite1667651445050.groovy:36)


2022-11-05 19:31:07 - [TEST_STEP][NOT_RUN] - User navigate to login page: User navigate to login page

2022-11-05 19:31:07 - [MESSAGE][NOT_RUN] - User navigate to login page

2022-11-05 19:31:07 - [TEST_STEP][NOT_RUN] - User input aaaaaaa and aaaaaaa: User input aaaaaaa and aaaaaaa

2022-11-05 19:31:07 - [MESSAGE][NOT_RUN] - User input aaaaaaa and aaaaaaa

2022-11-05 19:31:07 - [TEST_STEP][NOT_RUN] - User click login button: User click login button

2022-11-05 19:31:07 - [MESSAGE][NOT_RUN] - User click login button

2022-11-05 19:31:07 - [TEST_STEP][NOT_RUN] - Error message showed: Error message showed

2022-11-05 19:31:07 - [MESSAGE][NOT_RUN] - Error message showed

2022-11-05 19:31:07 - [TEST_CASE][FAILED] - Start Test Case : SCENARIO Login with false data: SCENARIO Login with false data FAILED.
Reason:
com.kms.katalon.core.exception.StepFailedException: Unable to open browser with url: ''
	at com.kms.katalon.core.webui.keyword.internal.WebUIKeywordMain.stepFailed(WebUIKeywordMain.groovy:64)
	at com.kms.katalon.core.webui.keyword.internal.WebUIKeywordMain.runKeyword(WebUIKeywordMain.groovy:26)
	at com.kms.katalon.core.webui.keyword.builtin.OpenBrowserKeyword.openBrowser(OpenBrowserKeyword.groovy:81)
	at com.kms.katalon.core.webui.keyword.builtin.OpenBrowserKeyword.execute(OpenBrowserKeyword.groovy:67)
	at com.kms.katalon.core.keyword.internal.KeywordExecutor.executeKeywordForPlatform(KeywordExecutor.groovy:74)
	at com.kms.katalon.core.webui.keyword.WebUiBuiltInKeywords.openBrowser(WebUiBuiltInKeywords.groovy:64)
	at com.kms.katalon.core.webui.keyword.WebUiBuiltInKeywords$openBrowser.call(Unknown Source)
	at loginsteps.Navigatetoaltashophomepage(loginsteps.groovy:49)
	at ✽.Navigate to altashop homepage(C:/Users/Athif/git/MiniprojectWeb/Include/features/Positive/login.feature:30)
Caused by: org.openqa.selenium.SessionNotCreatedException: session not created: This version of ChromeDriver only supports Chrome version 105
Current browser version is 107.0.5304.88 with binary path C:\Program Files\Google\Chrome\Application\chrome.exe
Build info: version: '3.141.59', revision: 'e82be7d358', time: '2018-11-14T08:25:53'
System info: host: 'DESKTOP-HMC26PQ', ip: '192.168.56.1', os.name: 'Windows 10', os.arch: 'amd64', os.version: '10.0', java.version: '1.8.0_282'
Driver info: driver.version: CChromeDriver
remote stacktrace: Backtrace:
	Ordinal0 [0x0092DF13+2219795]
	Ordinal0 [0x008C2841+1779777]
	Ordinal0 [0x007D423D+803389]
	Ordinal0 [0x007F64AC+943276]
	Ordinal0 [0x007F19F0+924144]
	Ordinal0 [0x007EF179+913785]
	Ordinal0 [0x008236B9+1128121]
	Ordinal0 [0x0082331A+1127194]
	Ordinal0 [0x0081E616+1107478]
	Ordinal0 [0x007F7F89+950153]
	Ordinal0 [0x007F8F56+954198]
	GetHandleVerifier [0x00C22CB2+3040210]
	GetHandleVerifier [0x00C12BB4+2974420]
	GetHandleVerifier [0x009C6A0A+565546]
	GetHandleVerifier [0x009C5680+560544]
	Ordinal0 [0x008C9A5C+1808988]
	Ordinal0 [0x008CE3A8+1827752]
	Ordinal0 [0x008CE495+1827989]
	Ordinal0 [0x008D80A4+1867940]
	BaseThreadInitThunk [0x75D1FA29+25]
	RtlGetAppContainerNamedObjectPath [0x77747BBE+286]
	RtlGetAppContainerNamedObjectPath [0x77747B8E+238]

	at org.openqa.selenium.remote.W3CHandshakeResponse.lambda$errorHandler$0(W3CHandshakeResponse.java:62)
	at org.openqa.selenium.remote.HandshakeResponse.lambda$getResponseFunction$0(HandshakeResponse.java:30)
	at org.openqa.selenium.remote.ProtocolHandshake.lambda$createSession$0(ProtocolHandshake.java:126)
	at org.openqa.selenium.remote.ProtocolHandshake.createSession(ProtocolHandshake.java:128)
	at org.openqa.selenium.remote.ProtocolHandshake.createSession(ProtocolHandshake.java:74)
	at org.openqa.selenium.remote.HttpCommandExecutor.execute(HttpCommandExecutor.java:136)
	at org.openqa.selenium.remote.service.DriverCommandExecutor.execute(DriverCommandExecutor.java:83)
	at org.openqa.selenium.remote.RemoteWebDriver.execute(RemoteWebDriver.java:552)
	at com.kms.katalon.selenium.driver.CChromeDriver.execute(CChromeDriver.java:19)
	at org.openqa.selenium.remote.RemoteWebDriver.startSession(RemoteWebDriver.java:213)
	at org.openqa.selenium.remote.RemoteWebDriver.<init>(RemoteWebDriver.java:131)
	at org.openqa.selenium.chrome.ChromeDriver.<init>(ChromeDriver.java:181)
	at org.openqa.selenium.chrome.ChromeDriver.<init>(ChromeDriver.java:147)
	at com.kms.katalon.selenium.driver.CChromeDriver.<init>(CChromeDriver.java:13)
	at com.kms.katalon.core.webui.driver.DriverFactory.createNewChromeDriver(DriverFactory.java:434)
	at com.kms.katalon.core.webui.driver.DriverFactory.startNewBrowser(DriverFactory.java:367)
	at com.kms.katalon.core.webui.driver.DriverFactory.openWebDriver(DriverFactory.java:254)
	at com.kms.katalon.core.webui.keyword.builtin.OpenBrowserKeyword$_openBrowser_closure1.doCall(OpenBrowserKeyword.groovy:74)
	at com.kms.katalon.core.webui.keyword.builtin.OpenBrowserKeyword$_openBrowser_closure1.call(OpenBrowserKeyword.groovy)
	at com.kms.katalon.core.webui.keyword.internal.WebUIKeywordMain.runKeyword(WebUIKeywordMain.groovy:20)
	at com.kms.katalon.core.webui.keyword.builtin.OpenBrowserKeyword.openBrowser(OpenBrowserKeyword.groovy:81)
	at com.kms.katalon.core.webui.keyword.builtin.OpenBrowserKeyword.execute(OpenBrowserKeyword.groovy:67)
	at com.kms.katalon.core.keyword.internal.KeywordExecutor.executeKeywordForPlatform(KeywordExecutor.groovy:74)
	at com.kms.katalon.core.webui.keyword.WebUiBuiltInKeywords.openBrowser(WebUiBuiltInKeywords.groovy:64)
	at com.kms.katalon.core.webui.keyword.WebUiBuiltInKeywords$openBrowser.call(Unknown Source)
	at loginsteps.Navigatetoaltashophomepage(loginsteps.groovy:49)
	at cucumber.runtime.Utils$1.call(Utils.java:26)
	at cucumber.runtime.Timeout.timeout(Timeout.java:16)
	at cucumber.runtime.Utils.invoke(Utils.java:20)
	at cucumber.runtime.java.JavaStepDefinition.execute(JavaStepDefinition.java:48)
	at cucumber.runtime.PickleStepDefinitionMatch.runStep(PickleStepDefinitionMatch.java:50)
	at cucumber.runner.TestStep.executeStep(TestStep.java:68)
	at cucumber.runner.TestStep.run(TestStep.java:50)
	at cucumber.runner.PickleStepTestStep.run(PickleStepTestStep.java:53)
	at cucumber.runner.TestCase.run(TestCase.java:47)
	at cucumber.runner.Runner.runPickle(Runner.java:44)
	at cucumber.runtime.Runtime.runFeature(Runtime.java:120)
	at cucumber.runtime.Runtime.run(Runtime.java:106)
	at cucumber.api.cli.Main.run(Main.java:35)
	at cucumber.api.cli.Main$run.call(Unknown Source)
	at com.kms.katalon.core.cucumber.keyword.CucumberBuiltinKeywords$_runFeatureFile_closure1.doCall(CucumberBuiltinKeywords.groovy:108)
	at com.kms.katalon.core.cucumber.keyword.CucumberBuiltinKeywords$_runFeatureFile_closure1.doCall(CucumberBuiltinKeywords.groovy)
	at com.kms.katalon.core.keyword.internal.KeywordMain.runKeyword(KeywordMain.groovy:74)
	at com.kms.katalon.core.keyword.internal.KeywordMain.runKeyword(KeywordMain.groovy:68)
	at com.kms.katalon.core.keyword.internal.KeywordMain$runKeyword.call(Unknown Source)
	at com.kms.katalon.core.cucumber.keyword.CucumberBuiltinKeywords.runFeatureFile(CucumberBuiltinKeywords.groovy:75)
	at com.kms.katalon.core.cucumber.keyword.CucumberBuiltinKeywords$runFeatureFile$0.callStatic(Unknown Source)
	at com.kms.katalon.core.cucumber.keyword.CucumberBuiltinKeywords.runFeatureFile(CucumberBuiltinKeywords.groovy:248)
	at com.kms.katalon.core.cucumber.keyword.CucumberBuiltinKeywords$runFeatureFile.call(Unknown Source)
	at Feature File.run(Feature File:20)
	at com.kms.katalon.core.main.ScriptEngine.run(ScriptEngine.java:194)
	at com.kms.katalon.core.main.ScriptEngine.runScriptAsRawText(ScriptEngine.java:119)
	at com.kms.katalon.core.main.TestCaseExecutor.runScript(TestCaseExecutor.java:445)
	at com.kms.katalon.core.main.TestCaseExecutor.doExecute(TestCaseExecutor.java:436)
	at com.kms.katalon.core.main.TestCaseExecutor.processExecutionPhase(TestCaseExecutor.java:415)
	at com.kms.katalon.core.main.TestCaseExecutor.accessMainPhase(TestCaseExecutor.java:407)
	at com.kms.katalon.core.main.TestCaseExecutor.execute(TestCaseExecutor.java:284)
	at com.kms.katalon.core.common.CommonExecutor.accessTestCaseMainPhase(CommonExecutor.java:65)
	at com.kms.katalon.core.main.TestSuiteExecutor.accessTestSuiteMainPhase(TestSuiteExecutor.java:144)
	at com.kms.katalon.core.main.TestSuiteExecutor.execute(TestSuiteExecutor.java:106)
	at com.kms.katalon.core.main.TestCaseMain.startTestSuite(TestCaseMain.java:185)
	at com.kms.katalon.core.main.TestCaseMain$startTestSuite$0.call(Unknown Source)
	at TempTestSuite1667651445050.run(TempTestSuite1667651445050.groovy:36)


2022-11-05 19:31:07 - [TEST_STEP][FAILED] - Navigate to altashop homepage: Navigate to altashop homepage FAILED.
Reason:
com.kms.katalon.core.exception.StepFailedException: Unable to open browser with url: ''
	at com.kms.katalon.core.webui.keyword.internal.WebUIKeywordMain.stepFailed(WebUIKeywordMain.groovy:64)
	at com.kms.katalon.core.webui.keyword.internal.WebUIKeywordMain.runKeyword(WebUIKeywordMain.groovy:26)
	at com.kms.katalon.core.webui.keyword.builtin.OpenBrowserKeyword.openBrowser(OpenBrowserKeyword.groovy:81)
	at com.kms.katalon.core.webui.keyword.builtin.OpenBrowserKeyword.execute(OpenBrowserKeyword.groovy:67)
	at com.kms.katalon.core.keyword.internal.KeywordExecutor.executeKeywordForPlatform(KeywordExecutor.groovy:74)
	at com.kms.katalon.core.webui.keyword.WebUiBuiltInKeywords.openBrowser(WebUiBuiltInKeywords.groovy:64)
	at com.kms.katalon.core.webui.keyword.WebUiBuiltInKeywords$openBrowser.call(Unknown Source)
	at loginsteps.Navigatetoaltashophomepage(loginsteps.groovy:49)
	at ✽.Navigate to altashop homepage(C:/Users/Athif/git/MiniprojectWeb/Include/features/Positive/login.feature:30)
Caused by: org.openqa.selenium.SessionNotCreatedException: session not created: This version of ChromeDriver only supports Chrome version 105
Current browser version is 107.0.5304.88 with binary path C:\Program Files\Google\Chrome\Application\chrome.exe
Build info: version: '3.141.59', revision: 'e82be7d358', time: '2018-11-14T08:25:53'
System info: host: 'DESKTOP-HMC26PQ', ip: '192.168.56.1', os.name: 'Windows 10', os.arch: 'amd64', os.version: '10.0', java.version: '1.8.0_282'
Driver info: driver.version: CChromeDriver
remote stacktrace: Backtrace:
	Ordinal0 [0x0092DF13+2219795]
	Ordinal0 [0x008C2841+1779777]
	Ordinal0 [0x007D423D+803389]
	Ordinal0 [0x007F64AC+943276]
	Ordinal0 [0x007F19F0+924144]
	Ordinal0 [0x007EF179+913785]
	Ordinal0 [0x008236B9+1128121]
	Ordinal0 [0x0082331A+1127194]
	Ordinal0 [0x0081E616+1107478]
	Ordinal0 [0x007F7F89+950153]
	Ordinal0 [0x007F8F56+954198]
	GetHandleVerifier [0x00C22CB2+3040210]
	GetHandleVerifier [0x00C12BB4+2974420]
	GetHandleVerifier [0x009C6A0A+565546]
	GetHandleVerifier [0x009C5680+560544]
	Ordinal0 [0x008C9A5C+1808988]
	Ordinal0 [0x008CE3A8+1827752]
	Ordinal0 [0x008CE495+1827989]
	Ordinal0 [0x008D80A4+1867940]
	BaseThreadInitThunk [0x75D1FA29+25]
	RtlGetAppContainerNamedObjectPath [0x77747BBE+286]
	RtlGetAppContainerNamedObjectPath [0x77747B8E+238]

	at org.openqa.selenium.remote.W3CHandshakeResponse.lambda$errorHandler$0(W3CHandshakeResponse.java:62)
	at org.openqa.selenium.remote.HandshakeResponse.lambda$getResponseFunction$0(HandshakeResponse.java:30)
	at org.openqa.selenium.remote.ProtocolHandshake.lambda$createSession$0(ProtocolHandshake.java:126)
	at org.openqa.selenium.remote.ProtocolHandshake.createSession(ProtocolHandshake.java:128)
	at org.openqa.selenium.remote.ProtocolHandshake.createSession(ProtocolHandshake.java:74)
	at org.openqa.selenium.remote.HttpCommandExecutor.execute(HttpCommandExecutor.java:136)
	at org.openqa.selenium.remote.service.DriverCommandExecutor.execute(DriverCommandExecutor.java:83)
	at org.openqa.selenium.remote.RemoteWebDriver.execute(RemoteWebDriver.java:552)
	at com.kms.katalon.selenium.driver.CChromeDriver.execute(CChromeDriver.java:19)
	at org.openqa.selenium.remote.RemoteWebDriver.startSession(RemoteWebDriver.java:213)
	at org.openqa.selenium.remote.RemoteWebDriver.<init>(RemoteWebDriver.java:131)
	at org.openqa.selenium.chrome.ChromeDriver.<init>(ChromeDriver.java:181)
	at org.openqa.selenium.chrome.ChromeDriver.<init>(ChromeDriver.java:147)
	at com.kms.katalon.selenium.driver.CChromeDriver.<init>(CChromeDriver.java:13)
	at com.kms.katalon.core.webui.driver.DriverFactory.createNewChromeDriver(DriverFactory.java:434)
	at com.kms.katalon.core.webui.driver.DriverFactory.startNewBrowser(DriverFactory.java:367)
	at com.kms.katalon.core.webui.driver.DriverFactory.openWebDriver(DriverFactory.java:254)
	at com.kms.katalon.core.webui.keyword.builtin.OpenBrowserKeyword$_openBrowser_closure1.doCall(OpenBrowserKeyword.groovy:74)
	at com.kms.katalon.core.webui.keyword.builtin.OpenBrowserKeyword$_openBrowser_closure1.call(OpenBrowserKeyword.groovy)
	at com.kms.katalon.core.webui.keyword.internal.WebUIKeywordMain.runKeyword(WebUIKeywordMain.groovy:20)
	at com.kms.katalon.core.webui.keyword.builtin.OpenBrowserKeyword.openBrowser(OpenBrowserKeyword.groovy:81)
	at com.kms.katalon.core.webui.keyword.builtin.OpenBrowserKeyword.execute(OpenBrowserKeyword.groovy:67)
	at com.kms.katalon.core.keyword.internal.KeywordExecutor.executeKeywordForPlatform(KeywordExecutor.groovy:74)
	at com.kms.katalon.core.webui.keyword.WebUiBuiltInKeywords.openBrowser(WebUiBuiltInKeywords.groovy:64)
	at com.kms.katalon.core.webui.keyword.WebUiBuiltInKeywords$openBrowser.call(Unknown Source)
	at loginsteps.Navigatetoaltashophomepage(loginsteps.groovy:49)
	at cucumber.runtime.Utils$1.call(Utils.java:26)
	at cucumber.runtime.Timeout.timeout(Timeout.java:16)
	at cucumber.runtime.Utils.invoke(Utils.java:20)
	at cucumber.runtime.java.JavaStepDefinition.execute(JavaStepDefinition.java:48)
	at cucumber.runtime.PickleStepDefinitionMatch.runStep(PickleStepDefinitionMatch.java:50)
	at cucumber.runner.TestStep.executeStep(TestStep.java:68)
	at cucumber.runner.TestStep.run(TestStep.java:50)
	at cucumber.runner.PickleStepTestStep.run(PickleStepTestStep.java:53)
	at cucumber.runner.TestCase.run(TestCase.java:47)
	at cucumber.runner.Runner.runPickle(Runner.java:44)
	at cucumber.runtime.Runtime.runFeature(Runtime.java:120)
	at cucumber.runtime.Runtime.run(Runtime.java:106)
	at cucumber.api.cli.Main.run(Main.java:35)
	at cucumber.api.cli.Main$run.call(Unknown Source)
	at com.kms.katalon.core.cucumber.keyword.CucumberBuiltinKeywords$_runFeatureFile_closure1.doCall(CucumberBuiltinKeywords.groovy:108)
	at com.kms.katalon.core.cucumber.keyword.CucumberBuiltinKeywords$_runFeatureFile_closure1.doCall(CucumberBuiltinKeywords.groovy)
	at com.kms.katalon.core.keyword.internal.KeywordMain.runKeyword(KeywordMain.groovy:74)
	at com.kms.katalon.core.keyword.internal.KeywordMain.runKeyword(KeywordMain.groovy:68)
	at com.kms.katalon.core.keyword.internal.KeywordMain$runKeyword.call(Unknown Source)
	at com.kms.katalon.core.cucumber.keyword.CucumberBuiltinKeywords.runFeatureFile(CucumberBuiltinKeywords.groovy:75)
	at com.kms.katalon.core.cucumber.keyword.CucumberBuiltinKeywords$runFeatureFile$0.callStatic(Unknown Source)
	at com.kms.katalon.core.cucumber.keyword.CucumberBuiltinKeywords.runFeatureFile(CucumberBuiltinKeywords.groovy:248)
	at com.kms.katalon.core.cucumber.keyword.CucumberBuiltinKeywords$runFeatureFile.call(Unknown Source)
	at Feature File.run(Feature File:20)
	at com.kms.katalon.core.main.ScriptEngine.run(ScriptEngine.java:194)
	at com.kms.katalon.core.main.ScriptEngine.runScriptAsRawText(ScriptEngine.java:119)
	at com.kms.katalon.core.main.TestCaseExecutor.runScript(TestCaseExecutor.java:445)
	at com.kms.katalon.core.main.TestCaseExecutor.doExecute(TestCaseExecutor.java:436)
	at com.kms.katalon.core.main.TestCaseExecutor.processExecutionPhase(TestCaseExecutor.java:415)
	at com.kms.katalon.core.main.TestCaseExecutor.accessMainPhase(TestCaseExecutor.java:407)
	at com.kms.katalon.core.main.TestCaseExecutor.execute(TestCaseExecutor.java:284)
	at com.kms.katalon.core.common.CommonExecutor.accessTestCaseMainPhase(CommonExecutor.java:65)
	at com.kms.katalon.core.main.TestSuiteExecutor.accessTestSuiteMainPhase(TestSuiteExecutor.java:144)
	at com.kms.katalon.core.main.TestSuiteExecutor.execute(TestSuiteExecutor.java:106)
	at com.kms.katalon.core.main.TestCaseMain.startTestSuite(TestCaseMain.java:185)
	at com.kms.katalon.core.main.TestCaseMain$startTestSuite$0.call(Unknown Source)
	at TempTestSuite1667651445050.run(TempTestSuite1667651445050.groovy:36)


2022-11-05 19:31:07 - [MESSAGE][INFO] - Starting 'Chrome' driver

2022-11-05 19:31:07 - [MESSAGE][INFO] - Action delay is set to 0 milliseconds

2022-11-05 19:31:09 - [MESSAGE][FAILED] - Unable to open browser with url: '' (Root cause: com.kms.katalon.core.exception.StepFailedException: Unable to open browser with url: ''
	at com.kms.katalon.core.webui.keyword.internal.WebUIKeywordMain.stepFailed(WebUIKeywordMain.groovy:64)
	at com.kms.katalon.core.webui.keyword.internal.WebUIKeywordMain.runKeyword(WebUIKeywordMain.groovy:26)
	at com.kms.katalon.core.webui.keyword.builtin.OpenBrowserKeyword.openBrowser(OpenBrowserKeyword.groovy:81)
	at com.kms.katalon.core.webui.keyword.builtin.OpenBrowserKeyword.execute(OpenBrowserKeyword.groovy:67)
	at com.kms.katalon.core.keyword.internal.KeywordExecutor.executeKeywordForPlatform(KeywordExecutor.groovy:74)
	at com.kms.katalon.core.webui.keyword.WebUiBuiltInKeywords.openBrowser(WebUiBuiltInKeywords.groovy:64)
	at com.kms.katalon.core.webui.keyword.WebUiBuiltInKeywords$openBrowser.call(Unknown Source)
	at loginsteps.Navigatetoaltashophomepage(loginsteps.groovy:49)
	at cucumber.runtime.Utils$1.call(Utils.java:26)
	at cucumber.runtime.Timeout.timeout(Timeout.java:16)
	at cucumber.runtime.Utils.invoke(Utils.java:20)
	at cucumber.runtime.java.JavaStepDefinition.execute(JavaStepDefinition.java:48)
	at cucumber.runtime.PickleStepDefinitionMatch.runStep(PickleStepDefinitionMatch.java:50)
	at cucumber.runner.TestStep.executeStep(TestStep.java:68)
	at cucumber.runner.TestStep.run(TestStep.java:50)
	at cucumber.runner.PickleStepTestStep.run(PickleStepTestStep.java:53)
	at cucumber.runner.TestCase.run(TestCase.java:47)
	at cucumber.runner.Runner.runPickle(Runner.java:44)
	at cucumber.runtime.Runtime.runFeature(Runtime.java:120)
	at cucumber.runtime.Runtime.run(Runtime.java:106)
	at cucumber.api.cli.Main.run(Main.java:35)
	at cucumber.api.cli.Main$run.call(Unknown Source)
	at com.kms.katalon.core.cucumber.keyword.CucumberBuiltinKeywords$_runFeatureFile_closure1.doCall(CucumberBuiltinKeywords.groovy:108)
	at com.kms.katalon.core.cucumber.keyword.CucumberBuiltinKeywords$_runFeatureFile_closure1.doCall(CucumberBuiltinKeywords.groovy)
	at com.kms.katalon.core.keyword.internal.KeywordMain.runKeyword(KeywordMain.groovy:74)
	at com.kms.katalon.core.keyword.internal.KeywordMain.runKeyword(KeywordMain.groovy:68)
	at com.kms.katalon.core.keyword.internal.KeywordMain$runKeyword.call(Unknown Source)
	at com.kms.katalon.core.cucumber.keyword.CucumberBuiltinKeywords.runFeatureFile(CucumberBuiltinKeywords.groovy:75)
	at com.kms.katalon.core.cucumber.keyword.CucumberBuiltinKeywords$runFeatureFile$0.callStatic(Unknown Source)
	at com.kms.katalon.core.cucumber.keyword.CucumberBuiltinKeywords.runFeatureFile(CucumberBuiltinKeywords.groovy:248)
	at com.kms.katalon.core.cucumber.keyword.CucumberBuiltinKeywords$runFeatureFile.call(Unknown Source)
	at Feature File.run(Feature File:20)
	at com.kms.katalon.core.main.ScriptEngine.run(ScriptEngine.java:194)
	at com.kms.katalon.core.main.ScriptEngine.runScriptAsRawText(ScriptEngine.java:119)
	at com.kms.katalon.core.main.TestCaseExecutor.runScript(TestCaseExecutor.java:445)
	at com.kms.katalon.core.main.TestCaseExecutor.doExecute(TestCaseExecutor.java:436)
	at com.kms.katalon.core.main.TestCaseExecutor.processExecutionPhase(TestCaseExecutor.java:415)
	at com.kms.katalon.core.main.TestCaseExecutor.accessMainPhase(TestCaseExecutor.java:407)
	at com.kms.katalon.core.main.TestCaseExecutor.execute(TestCaseExecutor.java:284)
	at com.kms.katalon.core.common.CommonExecutor.accessTestCaseMainPhase(CommonExecutor.java:65)
	at com.kms.katalon.core.main.TestSuiteExecutor.accessTestSuiteMainPhase(TestSuiteExecutor.java:144)
	at com.kms.katalon.core.main.TestSuiteExecutor.execute(TestSuiteExecutor.java:106)
	at com.kms.katalon.core.main.TestCaseMain.startTestSuite(TestCaseMain.java:185)
	at com.kms.katalon.core.main.TestCaseMain$startTestSuite$0.call(Unknown Source)
	at TempTestSuite1667651445050.run(TempTestSuite1667651445050.groovy:36)
Caused by: org.openqa.selenium.SessionNotCreatedException: session not created: This version of ChromeDriver only supports Chrome version 105
Current browser version is 107.0.5304.88 with binary path C:\Program Files\Google\Chrome\Application\chrome.exe
Build info: version: '3.141.59', revision: 'e82be7d358', time: '2018-11-14T08:25:53'
System info: host: 'DESKTOP-HMC26PQ', ip: '192.168.56.1', os.name: 'Windows 10', os.arch: 'amd64', os.version: '10.0', java.version: '1.8.0_282'
Driver info: driver.version: CChromeDriver
remote stacktrace: Backtrace:
	Ordinal0 [0x0092DF13+2219795]
	Ordinal0 [0x008C2841+1779777]
	Ordinal0 [0x007D423D+803389]
	Ordinal0 [0x007F64AC+943276]
	Ordinal0 [0x007F19F0+924144]
	Ordinal0 [0x007EF179+913785]
	Ordinal0 [0x008236B9+1128121]
	Ordinal0 [0x0082331A+1127194]
	Ordinal0 [0x0081E616+1107478]
	Ordinal0 [0x007F7F89+950153]
	Ordinal0 [0x007F8F56+954198]
	GetHandleVerifier [0x00C22CB2+3040210]
	GetHandleVerifier [0x00C12BB4+2974420]
	GetHandleVerifier [0x009C6A0A+565546]
	GetHandleVerifier [0x009C5680+560544]
	Ordinal0 [0x008C9A5C+1808988]
	Ordinal0 [0x008CE3A8+1827752]
	Ordinal0 [0x008CE495+1827989]
	Ordinal0 [0x008D80A4+1867940]
	BaseThreadInitThunk [0x75D1FA29+25]
	RtlGetAppContainerNamedObjectPath [0x77747BBE+286]
	RtlGetAppContainerNamedObjectPath [0x77747B8E+238]

	at org.openqa.selenium.remote.W3CHandshakeResponse.lambda$errorHandler$0(W3CHandshakeResponse.java:62)
	at org.openqa.selenium.remote.HandshakeResponse.lambda$getResponseFunction$0(HandshakeResponse.java:30)
	at org.openqa.selenium.remote.ProtocolHandshake.lambda$createSession$0(ProtocolHandshake.java:126)
	at org.openqa.selenium.remote.ProtocolHandshake.createSession(ProtocolHandshake.java:128)
	at org.openqa.selenium.remote.ProtocolHandshake.createSession(ProtocolHandshake.java:74)
	at org.openqa.selenium.remote.HttpCommandExecutor.execute(HttpCommandExecutor.java:136)
	at org.openqa.selenium.remote.service.DriverCommandExecutor.execute(DriverCommandExecutor.java:83)
	at org.openqa.selenium.remote.RemoteWebDriver.execute(RemoteWebDriver.java:552)
	at com.kms.katalon.selenium.driver.CChromeDriver.execute(CChromeDriver.java:19)
	at org.openqa.selenium.remote.RemoteWebDriver.startSession(RemoteWebDriver.java:213)
	at org.openqa.selenium.remote.RemoteWebDriver.<init>(RemoteWebDriver.java:131)
	at org.openqa.selenium.chrome.ChromeDriver.<init>(ChromeDriver.java:181)
	at org.openqa.selenium.chrome.ChromeDriver.<init>(ChromeDriver.java:147)
	at com.kms.katalon.selenium.driver.CChromeDriver.<init>(CChromeDriver.java:13)
	at com.kms.katalon.core.webui.driver.DriverFactory.createNewChromeDriver(DriverFactory.java:434)
	at com.kms.katalon.core.webui.driver.DriverFactory.startNewBrowser(DriverFactory.java:367)
	at com.kms.katalon.core.webui.driver.DriverFactory.openWebDriver(DriverFactory.java:254)
	at com.kms.katalon.core.webui.keyword.builtin.OpenBrowserKeyword$_openBrowser_closure1.doCall(OpenBrowserKeyword.groovy:74)
	at com.kms.katalon.core.webui.keyword.builtin.OpenBrowserKeyword$_openBrowser_closure1.call(OpenBrowserKeyword.groovy)
	at com.kms.katalon.core.webui.keyword.internal.WebUIKeywordMain.runKeyword(WebUIKeywordMain.groovy:20)
	at com.kms.katalon.core.webui.keyword.builtin.OpenBrowserKeyword.openBrowser(OpenBrowserKeyword.groovy:81)
	at com.kms.katalon.core.webui.keyword.builtin.OpenBrowserKeyword.execute(OpenBrowserKeyword.groovy:67)
	at com.kms.katalon.core.keyword.internal.KeywordExecutor.executeKeywordForPlatform(KeywordExecutor.groovy:74)
	at com.kms.katalon.core.webui.keyword.WebUiBuiltInKeywords.openBrowser(WebUiBuiltInKeywords.groovy:64)
	at com.kms.katalon.core.webui.keyword.WebUiBuiltInKeywords$openBrowser.call(Unknown Source)
	at loginsteps.Navigatetoaltashophomepage(loginsteps.groovy:49)
	at cucumber.runtime.Utils$1.call(Utils.java:26)
	at cucumber.runtime.Timeout.timeout(Timeout.java:16)
	at cucumber.runtime.Utils.invoke(Utils.java:20)
	at cucumber.runtime.java.JavaStepDefinition.execute(JavaStepDefinition.java:48)
	at cucumber.runtime.PickleStepDefinitionMatch.runStep(PickleStepDefinitionMatch.java:50)
	at cucumber.runner.TestStep.executeStep(TestStep.java:68)
	at cucumber.runner.TestStep.run(TestStep.java:50)
	at cucumber.runner.PickleStepTestStep.run(PickleStepTestStep.java:53)
	at cucumber.runner.TestCase.run(TestCase.java:47)
	at cucumber.runner.Runner.runPickle(Runner.java:44)
	at cucumber.runtime.Runtime.runFeature(Runtime.java:120)
	at cucumber.runtime.Runtime.run(Runtime.java:106)
	at cucumber.api.cli.Main.run(Main.java:35)
	at cucumber.api.cli.Main$run.call(Unknown Source)
	at com.kms.katalon.core.cucumber.keyword.CucumberBuiltinKeywords$_runFeatureFile_closure1.doCall(CucumberBuiltinKeywords.groovy:108)
	at com.kms.katalon.core.cucumber.keyword.CucumberBuiltinKeywords$_runFeatureFile_closure1.doCall(CucumberBuiltinKeywords.groovy)
	at com.kms.katalon.core.keyword.internal.KeywordMain.runKeyword(KeywordMain.groovy:74)
	at com.kms.katalon.core.keyword.internal.KeywordMain.runKeyword(KeywordMain.groovy:68)
	at com.kms.katalon.core.keyword.internal.KeywordMain$runKeyword.call(Unknown Source)
	at com.kms.katalon.core.cucumber.keyword.CucumberBuiltinKeywords.runFeatureFile(CucumberBuiltinKeywords.groovy:75)
	at com.kms.katalon.core.cucumber.keyword.CucumberBuiltinKeywords$runFeatureFile$0.callStatic(Unknown Source)
	at com.kms.katalon.core.cucumber.keyword.CucumberBuiltinKeywords.runFeatureFile(CucumberBuiltinKeywords.groovy:248)
	at com.kms.katalon.core.cucumber.keyword.CucumberBuiltinKeywords$runFeatureFile.call(Unknown Source)
	at Script1667275976583.run(Script1667275976583.groovy:20)
	... 13 more
)

2022-11-05 19:31:09 - [MESSAGE][FAILED] - Navigate to altashop homepage FAILED.
Reason:
com.kms.katalon.core.exception.StepFailedException: Unable to open browser with url: ''
	at com.kms.katalon.core.webui.keyword.internal.WebUIKeywordMain.stepFailed(WebUIKeywordMain.groovy:64)
	at com.kms.katalon.core.webui.keyword.internal.WebUIKeywordMain.runKeyword(WebUIKeywordMain.groovy:26)
	at com.kms.katalon.core.webui.keyword.builtin.OpenBrowserKeyword.openBrowser(OpenBrowserKeyword.groovy:81)
	at com.kms.katalon.core.webui.keyword.builtin.OpenBrowserKeyword.execute(OpenBrowserKeyword.groovy:67)
	at com.kms.katalon.core.keyword.internal.KeywordExecutor.executeKeywordForPlatform(KeywordExecutor.groovy:74)
	at com.kms.katalon.core.webui.keyword.WebUiBuiltInKeywords.openBrowser(WebUiBuiltInKeywords.groovy:64)
	at com.kms.katalon.core.webui.keyword.WebUiBuiltInKeywords$openBrowser.call(Unknown Source)
	at loginsteps.Navigatetoaltashophomepage(loginsteps.groovy:49)
	at ✽.Navigate to altashop homepage(C:/Users/Athif/git/MiniprojectWeb/Include/features/Positive/login.feature:30)
Caused by: org.openqa.selenium.SessionNotCreatedException: session not created: This version of ChromeDriver only supports Chrome version 105
Current browser version is 107.0.5304.88 with binary path C:\Program Files\Google\Chrome\Application\chrome.exe
Build info: version: '3.141.59', revision: 'e82be7d358', time: '2018-11-14T08:25:53'
System info: host: 'DESKTOP-HMC26PQ', ip: '192.168.56.1', os.name: 'Windows 10', os.arch: 'amd64', os.version: '10.0', java.version: '1.8.0_282'
Driver info: driver.version: CChromeDriver
remote stacktrace: Backtrace:
	Ordinal0 [0x0092DF13+2219795]
	Ordinal0 [0x008C2841+1779777]
	Ordinal0 [0x007D423D+803389]
	Ordinal0 [0x007F64AC+943276]
	Ordinal0 [0x007F19F0+924144]
	Ordinal0 [0x007EF179+913785]
	Ordinal0 [0x008236B9+1128121]
	Ordinal0 [0x0082331A+1127194]
	Ordinal0 [0x0081E616+1107478]
	Ordinal0 [0x007F7F89+950153]
	Ordinal0 [0x007F8F56+954198]
	GetHandleVerifier [0x00C22CB2+3040210]
	GetHandleVerifier [0x00C12BB4+2974420]
	GetHandleVerifier [0x009C6A0A+565546]
	GetHandleVerifier [0x009C5680+560544]
	Ordinal0 [0x008C9A5C+1808988]
	Ordinal0 [0x008CE3A8+1827752]
	Ordinal0 [0x008CE495+1827989]
	Ordinal0 [0x008D80A4+1867940]
	BaseThreadInitThunk [0x75D1FA29+25]
	RtlGetAppContainerNamedObjectPath [0x77747BBE+286]
	RtlGetAppContainerNamedObjectPath [0x77747B8E+238]

	at org.openqa.selenium.remote.W3CHandshakeResponse.lambda$errorHandler$0(W3CHandshakeResponse.java:62)
	at org.openqa.selenium.remote.HandshakeResponse.lambda$getResponseFunction$0(HandshakeResponse.java:30)
	at org.openqa.selenium.remote.ProtocolHandshake.lambda$createSession$0(ProtocolHandshake.java:126)
	at org.openqa.selenium.remote.ProtocolHandshake.createSession(ProtocolHandshake.java:128)
	at org.openqa.selenium.remote.ProtocolHandshake.createSession(ProtocolHandshake.java:74)
	at org.openqa.selenium.remote.HttpCommandExecutor.execute(HttpCommandExecutor.java:136)
	at org.openqa.selenium.remote.service.DriverCommandExecutor.execute(DriverCommandExecutor.java:83)
	at org.openqa.selenium.remote.RemoteWebDriver.execute(RemoteWebDriver.java:552)
	at com.kms.katalon.selenium.driver.CChromeDriver.execute(CChromeDriver.java:19)
	at org.openqa.selenium.remote.RemoteWebDriver.startSession(RemoteWebDriver.java:213)
	at org.openqa.selenium.remote.RemoteWebDriver.<init>(RemoteWebDriver.java:131)
	at org.openqa.selenium.chrome.ChromeDriver.<init>(ChromeDriver.java:181)
	at org.openqa.selenium.chrome.ChromeDriver.<init>(ChromeDriver.java:147)
	at com.kms.katalon.selenium.driver.CChromeDriver.<init>(CChromeDriver.java:13)
	at com.kms.katalon.core.webui.driver.DriverFactory.createNewChromeDriver(DriverFactory.java:434)
	at com.kms.katalon.core.webui.driver.DriverFactory.startNewBrowser(DriverFactory.java:367)
	at com.kms.katalon.core.webui.driver.DriverFactory.openWebDriver(DriverFactory.java:254)
	at com.kms.katalon.core.webui.keyword.builtin.OpenBrowserKeyword$_openBrowser_closure1.doCall(OpenBrowserKeyword.groovy:74)
	at com.kms.katalon.core.webui.keyword.builtin.OpenBrowserKeyword$_openBrowser_closure1.call(OpenBrowserKeyword.groovy)
	at com.kms.katalon.core.webui.keyword.internal.WebUIKeywordMain.runKeyword(WebUIKeywordMain.groovy:20)
	at com.kms.katalon.core.webui.keyword.builtin.OpenBrowserKeyword.openBrowser(OpenBrowserKeyword.groovy:81)
	at com.kms.katalon.core.webui.keyword.builtin.OpenBrowserKeyword.execute(OpenBrowserKeyword.groovy:67)
	at com.kms.katalon.core.keyword.internal.KeywordExecutor.executeKeywordForPlatform(KeywordExecutor.groovy:74)
	at com.kms.katalon.core.webui.keyword.WebUiBuiltInKeywords.openBrowser(WebUiBuiltInKeywords.groovy:64)
	at com.kms.katalon.core.webui.keyword.WebUiBuiltInKeywords$openBrowser.call(Unknown Source)
	at loginsteps.Navigatetoaltashophomepage(loginsteps.groovy:49)
	at cucumber.runtime.Utils$1.call(Utils.java:26)
	at cucumber.runtime.Timeout.timeout(Timeout.java:16)
	at cucumber.runtime.Utils.invoke(Utils.java:20)
	at cucumber.runtime.java.JavaStepDefinition.execute(JavaStepDefinition.java:48)
	at cucumber.runtime.PickleStepDefinitionMatch.runStep(PickleStepDefinitionMatch.java:50)
	at cucumber.runner.TestStep.executeStep(TestStep.java:68)
	at cucumber.runner.TestStep.run(TestStep.java:50)
	at cucumber.runner.PickleStepTestStep.run(PickleStepTestStep.java:53)
	at cucumber.runner.TestCase.run(TestCase.java:47)
	at cucumber.runner.Runner.runPickle(Runner.java:44)
	at cucumber.runtime.Runtime.runFeature(Runtime.java:120)
	at cucumber.runtime.Runtime.run(Runtime.java:106)
	at cucumber.api.cli.Main.run(Main.java:35)
	at cucumber.api.cli.Main$run.call(Unknown Source)
	at com.kms.katalon.core.cucumber.keyword.CucumberBuiltinKeywords$_runFeatureFile_closure1.doCall(CucumberBuiltinKeywords.groovy:108)
	at com.kms.katalon.core.cucumber.keyword.CucumberBuiltinKeywords$_runFeatureFile_closure1.doCall(CucumberBuiltinKeywords.groovy)
	at com.kms.katalon.core.keyword.internal.KeywordMain.runKeyword(KeywordMain.groovy:74)
	at com.kms.katalon.core.keyword.internal.KeywordMain.runKeyword(KeywordMain.groovy:68)
	at com.kms.katalon.core.keyword.internal.KeywordMain$runKeyword.call(Unknown Source)
	at com.kms.katalon.core.cucumber.keyword.CucumberBuiltinKeywords.runFeatureFile(CucumberBuiltinKeywords.groovy:75)
	at com.kms.katalon.core.cucumber.keyword.CucumberBuiltinKeywords$runFeatureFile$0.callStatic(Unknown Source)
	at com.kms.katalon.core.cucumber.keyword.CucumberBuiltinKeywords.runFeatureFile(CucumberBuiltinKeywords.groovy:248)
	at com.kms.katalon.core.cucumber.keyword.CucumberBuiltinKeywords$runFeatureFile.call(Unknown Source)
	at Feature File.run(Feature File:20)
	at com.kms.katalon.core.main.ScriptEngine.run(ScriptEngine.java:194)
	at com.kms.katalon.core.main.ScriptEngine.runScriptAsRawText(ScriptEngine.java:119)
	at com.kms.katalon.core.main.TestCaseExecutor.runScript(TestCaseExecutor.java:445)
	at com.kms.katalon.core.main.TestCaseExecutor.doExecute(TestCaseExecutor.java:436)
	at com.kms.katalon.core.main.TestCaseExecutor.processExecutionPhase(TestCaseExecutor.java:415)
	at com.kms.katalon.core.main.TestCaseExecutor.accessMainPhase(TestCaseExecutor.java:407)
	at com.kms.katalon.core.main.TestCaseExecutor.execute(TestCaseExecutor.java:284)
	at com.kms.katalon.core.common.CommonExecutor.accessTestCaseMainPhase(CommonExecutor.java:65)
	at com.kms.katalon.core.main.TestSuiteExecutor.accessTestSuiteMainPhase(TestSuiteExecutor.java:144)
	at com.kms.katalon.core.main.TestSuiteExecutor.execute(TestSuiteExecutor.java:106)
	at com.kms.katalon.core.main.TestCaseMain.startTestSuite(TestCaseMain.java:185)
	at com.kms.katalon.core.main.TestCaseMain$startTestSuite$0.call(Unknown Source)
	at TempTestSuite1667651445050.run(TempTestSuite1667651445050.groovy:36)


2022-11-05 19:31:09 - [TEST_STEP][NOT_RUN] - User navigate to login page: User navigate to login page

2022-11-05 19:31:09 - [MESSAGE][NOT_RUN] - User navigate to login page

2022-11-05 19:31:09 - [TEST_STEP][NOT_RUN] - User input  and zack123: User input  and zack123

2022-11-05 19:31:09 - [MESSAGE][NOT_RUN] - User input  and zack123

2022-11-05 19:31:09 - [TEST_STEP][NOT_RUN] - User click login button: User click login button

2022-11-05 19:31:09 - [MESSAGE][NOT_RUN] - User click login button

2022-11-05 19:31:09 - [TEST_STEP][NOT_RUN] - Error message showed: Error message showed

2022-11-05 19:31:09 - [MESSAGE][NOT_RUN] - Error message showed

2022-11-05 19:31:09 - [TEST_CASE][FAILED] - Start Test Case : SCENARIO Login with false data: SCENARIO Login with false data FAILED.
Reason:
com.kms.katalon.core.exception.StepFailedException: Unable to open browser with url: ''
	at com.kms.katalon.core.webui.keyword.internal.WebUIKeywordMain.stepFailed(WebUIKeywordMain.groovy:64)
	at com.kms.katalon.core.webui.keyword.internal.WebUIKeywordMain.runKeyword(WebUIKeywordMain.groovy:26)
	at com.kms.katalon.core.webui.keyword.builtin.OpenBrowserKeyword.openBrowser(OpenBrowserKeyword.groovy:81)
	at com.kms.katalon.core.webui.keyword.builtin.OpenBrowserKeyword.execute(OpenBrowserKeyword.groovy:67)
	at com.kms.katalon.core.keyword.internal.KeywordExecutor.executeKeywordForPlatform(KeywordExecutor.groovy:74)
	at com.kms.katalon.core.webui.keyword.WebUiBuiltInKeywords.openBrowser(WebUiBuiltInKeywords.groovy:64)
	at com.kms.katalon.core.webui.keyword.WebUiBuiltInKeywords$openBrowser.call(Unknown Source)
	at loginsteps.Navigatetoaltashophomepage(loginsteps.groovy:49)
	at ✽.Navigate to altashop homepage(C:/Users/Athif/git/MiniprojectWeb/Include/features/Positive/login.feature:30)
Caused by: org.openqa.selenium.SessionNotCreatedException: session not created: This version of ChromeDriver only supports Chrome version 105
Current browser version is 107.0.5304.88 with binary path C:\Program Files\Google\Chrome\Application\chrome.exe
Build info: version: '3.141.59', revision: 'e82be7d358', time: '2018-11-14T08:25:53'
System info: host: 'DESKTOP-HMC26PQ', ip: '192.168.56.1', os.name: 'Windows 10', os.arch: 'amd64', os.version: '10.0', java.version: '1.8.0_282'
Driver info: driver.version: CChromeDriver
remote stacktrace: Backtrace:
	Ordinal0 [0x0092DF13+2219795]
	Ordinal0 [0x008C2841+1779777]
	Ordinal0 [0x007D423D+803389]
	Ordinal0 [0x007F64AC+943276]
	Ordinal0 [0x007F19F0+924144]
	Ordinal0 [0x007EF179+913785]
	Ordinal0 [0x008236B9+1128121]
	Ordinal0 [0x0082331A+1127194]
	Ordinal0 [0x0081E616+1107478]
	Ordinal0 [0x007F7F89+950153]
	Ordinal0 [0x007F8F56+954198]
	GetHandleVerifier [0x00C22CB2+3040210]
	GetHandleVerifier [0x00C12BB4+2974420]
	GetHandleVerifier [0x009C6A0A+565546]
	GetHandleVerifier [0x009C5680+560544]
	Ordinal0 [0x008C9A5C+1808988]
	Ordinal0 [0x008CE3A8+1827752]
	Ordinal0 [0x008CE495+1827989]
	Ordinal0 [0x008D80A4+1867940]
	BaseThreadInitThunk [0x75D1FA29+25]
	RtlGetAppContainerNamedObjectPath [0x77747BBE+286]
	RtlGetAppContainerNamedObjectPath [0x77747B8E+238]

	at org.openqa.selenium.remote.W3CHandshakeResponse.lambda$errorHandler$0(W3CHandshakeResponse.java:62)
	at org.openqa.selenium.remote.HandshakeResponse.lambda$getResponseFunction$0(HandshakeResponse.java:30)
	at org.openqa.selenium.remote.ProtocolHandshake.lambda$createSession$0(ProtocolHandshake.java:126)
	at org.openqa.selenium.remote.ProtocolHandshake.createSession(ProtocolHandshake.java:128)
	at org.openqa.selenium.remote.ProtocolHandshake.createSession(ProtocolHandshake.java:74)
	at org.openqa.selenium.remote.HttpCommandExecutor.execute(HttpCommandExecutor.java:136)
	at org.openqa.selenium.remote.service.DriverCommandExecutor.execute(DriverCommandExecutor.java:83)
	at org.openqa.selenium.remote.RemoteWebDriver.execute(RemoteWebDriver.java:552)
	at com.kms.katalon.selenium.driver.CChromeDriver.execute(CChromeDriver.java:19)
	at org.openqa.selenium.remote.RemoteWebDriver.startSession(RemoteWebDriver.java:213)
	at org.openqa.selenium.remote.RemoteWebDriver.<init>(RemoteWebDriver.java:131)
	at org.openqa.selenium.chrome.ChromeDriver.<init>(ChromeDriver.java:181)
	at org.openqa.selenium.chrome.ChromeDriver.<init>(ChromeDriver.java:147)
	at com.kms.katalon.selenium.driver.CChromeDriver.<init>(CChromeDriver.java:13)
	at com.kms.katalon.core.webui.driver.DriverFactory.createNewChromeDriver(DriverFactory.java:434)
	at com.kms.katalon.core.webui.driver.DriverFactory.startNewBrowser(DriverFactory.java:367)
	at com.kms.katalon.core.webui.driver.DriverFactory.openWebDriver(DriverFactory.java:254)
	at com.kms.katalon.core.webui.keyword.builtin.OpenBrowserKeyword$_openBrowser_closure1.doCall(OpenBrowserKeyword.groovy:74)
	at com.kms.katalon.core.webui.keyword.builtin.OpenBrowserKeyword$_openBrowser_closure1.call(OpenBrowserKeyword.groovy)
	at com.kms.katalon.core.webui.keyword.internal.WebUIKeywordMain.runKeyword(WebUIKeywordMain.groovy:20)
	at com.kms.katalon.core.webui.keyword.builtin.OpenBrowserKeyword.openBrowser(OpenBrowserKeyword.groovy:81)
	at com.kms.katalon.core.webui.keyword.builtin.OpenBrowserKeyword.execute(OpenBrowserKeyword.groovy:67)
	at com.kms.katalon.core.keyword.internal.KeywordExecutor.executeKeywordForPlatform(KeywordExecutor.groovy:74)
	at com.kms.katalon.core.webui.keyword.WebUiBuiltInKeywords.openBrowser(WebUiBuiltInKeywords.groovy:64)
	at com.kms.katalon.core.webui.keyword.WebUiBuiltInKeywords$openBrowser.call(Unknown Source)
	at loginsteps.Navigatetoaltashophomepage(loginsteps.groovy:49)
	at cucumber.runtime.Utils$1.call(Utils.java:26)
	at cucumber.runtime.Timeout.timeout(Timeout.java:16)
	at cucumber.runtime.Utils.invoke(Utils.java:20)
	at cucumber.runtime.java.JavaStepDefinition.execute(JavaStepDefinition.java:48)
	at cucumber.runtime.PickleStepDefinitionMatch.runStep(PickleStepDefinitionMatch.java:50)
	at cucumber.runner.TestStep.executeStep(TestStep.java:68)
	at cucumber.runner.TestStep.run(TestStep.java:50)
	at cucumber.runner.PickleStepTestStep.run(PickleStepTestStep.java:53)
	at cucumber.runner.TestCase.run(TestCase.java:47)
	at cucumber.runner.Runner.runPickle(Runner.java:44)
	at cucumber.runtime.Runtime.runFeature(Runtime.java:120)
	at cucumber.runtime.Runtime.run(Runtime.java:106)
	at cucumber.api.cli.Main.run(Main.java:35)
	at cucumber.api.cli.Main$run.call(Unknown Source)
	at com.kms.katalon.core.cucumber.keyword.CucumberBuiltinKeywords$_runFeatureFile_closure1.doCall(CucumberBuiltinKeywords.groovy:108)
	at com.kms.katalon.core.cucumber.keyword.CucumberBuiltinKeywords$_runFeatureFile_closure1.doCall(CucumberBuiltinKeywords.groovy)
	at com.kms.katalon.core.keyword.internal.KeywordMain.runKeyword(KeywordMain.groovy:74)
	at com.kms.katalon.core.keyword.internal.KeywordMain.runKeyword(KeywordMain.groovy:68)
	at com.kms.katalon.core.keyword.internal.KeywordMain$runKeyword.call(Unknown Source)
	at com.kms.katalon.core.cucumber.keyword.CucumberBuiltinKeywords.runFeatureFile(CucumberBuiltinKeywords.groovy:75)
	at com.kms.katalon.core.cucumber.keyword.CucumberBuiltinKeywords$runFeatureFile$0.callStatic(Unknown Source)
	at com.kms.katalon.core.cucumber.keyword.CucumberBuiltinKeywords.runFeatureFile(CucumberBuiltinKeywords.groovy:248)
	at com.kms.katalon.core.cucumber.keyword.CucumberBuiltinKeywords$runFeatureFile.call(Unknown Source)
	at Feature File.run(Feature File:20)
	at com.kms.katalon.core.main.ScriptEngine.run(ScriptEngine.java:194)
	at com.kms.katalon.core.main.ScriptEngine.runScriptAsRawText(ScriptEngine.java:119)
	at com.kms.katalon.core.main.TestCaseExecutor.runScript(TestCaseExecutor.java:445)
	at com.kms.katalon.core.main.TestCaseExecutor.doExecute(TestCaseExecutor.java:436)
	at com.kms.katalon.core.main.TestCaseExecutor.processExecutionPhase(TestCaseExecutor.java:415)
	at com.kms.katalon.core.main.TestCaseExecutor.accessMainPhase(TestCaseExecutor.java:407)
	at com.kms.katalon.core.main.TestCaseExecutor.execute(TestCaseExecutor.java:284)
	at com.kms.katalon.core.common.CommonExecutor.accessTestCaseMainPhase(CommonExecutor.java:65)
	at com.kms.katalon.core.main.TestSuiteExecutor.accessTestSuiteMainPhase(TestSuiteExecutor.java:144)
	at com.kms.katalon.core.main.TestSuiteExecutor.execute(TestSuiteExecutor.java:106)
	at com.kms.katalon.core.main.TestCaseMain.startTestSuite(TestCaseMain.java:185)
	at com.kms.katalon.core.main.TestCaseMain$startTestSuite$0.call(Unknown Source)
	at TempTestSuite1667651445050.run(TempTestSuite1667651445050.groovy:36)


2022-11-05 19:31:09 - [TEST_STEP][FAILED] - Navigate to altashop homepage: Navigate to altashop homepage FAILED.
Reason:
com.kms.katalon.core.exception.StepFailedException: Unable to open browser with url: ''
	at com.kms.katalon.core.webui.keyword.internal.WebUIKeywordMain.stepFailed(WebUIKeywordMain.groovy:64)
	at com.kms.katalon.core.webui.keyword.internal.WebUIKeywordMain.runKeyword(WebUIKeywordMain.groovy:26)
	at com.kms.katalon.core.webui.keyword.builtin.OpenBrowserKeyword.openBrowser(OpenBrowserKeyword.groovy:81)
	at com.kms.katalon.core.webui.keyword.builtin.OpenBrowserKeyword.execute(OpenBrowserKeyword.groovy:67)
	at com.kms.katalon.core.keyword.internal.KeywordExecutor.executeKeywordForPlatform(KeywordExecutor.groovy:74)
	at com.kms.katalon.core.webui.keyword.WebUiBuiltInKeywords.openBrowser(WebUiBuiltInKeywords.groovy:64)
	at com.kms.katalon.core.webui.keyword.WebUiBuiltInKeywords$openBrowser.call(Unknown Source)
	at loginsteps.Navigatetoaltashophomepage(loginsteps.groovy:49)
	at ✽.Navigate to altashop homepage(C:/Users/Athif/git/MiniprojectWeb/Include/features/Positive/login.feature:30)
Caused by: org.openqa.selenium.SessionNotCreatedException: session not created: This version of ChromeDriver only supports Chrome version 105
Current browser version is 107.0.5304.88 with binary path C:\Program Files\Google\Chrome\Application\chrome.exe
Build info: version: '3.141.59', revision: 'e82be7d358', time: '2018-11-14T08:25:53'
System info: host: 'DESKTOP-HMC26PQ', ip: '192.168.56.1', os.name: 'Windows 10', os.arch: 'amd64', os.version: '10.0', java.version: '1.8.0_282'
Driver info: driver.version: CChromeDriver
remote stacktrace: Backtrace:
	Ordinal0 [0x0092DF13+2219795]
	Ordinal0 [0x008C2841+1779777]
	Ordinal0 [0x007D423D+803389]
	Ordinal0 [0x007F64AC+943276]
	Ordinal0 [0x007F19F0+924144]
	Ordinal0 [0x007EF179+913785]
	Ordinal0 [0x008236B9+1128121]
	Ordinal0 [0x0082331A+1127194]
	Ordinal0 [0x0081E616+1107478]
	Ordinal0 [0x007F7F89+950153]
	Ordinal0 [0x007F8F56+954198]
	GetHandleVerifier [0x00C22CB2+3040210]
	GetHandleVerifier [0x00C12BB4+2974420]
	GetHandleVerifier [0x009C6A0A+565546]
	GetHandleVerifier [0x009C5680+560544]
	Ordinal0 [0x008C9A5C+1808988]
	Ordinal0 [0x008CE3A8+1827752]
	Ordinal0 [0x008CE495+1827989]
	Ordinal0 [0x008D80A4+1867940]
	BaseThreadInitThunk [0x75D1FA29+25]
	RtlGetAppContainerNamedObjectPath [0x77747BBE+286]
	RtlGetAppContainerNamedObjectPath [0x77747B8E+238]

	at org.openqa.selenium.remote.W3CHandshakeResponse.lambda$errorHandler$0(W3CHandshakeResponse.java:62)
	at org.openqa.selenium.remote.HandshakeResponse.lambda$getResponseFunction$0(HandshakeResponse.java:30)
	at org.openqa.selenium.remote.ProtocolHandshake.lambda$createSession$0(ProtocolHandshake.java:126)
	at org.openqa.selenium.remote.ProtocolHandshake.createSession(ProtocolHandshake.java:128)
	at org.openqa.selenium.remote.ProtocolHandshake.createSession(ProtocolHandshake.java:74)
	at org.openqa.selenium.remote.HttpCommandExecutor.execute(HttpCommandExecutor.java:136)
	at org.openqa.selenium.remote.service.DriverCommandExecutor.execute(DriverCommandExecutor.java:83)
	at org.openqa.selenium.remote.RemoteWebDriver.execute(RemoteWebDriver.java:552)
	at com.kms.katalon.selenium.driver.CChromeDriver.execute(CChromeDriver.java:19)
	at org.openqa.selenium.remote.RemoteWebDriver.startSession(RemoteWebDriver.java:213)
	at org.openqa.selenium.remote.RemoteWebDriver.<init>(RemoteWebDriver.java:131)
	at org.openqa.selenium.chrome.ChromeDriver.<init>(ChromeDriver.java:181)
	at org.openqa.selenium.chrome.ChromeDriver.<init>(ChromeDriver.java:147)
	at com.kms.katalon.selenium.driver.CChromeDriver.<init>(CChromeDriver.java:13)
	at com.kms.katalon.core.webui.driver.DriverFactory.createNewChromeDriver(DriverFactory.java:434)
	at com.kms.katalon.core.webui.driver.DriverFactory.startNewBrowser(DriverFactory.java:367)
	at com.kms.katalon.core.webui.driver.DriverFactory.openWebDriver(DriverFactory.java:254)
	at com.kms.katalon.core.webui.keyword.builtin.OpenBrowserKeyword$_openBrowser_closure1.doCall(OpenBrowserKeyword.groovy:74)
	at com.kms.katalon.core.webui.keyword.builtin.OpenBrowserKeyword$_openBrowser_closure1.call(OpenBrowserKeyword.groovy)
	at com.kms.katalon.core.webui.keyword.internal.WebUIKeywordMain.runKeyword(WebUIKeywordMain.groovy:20)
	at com.kms.katalon.core.webui.keyword.builtin.OpenBrowserKeyword.openBrowser(OpenBrowserKeyword.groovy:81)
	at com.kms.katalon.core.webui.keyword.builtin.OpenBrowserKeyword.execute(OpenBrowserKeyword.groovy:67)
	at com.kms.katalon.core.keyword.internal.KeywordExecutor.executeKeywordForPlatform(KeywordExecutor.groovy:74)
	at com.kms.katalon.core.webui.keyword.WebUiBuiltInKeywords.openBrowser(WebUiBuiltInKeywords.groovy:64)
	at com.kms.katalon.core.webui.keyword.WebUiBuiltInKeywords$openBrowser.call(Unknown Source)
	at loginsteps.Navigatetoaltashophomepage(loginsteps.groovy:49)
	at cucumber.runtime.Utils$1.call(Utils.java:26)
	at cucumber.runtime.Timeout.timeout(Timeout.java:16)
	at cucumber.runtime.Utils.invoke(Utils.java:20)
	at cucumber.runtime.java.JavaStepDefinition.execute(JavaStepDefinition.java:48)
	at cucumber.runtime.PickleStepDefinitionMatch.runStep(PickleStepDefinitionMatch.java:50)
	at cucumber.runner.TestStep.executeStep(TestStep.java:68)
	at cucumber.runner.TestStep.run(TestStep.java:50)
	at cucumber.runner.PickleStepTestStep.run(PickleStepTestStep.java:53)
	at cucumber.runner.TestCase.run(TestCase.java:47)
	at cucumber.runner.Runner.runPickle(Runner.java:44)
	at cucumber.runtime.Runtime.runFeature(Runtime.java:120)
	at cucumber.runtime.Runtime.run(Runtime.java:106)
	at cucumber.api.cli.Main.run(Main.java:35)
	at cucumber.api.cli.Main$run.call(Unknown Source)
	at com.kms.katalon.core.cucumber.keyword.CucumberBuiltinKeywords$_runFeatureFile_closure1.doCall(CucumberBuiltinKeywords.groovy:108)
	at com.kms.katalon.core.cucumber.keyword.CucumberBuiltinKeywords$_runFeatureFile_closure1.doCall(CucumberBuiltinKeywords.groovy)
	at com.kms.katalon.core.keyword.internal.KeywordMain.runKeyword(KeywordMain.groovy:74)
	at com.kms.katalon.core.keyword.internal.KeywordMain.runKeyword(KeywordMain.groovy:68)
	at com.kms.katalon.core.keyword.internal.KeywordMain$runKeyword.call(Unknown Source)
	at com.kms.katalon.core.cucumber.keyword.CucumberBuiltinKeywords.runFeatureFile(CucumberBuiltinKeywords.groovy:75)
	at com.kms.katalon.core.cucumber.keyword.CucumberBuiltinKeywords$runFeatureFile$0.callStatic(Unknown Source)
	at com.kms.katalon.core.cucumber.keyword.CucumberBuiltinKeywords.runFeatureFile(CucumberBuiltinKeywords.groovy:248)
	at com.kms.katalon.core.cucumber.keyword.CucumberBuiltinKeywords$runFeatureFile.call(Unknown Source)
	at Feature File.run(Feature File:20)
	at com.kms.katalon.core.main.ScriptEngine.run(ScriptEngine.java:194)
	at com.kms.katalon.core.main.ScriptEngine.runScriptAsRawText(ScriptEngine.java:119)
	at com.kms.katalon.core.main.TestCaseExecutor.runScript(TestCaseExecutor.java:445)
	at com.kms.katalon.core.main.TestCaseExecutor.doExecute(TestCaseExecutor.java:436)
	at com.kms.katalon.core.main.TestCaseExecutor.processExecutionPhase(TestCaseExecutor.java:415)
	at com.kms.katalon.core.main.TestCaseExecutor.accessMainPhase(TestCaseExecutor.java:407)
	at com.kms.katalon.core.main.TestCaseExecutor.execute(TestCaseExecutor.java:284)
	at com.kms.katalon.core.common.CommonExecutor.accessTestCaseMainPhase(CommonExecutor.java:65)
	at com.kms.katalon.core.main.TestSuiteExecutor.accessTestSuiteMainPhase(TestSuiteExecutor.java:144)
	at com.kms.katalon.core.main.TestSuiteExecutor.execute(TestSuiteExecutor.java:106)
	at com.kms.katalon.core.main.TestCaseMain.startTestSuite(TestCaseMain.java:185)
	at com.kms.katalon.core.main.TestCaseMain$startTestSuite$0.call(Unknown Source)
	at TempTestSuite1667651445050.run(TempTestSuite1667651445050.groovy:36)


2022-11-05 19:31:09 - [MESSAGE][INFO] - Starting 'Chrome' driver

2022-11-05 19:31:09 - [MESSAGE][INFO] - Action delay is set to 0 milliseconds

2022-11-05 19:31:10 - [MESSAGE][FAILED] - Unable to open browser with url: '' (Root cause: com.kms.katalon.core.exception.StepFailedException: Unable to open browser with url: ''
	at com.kms.katalon.core.webui.keyword.internal.WebUIKeywordMain.stepFailed(WebUIKeywordMain.groovy:64)
	at com.kms.katalon.core.webui.keyword.internal.WebUIKeywordMain.runKeyword(WebUIKeywordMain.groovy:26)
	at com.kms.katalon.core.webui.keyword.builtin.OpenBrowserKeyword.openBrowser(OpenBrowserKeyword.groovy:81)
	at com.kms.katalon.core.webui.keyword.builtin.OpenBrowserKeyword.execute(OpenBrowserKeyword.groovy:67)
	at com.kms.katalon.core.keyword.internal.KeywordExecutor.executeKeywordForPlatform(KeywordExecutor.groovy:74)
	at com.kms.katalon.core.webui.keyword.WebUiBuiltInKeywords.openBrowser(WebUiBuiltInKeywords.groovy:64)
	at com.kms.katalon.core.webui.keyword.WebUiBuiltInKeywords$openBrowser.call(Unknown Source)
	at loginsteps.Navigatetoaltashophomepage(loginsteps.groovy:49)
	at cucumber.runtime.Utils$1.call(Utils.java:26)
	at cucumber.runtime.Timeout.timeout(Timeout.java:16)
	at cucumber.runtime.Utils.invoke(Utils.java:20)
	at cucumber.runtime.java.JavaStepDefinition.execute(JavaStepDefinition.java:48)
	at cucumber.runtime.PickleStepDefinitionMatch.runStep(PickleStepDefinitionMatch.java:50)
	at cucumber.runner.TestStep.executeStep(TestStep.java:68)
	at cucumber.runner.TestStep.run(TestStep.java:50)
	at cucumber.runner.PickleStepTestStep.run(PickleStepTestStep.java:53)
	at cucumber.runner.TestCase.run(TestCase.java:47)
	at cucumber.runner.Runner.runPickle(Runner.java:44)
	at cucumber.runtime.Runtime.runFeature(Runtime.java:120)
	at cucumber.runtime.Runtime.run(Runtime.java:106)
	at cucumber.api.cli.Main.run(Main.java:35)
	at cucumber.api.cli.Main$run.call(Unknown Source)
	at com.kms.katalon.core.cucumber.keyword.CucumberBuiltinKeywords$_runFeatureFile_closure1.doCall(CucumberBuiltinKeywords.groovy:108)
	at com.kms.katalon.core.cucumber.keyword.CucumberBuiltinKeywords$_runFeatureFile_closure1.doCall(CucumberBuiltinKeywords.groovy)
	at com.kms.katalon.core.keyword.internal.KeywordMain.runKeyword(KeywordMain.groovy:74)
	at com.kms.katalon.core.keyword.internal.KeywordMain.runKeyword(KeywordMain.groovy:68)
	at com.kms.katalon.core.keyword.internal.KeywordMain$runKeyword.call(Unknown Source)
	at com.kms.katalon.core.cucumber.keyword.CucumberBuiltinKeywords.runFeatureFile(CucumberBuiltinKeywords.groovy:75)
	at com.kms.katalon.core.cucumber.keyword.CucumberBuiltinKeywords$runFeatureFile$0.callStatic(Unknown Source)
	at com.kms.katalon.core.cucumber.keyword.CucumberBuiltinKeywords.runFeatureFile(CucumberBuiltinKeywords.groovy:248)
	at com.kms.katalon.core.cucumber.keyword.CucumberBuiltinKeywords$runFeatureFile.call(Unknown Source)
	at Feature File.run(Feature File:20)
	at com.kms.katalon.core.main.ScriptEngine.run(ScriptEngine.java:194)
	at com.kms.katalon.core.main.ScriptEngine.runScriptAsRawText(ScriptEngine.java:119)
	at com.kms.katalon.core.main.TestCaseExecutor.runScript(TestCaseExecutor.java:445)
	at com.kms.katalon.core.main.TestCaseExecutor.doExecute(TestCaseExecutor.java:436)
	at com.kms.katalon.core.main.TestCaseExecutor.processExecutionPhase(TestCaseExecutor.java:415)
	at com.kms.katalon.core.main.TestCaseExecutor.accessMainPhase(TestCaseExecutor.java:407)
	at com.kms.katalon.core.main.TestCaseExecutor.execute(TestCaseExecutor.java:284)
	at com.kms.katalon.core.common.CommonExecutor.accessTestCaseMainPhase(CommonExecutor.java:65)
	at com.kms.katalon.core.main.TestSuiteExecutor.accessTestSuiteMainPhase(TestSuiteExecutor.java:144)
	at com.kms.katalon.core.main.TestSuiteExecutor.execute(TestSuiteExecutor.java:106)
	at com.kms.katalon.core.main.TestCaseMain.startTestSuite(TestCaseMain.java:185)
	at com.kms.katalon.core.main.TestCaseMain$startTestSuite$0.call(Unknown Source)
	at TempTestSuite1667651445050.run(TempTestSuite1667651445050.groovy:36)
Caused by: org.openqa.selenium.SessionNotCreatedException: session not created: This version of ChromeDriver only supports Chrome version 105
Current browser version is 107.0.5304.88 with binary path C:\Program Files\Google\Chrome\Application\chrome.exe
Build info: version: '3.141.59', revision: 'e82be7d358', time: '2018-11-14T08:25:53'
System info: host: 'DESKTOP-HMC26PQ', ip: '192.168.56.1', os.name: 'Windows 10', os.arch: 'amd64', os.version: '10.0', java.version: '1.8.0_282'
Driver info: driver.version: CChromeDriver
remote stacktrace: Backtrace:
	Ordinal0 [0x0092DF13+2219795]
	Ordinal0 [0x008C2841+1779777]
	Ordinal0 [0x007D423D+803389]
	Ordinal0 [0x007F64AC+943276]
	Ordinal0 [0x007F19F0+924144]
	Ordinal0 [0x007EF179+913785]
	Ordinal0 [0x008236B9+1128121]
	Ordinal0 [0x0082331A+1127194]
	Ordinal0 [0x0081E616+1107478]
	Ordinal0 [0x007F7F89+950153]
	Ordinal0 [0x007F8F56+954198]
	GetHandleVerifier [0x00C22CB2+3040210]
	GetHandleVerifier [0x00C12BB4+2974420]
	GetHandleVerifier [0x009C6A0A+565546]
	GetHandleVerifier [0x009C5680+560544]
	Ordinal0 [0x008C9A5C+1808988]
	Ordinal0 [0x008CE3A8+1827752]
	Ordinal0 [0x008CE495+1827989]
	Ordinal0 [0x008D80A4+1867940]
	BaseThreadInitThunk [0x75D1FA29+25]
	RtlGetAppContainerNamedObjectPath [0x77747BBE+286]
	RtlGetAppContainerNamedObjectPath [0x77747B8E+238]

	at org.openqa.selenium.remote.W3CHandshakeResponse.lambda$errorHandler$0(W3CHandshakeResponse.java:62)
	at org.openqa.selenium.remote.HandshakeResponse.lambda$getResponseFunction$0(HandshakeResponse.java:30)
	at org.openqa.selenium.remote.ProtocolHandshake.lambda$createSession$0(ProtocolHandshake.java:126)
	at org.openqa.selenium.remote.ProtocolHandshake.createSession(ProtocolHandshake.java:128)
	at org.openqa.selenium.remote.ProtocolHandshake.createSession(ProtocolHandshake.java:74)
	at org.openqa.selenium.remote.HttpCommandExecutor.execute(HttpCommandExecutor.java:136)
	at org.openqa.selenium.remote.service.DriverCommandExecutor.execute(DriverCommandExecutor.java:83)
	at org.openqa.selenium.remote.RemoteWebDriver.execute(RemoteWebDriver.java:552)
	at com.kms.katalon.selenium.driver.CChromeDriver.execute(CChromeDriver.java:19)
	at org.openqa.selenium.remote.RemoteWebDriver.startSession(RemoteWebDriver.java:213)
	at org.openqa.selenium.remote.RemoteWebDriver.<init>(RemoteWebDriver.java:131)
	at org.openqa.selenium.chrome.ChromeDriver.<init>(ChromeDriver.java:181)
	at org.openqa.selenium.chrome.ChromeDriver.<init>(ChromeDriver.java:147)
	at com.kms.katalon.selenium.driver.CChromeDriver.<init>(CChromeDriver.java:13)
	at com.kms.katalon.core.webui.driver.DriverFactory.createNewChromeDriver(DriverFactory.java:434)
	at com.kms.katalon.core.webui.driver.DriverFactory.startNewBrowser(DriverFactory.java:367)
	at com.kms.katalon.core.webui.driver.DriverFactory.openWebDriver(DriverFactory.java:254)
	at com.kms.katalon.core.webui.keyword.builtin.OpenBrowserKeyword$_openBrowser_closure1.doCall(OpenBrowserKeyword.groovy:74)
	at com.kms.katalon.core.webui.keyword.builtin.OpenBrowserKeyword$_openBrowser_closure1.call(OpenBrowserKeyword.groovy)
	at com.kms.katalon.core.webui.keyword.internal.WebUIKeywordMain.runKeyword(WebUIKeywordMain.groovy:20)
	at com.kms.katalon.core.webui.keyword.builtin.OpenBrowserKeyword.openBrowser(OpenBrowserKeyword.groovy:81)
	at com.kms.katalon.core.webui.keyword.builtin.OpenBrowserKeyword.execute(OpenBrowserKeyword.groovy:67)
	at com.kms.katalon.core.keyword.internal.KeywordExecutor.executeKeywordForPlatform(KeywordExecutor.groovy:74)
	at com.kms.katalon.core.webui.keyword.WebUiBuiltInKeywords.openBrowser(WebUiBuiltInKeywords.groovy:64)
	at com.kms.katalon.core.webui.keyword.WebUiBuiltInKeywords$openBrowser.call(Unknown Source)
	at loginsteps.Navigatetoaltashophomepage(loginsteps.groovy:49)
	at cucumber.runtime.Utils$1.call(Utils.java:26)
	at cucumber.runtime.Timeout.timeout(Timeout.java:16)
	at cucumber.runtime.Utils.invoke(Utils.java:20)
	at cucumber.runtime.java.JavaStepDefinition.execute(JavaStepDefinition.java:48)
	at cucumber.runtime.PickleStepDefinitionMatch.runStep(PickleStepDefinitionMatch.java:50)
	at cucumber.runner.TestStep.executeStep(TestStep.java:68)
	at cucumber.runner.TestStep.run(TestStep.java:50)
	at cucumber.runner.PickleStepTestStep.run(PickleStepTestStep.java:53)
	at cucumber.runner.TestCase.run(TestCase.java:47)
	at cucumber.runner.Runner.runPickle(Runner.java:44)
	at cucumber.runtime.Runtime.runFeature(Runtime.java:120)
	at cucumber.runtime.Runtime.run(Runtime.java:106)
	at cucumber.api.cli.Main.run(Main.java:35)
	at cucumber.api.cli.Main$run.call(Unknown Source)
	at com.kms.katalon.core.cucumber.keyword.CucumberBuiltinKeywords$_runFeatureFile_closure1.doCall(CucumberBuiltinKeywords.groovy:108)
	at com.kms.katalon.core.cucumber.keyword.CucumberBuiltinKeywords$_runFeatureFile_closure1.doCall(CucumberBuiltinKeywords.groovy)
	at com.kms.katalon.core.keyword.internal.KeywordMain.runKeyword(KeywordMain.groovy:74)
	at com.kms.katalon.core.keyword.internal.KeywordMain.runKeyword(KeywordMain.groovy:68)
	at com.kms.katalon.core.keyword.internal.KeywordMain$runKeyword.call(Unknown Source)
	at com.kms.katalon.core.cucumber.keyword.CucumberBuiltinKeywords.runFeatureFile(CucumberBuiltinKeywords.groovy:75)
	at com.kms.katalon.core.cucumber.keyword.CucumberBuiltinKeywords$runFeatureFile$0.callStatic(Unknown Source)
	at com.kms.katalon.core.cucumber.keyword.CucumberBuiltinKeywords.runFeatureFile(CucumberBuiltinKeywords.groovy:248)
	at com.kms.katalon.core.cucumber.keyword.CucumberBuiltinKeywords$runFeatureFile.call(Unknown Source)
	at Script1667275976583.run(Script1667275976583.groovy:20)
	... 13 more
)

2022-11-05 19:31:10 - [MESSAGE][FAILED] - Navigate to altashop homepage FAILED.
Reason:
com.kms.katalon.core.exception.StepFailedException: Unable to open browser with url: ''
	at com.kms.katalon.core.webui.keyword.internal.WebUIKeywordMain.stepFailed(WebUIKeywordMain.groovy:64)
	at com.kms.katalon.core.webui.keyword.internal.WebUIKeywordMain.runKeyword(WebUIKeywordMain.groovy:26)
	at com.kms.katalon.core.webui.keyword.builtin.OpenBrowserKeyword.openBrowser(OpenBrowserKeyword.groovy:81)
	at com.kms.katalon.core.webui.keyword.builtin.OpenBrowserKeyword.execute(OpenBrowserKeyword.groovy:67)
	at com.kms.katalon.core.keyword.internal.KeywordExecutor.executeKeywordForPlatform(KeywordExecutor.groovy:74)
	at com.kms.katalon.core.webui.keyword.WebUiBuiltInKeywords.openBrowser(WebUiBuiltInKeywords.groovy:64)
	at com.kms.katalon.core.webui.keyword.WebUiBuiltInKeywords$openBrowser.call(Unknown Source)
	at loginsteps.Navigatetoaltashophomepage(loginsteps.groovy:49)
	at ✽.Navigate to altashop homepage(C:/Users/Athif/git/MiniprojectWeb/Include/features/Positive/login.feature:30)
Caused by: org.openqa.selenium.SessionNotCreatedException: session not created: This version of ChromeDriver only supports Chrome version 105
Current browser version is 107.0.5304.88 with binary path C:\Program Files\Google\Chrome\Application\chrome.exe
Build info: version: '3.141.59', revision: 'e82be7d358', time: '2018-11-14T08:25:53'
System info: host: 'DESKTOP-HMC26PQ', ip: '192.168.56.1', os.name: 'Windows 10', os.arch: 'amd64', os.version: '10.0', java.version: '1.8.0_282'
Driver info: driver.version: CChromeDriver
remote stacktrace: Backtrace:
	Ordinal0 [0x0092DF13+2219795]
	Ordinal0 [0x008C2841+1779777]
	Ordinal0 [0x007D423D+803389]
	Ordinal0 [0x007F64AC+943276]
	Ordinal0 [0x007F19F0+924144]
	Ordinal0 [0x007EF179+913785]
	Ordinal0 [0x008236B9+1128121]
	Ordinal0 [0x0082331A+1127194]
	Ordinal0 [0x0081E616+1107478]
	Ordinal0 [0x007F7F89+950153]
	Ordinal0 [0x007F8F56+954198]
	GetHandleVerifier [0x00C22CB2+3040210]
	GetHandleVerifier [0x00C12BB4+2974420]
	GetHandleVerifier [0x009C6A0A+565546]
	GetHandleVerifier [0x009C5680+560544]
	Ordinal0 [0x008C9A5C+1808988]
	Ordinal0 [0x008CE3A8+1827752]
	Ordinal0 [0x008CE495+1827989]
	Ordinal0 [0x008D80A4+1867940]
	BaseThreadInitThunk [0x75D1FA29+25]
	RtlGetAppContainerNamedObjectPath [0x77747BBE+286]
	RtlGetAppContainerNamedObjectPath [0x77747B8E+238]

	at org.openqa.selenium.remote.W3CHandshakeResponse.lambda$errorHandler$0(W3CHandshakeResponse.java:62)
	at org.openqa.selenium.remote.HandshakeResponse.lambda$getResponseFunction$0(HandshakeResponse.java:30)
	at org.openqa.selenium.remote.ProtocolHandshake.lambda$createSession$0(ProtocolHandshake.java:126)
	at org.openqa.selenium.remote.ProtocolHandshake.createSession(ProtocolHandshake.java:128)
	at org.openqa.selenium.remote.ProtocolHandshake.createSession(ProtocolHandshake.java:74)
	at org.openqa.selenium.remote.HttpCommandExecutor.execute(HttpCommandExecutor.java:136)
	at org.openqa.selenium.remote.service.DriverCommandExecutor.execute(DriverCommandExecutor.java:83)
	at org.openqa.selenium.remote.RemoteWebDriver.execute(RemoteWebDriver.java:552)
	at com.kms.katalon.selenium.driver.CChromeDriver.execute(CChromeDriver.java:19)
	at org.openqa.selenium.remote.RemoteWebDriver.startSession(RemoteWebDriver.java:213)
	at org.openqa.selenium.remote.RemoteWebDriver.<init>(RemoteWebDriver.java:131)
	at org.openqa.selenium.chrome.ChromeDriver.<init>(ChromeDriver.java:181)
	at org.openqa.selenium.chrome.ChromeDriver.<init>(ChromeDriver.java:147)
	at com.kms.katalon.selenium.driver.CChromeDriver.<init>(CChromeDriver.java:13)
	at com.kms.katalon.core.webui.driver.DriverFactory.createNewChromeDriver(DriverFactory.java:434)
	at com.kms.katalon.core.webui.driver.DriverFactory.startNewBrowser(DriverFactory.java:367)
	at com.kms.katalon.core.webui.driver.DriverFactory.openWebDriver(DriverFactory.java:254)
	at com.kms.katalon.core.webui.keyword.builtin.OpenBrowserKeyword$_openBrowser_closure1.doCall(OpenBrowserKeyword.groovy:74)
	at com.kms.katalon.core.webui.keyword.builtin.OpenBrowserKeyword$_openBrowser_closure1.call(OpenBrowserKeyword.groovy)
	at com.kms.katalon.core.webui.keyword.internal.WebUIKeywordMain.runKeyword(WebUIKeywordMain.groovy:20)
	at com.kms.katalon.core.webui.keyword.builtin.OpenBrowserKeyword.openBrowser(OpenBrowserKeyword.groovy:81)
	at com.kms.katalon.core.webui.keyword.builtin.OpenBrowserKeyword.execute(OpenBrowserKeyword.groovy:67)
	at com.kms.katalon.core.keyword.internal.KeywordExecutor.executeKeywordForPlatform(KeywordExecutor.groovy:74)
	at com.kms.katalon.core.webui.keyword.WebUiBuiltInKeywords.openBrowser(WebUiBuiltInKeywords.groovy:64)
	at com.kms.katalon.core.webui.keyword.WebUiBuiltInKeywords$openBrowser.call(Unknown Source)
	at loginsteps.Navigatetoaltashophomepage(loginsteps.groovy:49)
	at cucumber.runtime.Utils$1.call(Utils.java:26)
	at cucumber.runtime.Timeout.timeout(Timeout.java:16)
	at cucumber.runtime.Utils.invoke(Utils.java:20)
	at cucumber.runtime.java.JavaStepDefinition.execute(JavaStepDefinition.java:48)
	at cucumber.runtime.PickleStepDefinitionMatch.runStep(PickleStepDefinitionMatch.java:50)
	at cucumber.runner.TestStep.executeStep(TestStep.java:68)
	at cucumber.runner.TestStep.run(TestStep.java:50)
	at cucumber.runner.PickleStepTestStep.run(PickleStepTestStep.java:53)
	at cucumber.runner.TestCase.run(TestCase.java:47)
	at cucumber.runner.Runner.runPickle(Runner.java:44)
	at cucumber.runtime.Runtime.runFeature(Runtime.java:120)
	at cucumber.runtime.Runtime.run(Runtime.java:106)
	at cucumber.api.cli.Main.run(Main.java:35)
	at cucumber.api.cli.Main$run.call(Unknown Source)
	at com.kms.katalon.core.cucumber.keyword.CucumberBuiltinKeywords$_runFeatureFile_closure1.doCall(CucumberBuiltinKeywords.groovy:108)
	at com.kms.katalon.core.cucumber.keyword.CucumberBuiltinKeywords$_runFeatureFile_closure1.doCall(CucumberBuiltinKeywords.groovy)
	at com.kms.katalon.core.keyword.internal.KeywordMain.runKeyword(KeywordMain.groovy:74)
	at com.kms.katalon.core.keyword.internal.KeywordMain.runKeyword(KeywordMain.groovy:68)
	at com.kms.katalon.core.keyword.internal.KeywordMain$runKeyword.call(Unknown Source)
	at com.kms.katalon.core.cucumber.keyword.CucumberBuiltinKeywords.runFeatureFile(CucumberBuiltinKeywords.groovy:75)
	at com.kms.katalon.core.cucumber.keyword.CucumberBuiltinKeywords$runFeatureFile$0.callStatic(Unknown Source)
	at com.kms.katalon.core.cucumber.keyword.CucumberBuiltinKeywords.runFeatureFile(CucumberBuiltinKeywords.groovy:248)
	at com.kms.katalon.core.cucumber.keyword.CucumberBuiltinKeywords$runFeatureFile.call(Unknown Source)
	at Feature File.run(Feature File:20)
	at com.kms.katalon.core.main.ScriptEngine.run(ScriptEngine.java:194)
	at com.kms.katalon.core.main.ScriptEngine.runScriptAsRawText(ScriptEngine.java:119)
	at com.kms.katalon.core.main.TestCaseExecutor.runScript(TestCaseExecutor.java:445)
	at com.kms.katalon.core.main.TestCaseExecutor.doExecute(TestCaseExecutor.java:436)
	at com.kms.katalon.core.main.TestCaseExecutor.processExecutionPhase(TestCaseExecutor.java:415)
	at com.kms.katalon.core.main.TestCaseExecutor.accessMainPhase(TestCaseExecutor.java:407)
	at com.kms.katalon.core.main.TestCaseExecutor.execute(TestCaseExecutor.java:284)
	at com.kms.katalon.core.common.CommonExecutor.accessTestCaseMainPhase(CommonExecutor.java:65)
	at com.kms.katalon.core.main.TestSuiteExecutor.accessTestSuiteMainPhase(TestSuiteExecutor.java:144)
	at com.kms.katalon.core.main.TestSuiteExecutor.execute(TestSuiteExecutor.java:106)
	at com.kms.katalon.core.main.TestCaseMain.startTestSuite(TestCaseMain.java:185)
	at com.kms.katalon.core.main.TestCaseMain$startTestSuite$0.call(Unknown Source)
	at TempTestSuite1667651445050.run(TempTestSuite1667651445050.groovy:36)


2022-11-05 19:31:10 - [TEST_STEP][NOT_RUN] - User navigate to login page: User navigate to login page

2022-11-05 19:31:10 - [MESSAGE][NOT_RUN] - User navigate to login page

2022-11-05 19:31:10 - [TEST_STEP][NOT_RUN] - User input zack@gmail.com and : User input zack@gmail.com and 

2022-11-05 19:31:10 - [MESSAGE][NOT_RUN] - User input zack@gmail.com and 

2022-11-05 19:31:10 - [TEST_STEP][NOT_RUN] - User click login button: User click login button

2022-11-05 19:31:10 - [MESSAGE][NOT_RUN] - User click login button

2022-11-05 19:31:10 - [TEST_STEP][NOT_RUN] - Error message showed: Error message showed

2022-11-05 19:31:10 - [MESSAGE][NOT_RUN] - Error message showed

2022-11-05 19:31:10 - [TEST_CASE][FAILED] - Start Test Case : SCENARIO Login with false data: SCENARIO Login with false data FAILED.
Reason:
com.kms.katalon.core.exception.StepFailedException: Unable to open browser with url: ''
	at com.kms.katalon.core.webui.keyword.internal.WebUIKeywordMain.stepFailed(WebUIKeywordMain.groovy:64)
	at com.kms.katalon.core.webui.keyword.internal.WebUIKeywordMain.runKeyword(WebUIKeywordMain.groovy:26)
	at com.kms.katalon.core.webui.keyword.builtin.OpenBrowserKeyword.openBrowser(OpenBrowserKeyword.groovy:81)
	at com.kms.katalon.core.webui.keyword.builtin.OpenBrowserKeyword.execute(OpenBrowserKeyword.groovy:67)
	at com.kms.katalon.core.keyword.internal.KeywordExecutor.executeKeywordForPlatform(KeywordExecutor.groovy:74)
	at com.kms.katalon.core.webui.keyword.WebUiBuiltInKeywords.openBrowser(WebUiBuiltInKeywords.groovy:64)
	at com.kms.katalon.core.webui.keyword.WebUiBuiltInKeywords$openBrowser.call(Unknown Source)
	at loginsteps.Navigatetoaltashophomepage(loginsteps.groovy:49)
	at ✽.Navigate to altashop homepage(C:/Users/Athif/git/MiniprojectWeb/Include/features/Positive/login.feature:30)
Caused by: org.openqa.selenium.SessionNotCreatedException: session not created: This version of ChromeDriver only supports Chrome version 105
Current browser version is 107.0.5304.88 with binary path C:\Program Files\Google\Chrome\Application\chrome.exe
Build info: version: '3.141.59', revision: 'e82be7d358', time: '2018-11-14T08:25:53'
System info: host: 'DESKTOP-HMC26PQ', ip: '192.168.56.1', os.name: 'Windows 10', os.arch: 'amd64', os.version: '10.0', java.version: '1.8.0_282'
Driver info: driver.version: CChromeDriver
remote stacktrace: Backtrace:
	Ordinal0 [0x0092DF13+2219795]
	Ordinal0 [0x008C2841+1779777]
	Ordinal0 [0x007D423D+803389]
	Ordinal0 [0x007F64AC+943276]
	Ordinal0 [0x007F19F0+924144]
	Ordinal0 [0x007EF179+913785]
	Ordinal0 [0x008236B9+1128121]
	Ordinal0 [0x0082331A+1127194]
	Ordinal0 [0x0081E616+1107478]
	Ordinal0 [0x007F7F89+950153]
	Ordinal0 [0x007F8F56+954198]
	GetHandleVerifier [0x00C22CB2+3040210]
	GetHandleVerifier [0x00C12BB4+2974420]
	GetHandleVerifier [0x009C6A0A+565546]
	GetHandleVerifier [0x009C5680+560544]
	Ordinal0 [0x008C9A5C+1808988]
	Ordinal0 [0x008CE3A8+1827752]
	Ordinal0 [0x008CE495+1827989]
	Ordinal0 [0x008D80A4+1867940]
	BaseThreadInitThunk [0x75D1FA29+25]
	RtlGetAppContainerNamedObjectPath [0x77747BBE+286]
	RtlGetAppContainerNamedObjectPath [0x77747B8E+238]

	at org.openqa.selenium.remote.W3CHandshakeResponse.lambda$errorHandler$0(W3CHandshakeResponse.java:62)
	at org.openqa.selenium.remote.HandshakeResponse.lambda$getResponseFunction$0(HandshakeResponse.java:30)
	at org.openqa.selenium.remote.ProtocolHandshake.lambda$createSession$0(ProtocolHandshake.java:126)
	at org.openqa.selenium.remote.ProtocolHandshake.createSession(ProtocolHandshake.java:128)
	at org.openqa.selenium.remote.ProtocolHandshake.createSession(ProtocolHandshake.java:74)
	at org.openqa.selenium.remote.HttpCommandExecutor.execute(HttpCommandExecutor.java:136)
	at org.openqa.selenium.remote.service.DriverCommandExecutor.execute(DriverCommandExecutor.java:83)
	at org.openqa.selenium.remote.RemoteWebDriver.execute(RemoteWebDriver.java:552)
	at com.kms.katalon.selenium.driver.CChromeDriver.execute(CChromeDriver.java:19)
	at org.openqa.selenium.remote.RemoteWebDriver.startSession(RemoteWebDriver.java:213)
	at org.openqa.selenium.remote.RemoteWebDriver.<init>(RemoteWebDriver.java:131)
	at org.openqa.selenium.chrome.ChromeDriver.<init>(ChromeDriver.java:181)
	at org.openqa.selenium.chrome.ChromeDriver.<init>(ChromeDriver.java:147)
	at com.kms.katalon.selenium.driver.CChromeDriver.<init>(CChromeDriver.java:13)
	at com.kms.katalon.core.webui.driver.DriverFactory.createNewChromeDriver(DriverFactory.java:434)
	at com.kms.katalon.core.webui.driver.DriverFactory.startNewBrowser(DriverFactory.java:367)
	at com.kms.katalon.core.webui.driver.DriverFactory.openWebDriver(DriverFactory.java:254)
	at com.kms.katalon.core.webui.keyword.builtin.OpenBrowserKeyword$_openBrowser_closure1.doCall(OpenBrowserKeyword.groovy:74)
	at com.kms.katalon.core.webui.keyword.builtin.OpenBrowserKeyword$_openBrowser_closure1.call(OpenBrowserKeyword.groovy)
	at com.kms.katalon.core.webui.keyword.internal.WebUIKeywordMain.runKeyword(WebUIKeywordMain.groovy:20)
	at com.kms.katalon.core.webui.keyword.builtin.OpenBrowserKeyword.openBrowser(OpenBrowserKeyword.groovy:81)
	at com.kms.katalon.core.webui.keyword.builtin.OpenBrowserKeyword.execute(OpenBrowserKeyword.groovy:67)
	at com.kms.katalon.core.keyword.internal.KeywordExecutor.executeKeywordForPlatform(KeywordExecutor.groovy:74)
	at com.kms.katalon.core.webui.keyword.WebUiBuiltInKeywords.openBrowser(WebUiBuiltInKeywords.groovy:64)
	at com.kms.katalon.core.webui.keyword.WebUiBuiltInKeywords$openBrowser.call(Unknown Source)
	at loginsteps.Navigatetoaltashophomepage(loginsteps.groovy:49)
	at cucumber.runtime.Utils$1.call(Utils.java:26)
	at cucumber.runtime.Timeout.timeout(Timeout.java:16)
	at cucumber.runtime.Utils.invoke(Utils.java:20)
	at cucumber.runtime.java.JavaStepDefinition.execute(JavaStepDefinition.java:48)
	at cucumber.runtime.PickleStepDefinitionMatch.runStep(PickleStepDefinitionMatch.java:50)
	at cucumber.runner.TestStep.executeStep(TestStep.java:68)
	at cucumber.runner.TestStep.run(TestStep.java:50)
	at cucumber.runner.PickleStepTestStep.run(PickleStepTestStep.java:53)
	at cucumber.runner.TestCase.run(TestCase.java:47)
	at cucumber.runner.Runner.runPickle(Runner.java:44)
	at cucumber.runtime.Runtime.runFeature(Runtime.java:120)
	at cucumber.runtime.Runtime.run(Runtime.java:106)
	at cucumber.api.cli.Main.run(Main.java:35)
	at cucumber.api.cli.Main$run.call(Unknown Source)
	at com.kms.katalon.core.cucumber.keyword.CucumberBuiltinKeywords$_runFeatureFile_closure1.doCall(CucumberBuiltinKeywords.groovy:108)
	at com.kms.katalon.core.cucumber.keyword.CucumberBuiltinKeywords$_runFeatureFile_closure1.doCall(CucumberBuiltinKeywords.groovy)
	at com.kms.katalon.core.keyword.internal.KeywordMain.runKeyword(KeywordMain.groovy:74)
	at com.kms.katalon.core.keyword.internal.KeywordMain.runKeyword(KeywordMain.groovy:68)
	at com.kms.katalon.core.keyword.internal.KeywordMain$runKeyword.call(Unknown Source)
	at com.kms.katalon.core.cucumber.keyword.CucumberBuiltinKeywords.runFeatureFile(CucumberBuiltinKeywords.groovy:75)
	at com.kms.katalon.core.cucumber.keyword.CucumberBuiltinKeywords$runFeatureFile$0.callStatic(Unknown Source)
	at com.kms.katalon.core.cucumber.keyword.CucumberBuiltinKeywords.runFeatureFile(CucumberBuiltinKeywords.groovy:248)
	at com.kms.katalon.core.cucumber.keyword.CucumberBuiltinKeywords$runFeatureFile.call(Unknown Source)
	at Feature File.run(Feature File:20)
	at com.kms.katalon.core.main.ScriptEngine.run(ScriptEngine.java:194)
	at com.kms.katalon.core.main.ScriptEngine.runScriptAsRawText(ScriptEngine.java:119)
	at com.kms.katalon.core.main.TestCaseExecutor.runScript(TestCaseExecutor.java:445)
	at com.kms.katalon.core.main.TestCaseExecutor.doExecute(TestCaseExecutor.java:436)
	at com.kms.katalon.core.main.TestCaseExecutor.processExecutionPhase(TestCaseExecutor.java:415)
	at com.kms.katalon.core.main.TestCaseExecutor.accessMainPhase(TestCaseExecutor.java:407)
	at com.kms.katalon.core.main.TestCaseExecutor.execute(TestCaseExecutor.java:284)
	at com.kms.katalon.core.common.CommonExecutor.accessTestCaseMainPhase(CommonExecutor.java:65)
	at com.kms.katalon.core.main.TestSuiteExecutor.accessTestSuiteMainPhase(TestSuiteExecutor.java:144)
	at com.kms.katalon.core.main.TestSuiteExecutor.execute(TestSuiteExecutor.java:106)
	at com.kms.katalon.core.main.TestCaseMain.startTestSuite(TestCaseMain.java:185)
	at com.kms.katalon.core.main.TestCaseMain$startTestSuite$0.call(Unknown Source)
	at TempTestSuite1667651445050.run(TempTestSuite1667651445050.groovy:36)


2022-11-05 19:31:10 - [TEST_STEP][FAILED] - Navigate to altashop homepage: Navigate to altashop homepage FAILED.
Reason:
com.kms.katalon.core.exception.StepFailedException: Unable to open browser with url: ''
	at com.kms.katalon.core.webui.keyword.internal.WebUIKeywordMain.stepFailed(WebUIKeywordMain.groovy:64)
	at com.kms.katalon.core.webui.keyword.internal.WebUIKeywordMain.runKeyword(WebUIKeywordMain.groovy:26)
	at com.kms.katalon.core.webui.keyword.builtin.OpenBrowserKeyword.openBrowser(OpenBrowserKeyword.groovy:81)
	at com.kms.katalon.core.webui.keyword.builtin.OpenBrowserKeyword.execute(OpenBrowserKeyword.groovy:67)
	at com.kms.katalon.core.keyword.internal.KeywordExecutor.executeKeywordForPlatform(KeywordExecutor.groovy:74)
	at com.kms.katalon.core.webui.keyword.WebUiBuiltInKeywords.openBrowser(WebUiBuiltInKeywords.groovy:64)
	at com.kms.katalon.core.webui.keyword.WebUiBuiltInKeywords$openBrowser.call(Unknown Source)
	at loginsteps.Navigatetoaltashophomepage(loginsteps.groovy:49)
	at ✽.Navigate to altashop homepage(C:/Users/Athif/git/MiniprojectWeb/Include/features/Positive/login.feature:30)
Caused by: org.openqa.selenium.SessionNotCreatedException: session not created: This version of ChromeDriver only supports Chrome version 105
Current browser version is 107.0.5304.88 with binary path C:\Program Files\Google\Chrome\Application\chrome.exe
Build info: version: '3.141.59', revision: 'e82be7d358', time: '2018-11-14T08:25:53'
System info: host: 'DESKTOP-HMC26PQ', ip: '192.168.56.1', os.name: 'Windows 10', os.arch: 'amd64', os.version: '10.0', java.version: '1.8.0_282'
Driver info: driver.version: CChromeDriver
remote stacktrace: Backtrace:
	Ordinal0 [0x0092DF13+2219795]
	Ordinal0 [0x008C2841+1779777]
	Ordinal0 [0x007D423D+803389]
	Ordinal0 [0x007F64AC+943276]
	Ordinal0 [0x007F19F0+924144]
	Ordinal0 [0x007EF179+913785]
	Ordinal0 [0x008236B9+1128121]
	Ordinal0 [0x0082331A+1127194]
	Ordinal0 [0x0081E616+1107478]
	Ordinal0 [0x007F7F89+950153]
	Ordinal0 [0x007F8F56+954198]
	GetHandleVerifier [0x00C22CB2+3040210]
	GetHandleVerifier [0x00C12BB4+2974420]
	GetHandleVerifier [0x009C6A0A+565546]
	GetHandleVerifier [0x009C5680+560544]
	Ordinal0 [0x008C9A5C+1808988]
	Ordinal0 [0x008CE3A8+1827752]
	Ordinal0 [0x008CE495+1827989]
	Ordinal0 [0x008D80A4+1867940]
	BaseThreadInitThunk [0x75D1FA29+25]
	RtlGetAppContainerNamedObjectPath [0x77747BBE+286]
	RtlGetAppContainerNamedObjectPath [0x77747B8E+238]

	at org.openqa.selenium.remote.W3CHandshakeResponse.lambda$errorHandler$0(W3CHandshakeResponse.java:62)
	at org.openqa.selenium.remote.HandshakeResponse.lambda$getResponseFunction$0(HandshakeResponse.java:30)
	at org.openqa.selenium.remote.ProtocolHandshake.lambda$createSession$0(ProtocolHandshake.java:126)
	at org.openqa.selenium.remote.ProtocolHandshake.createSession(ProtocolHandshake.java:128)
	at org.openqa.selenium.remote.ProtocolHandshake.createSession(ProtocolHandshake.java:74)
	at org.openqa.selenium.remote.HttpCommandExecutor.execute(HttpCommandExecutor.java:136)
	at org.openqa.selenium.remote.service.DriverCommandExecutor.execute(DriverCommandExecutor.java:83)
	at org.openqa.selenium.remote.RemoteWebDriver.execute(RemoteWebDriver.java:552)
	at com.kms.katalon.selenium.driver.CChromeDriver.execute(CChromeDriver.java:19)
	at org.openqa.selenium.remote.RemoteWebDriver.startSession(RemoteWebDriver.java:213)
	at org.openqa.selenium.remote.RemoteWebDriver.<init>(RemoteWebDriver.java:131)
	at org.openqa.selenium.chrome.ChromeDriver.<init>(ChromeDriver.java:181)
	at org.openqa.selenium.chrome.ChromeDriver.<init>(ChromeDriver.java:147)
	at com.kms.katalon.selenium.driver.CChromeDriver.<init>(CChromeDriver.java:13)
	at com.kms.katalon.core.webui.driver.DriverFactory.createNewChromeDriver(DriverFactory.java:434)
	at com.kms.katalon.core.webui.driver.DriverFactory.startNewBrowser(DriverFactory.java:367)
	at com.kms.katalon.core.webui.driver.DriverFactory.openWebDriver(DriverFactory.java:254)
	at com.kms.katalon.core.webui.keyword.builtin.OpenBrowserKeyword$_openBrowser_closure1.doCall(OpenBrowserKeyword.groovy:74)
	at com.kms.katalon.core.webui.keyword.builtin.OpenBrowserKeyword$_openBrowser_closure1.call(OpenBrowserKeyword.groovy)
	at com.kms.katalon.core.webui.keyword.internal.WebUIKeywordMain.runKeyword(WebUIKeywordMain.groovy:20)
	at com.kms.katalon.core.webui.keyword.builtin.OpenBrowserKeyword.openBrowser(OpenBrowserKeyword.groovy:81)
	at com.kms.katalon.core.webui.keyword.builtin.OpenBrowserKeyword.execute(OpenBrowserKeyword.groovy:67)
	at com.kms.katalon.core.keyword.internal.KeywordExecutor.executeKeywordForPlatform(KeywordExecutor.groovy:74)
	at com.kms.katalon.core.webui.keyword.WebUiBuiltInKeywords.openBrowser(WebUiBuiltInKeywords.groovy:64)
	at com.kms.katalon.core.webui.keyword.WebUiBuiltInKeywords$openBrowser.call(Unknown Source)
	at loginsteps.Navigatetoaltashophomepage(loginsteps.groovy:49)
	at cucumber.runtime.Utils$1.call(Utils.java:26)
	at cucumber.runtime.Timeout.timeout(Timeout.java:16)
	at cucumber.runtime.Utils.invoke(Utils.java:20)
	at cucumber.runtime.java.JavaStepDefinition.execute(JavaStepDefinition.java:48)
	at cucumber.runtime.PickleStepDefinitionMatch.runStep(PickleStepDefinitionMatch.java:50)
	at cucumber.runner.TestStep.executeStep(TestStep.java:68)
	at cucumber.runner.TestStep.run(TestStep.java:50)
	at cucumber.runner.PickleStepTestStep.run(PickleStepTestStep.java:53)
	at cucumber.runner.TestCase.run(TestCase.java:47)
	at cucumber.runner.Runner.runPickle(Runner.java:44)
	at cucumber.runtime.Runtime.runFeature(Runtime.java:120)
	at cucumber.runtime.Runtime.run(Runtime.java:106)
	at cucumber.api.cli.Main.run(Main.java:35)
	at cucumber.api.cli.Main$run.call(Unknown Source)
	at com.kms.katalon.core.cucumber.keyword.CucumberBuiltinKeywords$_runFeatureFile_closure1.doCall(CucumberBuiltinKeywords.groovy:108)
	at com.kms.katalon.core.cucumber.keyword.CucumberBuiltinKeywords$_runFeatureFile_closure1.doCall(CucumberBuiltinKeywords.groovy)
	at com.kms.katalon.core.keyword.internal.KeywordMain.runKeyword(KeywordMain.groovy:74)
	at com.kms.katalon.core.keyword.internal.KeywordMain.runKeyword(KeywordMain.groovy:68)
	at com.kms.katalon.core.keyword.internal.KeywordMain$runKeyword.call(Unknown Source)
	at com.kms.katalon.core.cucumber.keyword.CucumberBuiltinKeywords.runFeatureFile(CucumberBuiltinKeywords.groovy:75)
	at com.kms.katalon.core.cucumber.keyword.CucumberBuiltinKeywords$runFeatureFile$0.callStatic(Unknown Source)
	at com.kms.katalon.core.cucumber.keyword.CucumberBuiltinKeywords.runFeatureFile(CucumberBuiltinKeywords.groovy:248)
	at com.kms.katalon.core.cucumber.keyword.CucumberBuiltinKeywords$runFeatureFile.call(Unknown Source)
	at Feature File.run(Feature File:20)
	at com.kms.katalon.core.main.ScriptEngine.run(ScriptEngine.java:194)
	at com.kms.katalon.core.main.ScriptEngine.runScriptAsRawText(ScriptEngine.java:119)
	at com.kms.katalon.core.main.TestCaseExecutor.runScript(TestCaseExecutor.java:445)
	at com.kms.katalon.core.main.TestCaseExecutor.doExecute(TestCaseExecutor.java:436)
	at com.kms.katalon.core.main.TestCaseExecutor.processExecutionPhase(TestCaseExecutor.java:415)
	at com.kms.katalon.core.main.TestCaseExecutor.accessMainPhase(TestCaseExecutor.java:407)
	at com.kms.katalon.core.main.TestCaseExecutor.execute(TestCaseExecutor.java:284)
	at com.kms.katalon.core.common.CommonExecutor.accessTestCaseMainPhase(CommonExecutor.java:65)
	at com.kms.katalon.core.main.TestSuiteExecutor.accessTestSuiteMainPhase(TestSuiteExecutor.java:144)
	at com.kms.katalon.core.main.TestSuiteExecutor.execute(TestSuiteExecutor.java:106)
	at com.kms.katalon.core.main.TestCaseMain.startTestSuite(TestCaseMain.java:185)
	at com.kms.katalon.core.main.TestCaseMain$startTestSuite$0.call(Unknown Source)
	at TempTestSuite1667651445050.run(TempTestSuite1667651445050.groovy:36)


2022-11-05 19:31:10 - [MESSAGE][INFO] - Starting 'Chrome' driver

2022-11-05 19:31:10 - [MESSAGE][INFO] - Action delay is set to 0 milliseconds

2022-11-05 19:31:12 - [MESSAGE][FAILED] - Unable to open browser with url: '' (Root cause: com.kms.katalon.core.exception.StepFailedException: Unable to open browser with url: ''
	at com.kms.katalon.core.webui.keyword.internal.WebUIKeywordMain.stepFailed(WebUIKeywordMain.groovy:64)
	at com.kms.katalon.core.webui.keyword.internal.WebUIKeywordMain.runKeyword(WebUIKeywordMain.groovy:26)
	at com.kms.katalon.core.webui.keyword.builtin.OpenBrowserKeyword.openBrowser(OpenBrowserKeyword.groovy:81)
	at com.kms.katalon.core.webui.keyword.builtin.OpenBrowserKeyword.execute(OpenBrowserKeyword.groovy:67)
	at com.kms.katalon.core.keyword.internal.KeywordExecutor.executeKeywordForPlatform(KeywordExecutor.groovy:74)
	at com.kms.katalon.core.webui.keyword.WebUiBuiltInKeywords.openBrowser(WebUiBuiltInKeywords.groovy:64)
	at com.kms.katalon.core.webui.keyword.WebUiBuiltInKeywords$openBrowser.call(Unknown Source)
	at loginsteps.Navigatetoaltashophomepage(loginsteps.groovy:49)
	at cucumber.runtime.Utils$1.call(Utils.java:26)
	at cucumber.runtime.Timeout.timeout(Timeout.java:16)
	at cucumber.runtime.Utils.invoke(Utils.java:20)
	at cucumber.runtime.java.JavaStepDefinition.execute(JavaStepDefinition.java:48)
	at cucumber.runtime.PickleStepDefinitionMatch.runStep(PickleStepDefinitionMatch.java:50)
	at cucumber.runner.TestStep.executeStep(TestStep.java:68)
	at cucumber.runner.TestStep.run(TestStep.java:50)
	at cucumber.runner.PickleStepTestStep.run(PickleStepTestStep.java:53)
	at cucumber.runner.TestCase.run(TestCase.java:47)
	at cucumber.runner.Runner.runPickle(Runner.java:44)
	at cucumber.runtime.Runtime.runFeature(Runtime.java:120)
	at cucumber.runtime.Runtime.run(Runtime.java:106)
	at cucumber.api.cli.Main.run(Main.java:35)
	at cucumber.api.cli.Main$run.call(Unknown Source)
	at com.kms.katalon.core.cucumber.keyword.CucumberBuiltinKeywords$_runFeatureFile_closure1.doCall(CucumberBuiltinKeywords.groovy:108)
	at com.kms.katalon.core.cucumber.keyword.CucumberBuiltinKeywords$_runFeatureFile_closure1.doCall(CucumberBuiltinKeywords.groovy)
	at com.kms.katalon.core.keyword.internal.KeywordMain.runKeyword(KeywordMain.groovy:74)
	at com.kms.katalon.core.keyword.internal.KeywordMain.runKeyword(KeywordMain.groovy:68)
	at com.kms.katalon.core.keyword.internal.KeywordMain$runKeyword.call(Unknown Source)
	at com.kms.katalon.core.cucumber.keyword.CucumberBuiltinKeywords.runFeatureFile(CucumberBuiltinKeywords.groovy:75)
	at com.kms.katalon.core.cucumber.keyword.CucumberBuiltinKeywords$runFeatureFile$0.callStatic(Unknown Source)
	at com.kms.katalon.core.cucumber.keyword.CucumberBuiltinKeywords.runFeatureFile(CucumberBuiltinKeywords.groovy:248)
	at com.kms.katalon.core.cucumber.keyword.CucumberBuiltinKeywords$runFeatureFile.call(Unknown Source)
	at Feature File.run(Feature File:20)
	at com.kms.katalon.core.main.ScriptEngine.run(ScriptEngine.java:194)
	at com.kms.katalon.core.main.ScriptEngine.runScriptAsRawText(ScriptEngine.java:119)
	at com.kms.katalon.core.main.TestCaseExecutor.runScript(TestCaseExecutor.java:445)
	at com.kms.katalon.core.main.TestCaseExecutor.doExecute(TestCaseExecutor.java:436)
	at com.kms.katalon.core.main.TestCaseExecutor.processExecutionPhase(TestCaseExecutor.java:415)
	at com.kms.katalon.core.main.TestCaseExecutor.accessMainPhase(TestCaseExecutor.java:407)
	at com.kms.katalon.core.main.TestCaseExecutor.execute(TestCaseExecutor.java:284)
	at com.kms.katalon.core.common.CommonExecutor.accessTestCaseMainPhase(CommonExecutor.java:65)
	at com.kms.katalon.core.main.TestSuiteExecutor.accessTestSuiteMainPhase(TestSuiteExecutor.java:144)
	at com.kms.katalon.core.main.TestSuiteExecutor.execute(TestSuiteExecutor.java:106)
	at com.kms.katalon.core.main.TestCaseMain.startTestSuite(TestCaseMain.java:185)
	at com.kms.katalon.core.main.TestCaseMain$startTestSuite$0.call(Unknown Source)
	at TempTestSuite1667651445050.run(TempTestSuite1667651445050.groovy:36)
Caused by: org.openqa.selenium.SessionNotCreatedException: session not created: This version of ChromeDriver only supports Chrome version 105
Current browser version is 107.0.5304.88 with binary path C:\Program Files\Google\Chrome\Application\chrome.exe
Build info: version: '3.141.59', revision: 'e82be7d358', time: '2018-11-14T08:25:53'
System info: host: 'DESKTOP-HMC26PQ', ip: '192.168.56.1', os.name: 'Windows 10', os.arch: 'amd64', os.version: '10.0', java.version: '1.8.0_282'
Driver info: driver.version: CChromeDriver
remote stacktrace: Backtrace:
	Ordinal0 [0x0092DF13+2219795]
	Ordinal0 [0x008C2841+1779777]
	Ordinal0 [0x007D423D+803389]
	Ordinal0 [0x007F64AC+943276]
	Ordinal0 [0x007F19F0+924144]
	Ordinal0 [0x007EF179+913785]
	Ordinal0 [0x008236B9+1128121]
	Ordinal0 [0x0082331A+1127194]
	Ordinal0 [0x0081E616+1107478]
	Ordinal0 [0x007F7F89+950153]
	Ordinal0 [0x007F8F56+954198]
	GetHandleVerifier [0x00C22CB2+3040210]
	GetHandleVerifier [0x00C12BB4+2974420]
	GetHandleVerifier [0x009C6A0A+565546]
	GetHandleVerifier [0x009C5680+560544]
	Ordinal0 [0x008C9A5C+1808988]
	Ordinal0 [0x008CE3A8+1827752]
	Ordinal0 [0x008CE495+1827989]
	Ordinal0 [0x008D80A4+1867940]
	BaseThreadInitThunk [0x75D1FA29+25]
	RtlGetAppContainerNamedObjectPath [0x77747BBE+286]
	RtlGetAppContainerNamedObjectPath [0x77747B8E+238]

	at org.openqa.selenium.remote.W3CHandshakeResponse.lambda$errorHandler$0(W3CHandshakeResponse.java:62)
	at org.openqa.selenium.remote.HandshakeResponse.lambda$getResponseFunction$0(HandshakeResponse.java:30)
	at org.openqa.selenium.remote.ProtocolHandshake.lambda$createSession$0(ProtocolHandshake.java:126)
	at org.openqa.selenium.remote.ProtocolHandshake.createSession(ProtocolHandshake.java:128)
	at org.openqa.selenium.remote.ProtocolHandshake.createSession(ProtocolHandshake.java:74)
	at org.openqa.selenium.remote.HttpCommandExecutor.execute(HttpCommandExecutor.java:136)
	at org.openqa.selenium.remote.service.DriverCommandExecutor.execute(DriverCommandExecutor.java:83)
	at org.openqa.selenium.remote.RemoteWebDriver.execute(RemoteWebDriver.java:552)
	at com.kms.katalon.selenium.driver.CChromeDriver.execute(CChromeDriver.java:19)
	at org.openqa.selenium.remote.RemoteWebDriver.startSession(RemoteWebDriver.java:213)
	at org.openqa.selenium.remote.RemoteWebDriver.<init>(RemoteWebDriver.java:131)
	at org.openqa.selenium.chrome.ChromeDriver.<init>(ChromeDriver.java:181)
	at org.openqa.selenium.chrome.ChromeDriver.<init>(ChromeDriver.java:147)
	at com.kms.katalon.selenium.driver.CChromeDriver.<init>(CChromeDriver.java:13)
	at com.kms.katalon.core.webui.driver.DriverFactory.createNewChromeDriver(DriverFactory.java:434)
	at com.kms.katalon.core.webui.driver.DriverFactory.startNewBrowser(DriverFactory.java:367)
	at com.kms.katalon.core.webui.driver.DriverFactory.openWebDriver(DriverFactory.java:254)
	at com.kms.katalon.core.webui.keyword.builtin.OpenBrowserKeyword$_openBrowser_closure1.doCall(OpenBrowserKeyword.groovy:74)
	at com.kms.katalon.core.webui.keyword.builtin.OpenBrowserKeyword$_openBrowser_closure1.call(OpenBrowserKeyword.groovy)
	at com.kms.katalon.core.webui.keyword.internal.WebUIKeywordMain.runKeyword(WebUIKeywordMain.groovy:20)
	at com.kms.katalon.core.webui.keyword.builtin.OpenBrowserKeyword.openBrowser(OpenBrowserKeyword.groovy:81)
	at com.kms.katalon.core.webui.keyword.builtin.OpenBrowserKeyword.execute(OpenBrowserKeyword.groovy:67)
	at com.kms.katalon.core.keyword.internal.KeywordExecutor.executeKeywordForPlatform(KeywordExecutor.groovy:74)
	at com.kms.katalon.core.webui.keyword.WebUiBuiltInKeywords.openBrowser(WebUiBuiltInKeywords.groovy:64)
	at com.kms.katalon.core.webui.keyword.WebUiBuiltInKeywords$openBrowser.call(Unknown Source)
	at loginsteps.Navigatetoaltashophomepage(loginsteps.groovy:49)
	at cucumber.runtime.Utils$1.call(Utils.java:26)
	at cucumber.runtime.Timeout.timeout(Timeout.java:16)
	at cucumber.runtime.Utils.invoke(Utils.java:20)
	at cucumber.runtime.java.JavaStepDefinition.execute(JavaStepDefinition.java:48)
	at cucumber.runtime.PickleStepDefinitionMatch.runStep(PickleStepDefinitionMatch.java:50)
	at cucumber.runner.TestStep.executeStep(TestStep.java:68)
	at cucumber.runner.TestStep.run(TestStep.java:50)
	at cucumber.runner.PickleStepTestStep.run(PickleStepTestStep.java:53)
	at cucumber.runner.TestCase.run(TestCase.java:47)
	at cucumber.runner.Runner.runPickle(Runner.java:44)
	at cucumber.runtime.Runtime.runFeature(Runtime.java:120)
	at cucumber.runtime.Runtime.run(Runtime.java:106)
	at cucumber.api.cli.Main.run(Main.java:35)
	at cucumber.api.cli.Main$run.call(Unknown Source)
	at com.kms.katalon.core.cucumber.keyword.CucumberBuiltinKeywords$_runFeatureFile_closure1.doCall(CucumberBuiltinKeywords.groovy:108)
	at com.kms.katalon.core.cucumber.keyword.CucumberBuiltinKeywords$_runFeatureFile_closure1.doCall(CucumberBuiltinKeywords.groovy)
	at com.kms.katalon.core.keyword.internal.KeywordMain.runKeyword(KeywordMain.groovy:74)
	at com.kms.katalon.core.keyword.internal.KeywordMain.runKeyword(KeywordMain.groovy:68)
	at com.kms.katalon.core.keyword.internal.KeywordMain$runKeyword.call(Unknown Source)
	at com.kms.katalon.core.cucumber.keyword.CucumberBuiltinKeywords.runFeatureFile(CucumberBuiltinKeywords.groovy:75)
	at com.kms.katalon.core.cucumber.keyword.CucumberBuiltinKeywords$runFeatureFile$0.callStatic(Unknown Source)
	at com.kms.katalon.core.cucumber.keyword.CucumberBuiltinKeywords.runFeatureFile(CucumberBuiltinKeywords.groovy:248)
	at com.kms.katalon.core.cucumber.keyword.CucumberBuiltinKeywords$runFeatureFile.call(Unknown Source)
	at Script1667275976583.run(Script1667275976583.groovy:20)
	... 13 more
)

2022-11-05 19:31:12 - [MESSAGE][FAILED] - Navigate to altashop homepage FAILED.
Reason:
com.kms.katalon.core.exception.StepFailedException: Unable to open browser with url: ''
	at com.kms.katalon.core.webui.keyword.internal.WebUIKeywordMain.stepFailed(WebUIKeywordMain.groovy:64)
	at com.kms.katalon.core.webui.keyword.internal.WebUIKeywordMain.runKeyword(WebUIKeywordMain.groovy:26)
	at com.kms.katalon.core.webui.keyword.builtin.OpenBrowserKeyword.openBrowser(OpenBrowserKeyword.groovy:81)
	at com.kms.katalon.core.webui.keyword.builtin.OpenBrowserKeyword.execute(OpenBrowserKeyword.groovy:67)
	at com.kms.katalon.core.keyword.internal.KeywordExecutor.executeKeywordForPlatform(KeywordExecutor.groovy:74)
	at com.kms.katalon.core.webui.keyword.WebUiBuiltInKeywords.openBrowser(WebUiBuiltInKeywords.groovy:64)
	at com.kms.katalon.core.webui.keyword.WebUiBuiltInKeywords$openBrowser.call(Unknown Source)
	at loginsteps.Navigatetoaltashophomepage(loginsteps.groovy:49)
	at ✽.Navigate to altashop homepage(C:/Users/Athif/git/MiniprojectWeb/Include/features/Positive/login.feature:30)
Caused by: org.openqa.selenium.SessionNotCreatedException: session not created: This version of ChromeDriver only supports Chrome version 105
Current browser version is 107.0.5304.88 with binary path C:\Program Files\Google\Chrome\Application\chrome.exe
Build info: version: '3.141.59', revision: 'e82be7d358', time: '2018-11-14T08:25:53'
System info: host: 'DESKTOP-HMC26PQ', ip: '192.168.56.1', os.name: 'Windows 10', os.arch: 'amd64', os.version: '10.0', java.version: '1.8.0_282'
Driver info: driver.version: CChromeDriver
remote stacktrace: Backtrace:
	Ordinal0 [0x0092DF13+2219795]
	Ordinal0 [0x008C2841+1779777]
	Ordinal0 [0x007D423D+803389]
	Ordinal0 [0x007F64AC+943276]
	Ordinal0 [0x007F19F0+924144]
	Ordinal0 [0x007EF179+913785]
	Ordinal0 [0x008236B9+1128121]
	Ordinal0 [0x0082331A+1127194]
	Ordinal0 [0x0081E616+1107478]
	Ordinal0 [0x007F7F89+950153]
	Ordinal0 [0x007F8F56+954198]
	GetHandleVerifier [0x00C22CB2+3040210]
	GetHandleVerifier [0x00C12BB4+2974420]
	GetHandleVerifier [0x009C6A0A+565546]
	GetHandleVerifier [0x009C5680+560544]
	Ordinal0 [0x008C9A5C+1808988]
	Ordinal0 [0x008CE3A8+1827752]
	Ordinal0 [0x008CE495+1827989]
	Ordinal0 [0x008D80A4+1867940]
	BaseThreadInitThunk [0x75D1FA29+25]
	RtlGetAppContainerNamedObjectPath [0x77747BBE+286]
	RtlGetAppContainerNamedObjectPath [0x77747B8E+238]

	at org.openqa.selenium.remote.W3CHandshakeResponse.lambda$errorHandler$0(W3CHandshakeResponse.java:62)
	at org.openqa.selenium.remote.HandshakeResponse.lambda$getResponseFunction$0(HandshakeResponse.java:30)
	at org.openqa.selenium.remote.ProtocolHandshake.lambda$createSession$0(ProtocolHandshake.java:126)
	at org.openqa.selenium.remote.ProtocolHandshake.createSession(ProtocolHandshake.java:128)
	at org.openqa.selenium.remote.ProtocolHandshake.createSession(ProtocolHandshake.java:74)
	at org.openqa.selenium.remote.HttpCommandExecutor.execute(HttpCommandExecutor.java:136)
	at org.openqa.selenium.remote.service.DriverCommandExecutor.execute(DriverCommandExecutor.java:83)
	at org.openqa.selenium.remote.RemoteWebDriver.execute(RemoteWebDriver.java:552)
	at com.kms.katalon.selenium.driver.CChromeDriver.execute(CChromeDriver.java:19)
	at org.openqa.selenium.remote.RemoteWebDriver.startSession(RemoteWebDriver.java:213)
	at org.openqa.selenium.remote.RemoteWebDriver.<init>(RemoteWebDriver.java:131)
	at org.openqa.selenium.chrome.ChromeDriver.<init>(ChromeDriver.java:181)
	at org.openqa.selenium.chrome.ChromeDriver.<init>(ChromeDriver.java:147)
	at com.kms.katalon.selenium.driver.CChromeDriver.<init>(CChromeDriver.java:13)
	at com.kms.katalon.core.webui.driver.DriverFactory.createNewChromeDriver(DriverFactory.java:434)
	at com.kms.katalon.core.webui.driver.DriverFactory.startNewBrowser(DriverFactory.java:367)
	at com.kms.katalon.core.webui.driver.DriverFactory.openWebDriver(DriverFactory.java:254)
	at com.kms.katalon.core.webui.keyword.builtin.OpenBrowserKeyword$_openBrowser_closure1.doCall(OpenBrowserKeyword.groovy:74)
	at com.kms.katalon.core.webui.keyword.builtin.OpenBrowserKeyword$_openBrowser_closure1.call(OpenBrowserKeyword.groovy)
	at com.kms.katalon.core.webui.keyword.internal.WebUIKeywordMain.runKeyword(WebUIKeywordMain.groovy:20)
	at com.kms.katalon.core.webui.keyword.builtin.OpenBrowserKeyword.openBrowser(OpenBrowserKeyword.groovy:81)
	at com.kms.katalon.core.webui.keyword.builtin.OpenBrowserKeyword.execute(OpenBrowserKeyword.groovy:67)
	at com.kms.katalon.core.keyword.internal.KeywordExecutor.executeKeywordForPlatform(KeywordExecutor.groovy:74)
	at com.kms.katalon.core.webui.keyword.WebUiBuiltInKeywords.openBrowser(WebUiBuiltInKeywords.groovy:64)
	at com.kms.katalon.core.webui.keyword.WebUiBuiltInKeywords$openBrowser.call(Unknown Source)
	at loginsteps.Navigatetoaltashophomepage(loginsteps.groovy:49)
	at cucumber.runtime.Utils$1.call(Utils.java:26)
	at cucumber.runtime.Timeout.timeout(Timeout.java:16)
	at cucumber.runtime.Utils.invoke(Utils.java:20)
	at cucumber.runtime.java.JavaStepDefinition.execute(JavaStepDefinition.java:48)
	at cucumber.runtime.PickleStepDefinitionMatch.runStep(PickleStepDefinitionMatch.java:50)
	at cucumber.runner.TestStep.executeStep(TestStep.java:68)
	at cucumber.runner.TestStep.run(TestStep.java:50)
	at cucumber.runner.PickleStepTestStep.run(PickleStepTestStep.java:53)
	at cucumber.runner.TestCase.run(TestCase.java:47)
	at cucumber.runner.Runner.runPickle(Runner.java:44)
	at cucumber.runtime.Runtime.runFeature(Runtime.java:120)
	at cucumber.runtime.Runtime.run(Runtime.java:106)
	at cucumber.api.cli.Main.run(Main.java:35)
	at cucumber.api.cli.Main$run.call(Unknown Source)
	at com.kms.katalon.core.cucumber.keyword.CucumberBuiltinKeywords$_runFeatureFile_closure1.doCall(CucumberBuiltinKeywords.groovy:108)
	at com.kms.katalon.core.cucumber.keyword.CucumberBuiltinKeywords$_runFeatureFile_closure1.doCall(CucumberBuiltinKeywords.groovy)
	at com.kms.katalon.core.keyword.internal.KeywordMain.runKeyword(KeywordMain.groovy:74)
	at com.kms.katalon.core.keyword.internal.KeywordMain.runKeyword(KeywordMain.groovy:68)
	at com.kms.katalon.core.keyword.internal.KeywordMain$runKeyword.call(Unknown Source)
	at com.kms.katalon.core.cucumber.keyword.CucumberBuiltinKeywords.runFeatureFile(CucumberBuiltinKeywords.groovy:75)
	at com.kms.katalon.core.cucumber.keyword.CucumberBuiltinKeywords$runFeatureFile$0.callStatic(Unknown Source)
	at com.kms.katalon.core.cucumber.keyword.CucumberBuiltinKeywords.runFeatureFile(CucumberBuiltinKeywords.groovy:248)
	at com.kms.katalon.core.cucumber.keyword.CucumberBuiltinKeywords$runFeatureFile.call(Unknown Source)
	at Feature File.run(Feature File:20)
	at com.kms.katalon.core.main.ScriptEngine.run(ScriptEngine.java:194)
	at com.kms.katalon.core.main.ScriptEngine.runScriptAsRawText(ScriptEngine.java:119)
	at com.kms.katalon.core.main.TestCaseExecutor.runScript(TestCaseExecutor.java:445)
	at com.kms.katalon.core.main.TestCaseExecutor.doExecute(TestCaseExecutor.java:436)
	at com.kms.katalon.core.main.TestCaseExecutor.processExecutionPhase(TestCaseExecutor.java:415)
	at com.kms.katalon.core.main.TestCaseExecutor.accessMainPhase(TestCaseExecutor.java:407)
	at com.kms.katalon.core.main.TestCaseExecutor.execute(TestCaseExecutor.java:284)
	at com.kms.katalon.core.common.CommonExecutor.accessTestCaseMainPhase(CommonExecutor.java:65)
	at com.kms.katalon.core.main.TestSuiteExecutor.accessTestSuiteMainPhase(TestSuiteExecutor.java:144)
	at com.kms.katalon.core.main.TestSuiteExecutor.execute(TestSuiteExecutor.java:106)
	at com.kms.katalon.core.main.TestCaseMain.startTestSuite(TestCaseMain.java:185)
	at com.kms.katalon.core.main.TestCaseMain$startTestSuite$0.call(Unknown Source)
	at TempTestSuite1667651445050.run(TempTestSuite1667651445050.groovy:36)


2022-11-05 19:31:12 - [TEST_STEP][NOT_RUN] - User navigate to login page: User navigate to login page

2022-11-05 19:31:12 - [MESSAGE][NOT_RUN] - User navigate to login page

2022-11-05 19:31:12 - [TEST_STEP][NOT_RUN] - User input  and : User input  and 

2022-11-05 19:31:12 - [MESSAGE][NOT_RUN] - User input  and 

2022-11-05 19:31:12 - [TEST_STEP][NOT_RUN] - User click login button: User click login button

2022-11-05 19:31:12 - [MESSAGE][NOT_RUN] - User click login button

2022-11-05 19:31:12 - [TEST_STEP][NOT_RUN] - Error message showed: Error message showed

2022-11-05 19:31:12 - [MESSAGE][NOT_RUN] - Error message showed

2022-11-05 19:31:13 - [MESSAGE][FAILED] - Feature file 'Include/features/Positive/login.feature' was failed

2022-11-05 19:31:13 - [MESSAGE][FAILED] - Keyword runFeatureFile was failed (Root cause: com.kms.katalon.core.exception.StepFailedException: Feature file 'Include/features/Positive/login.feature' was failed
	at com.kms.katalon.core.keyword.internal.KeywordMain.stepFailed(KeywordMain.groovy:50)
	at com.kms.katalon.core.keyword.internal.KeywordMain.stepFailed(KeywordMain.groovy)
	at com.kms.katalon.core.keyword.internal.KeywordMain.stepFailed(KeywordMain.groovy:23)
	at com.kms.katalon.core.keyword.internal.KeywordMain$stepFailed$0.call(Unknown Source)
	at com.kms.katalon.core.cucumber.keyword.CucumberBuiltinKeywords$_runFeatureFile_closure1.doCall(CucumberBuiltinKeywords.groovy:114)
	at com.kms.katalon.core.cucumber.keyword.CucumberBuiltinKeywords$_runFeatureFile_closure1.doCall(CucumberBuiltinKeywords.groovy)
	at com.kms.katalon.core.keyword.internal.KeywordMain.runKeyword(KeywordMain.groovy:74)
	at com.kms.katalon.core.keyword.internal.KeywordMain.runKeyword(KeywordMain.groovy:68)
	at com.kms.katalon.core.keyword.internal.KeywordMain$runKeyword.call(Unknown Source)
	at com.kms.katalon.core.cucumber.keyword.CucumberBuiltinKeywords.runFeatureFile(CucumberBuiltinKeywords.groovy:75)
	at com.kms.katalon.core.cucumber.keyword.CucumberBuiltinKeywords$runFeatureFile$0.callStatic(Unknown Source)
	at com.kms.katalon.core.cucumber.keyword.CucumberBuiltinKeywords.runFeatureFile(CucumberBuiltinKeywords.groovy:248)
	at com.kms.katalon.core.cucumber.keyword.CucumberBuiltinKeywords$runFeatureFile.call(Unknown Source)
	at Feature File.run(Feature File:20)
	at com.kms.katalon.core.main.ScriptEngine.run(ScriptEngine.java:194)
	at com.kms.katalon.core.main.ScriptEngine.runScriptAsRawText(ScriptEngine.java:119)
	at com.kms.katalon.core.main.TestCaseExecutor.runScript(TestCaseExecutor.java:445)
	at com.kms.katalon.core.main.TestCaseExecutor.doExecute(TestCaseExecutor.java:436)
	at com.kms.katalon.core.main.TestCaseExecutor.processExecutionPhase(TestCaseExecutor.java:415)
	at com.kms.katalon.core.main.TestCaseExecutor.accessMainPhase(TestCaseExecutor.java:407)
	at com.kms.katalon.core.main.TestCaseExecutor.execute(TestCaseExecutor.java:284)
	at com.kms.katalon.core.common.CommonExecutor.accessTestCaseMainPhase(CommonExecutor.java:65)
	at com.kms.katalon.core.main.TestSuiteExecutor.accessTestSuiteMainPhase(TestSuiteExecutor.java:144)
	at com.kms.katalon.core.main.TestSuiteExecutor.execute(TestSuiteExecutor.java:106)
	at com.kms.katalon.core.main.TestCaseMain.startTestSuite(TestCaseMain.java:185)
	at com.kms.katalon.core.main.TestCaseMain$startTestSuite$0.call(Unknown Source)
	at TempTestSuite1667651445050.run(TempTestSuite1667651445050.groovy:36)
)]]></system-out>
         <system-err><![CDATA[2022-11-05 19:30:54 - [TEST_CASE][FAILED] - Test Cases/Feature File: Test Cases/Feature File FAILED.
Reason:
com.kms.katalon.core.exception.StepFailedException: Feature file 'Include/features/Positive/login.feature' was failed
	at com.kms.katalon.core.keyword.internal.KeywordMain.stepFailed(KeywordMain.groovy:50)
	at com.kms.katalon.core.keyword.internal.KeywordMain.stepFailed(KeywordMain.groovy)
	at com.kms.katalon.core.keyword.internal.KeywordMain.stepFailed(KeywordMain.groovy:23)
	at com.kms.katalon.core.keyword.internal.KeywordMain$stepFailed$0.call(Unknown Source)
	at com.kms.katalon.core.cucumber.keyword.CucumberBuiltinKeywords$_runFeatureFile_closure1.doCall(CucumberBuiltinKeywords.groovy:114)
	at com.kms.katalon.core.cucumber.keyword.CucumberBuiltinKeywords$_runFeatureFile_closure1.doCall(CucumberBuiltinKeywords.groovy)
	at com.kms.katalon.core.keyword.internal.KeywordMain.runKeyword(KeywordMain.groovy:74)
	at com.kms.katalon.core.keyword.internal.KeywordMain.runKeyword(KeywordMain.groovy:68)
	at com.kms.katalon.core.keyword.internal.KeywordMain$runKeyword.call(Unknown Source)
	at com.kms.katalon.core.cucumber.keyword.CucumberBuiltinKeywords.runFeatureFile(CucumberBuiltinKeywords.groovy:75)
	at com.kms.katalon.core.cucumber.keyword.CucumberBuiltinKeywords$runFeatureFile$0.callStatic(Unknown Source)
	at com.kms.katalon.core.cucumber.keyword.CucumberBuiltinKeywords.runFeatureFile(CucumberBuiltinKeywords.groovy:248)
	at com.kms.katalon.core.cucumber.keyword.CucumberBuiltinKeywords$runFeatureFile.call(Unknown Source)
	at Feature File.run(Feature File:20)
	at com.kms.katalon.core.main.ScriptEngine.run(ScriptEngine.java:194)
	at com.kms.katalon.core.main.ScriptEngine.runScriptAsRawText(ScriptEngine.java:119)
	at com.kms.katalon.core.main.TestCaseExecutor.runScript(TestCaseExecutor.java:445)
	at com.kms.katalon.core.main.TestCaseExecutor.doExecute(TestCaseExecutor.java:436)
	at com.kms.katalon.core.main.TestCaseExecutor.processExecutionPhase(TestCaseExecutor.java:415)
	at com.kms.katalon.core.main.TestCaseExecutor.accessMainPhase(TestCaseExecutor.java:407)
	at com.kms.katalon.core.main.TestCaseExecutor.execute(TestCaseExecutor.java:284)
	at com.kms.katalon.core.common.CommonExecutor.accessTestCaseMainPhase(CommonExecutor.java:65)
	at com.kms.katalon.core.main.TestSuiteExecutor.accessTestSuiteMainPhase(TestSuiteExecutor.java:144)
	at com.kms.katalon.core.main.TestSuiteExecutor.execute(TestSuiteExecutor.java:106)
	at com.kms.katalon.core.main.TestCaseMain.startTestSuite(TestCaseMain.java:185)
	at com.kms.katalon.core.main.TestCaseMain$startTestSuite$0.call(Unknown Source)
	at TempTestSuite1667651445050.run(TempTestSuite1667651445050.groovy:36)]]></system-err>
      </testcase>
      <system-out><![CDATA[2022-11-05 19:30:54 - [TEST_SUITE][FAILED] - ATC_Test Suite: Test Cases/Feature File FAILED.
Reason:
com.kms.katalon.core.exception.StepFailedException: Feature file 'Include/features/Positive/login.feature' was failed
	at com.kms.katalon.core.keyword.internal.KeywordMain.stepFailed(KeywordMain.groovy:50)
	at com.kms.katalon.core.keyword.internal.KeywordMain.stepFailed(KeywordMain.groovy)
	at com.kms.katalon.core.keyword.internal.KeywordMain.stepFailed(KeywordMain.groovy:23)
	at com.kms.katalon.core.keyword.internal.KeywordMain$stepFailed$0.call(Unknown Source)
	at com.kms.katalon.core.cucumber.keyword.CucumberBuiltinKeywords$_runFeatureFile_closure1.doCall(CucumberBuiltinKeywords.groovy:114)
	at com.kms.katalon.core.cucumber.keyword.CucumberBuiltinKeywords$_runFeatureFile_closure1.doCall(CucumberBuiltinKeywords.groovy)
	at com.kms.katalon.core.keyword.internal.KeywordMain.runKeyword(KeywordMain.groovy:74)
	at com.kms.katalon.core.keyword.internal.KeywordMain.runKeyword(KeywordMain.groovy:68)
	at com.kms.katalon.core.keyword.internal.KeywordMain$runKeyword.call(Unknown Source)
	at com.kms.katalon.core.cucumber.keyword.CucumberBuiltinKeywords.runFeatureFile(CucumberBuiltinKeywords.groovy:75)
	at com.kms.katalon.core.cucumber.keyword.CucumberBuiltinKeywords$runFeatureFile$0.callStatic(Unknown Source)
	at com.kms.katalon.core.cucumber.keyword.CucumberBuiltinKeywords.runFeatureFile(CucumberBuiltinKeywords.groovy:248)
	at com.kms.katalon.core.cucumber.keyword.CucumberBuiltinKeywords$runFeatureFile.call(Unknown Source)
	at Feature File.run(Feature File:20)
	at com.kms.katalon.core.main.ScriptEngine.run(ScriptEngine.java:194)
	at com.kms.katalon.core.main.ScriptEngine.runScriptAsRawText(ScriptEngine.java:119)
	at com.kms.katalon.core.main.TestCaseExecutor.runScript(TestCaseExecutor.java:445)
	at com.kms.katalon.core.main.TestCaseExecutor.doExecute(TestCaseExecutor.java:436)
	at com.kms.katalon.core.main.TestCaseExecutor.processExecutionPhase(TestCaseExecutor.java:415)
	at com.kms.katalon.core.main.TestCaseExecutor.accessMainPhase(TestCaseExecutor.java:407)
	at com.kms.katalon.core.main.TestCaseExecutor.execute(TestCaseExecutor.java:284)
	at com.kms.katalon.core.common.CommonExecutor.accessTestCaseMainPhase(CommonExecutor.java:65)
	at com.kms.katalon.core.main.TestSuiteExecutor.accessTestSuiteMainPhase(TestSuiteExecutor.java:144)
	at com.kms.katalon.core.main.TestSuiteExecutor.execute(TestSuiteExecutor.java:106)
	at com.kms.katalon.core.main.TestCaseMain.startTestSuite(TestCaseMain.java:185)
	at com.kms.katalon.core.main.TestCaseMain$startTestSuite$0.call(Unknown Source)
	at TempTestSuite1667651445050.run(TempTestSuite1667651445050.groovy:36)]]></system-out>
      <system-err><![CDATA[2022-11-05 19:30:54 - [TEST_SUITE][FAILED] - ATC_Test Suite: Test Cases/Feature File FAILED.
Reason:
com.kms.katalon.core.exception.StepFailedException: Feature file 'Include/features/Positive/login.feature' was failed
	at com.kms.katalon.core.keyword.internal.KeywordMain.stepFailed(KeywordMain.groovy:50)
	at com.kms.katalon.core.keyword.internal.KeywordMain.stepFailed(KeywordMain.groovy)
	at com.kms.katalon.core.keyword.internal.KeywordMain.stepFailed(KeywordMain.groovy:23)
	at com.kms.katalon.core.keyword.internal.KeywordMain$stepFailed$0.call(Unknown Source)
	at com.kms.katalon.core.cucumber.keyword.CucumberBuiltinKeywords$_runFeatureFile_closure1.doCall(CucumberBuiltinKeywords.groovy:114)
	at com.kms.katalon.core.cucumber.keyword.CucumberBuiltinKeywords$_runFeatureFile_closure1.doCall(CucumberBuiltinKeywords.groovy)
	at com.kms.katalon.core.keyword.internal.KeywordMain.runKeyword(KeywordMain.groovy:74)
	at com.kms.katalon.core.keyword.internal.KeywordMain.runKeyword(KeywordMain.groovy:68)
	at com.kms.katalon.core.keyword.internal.KeywordMain$runKeyword.call(Unknown Source)
	at com.kms.katalon.core.cucumber.keyword.CucumberBuiltinKeywords.runFeatureFile(CucumberBuiltinKeywords.groovy:75)
	at com.kms.katalon.core.cucumber.keyword.CucumberBuiltinKeywords$runFeatureFile$0.callStatic(Unknown Source)
	at com.kms.katalon.core.cucumber.keyword.CucumberBuiltinKeywords.runFeatureFile(CucumberBuiltinKeywords.groovy:248)
	at com.kms.katalon.core.cucumber.keyword.CucumberBuiltinKeywords$runFeatureFile.call(Unknown Source)
	at Feature File.run(Feature File:20)
	at com.kms.katalon.core.main.ScriptEngine.run(ScriptEngine.java:194)
	at com.kms.katalon.core.main.ScriptEngine.runScriptAsRawText(ScriptEngine.java:119)
	at com.kms.katalon.core.main.TestCaseExecutor.runScript(TestCaseExecutor.java:445)
	at com.kms.katalon.core.main.TestCaseExecutor.doExecute(TestCaseExecutor.java:436)
	at com.kms.katalon.core.main.TestCaseExecutor.processExecutionPhase(TestCaseExecutor.java:415)
	at com.kms.katalon.core.main.TestCaseExecutor.accessMainPhase(TestCaseExecutor.java:407)
	at com.kms.katalon.core.main.TestCaseExecutor.execute(TestCaseExecutor.java:284)
	at com.kms.katalon.core.common.CommonExecutor.accessTestCaseMainPhase(CommonExecutor.java:65)
	at com.kms.katalon.core.main.TestSuiteExecutor.accessTestSuiteMainPhase(TestSuiteExecutor.java:144)
	at com.kms.katalon.core.main.TestSuiteExecutor.execute(TestSuiteExecutor.java:106)
	at com.kms.katalon.core.main.TestCaseMain.startTestSuite(TestCaseMain.java:185)
	at com.kms.katalon.core.main.TestCaseMain$startTestSuite$0.call(Unknown Source)
	at TempTestSuite1667651445050.run(TempTestSuite1667651445050.groovy:36)]]></system-err>
   </testsuite>
</testsuites>
