<?xml version="1.0" encoding="UTF-8"?>
<testsuites name="ATC_Test Suite" time="199.117" tests="10" failures="0" errors="0">
   <testsuite name="ATC_Test Suite" tests="10" failures="0" errors="0" time="199.117" skipped="0" timestamp="2022-11-01 11:51:51" hostname="Athif - DESKTOP-HMC26PQ" id="Test Suites/ATC_Test Suite">
      <properties>
         <property name="deviceName" value=""/>
         <property name="devicePlatform" value=""/>
         <property name="logFolder" value="C:\\Users\\Athif\\git\\MiniprojectWeb\\Reports\\20221101_115143\\ATC_Test Suite\\20221101_115143"/>
         <property name="logFiles" value="C:\\Users\\Athif\\git\\MiniprojectWeb\\Reports\\20221101_115143\\ATC_Test Suite\\20221101_115143\\execution0.log"/>
         <property name="attachments" value=""/>
         <property name="hostName" value="Athif - DESKTOP-HMC26PQ"/>
         <property name="os" value="Windows 10 64bit"/>
         <property name="katalonVersion" value="8.3.0.208"/>
         <property name="browser" value="Chrome 106.0.0.0"/>
         <property name="hostAddress" value="192.168.56.1"/>
         <property name="sessionId" value="85ce118c340d1a0c767511ecf5999b7a"/>
         <property name="seleniumVersion" value="3.141.59"/>
         <property name="proxyInformation" value="ProxyInformation { proxyOption=NO_PROXY, proxyServerType=HTTP, username=, password=********, proxyServerAddress=, proxyServerPort=0, executionList=&quot;&quot;, isApplyToDesiredCapabilities=true }"/>
         <property name="platform" value="Windows 10"/>
      </properties>
      <testcase name="Test Cases/ATC/ATC01_Register" time="17.168" classname="Test Cases/ATC/ATC01_Register" status="PASSED">
         <system-out><![CDATA[2022-11-01 11:51:52 - [TEST_CASE][PASSED] - Test Cases/ATC/ATC01_Register: Test Cases/ATC/ATC01_Register

2022-11-01 11:51:52 - [TEST_STEP][PASSED] - openBrowser(""): Browser is opened with url: ''

2022-11-01 11:51:53 - [MESSAGE][INFO] - Starting 'Chrome' driver

2022-11-01 11:51:53 - [MESSAGE][INFO] - Action delay is set to 0 milliseconds

2022-11-01 11:51:56 - [MESSAGE][PASSED] - Browser is opened with url: ''

2022-11-01 11:51:56 - [TEST_STEP][PASSED] - navigateToUrl("https://alta-shop.vercel.app/"): Navigate to 'https://alta-shop.vercel.app/' successfully

2022-11-01 11:52:01 - [MESSAGE][PASSED] - Navigate to 'https://alta-shop.vercel.app/' successfully

2022-11-01 11:52:01 - [TEST_STEP][PASSED] - click(findTestObject("Object Repository/Register/Page_frontend-web/i_AltaShop_v-icon notranslate fas fa-sign-i_3d16a9")): Object: 'Object Repository/Register/Page_frontend-web/i_AltaShop_v-icon notranslate fas fa-sign-i_3d16a9' is clicked on

2022-11-01 11:52:04 - [MESSAGE][PASSED] - Object: 'Object Repository/Register/Page_frontend-web/i_AltaShop_v-icon notranslate fas fa-sign-i_3d16a9' is clicked on

2022-11-01 11:52:04 - [TEST_STEP][PASSED] - click(findTestObject("Object Repository/Register/Page_frontend-web/a_Register")): Object: 'Object Repository/Register/Page_frontend-web/a_Register' is clicked on

2022-11-01 11:52:04 - [MESSAGE][PASSED] - Object: 'Object Repository/Register/Page_frontend-web/a_Register' is clicked on

2022-11-01 11:52:04 - [TEST_STEP][PASSED] - setText(findTestObject("Register/Page_frontend-web/input_Nama Lengkap_input-613"), "zackweb"): Text 'zackweb' is set on object 'Object Repository/Register/Page_frontend-web/input_Nama Lengkap_input-613'

2022-11-01 11:52:05 - [MESSAGE][PASSED] - Text 'zackweb' is set on object 'Object Repository/Register/Page_frontend-web/input_Nama Lengkap_input-613'

2022-11-01 11:52:05 - [TEST_STEP][PASSED] - RN = <not implemented yet for class: org.codehaus.groovy.ast.expr.EmptyExpression>: null

2022-11-01 11:52:05 - [TEST_STEP][PASSED] - RN = Math.random() * 500: null

2022-11-01 11:52:05 - [TEST_STEP][PASSED] - setText(findTestObject("Login/Page_frontend-web/input_Email_input-602"), "zackweb" + RN + "@gmail.com"): Text 'zackweb387@gmail.com' is set on object 'Object Repository/Login/Page_frontend-web/input_Email_input-602'

2022-11-01 11:52:06 - [MESSAGE][PASSED] - Text 'zackweb387@gmail.com' is set on object 'Object Repository/Login/Page_frontend-web/input_Email_input-602'

2022-11-01 11:52:06 - [TEST_STEP][PASSED] - setText(findTestObject("Login/Page_frontend-web/input_Password_input-605"), "zack123"): Text 'zack123' is set on object 'Object Repository/Login/Page_frontend-web/input_Password_input-605'

2022-11-01 11:52:07 - [MESSAGE][PASSED] - Text 'zack123' is set on object 'Object Repository/Login/Page_frontend-web/input_Password_input-605'

2022-11-01 11:52:07 - [TEST_STEP][PASSED] - click(findTestObject("Object Repository/Register/Page_frontend-web/button_Register")): Object: 'Object Repository/Register/Page_frontend-web/button_Register' is clicked on

2022-11-01 11:52:07 - [MESSAGE][PASSED] - Object: 'Object Repository/Register/Page_frontend-web/button_Register' is clicked on

2022-11-01 11:52:07 - [TEST_STEP][PASSED] - verifyElementPresent(findTestObject("Object Repository/Register/Page_frontend-web/div_Login"), 0): Object 'Object Repository/Register/Page_frontend-web/div_Login' is present

2022-11-01 11:52:07 - [MESSAGE][WARNING] - Timeout '0' is invalid. Using default page load timeout: '30'

2022-11-01 11:52:08 - [MESSAGE][PASSED] - Object 'Object Repository/Register/Page_frontend-web/div_Login' is present

2022-11-01 11:52:08 - [TEST_STEP][PASSED] - closeBrowser(): Browser is closed

2022-11-01 11:52:09 - [MESSAGE][PASSED] - Browser is closed]]></system-out>
         <system-err><![CDATA[]]></system-err>
      </testcase>
      <testcase name="Test Cases/ATC/ATC02_Login" time="14.423" classname="Test Cases/ATC/ATC02_Login" status="PASSED">
         <system-out><![CDATA[2022-11-01 11:52:09 - [TEST_CASE][PASSED] - Test Cases/ATC/ATC02_Login: Test Cases/ATC/ATC02_Login

2022-11-01 11:52:10 - [TEST_STEP][PASSED] - openBrowser(""): Browser is opened with url: ''

2022-11-01 11:52:10 - [MESSAGE][INFO] - Starting 'Chrome' driver

2022-11-01 11:52:10 - [MESSAGE][INFO] - Action delay is set to 0 milliseconds

2022-11-01 11:52:11 - [MESSAGE][PASSED] - Browser is opened with url: ''

2022-11-01 11:52:11 - [TEST_STEP][PASSED] - navigateToUrl("https://alta-shop.vercel.app/"): Navigate to 'https://alta-shop.vercel.app/' successfully

2022-11-01 11:52:14 - [MESSAGE][PASSED] - Navigate to 'https://alta-shop.vercel.app/' successfully

2022-11-01 11:52:14 - [TEST_STEP][PASSED] - click(findTestObject("Object Repository/Login/Page_frontend-web/i_AltaShop_v-icon notranslate fas fa-sign-i_3d16a9")): Object: 'Object Repository/Login/Page_frontend-web/i_AltaShop_v-icon notranslate fas fa-sign-i_3d16a9' is clicked on

2022-11-01 11:52:17 - [MESSAGE][PASSED] - Object: 'Object Repository/Login/Page_frontend-web/i_AltaShop_v-icon notranslate fas fa-sign-i_3d16a9' is clicked on

2022-11-01 11:52:17 - [TEST_STEP][PASSED] - setText(findTestObject("Login/Page_frontend-web/input_Email_input-602"), "zack@gmail.com"): Text 'zack@gmail.com' is set on object 'Object Repository/Login/Page_frontend-web/input_Email_input-602'

2022-11-01 11:52:18 - [MESSAGE][PASSED] - Text 'zack@gmail.com' is set on object 'Object Repository/Login/Page_frontend-web/input_Email_input-602'

2022-11-01 11:52:18 - [TEST_STEP][PASSED] - setText(findTestObject("Object Repository/Login/Page_frontend-web/input_Password_input-605"), "zack123"): Text 'zack123' is set on object 'Object Repository/Login/Page_frontend-web/input_Password_input-605'

2022-11-01 11:52:19 - [MESSAGE][PASSED] - Text 'zack123' is set on object 'Object Repository/Login/Page_frontend-web/input_Password_input-605'

2022-11-01 11:52:19 - [TEST_STEP][PASSED] - click(findTestObject("Object Repository/Login/Page_frontend-web/span_Login")): Object: 'Object Repository/Login/Page_frontend-web/span_Login' is clicked on

2022-11-01 11:52:19 - [MESSAGE][PASSED] - Object: 'Object Repository/Login/Page_frontend-web/span_Login' is clicked on

2022-11-01 11:52:19 - [TEST_STEP][PASSED] - verifyElementPresent(findTestObject("Object Repository/Login/Page_frontend-web/div_AltaShop_v-select__selections"), 0): Object 'Object Repository/Login/Page_frontend-web/div_AltaShop_v-select__selections' is present

2022-11-01 11:52:19 - [MESSAGE][WARNING] - Timeout '0' is invalid. Using default page load timeout: '30'

2022-11-01 11:52:23 - [MESSAGE][PASSED] - Object 'Object Repository/Login/Page_frontend-web/div_AltaShop_v-select__selections' is present

2022-11-01 11:52:23 - [TEST_STEP][PASSED] - closeBrowser(): Browser is closed

2022-11-01 11:52:24 - [MESSAGE][PASSED] - Browser is closed]]></system-out>
         <system-err><![CDATA[]]></system-err>
      </testcase>
      <testcase name="Test Cases/ATC/ATC03_Logout" time="18.066" classname="Test Cases/ATC/ATC03_Logout" status="PASSED">
         <system-out><![CDATA[2022-11-01 11:52:24 - [TEST_CASE][PASSED] - Test Cases/ATC/ATC03_Logout: Test Cases/ATC/ATC03_Logout

2022-11-01 11:52:24 - [TEST_STEP][PASSED] - openBrowser(""): Browser is opened with url: ''

2022-11-01 11:52:24 - [MESSAGE][INFO] - Starting 'Chrome' driver

2022-11-01 11:52:24 - [MESSAGE][INFO] - Action delay is set to 0 milliseconds

2022-11-01 11:52:26 - [MESSAGE][PASSED] - Browser is opened with url: ''

2022-11-01 11:52:26 - [TEST_STEP][PASSED] - navigateToUrl("https://alta-shop.vercel.app/"): Navigate to 'https://alta-shop.vercel.app/' successfully

2022-11-01 11:52:29 - [MESSAGE][PASSED] - Navigate to 'https://alta-shop.vercel.app/' successfully

2022-11-01 11:52:29 - [TEST_STEP][PASSED] - click(findTestObject("Object Repository/Logout/Page_frontend-web/i_AltaShop_v-icon notranslate fas fa-sign-i_3d16a9")): Object: 'Object Repository/Logout/Page_frontend-web/i_AltaShop_v-icon notranslate fas fa-sign-i_3d16a9' is clicked on

2022-11-01 11:52:32 - [MESSAGE][PASSED] - Object: 'Object Repository/Logout/Page_frontend-web/i_AltaShop_v-icon notranslate fas fa-sign-i_3d16a9' is clicked on

2022-11-01 11:52:32 - [TEST_STEP][PASSED] - setText(findTestObject("Object Repository/Logout/Page_frontend-web/input_Email_input-602"), "zack@gmail.com"): Text 'zack@gmail.com' is set on object 'Object Repository/Logout/Page_frontend-web/input_Email_input-602'

2022-11-01 11:52:33 - [MESSAGE][PASSED] - Text 'zack@gmail.com' is set on object 'Object Repository/Logout/Page_frontend-web/input_Email_input-602'

2022-11-01 11:52:33 - [TEST_STEP][PASSED] - setText(findTestObject("Object Repository/Logout/Page_frontend-web/input_Password_input-605"), "zack123"): Text 'zack123' is set on object 'Object Repository/Logout/Page_frontend-web/input_Password_input-605'

2022-11-01 11:52:34 - [MESSAGE][PASSED] - Text 'zack123' is set on object 'Object Repository/Logout/Page_frontend-web/input_Password_input-605'

2022-11-01 11:52:34 - [TEST_STEP][PASSED] - click(findTestObject("Object Repository/Logout/Page_frontend-web/span_Login")): Object: 'Object Repository/Logout/Page_frontend-web/span_Login' is clicked on

2022-11-01 11:52:35 - [MESSAGE][PASSED] - Object: 'Object Repository/Logout/Page_frontend-web/span_Login' is clicked on

2022-11-01 11:52:35 - [TEST_STEP][PASSED] - verifyElementPresent(findTestObject("Object Repository/Logout/Page_frontend-web/div_AltaShop_v-select__selections"), 0): Object 'Object Repository/Logout/Page_frontend-web/div_AltaShop_v-select__selections' is present

2022-11-01 11:52:35 - [MESSAGE][WARNING] - Timeout '0' is invalid. Using default page load timeout: '30'

2022-11-01 11:52:38 - [MESSAGE][PASSED] - Object 'Object Repository/Logout/Page_frontend-web/div_AltaShop_v-select__selections' is present

2022-11-01 11:52:38 - [TEST_STEP][PASSED] - click(findTestObject("Object Repository/Logout/Page_frontend-web/i_AltaShop_v-icon notranslate fas fa-user t_f0827e")): Object: 'Object Repository/Logout/Page_frontend-web/i_AltaShop_v-icon notranslate fas fa-user t_f0827e' is clicked on

2022-11-01 11:52:39 - [MESSAGE][PASSED] - Object: 'Object Repository/Logout/Page_frontend-web/i_AltaShop_v-icon notranslate fas fa-user t_f0827e' is clicked on

2022-11-01 11:52:39 - [TEST_STEP][PASSED] - click(findTestObject("Logout/Page_frontend-web/i_Transaksi_v-icon notranslate fas fa-sign-in theme--light")): Object: 'Object Repository/Logout/Page_frontend-web/i_Transaksi_v-icon notranslate fas fa-sign-in theme--light' is clicked on

2022-11-01 11:52:39 - [MESSAGE][PASSED] - Object: 'Object Repository/Logout/Page_frontend-web/i_Transaksi_v-icon notranslate fas fa-sign-in theme--light' is clicked on

2022-11-01 11:52:39 - [TEST_STEP][PASSED] - verifyElementPresent(findTestObject("Object Repository/Logout/Page_frontend-web/div_Login"), 0): Object 'Object Repository/Logout/Page_frontend-web/div_Login' is present

2022-11-01 11:52:39 - [MESSAGE][WARNING] - Timeout '0' is invalid. Using default page load timeout: '30'

2022-11-01 11:52:40 - [MESSAGE][PASSED] - Object 'Object Repository/Logout/Page_frontend-web/div_Login' is present

2022-11-01 11:52:40 - [TEST_STEP][PASSED] - closeBrowser(): Browser is closed

2022-11-01 11:52:42 - [MESSAGE][PASSED] - Browser is closed]]></system-out>
         <system-err><![CDATA[]]></system-err>
      </testcase>
      <testcase name="Test Cases/ATC/ATC04_Categories" time="10.567" classname="Test Cases/ATC/ATC04_Categories" status="PASSED">
         <system-out><![CDATA[2022-11-01 11:52:42 - [TEST_CASE][PASSED] - Test Cases/ATC/ATC04_Categories: Test Cases/ATC/ATC04_Categories

2022-11-01 11:52:42 - [TEST_STEP][PASSED] - openBrowser(""): Browser is opened with url: ''

2022-11-01 11:52:42 - [MESSAGE][INFO] - Starting 'Chrome' driver

2022-11-01 11:52:42 - [MESSAGE][INFO] - Action delay is set to 0 milliseconds

2022-11-01 11:52:44 - [MESSAGE][PASSED] - Browser is opened with url: ''

2022-11-01 11:52:44 - [TEST_STEP][PASSED] - navigateToUrl("https://alta-shop.vercel.app/"): Navigate to 'https://alta-shop.vercel.app/' successfully

2022-11-01 11:52:48 - [MESSAGE][PASSED] - Navigate to 'https://alta-shop.vercel.app/' successfully

2022-11-01 11:52:48 - [TEST_STEP][PASSED] - click(findTestObject("Object Repository/Categories/Page_frontend-web/div_AltaShop_v-select__selections")): Object: 'Object Repository/Categories/Page_frontend-web/div_AltaShop_v-select__selections' is clicked on

2022-11-01 11:52:50 - [MESSAGE][PASSED] - Object: 'Object Repository/Categories/Page_frontend-web/div_AltaShop_v-select__selections' is clicked on

2022-11-01 11:52:50 - [TEST_STEP][PASSED] - click(findTestObject("Object Repository/Categories/Page_frontend-web/div_Dolanan")): Object: 'Object Repository/Categories/Page_frontend-web/div_Dolanan' is clicked on

2022-11-01 11:52:50 - [MESSAGE][PASSED] - Object: 'Object Repository/Categories/Page_frontend-web/div_Dolanan' is clicked on

2022-11-01 11:52:50 - [TEST_STEP][PASSED] - verifyElementPresent(findTestObject("Object Repository/Categories/Page_frontend-web/button_Dolanan_v-icon notranslate v-icon--l_dd68f6"), 0): Object 'Object Repository/Categories/Page_frontend-web/button_Dolanan_v-icon notranslate v-icon--l_dd68f6' is present

2022-11-01 11:52:51 - [MESSAGE][WARNING] - Timeout '0' is invalid. Using default page load timeout: '30'

2022-11-01 11:52:51 - [MESSAGE][PASSED] - Object 'Object Repository/Categories/Page_frontend-web/button_Dolanan_v-icon notranslate v-icon--l_dd68f6' is present

2022-11-01 11:52:51 - [TEST_STEP][PASSED] - closeBrowser(): Browser is closed

2022-11-01 11:52:52 - [MESSAGE][PASSED] - Browser is closed]]></system-out>
         <system-err><![CDATA[]]></system-err>
      </testcase>
      <testcase name="Test Cases/ATC/ATC05_Clearing Categories" time="13.867" classname="Test Cases/ATC/ATC05_Clearing Categories" status="PASSED">
         <system-out><![CDATA[2022-11-01 11:52:52 - [TEST_CASE][PASSED] - Test Cases/ATC/ATC05_Clearing Categories: Test Cases/ATC/ATC05_Clearing Categories

2022-11-01 11:52:53 - [TEST_STEP][PASSED] - openBrowser(""): Browser is opened with url: ''

2022-11-01 11:52:53 - [MESSAGE][INFO] - Starting 'Chrome' driver

2022-11-01 11:52:53 - [MESSAGE][INFO] - Action delay is set to 0 milliseconds

2022-11-01 11:52:54 - [MESSAGE][PASSED] - Browser is opened with url: ''

2022-11-01 11:52:54 - [TEST_STEP][PASSED] - navigateToUrl("https://alta-shop.vercel.app/"): Navigate to 'https://alta-shop.vercel.app/' successfully

2022-11-01 11:52:59 - [MESSAGE][PASSED] - Navigate to 'https://alta-shop.vercel.app/' successfully

2022-11-01 11:52:59 - [TEST_STEP][PASSED] - click(findTestObject("Object Repository/Categories/Page_frontend-web/div_AltaShop_v-select__selections")): Object: 'Object Repository/Categories/Page_frontend-web/div_AltaShop_v-select__selections' is clicked on

2022-11-01 11:53:01 - [MESSAGE][PASSED] - Object: 'Object Repository/Categories/Page_frontend-web/div_AltaShop_v-select__selections' is clicked on

2022-11-01 11:53:01 - [TEST_STEP][PASSED] - click(findTestObject("Object Repository/Categories/Page_frontend-web/div_Dolanan")): Object: 'Object Repository/Categories/Page_frontend-web/div_Dolanan' is clicked on

2022-11-01 11:53:02 - [MESSAGE][PASSED] - Object: 'Object Repository/Categories/Page_frontend-web/div_Dolanan' is clicked on

2022-11-01 11:53:02 - [TEST_STEP][PASSED] - click(findTestObject("Object Repository/Categories/Page_frontend-web/button_Dolanan_v-icon notranslate v-icon--l_dd68f6"), STOP_ON_FAILURE): Object: 'Object Repository/Categories/Page_frontend-web/button_Dolanan_v-icon notranslate v-icon--l_dd68f6' is clicked on

2022-11-01 11:53:03 - [MESSAGE][PASSED] - Object: 'Object Repository/Categories/Page_frontend-web/button_Dolanan_v-icon notranslate v-icon--l_dd68f6' is clicked on

2022-11-01 11:53:03 - [TEST_STEP][PASSED] - verifyElementNotPresent(findTestObject("Object Repository/Categories/Page_frontend-web/button_Dolanan_v-icon notranslate v-icon--l_dd68f6"), 0): Web element with id: 'Object Repository/Categories/Page_frontend-web/button_Dolanan_v-icon notranslate v-icon--l_dd68f6' located by 'By.xpath: /html/body/div/div[1]/main/div/div/div[1]/div/div[1]/div[1]/div[2]/div/button' is not present after '30' second(s)

2022-11-01 11:53:03 - [MESSAGE][WARNING] - Timeout '0' is invalid. Using default page load timeout: '30'

2022-11-01 11:53:05 - [MESSAGE][PASSED] - Web element with id: 'Object Repository/Categories/Page_frontend-web/button_Dolanan_v-icon notranslate v-icon--l_dd68f6' located by 'By.xpath: /html/body/div/div[1]/main/div/div/div[1]/div/div[1]/div[1]/div[2]/div/button' is not present after '30' second(s)

2022-11-01 11:53:05 - [TEST_STEP][PASSED] - closeBrowser(): Browser is closed

2022-11-01 11:53:06 - [MESSAGE][PASSED] - Browser is closed]]></system-out>
         <system-err><![CDATA[]]></system-err>
      </testcase>
      <testcase name="Test Cases/ATC/ATC06_Add Product to Cart" time="15.611" classname="Test Cases/ATC/ATC06_Add Product to Cart" status="PASSED">
         <system-out><![CDATA[2022-11-01 11:53:06 - [TEST_CASE][PASSED] - Test Cases/ATC/ATC06_Add Product to Cart: Test Cases/ATC/ATC06_Add Product to Cart

2022-11-01 11:53:06 - [TEST_STEP][PASSED] - openBrowser(""): Browser is opened with url: ''

2022-11-01 11:53:06 - [MESSAGE][INFO] - Starting 'Chrome' driver

2022-11-01 11:53:06 - [MESSAGE][INFO] - Action delay is set to 0 milliseconds

2022-11-01 11:53:08 - [MESSAGE][PASSED] - Browser is opened with url: ''

2022-11-01 11:53:08 - [TEST_STEP][PASSED] - navigateToUrl("https://alta-shop.vercel.app/"): Navigate to 'https://alta-shop.vercel.app/' successfully

2022-11-01 11:53:12 - [MESSAGE][PASSED] - Navigate to 'https://alta-shop.vercel.app/' successfully

2022-11-01 11:53:12 - [TEST_STEP][PASSED] - click(findTestObject("Object Repository/Product/Page_frontend-web/i_AltaShop_v-icon notranslate fas fa-sign-i_3d16a9")): Object: 'Object Repository/Product/Page_frontend-web/i_AltaShop_v-icon notranslate fas fa-sign-i_3d16a9' is clicked on

2022-11-01 11:53:14 - [MESSAGE][PASSED] - Object: 'Object Repository/Product/Page_frontend-web/i_AltaShop_v-icon notranslate fas fa-sign-i_3d16a9' is clicked on

2022-11-01 11:53:14 - [TEST_STEP][PASSED] - setText(findTestObject("Login/Page_frontend-web/input_Email_input-602"), "zack@gmail.com"): Text 'zack@gmail.com' is set on object 'Object Repository/Login/Page_frontend-web/input_Email_input-602'

2022-11-01 11:53:16 - [MESSAGE][PASSED] - Text 'zack@gmail.com' is set on object 'Object Repository/Login/Page_frontend-web/input_Email_input-602'

2022-11-01 11:53:16 - [TEST_STEP][PASSED] - setText(findTestObject("Login/Page_frontend-web/input_Password_input-605"), "zack123"): Text 'zack123' is set on object 'Object Repository/Login/Page_frontend-web/input_Password_input-605'

2022-11-01 11:53:16 - [MESSAGE][PASSED] - Text 'zack123' is set on object 'Object Repository/Login/Page_frontend-web/input_Password_input-605'

2022-11-01 11:53:16 - [TEST_STEP][PASSED] - click(findTestObject("Object Repository/Product/Page_frontend-web/span_Login")): Object: 'Object Repository/Product/Page_frontend-web/span_Login' is clicked on

2022-11-01 11:53:17 - [MESSAGE][PASSED] - Object: 'Object Repository/Product/Page_frontend-web/span_Login' is clicked on

2022-11-01 11:53:17 - [TEST_STEP][PASSED] - click(findTestObject("Object Repository/Product/Page_frontend-web/span_Beli")): Object: 'Object Repository/Product/Page_frontend-web/span_Beli' is clicked on

2022-11-01 11:53:20 - [MESSAGE][PASSED] - Object: 'Object Repository/Product/Page_frontend-web/span_Beli' is clicked on

2022-11-01 11:53:20 - [TEST_STEP][PASSED] - click(findTestObject("Product/Page_frontend-web/i_AltaShop_v-icon notranslate fas fa-shopping-cart theme--dark")): Object: 'Object Repository/Product/Page_frontend-web/i_AltaShop_v-icon notranslate fas fa-shopping-cart theme--dark' is clicked on

2022-11-01 11:53:20 - [MESSAGE][PASSED] - Object: 'Object Repository/Product/Page_frontend-web/i_AltaShop_v-icon notranslate fas fa-shopping-cart theme--dark' is clicked on

2022-11-01 11:53:20 - [TEST_STEP][PASSED] - verifyElementPresent(findTestObject("Product/Page_frontend-web/Total_Cart_item_1"), 0): Object 'Object Repository/Product/Page_frontend-web/Total_Cart_item_1' is present

2022-11-01 11:53:21 - [MESSAGE][WARNING] - Timeout '0' is invalid. Using default page load timeout: '30'

2022-11-01 11:53:21 - [MESSAGE][PASSED] - Object 'Object Repository/Product/Page_frontend-web/Total_Cart_item_1' is present

2022-11-01 11:53:21 - [TEST_STEP][PASSED] - closeBrowser(): Browser is closed

2022-11-01 11:53:22 - [MESSAGE][PASSED] - Browser is closed]]></system-out>
         <system-err><![CDATA[]]></system-err>
      </testcase>
      <testcase name="Test Cases/ATC/ATC07_Increasing Product Total in Cart" time="15.985" classname="Test Cases/ATC/ATC07_Increasing Product Total in Cart" status="PASSED">
         <system-out><![CDATA[2022-11-01 11:53:22 - [TEST_CASE][PASSED] - Test Cases/ATC/ATC07_Increasing Product Total in Cart: Test Cases/ATC/ATC07_Increasing Product Total in Cart

2022-11-01 11:53:22 - [TEST_STEP][PASSED] - openBrowser(""): Browser is opened with url: ''

2022-11-01 11:53:22 - [MESSAGE][INFO] - Starting 'Chrome' driver

2022-11-01 11:53:22 - [MESSAGE][INFO] - Action delay is set to 0 milliseconds

2022-11-01 11:53:24 - [MESSAGE][PASSED] - Browser is opened with url: ''

2022-11-01 11:53:24 - [TEST_STEP][PASSED] - navigateToUrl("https://alta-shop.vercel.app/"): Navigate to 'https://alta-shop.vercel.app/' successfully

2022-11-01 11:53:27 - [MESSAGE][PASSED] - Navigate to 'https://alta-shop.vercel.app/' successfully

2022-11-01 11:53:27 - [TEST_STEP][PASSED] - click(findTestObject("Object Repository/Product/Page_frontend-web/i_AltaShop_v-icon notranslate fas fa-sign-i_3d16a9")): Object: 'Object Repository/Product/Page_frontend-web/i_AltaShop_v-icon notranslate fas fa-sign-i_3d16a9' is clicked on

2022-11-01 11:53:30 - [MESSAGE][PASSED] - Object: 'Object Repository/Product/Page_frontend-web/i_AltaShop_v-icon notranslate fas fa-sign-i_3d16a9' is clicked on

2022-11-01 11:53:30 - [TEST_STEP][PASSED] - setText(findTestObject("Login/Page_frontend-web/input_Email_input-602"), "zack@gmail.com"): Text 'zack@gmail.com' is set on object 'Object Repository/Login/Page_frontend-web/input_Email_input-602'

2022-11-01 11:53:31 - [MESSAGE][PASSED] - Text 'zack@gmail.com' is set on object 'Object Repository/Login/Page_frontend-web/input_Email_input-602'

2022-11-01 11:53:31 - [TEST_STEP][PASSED] - setText(findTestObject("Login/Page_frontend-web/input_Password_input-605"), "zack123"): Text 'zack123' is set on object 'Object Repository/Login/Page_frontend-web/input_Password_input-605'

2022-11-01 11:53:31 - [MESSAGE][PASSED] - Text 'zack123' is set on object 'Object Repository/Login/Page_frontend-web/input_Password_input-605'

2022-11-01 11:53:31 - [TEST_STEP][PASSED] - click(findTestObject("Object Repository/Product/Page_frontend-web/span_Login")): Object: 'Object Repository/Product/Page_frontend-web/span_Login' is clicked on

2022-11-01 11:53:32 - [MESSAGE][PASSED] - Object: 'Object Repository/Product/Page_frontend-web/span_Login' is clicked on

2022-11-01 11:53:32 - [TEST_STEP][PASSED] - click(findTestObject("Object Repository/Product/Page_frontend-web/span_Beli")): Object: 'Object Repository/Product/Page_frontend-web/span_Beli' is clicked on

2022-11-01 11:53:35 - [MESSAGE][PASSED] - Object: 'Object Repository/Product/Page_frontend-web/span_Beli' is clicked on

2022-11-01 11:53:35 - [TEST_STEP][PASSED] - click(findTestObject("Object Repository/Product/Page_frontend-web/i_AltaShop_v-icon notranslate fas fa-shoppi_c66ce9")): Object: 'Object Repository/Product/Page_frontend-web/i_AltaShop_v-icon notranslate fas fa-shoppi_c66ce9' is clicked on

2022-11-01 11:53:36 - [MESSAGE][PASSED] - Object: 'Object Repository/Product/Page_frontend-web/i_AltaShop_v-icon notranslate fas fa-shoppi_c66ce9' is clicked on

2022-11-01 11:53:36 - [TEST_STEP][PASSED] - click(findTestObject("Product/Page_frontend-web/Increas_Button")): Object: 'Object Repository/Product/Page_frontend-web/Increas_Button' is clicked on

2022-11-01 11:53:36 - [MESSAGE][PASSED] - Object: 'Object Repository/Product/Page_frontend-web/Increas_Button' is clicked on

2022-11-01 11:53:36 - [TEST_STEP][PASSED] - verifyElementText(findTestObject("Object Repository/Product/Page_frontend-web/span_2"), "2"): Actual text and expected text of test object 'Object Repository/Product/Page_frontend-web/span_2' are matched.

2022-11-01 11:53:37 - [MESSAGE][PASSED] - Actual text and expected text of test object 'Object Repository/Product/Page_frontend-web/span_2' are matched.

2022-11-01 11:53:37 - [TEST_STEP][PASSED] - closeBrowser(): Browser is closed

2022-11-01 11:53:38 - [MESSAGE][PASSED] - Browser is closed]]></system-out>
         <system-err><![CDATA[]]></system-err>
      </testcase>
      <testcase name="Test Cases/ATC/ATC08_Decreasing Product Total in Cart" time="18.262" classname="Test Cases/ATC/ATC08_Decreasing Product Total in Cart" status="PASSED">
         <system-out><![CDATA[2022-11-01 11:53:38 - [TEST_CASE][PASSED] - Test Cases/ATC/ATC08_Decreasing Product Total in Cart: Test Cases/ATC/ATC08_Decreasing Product Total in Cart

2022-11-01 11:53:38 - [TEST_STEP][PASSED] - openBrowser(""): Browser is opened with url: ''

2022-11-01 11:53:38 - [MESSAGE][INFO] - Starting 'Chrome' driver

2022-11-01 11:53:38 - [MESSAGE][INFO] - Action delay is set to 0 milliseconds

2022-11-01 11:53:40 - [MESSAGE][PASSED] - Browser is opened with url: ''

2022-11-01 11:53:40 - [TEST_STEP][PASSED] - navigateToUrl("https://alta-shop.vercel.app/"): Navigate to 'https://alta-shop.vercel.app/' successfully

2022-11-01 11:53:42 - [MESSAGE][PASSED] - Navigate to 'https://alta-shop.vercel.app/' successfully

2022-11-01 11:53:42 - [TEST_STEP][PASSED] - click(findTestObject("Object Repository/Product/Page_frontend-web/i_AltaShop_v-icon notranslate fas fa-sign-i_3d16a9")): Object: 'Object Repository/Product/Page_frontend-web/i_AltaShop_v-icon notranslate fas fa-sign-i_3d16a9' is clicked on

2022-11-01 11:53:45 - [MESSAGE][PASSED] - Object: 'Object Repository/Product/Page_frontend-web/i_AltaShop_v-icon notranslate fas fa-sign-i_3d16a9' is clicked on

2022-11-01 11:53:45 - [TEST_STEP][PASSED] - setText(findTestObject("Login/Page_frontend-web/input_Email_input-602"), "zack@gmail.com"): Text 'zack@gmail.com' is set on object 'Object Repository/Login/Page_frontend-web/input_Email_input-602'

2022-11-01 11:53:46 - [MESSAGE][PASSED] - Text 'zack@gmail.com' is set on object 'Object Repository/Login/Page_frontend-web/input_Email_input-602'

2022-11-01 11:53:46 - [TEST_STEP][PASSED] - setText(findTestObject("Login/Page_frontend-web/input_Password_input-605"), "zack123"): Text 'zack123' is set on object 'Object Repository/Login/Page_frontend-web/input_Password_input-605'

2022-11-01 11:53:47 - [MESSAGE][PASSED] - Text 'zack123' is set on object 'Object Repository/Login/Page_frontend-web/input_Password_input-605'

2022-11-01 11:53:47 - [TEST_STEP][PASSED] - click(findTestObject("Object Repository/Product/Page_frontend-web/span_Login")): Object: 'Object Repository/Product/Page_frontend-web/span_Login' is clicked on

2022-11-01 11:53:47 - [MESSAGE][PASSED] - Object: 'Object Repository/Product/Page_frontend-web/span_Login' is clicked on

2022-11-01 11:53:47 - [TEST_STEP][PASSED] - click(findTestObject("Object Repository/Product/Page_frontend-web/span_Beli")): Object: 'Object Repository/Product/Page_frontend-web/span_Beli' is clicked on

2022-11-01 11:53:51 - [MESSAGE][PASSED] - Object: 'Object Repository/Product/Page_frontend-web/span_Beli' is clicked on

2022-11-01 11:53:51 - [TEST_STEP][PASSED] - click(findTestObject("Object Repository/Product/Page_frontend-web/i_AltaShop_v-icon notranslate fas fa-shoppi_c66ce9")): Object: 'Object Repository/Product/Page_frontend-web/i_AltaShop_v-icon notranslate fas fa-shoppi_c66ce9' is clicked on

2022-11-01 11:53:52 - [MESSAGE][PASSED] - Object: 'Object Repository/Product/Page_frontend-web/i_AltaShop_v-icon notranslate fas fa-shoppi_c66ce9' is clicked on

2022-11-01 11:53:52 - [TEST_STEP][PASSED] - click(findTestObject("Product/Page_frontend-web/Increas_Button")): Object: 'Object Repository/Product/Page_frontend-web/Increas_Button' is clicked on

2022-11-01 11:53:52 - [MESSAGE][PASSED] - Object: 'Object Repository/Product/Page_frontend-web/Increas_Button' is clicked on

2022-11-01 11:53:52 - [TEST_STEP][PASSED] - verifyElementText(findTestObject("Object Repository/Product/Page_frontend-web/span_2"), "2"): Actual text and expected text of test object 'Object Repository/Product/Page_frontend-web/span_2' are matched.

2022-11-01 11:53:53 - [MESSAGE][PASSED] - Actual text and expected text of test object 'Object Repository/Product/Page_frontend-web/span_2' are matched.

2022-11-01 11:53:53 - [TEST_STEP][PASSED] - click(findTestObject("Product/Page_frontend-web/decrease_button")): Object: 'Object Repository/Product/Page_frontend-web/decrease_button' is clicked on

2022-11-01 11:53:53 - [MESSAGE][PASSED] - Object: 'Object Repository/Product/Page_frontend-web/decrease_button' is clicked on

2022-11-01 11:53:53 - [TEST_STEP][PASSED] - verifyElementText(findTestObject("Product/Page_frontend-web/span_2"), "1"): Actual text and expected text of test object 'Object Repository/Product/Page_frontend-web/span_2' are matched.

2022-11-01 11:53:54 - [MESSAGE][PASSED] - Actual text and expected text of test object 'Object Repository/Product/Page_frontend-web/span_2' are matched.

2022-11-01 11:53:54 - [TEST_STEP][PASSED] - closeBrowser(): Browser is closed

2022-11-01 11:53:56 - [MESSAGE][PASSED] - Browser is closed]]></system-out>
         <system-err><![CDATA[]]></system-err>
      </testcase>
      <testcase name="Test Cases/ATC/ATC09_Pay the Product From Cart" time="45.605" classname="Test Cases/ATC/ATC09_Pay the Product From Cart" status="PASSED">
         <system-out><![CDATA[2022-11-01 11:53:56 - [TEST_CASE][PASSED] - Test Cases/ATC/ATC09_Pay the Product From Cart: Test Cases/ATC/ATC09_Pay the Product From Cart

2022-11-01 11:53:57 - [TEST_STEP][PASSED] - openBrowser(""): Browser is opened with url: ''

2022-11-01 11:53:57 - [MESSAGE][INFO] - Starting 'Chrome' driver

2022-11-01 11:53:57 - [MESSAGE][INFO] - Action delay is set to 0 milliseconds

2022-11-01 11:54:08 - [MESSAGE][PASSED] - Browser is opened with url: ''

2022-11-01 11:54:08 - [TEST_STEP][PASSED] - navigateToUrl("https://alta-shop.vercel.app/"): Navigate to 'https://alta-shop.vercel.app/' successfully

2022-11-01 11:54:17 - [MESSAGE][PASSED] - Navigate to 'https://alta-shop.vercel.app/' successfully

2022-11-01 11:54:17 - [TEST_STEP][PASSED] - click(findTestObject("Object Repository/Product/Page_frontend-web/i_AltaShop_v-icon notranslate fas fa-sign-i_3d16a9")): Object: 'Object Repository/Product/Page_frontend-web/i_AltaShop_v-icon notranslate fas fa-sign-i_3d16a9' is clicked on

2022-11-01 11:54:18 - [MESSAGE][PASSED] - Object: 'Object Repository/Product/Page_frontend-web/i_AltaShop_v-icon notranslate fas fa-sign-i_3d16a9' is clicked on

2022-11-01 11:54:18 - [TEST_STEP][PASSED] - setText(findTestObject("Login/Page_frontend-web/input_Email_input-602"), "zack@gmail.com"): Text 'zack@gmail.com' is set on object 'Object Repository/Login/Page_frontend-web/input_Email_input-602'

2022-11-01 11:54:19 - [MESSAGE][PASSED] - Text 'zack@gmail.com' is set on object 'Object Repository/Login/Page_frontend-web/input_Email_input-602'

2022-11-01 11:54:19 - [TEST_STEP][PASSED] - setText(findTestObject("Login/Page_frontend-web/input_Password_input-605"), "zack123"): Text 'zack123' is set on object 'Object Repository/Login/Page_frontend-web/input_Password_input-605'

2022-11-01 11:54:20 - [MESSAGE][PASSED] - Text 'zack123' is set on object 'Object Repository/Login/Page_frontend-web/input_Password_input-605'

2022-11-01 11:54:20 - [TEST_STEP][PASSED] - click(findTestObject("Object Repository/Product/Page_frontend-web/span_Login")): Object: 'Object Repository/Product/Page_frontend-web/span_Login' is clicked on

2022-11-01 11:54:21 - [MESSAGE][PASSED] - Object: 'Object Repository/Product/Page_frontend-web/span_Login' is clicked on

2022-11-01 11:54:21 - [TEST_STEP][PASSED] - click(findTestObject("Object Repository/Product/Page_frontend-web/span_Beli")): Object: 'Object Repository/Product/Page_frontend-web/span_Beli' is clicked on

2022-11-01 11:54:24 - [MESSAGE][PASSED] - Object: 'Object Repository/Product/Page_frontend-web/span_Beli' is clicked on

2022-11-01 11:54:24 - [TEST_STEP][PASSED] - click(findTestObject("Object Repository/Product/Page_frontend-web/i_AltaShop_v-icon notranslate fas fa-shoppi_c66ce9")): Object: 'Object Repository/Product/Page_frontend-web/i_AltaShop_v-icon notranslate fas fa-shoppi_c66ce9' is clicked on

2022-11-01 11:54:25 - [MESSAGE][PASSED] - Object: 'Object Repository/Product/Page_frontend-web/i_AltaShop_v-icon notranslate fas fa-shoppi_c66ce9' is clicked on

2022-11-01 11:54:25 - [TEST_STEP][PASSED] - click(findTestObject("Object Repository/Product/Page_frontend-web/span_Bayar")): Object: 'Object Repository/Product/Page_frontend-web/span_Bayar' is clicked on

2022-11-01 11:54:25 - [MESSAGE][PASSED] - Object: 'Object Repository/Product/Page_frontend-web/span_Bayar' is clicked on

2022-11-01 11:54:25 - [TEST_STEP][PASSED] - verifyElementPresent(findTestObject("Object Repository/Product/Page_frontend-web/h1_Transactions"), 0): Object 'Object Repository/Product/Page_frontend-web/h1_Transactions' is present

2022-11-01 11:54:26 - [MESSAGE][WARNING] - Timeout '0' is invalid. Using default page load timeout: '30'

2022-11-01 11:54:33 - [MESSAGE][PASSED] - Object 'Object Repository/Product/Page_frontend-web/h1_Transactions' is present

2022-11-01 11:54:33 - [TEST_STEP][PASSED] - closeBrowser(): Browser is closed

2022-11-01 11:54:42 - [MESSAGE][PASSED] - Browser is closed]]></system-out>
         <system-err><![CDATA[]]></system-err>
      </testcase>
      <testcase name="Test Cases/ATC/ATC12_View Transactions" time="29.028" classname="Test Cases/ATC/ATC12_View Transactions" status="PASSED">
         <system-out><![CDATA[2022-11-01 11:54:42 - [TEST_CASE][PASSED] - Test Cases/ATC/ATC12_View Transactions: Test Cases/ATC/ATC12_View Transactions

2022-11-01 11:54:42 - [TEST_STEP][PASSED] - openBrowser(""): Browser is opened with url: ''

2022-11-01 11:54:42 - [MESSAGE][INFO] - Starting 'Chrome' driver

2022-11-01 11:54:42 - [MESSAGE][INFO] - Action delay is set to 0 milliseconds

2022-11-01 11:54:48 - [MESSAGE][PASSED] - Browser is opened with url: ''

2022-11-01 11:54:48 - [TEST_STEP][PASSED] - navigateToUrl("https://alta-shop.vercel.app/"): Navigate to 'https://alta-shop.vercel.app/' successfully

2022-11-01 11:54:55 - [MESSAGE][PASSED] - Navigate to 'https://alta-shop.vercel.app/' successfully

2022-11-01 11:54:55 - [TEST_STEP][PASSED] - click(findTestObject("Object Repository/Transaction/Page_frontend-web/i_AltaShop_v-icon notranslate fas fa-sign-i_3d16a9")): Object: 'Object Repository/Transaction/Page_frontend-web/i_AltaShop_v-icon notranslate fas fa-sign-i_3d16a9' is clicked on

2022-11-01 11:54:57 - [MESSAGE][PASSED] - Object: 'Object Repository/Transaction/Page_frontend-web/i_AltaShop_v-icon notranslate fas fa-sign-i_3d16a9' is clicked on

2022-11-01 11:54:57 - [TEST_STEP][PASSED] - setText(findTestObject("Login/Page_frontend-web/input_Email_input-602"), "zack@gmail.com"): Text 'zack@gmail.com' is set on object 'Object Repository/Login/Page_frontend-web/input_Email_input-602'

2022-11-01 11:54:58 - [MESSAGE][PASSED] - Text 'zack@gmail.com' is set on object 'Object Repository/Login/Page_frontend-web/input_Email_input-602'

2022-11-01 11:54:58 - [TEST_STEP][PASSED] - setText(findTestObject("Login/Page_frontend-web/input_Password_input-605"), "zack123"): Text 'zack123' is set on object 'Object Repository/Login/Page_frontend-web/input_Password_input-605'

2022-11-01 11:54:59 - [MESSAGE][PASSED] - Text 'zack123' is set on object 'Object Repository/Login/Page_frontend-web/input_Password_input-605'

2022-11-01 11:54:59 - [TEST_STEP][PASSED] - click(findTestObject("Object Repository/Transaction/Page_frontend-web/span_Login")): Object: 'Object Repository/Transaction/Page_frontend-web/span_Login' is clicked on

2022-11-01 11:54:59 - [MESSAGE][PASSED] - Object: 'Object Repository/Transaction/Page_frontend-web/span_Login' is clicked on

2022-11-01 11:54:59 - [TEST_STEP][PASSED] - click(findTestObject("Object Repository/Transaction/Page_frontend-web/i_AltaShop_v-icon notranslate fas fa-user t_f0827e")): Object: 'Object Repository/Transaction/Page_frontend-web/i_AltaShop_v-icon notranslate fas fa-user t_f0827e' is clicked on

2022-11-01 11:55:03 - [MESSAGE][PASSED] - Object: 'Object Repository/Transaction/Page_frontend-web/i_AltaShop_v-icon notranslate fas fa-user t_f0827e' is clicked on

2022-11-01 11:55:03 - [TEST_STEP][PASSED] - click(findTestObject("Object Repository/Transaction/Page_frontend-web/i_Beli_v-icon notranslate fas fa-history th_483648")): Object: 'Object Repository/Transaction/Page_frontend-web/i_Beli_v-icon notranslate fas fa-history th_483648' is clicked on

2022-11-01 11:55:04 - [MESSAGE][PASSED] - Object: 'Object Repository/Transaction/Page_frontend-web/i_Beli_v-icon notranslate fas fa-history th_483648' is clicked on

2022-11-01 11:55:04 - [TEST_STEP][PASSED] - verifyElementPresent(findTestObject("Object Repository/Transaction/Page_frontend-web/h1_Transactions"), 0): Object 'Object Repository/Transaction/Page_frontend-web/h1_Transactions' is present

2022-11-01 11:55:04 - [MESSAGE][WARNING] - Timeout '0' is invalid. Using default page load timeout: '30'

2022-11-01 11:55:05 - [MESSAGE][PASSED] - Object 'Object Repository/Transaction/Page_frontend-web/h1_Transactions' is present

2022-11-01 11:55:05 - [TEST_STEP][PASSED] - closeBrowser(): Browser is closed

2022-11-01 11:55:11 - [MESSAGE][PASSED] - Browser is closed]]></system-out>
         <system-err><![CDATA[]]></system-err>
      </testcase>
      <system-out><![CDATA[2022-11-01 11:51:51 - [TEST_SUITE][PASSED] - ATC_Test Suite: Test Cases/ATC/ATC12_View Transactions]]></system-out>
      <system-err><![CDATA[]]></system-err>
   </testsuite>
</testsuites>
