<?xml version="1.0" encoding="UTF-8"?>
<testsuites name="ATC_Test Suite" time="307.656" tests="1" failures="0" errors="0">
   <testsuite name="ATC_Test Suite" tests="1" failures="0" errors="0" time="307.656" skipped="0" timestamp="2022-11-05 20:15:47" hostname="Athif - DESKTOP-HMC26PQ" id="Test Suites/ATC_Test Suite">
      <properties>
         <property name="deviceName" value=""/>
         <property name="devicePlatform" value=""/>
         <property name="logFolder" value="C:\\Users\\Athif\\git\\MiniprojectWeb\\Reports\\20221105_201530\\ATC_Test Suite\\20221105_201530"/>
         <property name="logFiles" value="C:\\Users\\Athif\\git\\MiniprojectWeb\\Reports\\20221105_201530\\ATC_Test Suite\\20221105_201530\\execution0.log"/>
         <property name="attachments" value=""/>
         <property name="hostName" value="Athif - DESKTOP-HMC26PQ"/>
         <property name="os" value="Windows 10 64bit"/>
         <property name="katalonVersion" value="8.3.0.208"/>
         <property name="browser" value="Chrome 107.0.0.0"/>
         <property name="hostAddress" value="192.168.56.1"/>
         <property name="sessionId" value="a6bae411eee51b51ca6c6c80323e9124"/>
         <property name="seleniumVersion" value="3.141.59"/>
         <property name="proxyInformation" value="ProxyInformation { proxyOption=NO_PROXY, proxyServerType=HTTP, username=, password=********, proxyServerAddress=, proxyServerPort=0, executionList=&quot;&quot;, isApplyToDesiredCapabilities=true }"/>
         <property name="platform" value="Windows 10"/>
      </properties>
      <testcase name="Test Cases/Feature File" time="307.158" classname="Test Cases/Feature File" status="PASSED">
         <system-out><![CDATA[2022-11-05 20:15:47 - [TEST_CASE][PASSED] - Test Cases/Feature File: Test Cases/Feature File

2022-11-05 20:15:48 - [TEST_STEP][PASSED] - runFeatureFile("Include/features/Positive/login.feature"): Feature file: 'Include/features/Positive/login.feature' was passed

2022-11-05 20:15:48 - [MESSAGE][INFO] - Starting run keyword runFeatureFile: 'Include/features/Positive/login.feature' and extract report to folder: 'C:\Users\Athif\git\MiniprojectWeb\Reports\20221105_201530\ATC_Test Suite\20221105_201530/cucumber_report/1667654148662'...

2022-11-05 20:15:50 - [TEST_CASE][PASSED] - Start Test Case : SCENARIO Login with valid data: SCENARIO Login with valid data

2022-11-05 20:15:50 - [TEST_STEP][PASSED] - Navigate to altashop homepage: Navigate to altashop homepage

2022-11-05 20:15:51 - [MESSAGE][INFO] - Starting 'Chrome' driver

2022-11-05 20:15:51 - [MESSAGE][INFO] - Action delay is set to 0 milliseconds

2022-11-05 20:15:58 - [MESSAGE][PASSED] - Browser is opened with url: ''

2022-11-05 20:16:02 - [MESSAGE][PASSED] - Navigate to 'https://alta-shop.vercel.app/' successfully

2022-11-05 20:16:02 - [MESSAGE][PASSED] - Navigate to altashop homepage

2022-11-05 20:16:02 - [TEST_STEP][PASSED] - User navigate to login page: User navigate to login page

2022-11-05 20:16:05 - [MESSAGE][PASSED] - Object: 'Object Repository/Login/Page_frontend-web/i_AltaShop_v-icon notranslate fas fa-sign-i_3d16a9' is clicked on

2022-11-05 20:16:05 - [MESSAGE][PASSED] - User navigate to login page

2022-11-05 20:16:05 - [TEST_STEP][PASSED] - User input zack@gmail.com and zack123: User input zack@gmail.com and zack123

2022-11-05 20:16:06 - [MESSAGE][PASSED] - Text 'zack@gmail.com' is set on object 'Object Repository/Login/Page_frontend-web/input_Email_input-602'

2022-11-05 20:16:07 - [MESSAGE][PASSED] - Text 'zack123' is set on object 'Object Repository/Login/Page_frontend-web/input_Password_input-605'

2022-11-05 20:16:07 - [MESSAGE][PASSED] - User input zack@gmail.com and zack123

2022-11-05 20:16:07 - [TEST_STEP][PASSED] - Click login button: Click login button

2022-11-05 20:16:08 - [MESSAGE][PASSED] - Object: 'Object Repository/Login/Page_frontend-web/span_Login2' is clicked on

2022-11-05 20:16:08 - [MESSAGE][WARNING] - Timeout '0' is invalid. Using default page load timeout: '30'

2022-11-05 20:16:13 - [MESSAGE][PASSED] - Object 'Object Repository/Login/Page_frontend-web/div_AltaShop_v-select__selections' is present

2022-11-05 20:16:14 - [MESSAGE][PASSED] - Browser is closed

2022-11-05 20:16:14 - [MESSAGE][PASSED] - Click login button

2022-11-05 20:16:14 - [TEST_CASE][PASSED] - Start Test Case : SCENARIO Login with false data: SCENARIO Login with false data

2022-11-05 20:16:14 - [TEST_STEP][PASSED] - Navigate to altashop homepage: Navigate to altashop homepage

2022-11-05 20:16:14 - [MESSAGE][INFO] - Starting 'Chrome' driver

2022-11-05 20:16:14 - [MESSAGE][INFO] - Action delay is set to 0 milliseconds

2022-11-05 20:16:15 - [MESSAGE][PASSED] - Browser is opened with url: ''

2022-11-05 20:16:18 - [MESSAGE][PASSED] - Navigate to 'https://alta-shop.vercel.app/' successfully

2022-11-05 20:16:18 - [MESSAGE][PASSED] - Navigate to altashop homepage

2022-11-05 20:16:18 - [TEST_STEP][PASSED] - User navigate to login page: User navigate to login page

2022-11-05 20:16:22 - [MESSAGE][PASSED] - Object: 'Object Repository/Login/Page_frontend-web/i_AltaShop_v-icon notranslate fas fa-sign-i_3d16a9' is clicked on

2022-11-05 20:16:22 - [MESSAGE][PASSED] - User navigate to login page

2022-11-05 20:16:22 - [TEST_STEP][PASSED] - User input zack@gmail.com and aaaaaaa: User input zack@gmail.com and aaaaaaa

2022-11-05 20:16:24 - [MESSAGE][PASSED] - Text 'zack@gmail.com' is set on object 'Object Repository/Login/Page_frontend-web/input_Email_input-602'

2022-11-05 20:16:24 - [MESSAGE][PASSED] - Text 'aaaaaaa' is set on object 'Object Repository/Login/Page_frontend-web/input_Password_input-605'

2022-11-05 20:16:24 - [MESSAGE][PASSED] - User input zack@gmail.com and aaaaaaa

2022-11-05 20:16:24 - [TEST_STEP][PASSED] - User click login button: User click login button

2022-11-05 20:16:25 - [MESSAGE][PASSED] - Object: 'Object Repository/Login/Page_frontend-web/span_Login2' is clicked on

2022-11-05 20:16:25 - [MESSAGE][WARNING] - Timeout '0' is invalid. Using default page load timeout: '30'

2022-11-05 20:16:26 - [MESSAGE][PASSED] - Object 'Object Repository/Login/Page_frontend-web/div_AltaShop_v-select__selections' is present

2022-11-05 20:16:26 - [MESSAGE][PASSED] - User click login button

2022-11-05 20:16:26 - [TEST_STEP][PASSED] - Error message showed: Error message showed

2022-11-05 20:16:26 - [MESSAGE][PASSED] - Object 'Object Repository/Login/Page_frontend-web/Login verify' is visible

2022-11-05 20:16:28 - [MESSAGE][PASSED] - Browser is closed

2022-11-05 20:16:28 - [MESSAGE][PASSED] - Error message showed

2022-11-05 20:16:28 - [TEST_CASE][PASSED] - Start Test Case : SCENARIO Login with false data: SCENARIO Login with false data

2022-11-05 20:16:28 - [TEST_STEP][PASSED] - Navigate to altashop homepage: Navigate to altashop homepage

2022-11-05 20:16:28 - [MESSAGE][INFO] - Starting 'Chrome' driver

2022-11-05 20:16:28 - [MESSAGE][INFO] - Action delay is set to 0 milliseconds

2022-11-05 20:16:29 - [MESSAGE][PASSED] - Browser is opened with url: ''

2022-11-05 20:16:33 - [MESSAGE][PASSED] - Navigate to 'https://alta-shop.vercel.app/' successfully

2022-11-05 20:16:33 - [MESSAGE][PASSED] - Navigate to altashop homepage

2022-11-05 20:16:33 - [TEST_STEP][PASSED] - User navigate to login page: User navigate to login page

2022-11-05 20:16:40 - [MESSAGE][PASSED] - Object: 'Object Repository/Login/Page_frontend-web/i_AltaShop_v-icon notranslate fas fa-sign-i_3d16a9' is clicked on

2022-11-05 20:16:40 - [MESSAGE][PASSED] - User navigate to login page

2022-11-05 20:16:40 - [TEST_STEP][PASSED] - User input zackweb and zack123: User input zackweb and zack123

2022-11-05 20:16:41 - [MESSAGE][PASSED] - Text 'zackweb' is set on object 'Object Repository/Login/Page_frontend-web/input_Email_input-602'

2022-11-05 20:16:42 - [MESSAGE][PASSED] - Text 'zack123' is set on object 'Object Repository/Login/Page_frontend-web/input_Password_input-605'

2022-11-05 20:16:42 - [MESSAGE][PASSED] - User input zackweb and zack123

2022-11-05 20:16:42 - [TEST_STEP][PASSED] - User click login button: User click login button

2022-11-05 20:16:43 - [MESSAGE][PASSED] - Object: 'Object Repository/Login/Page_frontend-web/span_Login2' is clicked on

2022-11-05 20:16:43 - [MESSAGE][WARNING] - Timeout '0' is invalid. Using default page load timeout: '30'

2022-11-05 20:16:44 - [MESSAGE][PASSED] - Object 'Object Repository/Login/Page_frontend-web/div_AltaShop_v-select__selections' is present

2022-11-05 20:16:44 - [MESSAGE][PASSED] - User click login button

2022-11-05 20:16:44 - [TEST_STEP][PASSED] - Error message showed: Error message showed

2022-11-05 20:16:45 - [MESSAGE][PASSED] - Object 'Object Repository/Login/Page_frontend-web/Login verify' is visible

2022-11-05 20:16:46 - [MESSAGE][PASSED] - Browser is closed

2022-11-05 20:16:46 - [MESSAGE][PASSED] - Error message showed

2022-11-05 20:16:46 - [TEST_CASE][PASSED] - Start Test Case : SCENARIO Login with false data: SCENARIO Login with false data

2022-11-05 20:16:46 - [TEST_STEP][PASSED] - Navigate to altashop homepage: Navigate to altashop homepage

2022-11-05 20:16:46 - [MESSAGE][INFO] - Starting 'Chrome' driver

2022-11-05 20:16:46 - [MESSAGE][INFO] - Action delay is set to 0 milliseconds

2022-11-05 20:16:47 - [MESSAGE][PASSED] - Browser is opened with url: ''

2022-11-05 20:16:50 - [MESSAGE][PASSED] - Navigate to 'https://alta-shop.vercel.app/' successfully

2022-11-05 20:16:50 - [MESSAGE][PASSED] - Navigate to altashop homepage

2022-11-05 20:16:50 - [TEST_STEP][PASSED] - User navigate to login page: User navigate to login page

2022-11-05 20:16:55 - [MESSAGE][PASSED] - Object: 'Object Repository/Login/Page_frontend-web/i_AltaShop_v-icon notranslate fas fa-sign-i_3d16a9' is clicked on

2022-11-05 20:16:55 - [MESSAGE][PASSED] - User navigate to login page

2022-11-05 20:16:55 - [TEST_STEP][PASSED] - User input zack123 and zack@gmail.com: User input zack123 and zack@gmail.com

2022-11-05 20:16:56 - [MESSAGE][PASSED] - Text 'zack123' is set on object 'Object Repository/Login/Page_frontend-web/input_Email_input-602'

2022-11-05 20:16:57 - [MESSAGE][PASSED] - Text 'zack@gmail.com' is set on object 'Object Repository/Login/Page_frontend-web/input_Password_input-605'

2022-11-05 20:16:57 - [MESSAGE][PASSED] - User input zack123 and zack@gmail.com

2022-11-05 20:16:57 - [TEST_STEP][PASSED] - User click login button: User click login button

2022-11-05 20:16:58 - [MESSAGE][PASSED] - Object: 'Object Repository/Login/Page_frontend-web/span_Login2' is clicked on

2022-11-05 20:16:58 - [MESSAGE][WARNING] - Timeout '0' is invalid. Using default page load timeout: '30'

2022-11-05 20:16:59 - [MESSAGE][PASSED] - Object 'Object Repository/Login/Page_frontend-web/div_AltaShop_v-select__selections' is present

2022-11-05 20:16:59 - [MESSAGE][PASSED] - User click login button

2022-11-05 20:16:59 - [TEST_STEP][PASSED] - Error message showed: Error message showed

2022-11-05 20:16:59 - [MESSAGE][PASSED] - Object 'Object Repository/Login/Page_frontend-web/Login verify' is visible

2022-11-05 20:17:00 - [MESSAGE][PASSED] - Browser is closed

2022-11-05 20:17:00 - [MESSAGE][PASSED] - Error message showed

2022-11-05 20:17:00 - [TEST_CASE][PASSED] - Start Test Case : SCENARIO Login with false data: SCENARIO Login with false data

2022-11-05 20:17:00 - [TEST_STEP][PASSED] - Navigate to altashop homepage: Navigate to altashop homepage

2022-11-05 20:17:00 - [MESSAGE][INFO] - Starting 'Chrome' driver

2022-11-05 20:17:00 - [MESSAGE][INFO] - Action delay is set to 0 milliseconds

2022-11-05 20:17:01 - [MESSAGE][PASSED] - Browser is opened with url: ''

2022-11-05 20:17:05 - [MESSAGE][PASSED] - Navigate to 'https://alta-shop.vercel.app/' successfully

2022-11-05 20:17:05 - [MESSAGE][PASSED] - Navigate to altashop homepage

2022-11-05 20:17:05 - [TEST_STEP][PASSED] - User navigate to login page: User navigate to login page

2022-11-05 20:17:10 - [MESSAGE][PASSED] - Object: 'Object Repository/Login/Page_frontend-web/i_AltaShop_v-icon notranslate fas fa-sign-i_3d16a9' is clicked on

2022-11-05 20:17:10 - [MESSAGE][PASSED] - User navigate to login page

2022-11-05 20:17:10 - [TEST_STEP][PASSED] - User input  and zack123: User input  and zack123

2022-11-05 20:17:11 - [MESSAGE][PASSED] - Text '' is set on object 'Object Repository/Login/Page_frontend-web/input_Email_input-602'

2022-11-05 20:17:12 - [MESSAGE][PASSED] - Text 'zack123' is set on object 'Object Repository/Login/Page_frontend-web/input_Password_input-605'

2022-11-05 20:17:12 - [MESSAGE][PASSED] - User input  and zack123

2022-11-05 20:17:12 - [TEST_STEP][PASSED] - User click login button: User click login button

2022-11-05 20:17:12 - [MESSAGE][PASSED] - Object: 'Object Repository/Login/Page_frontend-web/span_Login2' is clicked on

2022-11-05 20:17:12 - [MESSAGE][WARNING] - Timeout '0' is invalid. Using default page load timeout: '30'

2022-11-05 20:17:13 - [MESSAGE][PASSED] - Object 'Object Repository/Login/Page_frontend-web/div_AltaShop_v-select__selections' is present

2022-11-05 20:17:13 - [MESSAGE][PASSED] - User click login button

2022-11-05 20:17:13 - [TEST_STEP][PASSED] - Error message showed: Error message showed

2022-11-05 20:17:14 - [MESSAGE][PASSED] - Object 'Object Repository/Login/Page_frontend-web/Login verify' is visible

2022-11-05 20:17:15 - [MESSAGE][PASSED] - Browser is closed

2022-11-05 20:17:15 - [MESSAGE][PASSED] - Error message showed

2022-11-05 20:17:15 - [TEST_CASE][PASSED] - Start Test Case : SCENARIO Login with false data: SCENARIO Login with false data

2022-11-05 20:17:15 - [TEST_STEP][PASSED] - Navigate to altashop homepage: Navigate to altashop homepage

2022-11-05 20:17:15 - [MESSAGE][INFO] - Starting 'Chrome' driver

2022-11-05 20:17:15 - [MESSAGE][INFO] - Action delay is set to 0 milliseconds

2022-11-05 20:17:16 - [MESSAGE][PASSED] - Browser is opened with url: ''

2022-11-05 20:17:19 - [MESSAGE][PASSED] - Navigate to 'https://alta-shop.vercel.app/' successfully

2022-11-05 20:17:19 - [MESSAGE][PASSED] - Navigate to altashop homepage

2022-11-05 20:17:19 - [TEST_STEP][PASSED] - User navigate to login page: User navigate to login page

2022-11-05 20:17:23 - [MESSAGE][PASSED] - Object: 'Object Repository/Login/Page_frontend-web/i_AltaShop_v-icon notranslate fas fa-sign-i_3d16a9' is clicked on

2022-11-05 20:17:23 - [MESSAGE][PASSED] - User navigate to login page

2022-11-05 20:17:23 - [TEST_STEP][PASSED] - User input zack@gmail.com and : User input zack@gmail.com and 

2022-11-05 20:17:24 - [MESSAGE][PASSED] - Text 'zack@gmail.com' is set on object 'Object Repository/Login/Page_frontend-web/input_Email_input-602'

2022-11-05 20:17:25 - [MESSAGE][PASSED] - Text '' is set on object 'Object Repository/Login/Page_frontend-web/input_Password_input-605'

2022-11-05 20:17:25 - [MESSAGE][PASSED] - User input zack@gmail.com and 

2022-11-05 20:17:25 - [TEST_STEP][PASSED] - User click login button: User click login button

2022-11-05 20:17:26 - [MESSAGE][PASSED] - Object: 'Object Repository/Login/Page_frontend-web/span_Login2' is clicked on

2022-11-05 20:17:26 - [MESSAGE][WARNING] - Timeout '0' is invalid. Using default page load timeout: '30'

2022-11-05 20:17:27 - [MESSAGE][PASSED] - Object 'Object Repository/Login/Page_frontend-web/div_AltaShop_v-select__selections' is present

2022-11-05 20:17:27 - [MESSAGE][PASSED] - User click login button

2022-11-05 20:17:27 - [TEST_STEP][PASSED] - Error message showed: Error message showed

2022-11-05 20:17:28 - [MESSAGE][PASSED] - Object 'Object Repository/Login/Page_frontend-web/Login verify' is visible

2022-11-05 20:17:29 - [MESSAGE][PASSED] - Browser is closed

2022-11-05 20:17:29 - [MESSAGE][PASSED] - Error message showed

2022-11-05 20:17:29 - [TEST_CASE][PASSED] - Start Test Case : SCENARIO Login with false data: SCENARIO Login with false data

2022-11-05 20:17:29 - [TEST_STEP][PASSED] - Navigate to altashop homepage: Navigate to altashop homepage

2022-11-05 20:17:29 - [MESSAGE][INFO] - Starting 'Chrome' driver

2022-11-05 20:17:29 - [MESSAGE][INFO] - Action delay is set to 0 milliseconds

2022-11-05 20:17:30 - [MESSAGE][PASSED] - Browser is opened with url: ''

2022-11-05 20:17:34 - [MESSAGE][PASSED] - Navigate to 'https://alta-shop.vercel.app/' successfully

2022-11-05 20:17:34 - [MESSAGE][PASSED] - Navigate to altashop homepage

2022-11-05 20:17:34 - [TEST_STEP][PASSED] - User navigate to login page: User navigate to login page

2022-11-05 20:17:38 - [MESSAGE][PASSED] - Object: 'Object Repository/Login/Page_frontend-web/i_AltaShop_v-icon notranslate fas fa-sign-i_3d16a9' is clicked on

2022-11-05 20:17:38 - [MESSAGE][PASSED] - User navigate to login page

2022-11-05 20:17:38 - [TEST_STEP][PASSED] - User input  and : User input  and 

2022-11-05 20:17:39 - [MESSAGE][PASSED] - Text '' is set on object 'Object Repository/Login/Page_frontend-web/input_Email_input-602'

2022-11-05 20:17:40 - [MESSAGE][PASSED] - Text '' is set on object 'Object Repository/Login/Page_frontend-web/input_Password_input-605'

2022-11-05 20:17:40 - [MESSAGE][PASSED] - User input  and 

2022-11-05 20:17:40 - [TEST_STEP][PASSED] - User click login button: User click login button

2022-11-05 20:17:40 - [MESSAGE][PASSED] - Object: 'Object Repository/Login/Page_frontend-web/span_Login2' is clicked on

2022-11-05 20:17:40 - [MESSAGE][WARNING] - Timeout '0' is invalid. Using default page load timeout: '30'

2022-11-05 20:17:41 - [MESSAGE][PASSED] - Object 'Object Repository/Login/Page_frontend-web/div_AltaShop_v-select__selections' is present

2022-11-05 20:17:41 - [MESSAGE][PASSED] - User click login button

2022-11-05 20:17:41 - [TEST_STEP][PASSED] - Error message showed: Error message showed

2022-11-05 20:17:41 - [MESSAGE][PASSED] - Object 'Object Repository/Login/Page_frontend-web/Login verify' is visible

2022-11-05 20:17:42 - [MESSAGE][PASSED] - Browser is closed

2022-11-05 20:17:42 - [MESSAGE][PASSED] - Error message showed

2022-11-05 20:17:43 - [MESSAGE][PASSED] - Feature file: 'Include/features/Positive/login.feature' was passed

2022-11-05 20:17:43 - [TEST_STEP][PASSED] - runFeatureFile("Include/features/Positive/register.feature"): Feature file: 'Include/features/Positive/register.feature' was passed

2022-11-05 20:17:43 - [MESSAGE][INFO] - Starting run keyword runFeatureFile: 'Include/features/Positive/register.feature' and extract report to folder: 'C:\Users\Athif\git\MiniprojectWeb\Reports\20221105_201530\ATC_Test Suite\20221105_201530/cucumber_report/1667654263013'...

2022-11-05 20:17:43 - [TEST_CASE][PASSED] - Start Test Case : SCENARIO Register: SCENARIO Register

2022-11-05 20:17:43 - [TEST_STEP][PASSED] - Navigate to altashop homepage: Navigate to altashop homepage

2022-11-05 20:17:43 - [MESSAGE][INFO] - Starting 'Chrome' driver

2022-11-05 20:17:43 - [MESSAGE][INFO] - Action delay is set to 0 milliseconds

2022-11-05 20:17:44 - [MESSAGE][PASSED] - Browser is opened with url: ''

2022-11-05 20:17:47 - [MESSAGE][PASSED] - Navigate to 'https://alta-shop.vercel.app/' successfully

2022-11-05 20:17:47 - [MESSAGE][PASSED] - Navigate to altashop homepage

2022-11-05 20:17:47 - [TEST_STEP][PASSED] - User navigate to login page: User navigate to login page

2022-11-05 20:17:52 - [MESSAGE][PASSED] - Object: 'Object Repository/Login/Page_frontend-web/i_AltaShop_v-icon notranslate fas fa-sign-i_3d16a9' is clicked on

2022-11-05 20:17:52 - [MESSAGE][PASSED] - User navigate to login page

2022-11-05 20:17:52 - [TEST_STEP][PASSED] - User open register form: User open register form

2022-11-05 20:17:53 - [MESSAGE][PASSED] - Object: 'Object Repository/Register/Page_frontend-web/a_Register' is clicked on

2022-11-05 20:17:53 - [MESSAGE][PASSED] - User open register form

2022-11-05 20:17:53 - [TEST_STEP][PASSED] - Input new zackweb and zackweb12d@gmail.com and zack123: Input new zackweb and zackweb12d@gmail.com and zack123

2022-11-05 20:17:54 - [MESSAGE][PASSED] - Text 'zackweb' is set on object 'Object Repository/Register/Page_frontend-web/input_Nama Lengkap_input-613'

2022-11-05 20:17:55 - [MESSAGE][PASSED] - Text 'zackweb12d@gmail.com' is set on object 'Object Repository/Register/Page_frontend-web/input_Email_input-616'

2022-11-05 20:17:55 - [MESSAGE][PASSED] - Text 'zack123' is set on object 'Object Repository/Register/Page_frontend-web/input_Password_input-619'

2022-11-05 20:17:55 - [MESSAGE][PASSED] - Input new zackweb and zackweb12d@gmail.com and zack123

2022-11-05 20:17:55 - [TEST_STEP][PASSED] - Click register button: Click register button

2022-11-05 20:17:56 - [MESSAGE][PASSED] - Object: 'Object Repository/Register/Page_frontend-web/Regis_but' is clicked on

2022-11-05 20:17:56 - [MESSAGE][WARNING] - Timeout '0' is invalid. Using default page load timeout: '30'

2022-11-05 20:17:57 - [MESSAGE][PASSED] - Object 'Object Repository/Register/Page_frontend-web/div_Login' is present

2022-11-05 20:17:58 - [MESSAGE][PASSED] - Browser is closed

2022-11-05 20:17:58 - [MESSAGE][PASSED] - Click register button

2022-11-05 20:17:58 - [TEST_CASE][PASSED] - Start Test Case : SCENARIO Register with empty data: SCENARIO Register with empty data

2022-11-05 20:17:58 - [TEST_STEP][PASSED] - Navigate to altashop homepage: Navigate to altashop homepage

2022-11-05 20:17:58 - [MESSAGE][INFO] - Starting 'Chrome' driver

2022-11-05 20:17:58 - [MESSAGE][INFO] - Action delay is set to 0 milliseconds

2022-11-05 20:17:59 - [MESSAGE][PASSED] - Browser is opened with url: ''

2022-11-05 20:18:02 - [MESSAGE][PASSED] - Navigate to 'https://alta-shop.vercel.app/' successfully

2022-11-05 20:18:02 - [MESSAGE][PASSED] - Navigate to altashop homepage

2022-11-05 20:18:02 - [TEST_STEP][PASSED] - User navigate to login page: User navigate to login page

2022-11-05 20:18:08 - [MESSAGE][PASSED] - Object: 'Object Repository/Login/Page_frontend-web/i_AltaShop_v-icon notranslate fas fa-sign-i_3d16a9' is clicked on

2022-11-05 20:18:08 - [MESSAGE][PASSED] - User navigate to login page

2022-11-05 20:18:08 - [TEST_STEP][PASSED] - User open register form: User open register form

2022-11-05 20:18:08 - [MESSAGE][PASSED] - Object: 'Object Repository/Register/Page_frontend-web/a_Register' is clicked on

2022-11-05 20:18:08 - [MESSAGE][PASSED] - User open register form

2022-11-05 20:18:08 - [TEST_STEP][PASSED] - Input new  and zackweb@gmail.com and zack123: Input new  and zackweb@gmail.com and zack123

2022-11-05 20:18:09 - [MESSAGE][PASSED] - Text '' is set on object 'Object Repository/Register/Page_frontend-web/input_Nama Lengkap_input-613'

2022-11-05 20:18:10 - [MESSAGE][PASSED] - Text 'zackweb@gmail.com' is set on object 'Object Repository/Register/Page_frontend-web/input_Email_input-616'

2022-11-05 20:18:11 - [MESSAGE][PASSED] - Text 'zack123' is set on object 'Object Repository/Register/Page_frontend-web/input_Password_input-619'

2022-11-05 20:18:11 - [MESSAGE][PASSED] - Input new  and zackweb@gmail.com and zack123

2022-11-05 20:18:11 - [TEST_STEP][PASSED] - User click register button: User click register button

2022-11-05 20:18:12 - [MESSAGE][PASSED] - Object: 'Object Repository/Register/Page_frontend-web/Regis_but' is clicked on

2022-11-05 20:18:12 - [MESSAGE][PASSED] - User click register button

2022-11-05 20:18:12 - [TEST_STEP][PASSED] - Error register message showed: Error register message showed

2022-11-05 20:18:12 - [MESSAGE][PASSED] - Browser is closed

2022-11-05 20:18:12 - [MESSAGE][PASSED] - Error register message showed

2022-11-05 20:18:12 - [TEST_CASE][PASSED] - Start Test Case : SCENARIO Register with empty data: SCENARIO Register with empty data

2022-11-05 20:18:12 - [TEST_STEP][PASSED] - Navigate to altashop homepage: Navigate to altashop homepage

2022-11-05 20:18:12 - [MESSAGE][INFO] - Starting 'Chrome' driver

2022-11-05 20:18:12 - [MESSAGE][INFO] - Action delay is set to 0 milliseconds

2022-11-05 20:18:14 - [MESSAGE][PASSED] - Browser is opened with url: ''

2022-11-05 20:18:17 - [MESSAGE][PASSED] - Navigate to 'https://alta-shop.vercel.app/' successfully

2022-11-05 20:18:17 - [MESSAGE][PASSED] - Navigate to altashop homepage

2022-11-05 20:18:17 - [TEST_STEP][PASSED] - User navigate to login page: User navigate to login page

2022-11-05 20:18:22 - [MESSAGE][PASSED] - Object: 'Object Repository/Login/Page_frontend-web/i_AltaShop_v-icon notranslate fas fa-sign-i_3d16a9' is clicked on

2022-11-05 20:18:22 - [MESSAGE][PASSED] - User navigate to login page

2022-11-05 20:18:22 - [TEST_STEP][PASSED] - User open register form: User open register form

2022-11-05 20:18:23 - [MESSAGE][PASSED] - Object: 'Object Repository/Register/Page_frontend-web/a_Register' is clicked on

2022-11-05 20:18:23 - [MESSAGE][PASSED] - User open register form

2022-11-05 20:18:23 - [TEST_STEP][PASSED] - Input new zack and  and zack123: Input new zack and  and zack123

2022-11-05 20:18:23 - [MESSAGE][PASSED] - Text 'zack' is set on object 'Object Repository/Register/Page_frontend-web/input_Nama Lengkap_input-613'

2022-11-05 20:18:24 - [MESSAGE][PASSED] - Text '' is set on object 'Object Repository/Register/Page_frontend-web/input_Email_input-616'

2022-11-05 20:18:25 - [MESSAGE][PASSED] - Text 'zack123' is set on object 'Object Repository/Register/Page_frontend-web/input_Password_input-619'

2022-11-05 20:18:25 - [MESSAGE][PASSED] - Input new zack and  and zack123

2022-11-05 20:18:25 - [TEST_STEP][PASSED] - User click register button: User click register button

2022-11-05 20:18:25 - [MESSAGE][PASSED] - Object: 'Object Repository/Register/Page_frontend-web/Regis_but' is clicked on

2022-11-05 20:18:25 - [MESSAGE][PASSED] - User click register button

2022-11-05 20:18:25 - [TEST_STEP][PASSED] - Error register message showed: Error register message showed

2022-11-05 20:18:27 - [MESSAGE][PASSED] - Browser is closed

2022-11-05 20:18:27 - [MESSAGE][PASSED] - Error register message showed

2022-11-05 20:18:27 - [TEST_CASE][PASSED] - Start Test Case : SCENARIO Register with empty data: SCENARIO Register with empty data

2022-11-05 20:18:27 - [TEST_STEP][PASSED] - Navigate to altashop homepage: Navigate to altashop homepage

2022-11-05 20:18:27 - [MESSAGE][INFO] - Starting 'Chrome' driver

2022-11-05 20:18:27 - [MESSAGE][INFO] - Action delay is set to 0 milliseconds

2022-11-05 20:18:28 - [MESSAGE][PASSED] - Browser is opened with url: ''

2022-11-05 20:18:32 - [MESSAGE][PASSED] - Navigate to 'https://alta-shop.vercel.app/' successfully

2022-11-05 20:18:32 - [MESSAGE][PASSED] - Navigate to altashop homepage

2022-11-05 20:18:32 - [TEST_STEP][PASSED] - User navigate to login page: User navigate to login page

2022-11-05 20:18:36 - [MESSAGE][PASSED] - Object: 'Object Repository/Login/Page_frontend-web/i_AltaShop_v-icon notranslate fas fa-sign-i_3d16a9' is clicked on

2022-11-05 20:18:36 - [MESSAGE][PASSED] - User navigate to login page

2022-11-05 20:18:36 - [TEST_STEP][PASSED] - User open register form: User open register form

2022-11-05 20:18:36 - [MESSAGE][PASSED] - Object: 'Object Repository/Register/Page_frontend-web/a_Register' is clicked on

2022-11-05 20:18:36 - [MESSAGE][PASSED] - User open register form

2022-11-05 20:18:36 - [TEST_STEP][PASSED] - Input new zack and zackweb@gmail.com and : Input new zack and zackweb@gmail.com and 

2022-11-05 20:18:37 - [MESSAGE][PASSED] - Text 'zack' is set on object 'Object Repository/Register/Page_frontend-web/input_Nama Lengkap_input-613'

2022-11-05 20:18:38 - [MESSAGE][PASSED] - Text 'zackweb@gmail.com' is set on object 'Object Repository/Register/Page_frontend-web/input_Email_input-616'

2022-11-05 20:18:39 - [MESSAGE][PASSED] - Text '' is set on object 'Object Repository/Register/Page_frontend-web/input_Password_input-619'

2022-11-05 20:18:39 - [MESSAGE][PASSED] - Input new zack and zackweb@gmail.com and 

2022-11-05 20:18:39 - [TEST_STEP][PASSED] - User click register button: User click register button

2022-11-05 20:18:39 - [MESSAGE][PASSED] - Object: 'Object Repository/Register/Page_frontend-web/Regis_but' is clicked on

2022-11-05 20:18:39 - [MESSAGE][PASSED] - User click register button

2022-11-05 20:18:39 - [TEST_STEP][PASSED] - Error register message showed: Error register message showed

2022-11-05 20:18:40 - [MESSAGE][PASSED] - Browser is closed

2022-11-05 20:18:40 - [MESSAGE][PASSED] - Error register message showed

2022-11-05 20:18:40 - [MESSAGE][PASSED] - Feature file: 'Include/features/Positive/register.feature' was passed

2022-11-05 20:18:40 - [TEST_STEP][PASSED] - runFeatureFile("Include/features/Positive/logout.feature"): Feature file: 'Include/features/Positive/logout.feature' was passed

2022-11-05 20:18:40 - [MESSAGE][INFO] - Starting run keyword runFeatureFile: 'Include/features/Positive/logout.feature' and extract report to folder: 'C:\Users\Athif\git\MiniprojectWeb\Reports\20221105_201530\ATC_Test Suite\20221105_201530/cucumber_report/1667654320917'...

2022-11-05 20:18:41 - [TEST_CASE][PASSED] - Start Test Case : SCENARIO Logout: SCENARIO Logout

2022-11-05 20:18:41 - [TEST_STEP][PASSED] - Navigate to altashop homepage and User already logged in: Navigate to altashop homepage and User already logged in

2022-11-05 20:18:41 - [MESSAGE][INFO] - Starting 'Chrome' driver

2022-11-05 20:18:41 - [MESSAGE][INFO] - Action delay is set to 0 milliseconds

2022-11-05 20:18:42 - [MESSAGE][PASSED] - Browser is opened with url: ''

2022-11-05 20:18:45 - [MESSAGE][PASSED] - Navigate to 'https://alta-shop.vercel.app/' successfully

2022-11-05 20:18:51 - [MESSAGE][PASSED] - Object: 'Object Repository/Product/Page_frontend-web/i_AltaShop_v-icon notranslate fas fa-sign-i_3d16a9' is clicked on

2022-11-05 20:18:52 - [MESSAGE][PASSED] - Text 'zack@gmail.com' is set on object 'Object Repository/Login/Page_frontend-web/input_Email_input-602'

2022-11-05 20:18:53 - [MESSAGE][PASSED] - Text 'zack123' is set on object 'Object Repository/Login/Page_frontend-web/input_Password_input-605'

2022-11-05 20:18:54 - [MESSAGE][PASSED] - Object: 'Object Repository/Product/Page_frontend-web/span_Login' is clicked on

2022-11-05 20:18:54 - [MESSAGE][WARNING] - Timeout '0' is invalid. Using default page load timeout: '30'

2022-11-05 20:19:02 - [MESSAGE][PASSED] - Object 'Object Repository/Logout/Page_frontend-web/div_AltaShop_v-select__selections' is present

2022-11-05 20:19:02 - [MESSAGE][PASSED] - Navigate to altashop homepage and User already logged in

2022-11-05 20:19:02 - [TEST_STEP][PASSED] - User click profile icon at navbar: User click profile icon at navbar

2022-11-05 20:19:03 - [MESSAGE][PASSED] - Object: 'Object Repository/Logout/Page_frontend-web/i_AltaShop_v-icon notranslate fas fa-user t_f0827e' is clicked on

2022-11-05 20:19:03 - [MESSAGE][PASSED] - User click profile icon at navbar

2022-11-05 20:19:03 - [TEST_STEP][PASSED] - User click logout option: User click logout option

2022-11-05 20:19:04 - [MESSAGE][PASSED] - Object: 'Object Repository/Logout/Page_frontend-web/i_Transaksi_v-icon notranslate fas fa-sign-in theme--light' is clicked on

2022-11-05 20:19:04 - [MESSAGE][PASSED] - User click logout option

2022-11-05 20:19:04 - [TEST_STEP][PASSED] - User navigate to homepage: User navigate to homepage

2022-11-05 20:19:04 - [MESSAGE][WARNING] - Timeout '0' is invalid. Using default page load timeout: '30'

2022-11-05 20:19:04 - [MESSAGE][PASSED] - Object 'Object Repository/Logout/Page_frontend-web/div_Login' is present

2022-11-05 20:19:05 - [MESSAGE][PASSED] - Browser is closed

2022-11-05 20:19:05 - [MESSAGE][PASSED] - User navigate to homepage

2022-11-05 20:19:05 - [MESSAGE][PASSED] - Feature file: 'Include/features/Positive/logout.feature' was passed

2022-11-05 20:19:05 - [TEST_STEP][PASSED] - runFeatureFile("Include/features/Positive/categories.feature"): Feature file: 'Include/features/Positive/categories.feature' was passed

2022-11-05 20:19:05 - [MESSAGE][INFO] - Starting run keyword runFeatureFile: 'Include/features/Positive/categories.feature' and extract report to folder: 'C:\Users\Athif\git\MiniprojectWeb\Reports\20221105_201530\ATC_Test Suite\20221105_201530/cucumber_report/1667654345773'...

2022-11-05 20:19:06 - [TEST_CASE][PASSED] - Start Test Case : SCENARIO Select Categories: SCENARIO Select Categories

2022-11-05 20:19:06 - [TEST_STEP][PASSED] - Navigate to altashop homepage: Navigate to altashop homepage

2022-11-05 20:19:06 - [MESSAGE][INFO] - Starting 'Chrome' driver

2022-11-05 20:19:06 - [MESSAGE][INFO] - Action delay is set to 0 milliseconds

2022-11-05 20:19:08 - [MESSAGE][PASSED] - Browser is opened with url: ''

2022-11-05 20:19:11 - [MESSAGE][PASSED] - Navigate to 'https://alta-shop.vercel.app/' successfully

2022-11-05 20:19:11 - [MESSAGE][PASSED] - Navigate to altashop homepage

2022-11-05 20:19:11 - [TEST_STEP][PASSED] - User select categories dropdown: User select categories dropdown

2022-11-05 20:19:16 - [MESSAGE][PASSED] - Object: 'Object Repository/Categories/Page_frontend-web/div_AltaShop_v-select__selections' is clicked on

2022-11-05 20:19:16 - [MESSAGE][PASSED] - User select categories dropdown

2022-11-05 20:19:16 - [TEST_STEP][PASSED] - User choice categories: User choice categories

2022-11-05 20:19:19 - [MESSAGE][PASSED] - Object: 'Object Repository/Categories/Page_frontend-web/div_Dolanan' is clicked on

2022-11-05 20:19:19 - [MESSAGE][PASSED] - User choice categories

2022-11-05 20:19:19 - [TEST_STEP][PASSED] - Product with selected Categories showed: Product with selected Categories showed

2022-11-05 20:19:19 - [MESSAGE][WARNING] - Timeout '0' is invalid. Using default page load timeout: '30'

2022-11-05 20:19:20 - [MESSAGE][PASSED] - Object 'Object Repository/Categories/Page_frontend-web/button_Dolanan_v-icon notranslate v-icon--l_dd68f6' is present

2022-11-05 20:19:20 - [MESSAGE][PASSED] - Browser is closed

2022-11-05 20:19:20 - [MESSAGE][PASSED] - Product with selected Categories showed

2022-11-05 20:19:20 - [TEST_CASE][PASSED] - Start Test Case : SCENARIO Clearing Categories: SCENARIO Clearing Categories

2022-11-05 20:19:20 - [TEST_STEP][PASSED] - Navigate to altashop homepage: Navigate to altashop homepage

2022-11-05 20:19:20 - [MESSAGE][INFO] - Starting 'Chrome' driver

2022-11-05 20:19:20 - [MESSAGE][INFO] - Action delay is set to 0 milliseconds

2022-11-05 20:19:22 - [MESSAGE][PASSED] - Browser is opened with url: ''

2022-11-05 20:19:24 - [MESSAGE][PASSED] - Navigate to 'https://alta-shop.vercel.app/' successfully

2022-11-05 20:19:24 - [MESSAGE][PASSED] - Navigate to altashop homepage

2022-11-05 20:19:24 - [TEST_STEP][PASSED] - User already select categories: User already select categories

2022-11-05 20:19:32 - [MESSAGE][PASSED] - Object: 'Object Repository/Categories/Page_frontend-web/div_AltaShop_v-select__selections' is clicked on

2022-11-05 20:19:33 - [MESSAGE][PASSED] - Object: 'Object Repository/Categories/Page_frontend-web/div_Dolanan' is clicked on

2022-11-05 20:19:33 - [MESSAGE][PASSED] - User already select categories

2022-11-05 20:19:33 - [TEST_STEP][PASSED] - User click clear categories button: User click clear categories button

2022-11-05 20:19:34 - [MESSAGE][PASSED] - Object: 'Object Repository/Categories/Page_frontend-web/button_Dolanan_v-icon notranslate v-icon--l_dd68f6' is clicked on

2022-11-05 20:19:34 - [MESSAGE][PASSED] - User click clear categories button

2022-11-05 20:19:34 - [TEST_STEP][PASSED] - All product showed: All product showed

2022-11-05 20:19:34 - [MESSAGE][WARNING] - Timeout '0' is invalid. Using default page load timeout: '30'

2022-11-05 20:19:41 - [MESSAGE][PASSED] - Web element with id: 'Object Repository/Categories/Page_frontend-web/button_Dolanan_v-icon notranslate v-icon--l_dd68f6' located by 'By.xpath: /html/body/div/div[1]/main/div/div/div[1]/div/div[1]/div[1]/div[2]/div/button' is not present after '30' second(s)

2022-11-05 20:19:42 - [MESSAGE][PASSED] - Browser is closed

2022-11-05 20:19:42 - [MESSAGE][PASSED] - All product showed

2022-11-05 20:19:42 - [MESSAGE][PASSED] - Feature file: 'Include/features/Positive/categories.feature' was passed

2022-11-05 20:19:42 - [TEST_STEP][PASSED] - runFeatureFile("Include/features/Positive/product.feature"): Feature file: 'Include/features/Positive/product.feature' was passed

2022-11-05 20:19:42 - [MESSAGE][INFO] - Starting run keyword runFeatureFile: 'Include/features/Positive/product.feature' and extract report to folder: 'C:\Users\Athif\git\MiniprojectWeb\Reports\20221105_201530\ATC_Test Suite\20221105_201530/cucumber_report/1667654382081'...

2022-11-05 20:19:42 - [TEST_CASE][PASSED] - Start Test Case : SCENARIO Add Product to Cart: SCENARIO Add Product to Cart

2022-11-05 20:19:42 - [TEST_STEP][PASSED] - Navigate to altashop homepage: Navigate to altashop homepage

2022-11-05 20:19:42 - [MESSAGE][INFO] - Starting 'Chrome' driver

2022-11-05 20:19:42 - [MESSAGE][INFO] - Action delay is set to 0 milliseconds

2022-11-05 20:19:43 - [MESSAGE][PASSED] - Browser is opened with url: ''

2022-11-05 20:19:46 - [MESSAGE][PASSED] - Navigate to 'https://alta-shop.vercel.app/' successfully

2022-11-05 20:19:46 - [MESSAGE][PASSED] - Navigate to altashop homepage

2022-11-05 20:19:46 - [TEST_STEP][PASSED] - User select the product: User select the product

2022-11-05 20:19:46 - [MESSAGE][PASSED] - User select the product

2022-11-05 20:19:46 - [TEST_STEP][PASSED] - User click beli button: User click beli button

2022-11-05 20:19:51 - [MESSAGE][PASSED] - Object: 'Object Repository/Product/Page_frontend-web/beli_button' is clicked on

2022-11-05 20:19:51 - [MESSAGE][PASSED] - User click beli button

2022-11-05 20:19:51 - [TEST_STEP][PASSED] - Product will added to the cart: Product will added to the cart

2022-11-05 20:19:51 - [MESSAGE][PASSED] - Object: 'Object Repository/Product/Page_frontend-web/i_AltaShop_v-icon notranslate fas fa-shopping-cart theme--dark' is clicked on

2022-11-05 20:19:52 - [MESSAGE][PASSED] - Browser is closed

2022-11-05 20:19:52 - [MESSAGE][PASSED] - Product will added to the cart

2022-11-05 20:19:52 - [TEST_CASE][PASSED] - Start Test Case : SCENARIO Increasing Total Product in the Cart: SCENARIO Increasing Total Product in the Cart

2022-11-05 20:19:52 - [TEST_STEP][PASSED] - Navigate to altashop homepage: Navigate to altashop homepage

2022-11-05 20:19:52 - [MESSAGE][INFO] - Starting 'Chrome' driver

2022-11-05 20:19:52 - [MESSAGE][INFO] - Action delay is set to 0 milliseconds

2022-11-05 20:19:54 - [MESSAGE][PASSED] - Browser is opened with url: ''

2022-11-05 20:19:56 - [MESSAGE][PASSED] - Navigate to 'https://alta-shop.vercel.app/' successfully

2022-11-05 20:19:56 - [MESSAGE][PASSED] - Navigate to altashop homepage

2022-11-05 20:19:56 - [TEST_STEP][PASSED] - User already have product in the cart: User already have product in the cart

2022-11-05 20:20:05 - [MESSAGE][PASSED] - Object: 'Object Repository/Product/Page_frontend-web/beli_button' is clicked on

2022-11-05 20:20:05 - [MESSAGE][PASSED] - Object: 'Object Repository/Product/Page_frontend-web/i_AltaShop_v-icon notranslate fas fa-shoppi_c66ce9' is clicked on

2022-11-05 20:20:05 - [MESSAGE][PASSED] - User already have product in the cart

2022-11-05 20:20:05 - [TEST_STEP][PASSED] - User click plus button: User click plus button

2022-11-05 20:20:06 - [MESSAGE][PASSED] - Object: 'Object Repository/Product/Page_frontend-web/Increas_Button' is clicked on

2022-11-05 20:20:06 - [MESSAGE][PASSED] - User click plus button

2022-11-05 20:20:06 - [TEST_STEP][PASSED] - The ammount of product increased: The ammount of product increased

2022-11-05 20:20:07 - [MESSAGE][PASSED] - Browser is closed

2022-11-05 20:20:07 - [MESSAGE][PASSED] - The ammount of product increased

2022-11-05 20:20:07 - [TEST_CASE][PASSED] - Start Test Case : SCENARIO Decreasing Total Product in the Cart: SCENARIO Decreasing Total Product in the Cart

2022-11-05 20:20:07 - [TEST_STEP][PASSED] - Navigate to altashop homepage: Navigate to altashop homepage

2022-11-05 20:20:07 - [MESSAGE][INFO] - Starting 'Chrome' driver

2022-11-05 20:20:07 - [MESSAGE][INFO] - Action delay is set to 0 milliseconds

2022-11-05 20:20:08 - [MESSAGE][PASSED] - Browser is opened with url: ''

2022-11-05 20:20:11 - [MESSAGE][PASSED] - Navigate to 'https://alta-shop.vercel.app/' successfully

2022-11-05 20:20:11 - [MESSAGE][PASSED] - Navigate to altashop homepage

2022-11-05 20:20:11 - [TEST_STEP][PASSED] - User already have product in the cart: User already have product in the cart

2022-11-05 20:20:19 - [MESSAGE][PASSED] - Object: 'Object Repository/Product/Page_frontend-web/beli_button' is clicked on

2022-11-05 20:20:19 - [MESSAGE][PASSED] - Object: 'Object Repository/Product/Page_frontend-web/i_AltaShop_v-icon notranslate fas fa-shoppi_c66ce9' is clicked on

2022-11-05 20:20:19 - [MESSAGE][PASSED] - User already have product in the cart

2022-11-05 20:20:19 - [TEST_STEP][PASSED] - User click minus button: User click minus button

2022-11-05 20:20:20 - [MESSAGE][PASSED] - Object: 'Object Repository/Product/Page_frontend-web/Increas_Button' is clicked on

2022-11-05 20:20:21 - [MESSAGE][PASSED] - Object: 'Object Repository/Product/Page_frontend-web/decrease_button' is clicked on

2022-11-05 20:20:21 - [MESSAGE][PASSED] - User click minus button

2022-11-05 20:20:21 - [TEST_STEP][PASSED] - The ammount of product decreased: The ammount of product decreased

2022-11-05 20:20:21 - [MESSAGE][PASSED] - Browser is closed

2022-11-05 20:20:21 - [MESSAGE][PASSED] - The ammount of product decreased

2022-11-05 20:20:21 - [TEST_CASE][PASSED] - Start Test Case : SCENARIO Pay product from Cart: SCENARIO Pay product from Cart

2022-11-05 20:20:21 - [TEST_STEP][PASSED] - Navigate to altashop homepage: Navigate to altashop homepage

2022-11-05 20:20:21 - [MESSAGE][INFO] - Starting 'Chrome' driver

2022-11-05 20:20:21 - [MESSAGE][INFO] - Action delay is set to 0 milliseconds

2022-11-05 20:20:23 - [MESSAGE][PASSED] - Browser is opened with url: ''

2022-11-05 20:20:27 - [MESSAGE][PASSED] - Navigate to 'https://alta-shop.vercel.app/' successfully

2022-11-05 20:20:27 - [MESSAGE][PASSED] - Navigate to altashop homepage

2022-11-05 20:20:27 - [TEST_STEP][PASSED] - User already have product in the cart and User already logged in: User already have product in the cart and User already logged in

2022-11-05 20:20:31 - [MESSAGE][PASSED] - Object: 'Object Repository/Product/Page_frontend-web/i_AltaShop_v-icon notranslate fas fa-sign-i_3d16a9' is clicked on

2022-11-05 20:20:32 - [MESSAGE][PASSED] - Text 'zack@gmail.com' is set on object 'Object Repository/Login/Page_frontend-web/input_Email_input-602'

2022-11-05 20:20:33 - [MESSAGE][PASSED] - Text 'zack123' is set on object 'Object Repository/Login/Page_frontend-web/input_Password_input-605'

2022-11-05 20:20:33 - [MESSAGE][PASSED] - Object: 'Object Repository/Product/Page_frontend-web/span_Login' is clicked on

2022-11-05 20:20:38 - [MESSAGE][PASSED] - Object: 'Object Repository/Product/Page_frontend-web/beli_button' is clicked on

2022-11-05 20:20:38 - [MESSAGE][PASSED] - Object: 'Object Repository/Product/Page_frontend-web/i_AltaShop_v-icon notranslate fas fa-shoppi_c66ce9' is clicked on

2022-11-05 20:20:38 - [MESSAGE][PASSED] - User already have product in the cart and User already logged in

2022-11-05 20:20:38 - [TEST_STEP][PASSED] - User click pay button: User click pay button

2022-11-05 20:20:39 - [MESSAGE][PASSED] - Object: 'Object Repository/Product/Page_frontend-web/span_Bayar' is clicked on

2022-11-05 20:20:39 - [MESSAGE][PASSED] - User click pay button

2022-11-05 20:20:39 - [TEST_STEP][PASSED] - Product have been paid: Product have been paid

2022-11-05 20:20:40 - [MESSAGE][WARNING] - Timeout '0' is invalid. Using default page load timeout: '30'

2022-11-05 20:20:42 - [MESSAGE][PASSED] - Object 'Object Repository/Product/Page_frontend-web/h1_Transactions' is present

2022-11-05 20:20:42 - [MESSAGE][PASSED] - Browser is closed

2022-11-05 20:20:42 - [MESSAGE][PASSED] - Product have been paid

2022-11-05 20:20:42 - [TEST_CASE][PASSED] - Start Test Case : SCENARIO Pay product from Cart: SCENARIO Pay product from Cart

2022-11-05 20:20:42 - [TEST_STEP][PASSED] - Navigate to altashop homepage: Navigate to altashop homepage

2022-11-05 20:20:42 - [MESSAGE][INFO] - Starting 'Chrome' driver

2022-11-05 20:20:42 - [MESSAGE][INFO] - Action delay is set to 0 milliseconds

2022-11-05 20:20:44 - [MESSAGE][PASSED] - Browser is opened with url: ''

2022-11-05 20:20:48 - [MESSAGE][PASSED] - Navigate to 'https://alta-shop.vercel.app/' successfully

2022-11-05 20:20:48 - [MESSAGE][PASSED] - Navigate to altashop homepage

2022-11-05 20:20:48 - [TEST_STEP][PASSED] - User already have product in the cart: User already have product in the cart

2022-11-05 20:20:52 - [MESSAGE][PASSED] - Object: 'Object Repository/Product/Page_frontend-web/beli_button' is clicked on

2022-11-05 20:20:52 - [MESSAGE][PASSED] - Object: 'Object Repository/Product/Page_frontend-web/i_AltaShop_v-icon notranslate fas fa-shoppi_c66ce9' is clicked on

2022-11-05 20:20:52 - [MESSAGE][PASSED] - User already have product in the cart

2022-11-05 20:20:52 - [TEST_STEP][PASSED] - User click pay button: User click pay button

2022-11-05 20:20:53 - [MESSAGE][PASSED] - Object: 'Object Repository/Product/Page_frontend-web/span_Bayar' is clicked on

2022-11-05 20:20:53 - [MESSAGE][PASSED] - User click pay button

2022-11-05 20:20:53 - [TEST_STEP][PASSED] - User navigate to homepage again: User navigate to homepage again

2022-11-05 20:20:54 - [MESSAGE][PASSED] - Browser is closed

2022-11-05 20:20:54 - [MESSAGE][PASSED] - User navigate to homepage again

2022-11-05 20:20:54 - [MESSAGE][PASSED] - Feature file: 'Include/features/Positive/product.feature' was passed]]></system-out>
         <system-err><![CDATA[]]></system-err>
      </testcase>
      <system-out><![CDATA[2022-11-05 20:15:47 - [TEST_SUITE][PASSED] - ATC_Test Suite: Test Cases/Feature File]]></system-out>
      <system-err><![CDATA[]]></system-err>
   </testsuite>
</testsuites>
