<?xml version="1.0" encoding="UTF-8"?>
<testsuites name="ATC_Test Suite" time="303.552" tests="1" failures="0" errors="0">
   <testsuite name="ATC_Test Suite" tests="1" failures="0" errors="0" time="303.552" skipped="0" timestamp="2022-11-05 19:36:59" hostname="Athif - DESKTOP-HMC26PQ" id="Test Suites/ATC_Test Suite">
      <properties>
         <property name="deviceName" value=""/>
         <property name="devicePlatform" value=""/>
         <property name="logFolder" value="C:\\Users\\Athif\\git\\MiniprojectWeb\\Reports\\20221105_193651\\ATC_Test Suite\\20221105_193651"/>
         <property name="logFiles" value="C:\\Users\\Athif\\git\\MiniprojectWeb\\Reports\\20221105_193651\\ATC_Test Suite\\20221105_193651\\execution0.log"/>
         <property name="attachments" value=""/>
         <property name="hostName" value="Athif - DESKTOP-HMC26PQ"/>
         <property name="os" value="Windows 10 64bit"/>
         <property name="katalonVersion" value="8.3.0.208"/>
         <property name="browser" value="Chrome 107.0.0.0"/>
         <property name="hostAddress" value="192.168.56.1"/>
         <property name="sessionId" value="41eab1a7b97c6d144b5d7bcd8af34c50"/>
         <property name="seleniumVersion" value="3.141.59"/>
         <property name="proxyInformation" value="ProxyInformation { proxyOption=NO_PROXY, proxyServerType=HTTP, username=, password=********, proxyServerAddress=, proxyServerPort=0, executionList=&quot;&quot;, isApplyToDesiredCapabilities=true }"/>
         <property name="platform" value="Windows 10"/>
      </properties>
      <testcase name="Test Cases/Feature File" time="303.133" classname="Test Cases/Feature File" status="PASSED">
         <system-out><![CDATA[2022-11-05 19:36:59 - [TEST_CASE][PASSED] - Test Cases/Feature File: Test Cases/Feature File

2022-11-05 19:37:00 - [TEST_STEP][PASSED] - runFeatureFile("Include/features/Positive/login.feature"): Feature file: 'Include/features/Positive/login.feature' was passed

2022-11-05 19:37:00 - [MESSAGE][INFO] - Starting run keyword runFeatureFile: 'Include/features/Positive/login.feature' and extract report to folder: 'C:\Users\Athif\git\MiniprojectWeb\Reports\20221105_193651\ATC_Test Suite\20221105_193651/cucumber_report/1667651820620'...

2022-11-05 19:37:02 - [TEST_CASE][PASSED] - Start Test Case : SCENARIO Login with valid data: SCENARIO Login with valid data

2022-11-05 19:37:02 - [TEST_STEP][PASSED] - Navigate to altashop homepage: Navigate to altashop homepage

2022-11-05 19:37:02 - [MESSAGE][INFO] - Starting 'Chrome' driver

2022-11-05 19:37:02 - [MESSAGE][INFO] - Action delay is set to 0 milliseconds

2022-11-05 19:37:05 - [MESSAGE][PASSED] - Browser is opened with url: ''

2022-11-05 19:37:08 - [MESSAGE][PASSED] - Navigate to 'https://alta-shop.vercel.app/' successfully

2022-11-05 19:37:08 - [MESSAGE][PASSED] - Navigate to altashop homepage

2022-11-05 19:37:08 - [TEST_STEP][PASSED] - User navigate to login page: User navigate to login page

2022-11-05 19:37:14 - [MESSAGE][PASSED] - Object: 'Object Repository/Login/Page_frontend-web/i_AltaShop_v-icon notranslate fas fa-sign-i_3d16a9' is clicked on

2022-11-05 19:37:14 - [MESSAGE][PASSED] - User navigate to login page

2022-11-05 19:37:14 - [TEST_STEP][PASSED] - User input zack@gmail.com and zack123: User input zack@gmail.com and zack123

2022-11-05 19:37:15 - [MESSAGE][PASSED] - Text 'zack@gmail.com' is set on object 'Object Repository/Login/Page_frontend-web/input_Email_input-602'

2022-11-05 19:37:16 - [MESSAGE][PASSED] - Text 'zack123' is set on object 'Object Repository/Login/Page_frontend-web/input_Password_input-605'

2022-11-05 19:37:16 - [MESSAGE][PASSED] - User input zack@gmail.com and zack123

2022-11-05 19:37:16 - [TEST_STEP][PASSED] - Click login button: Click login button

2022-11-05 19:37:17 - [MESSAGE][PASSED] - Object: 'Object Repository/Login/Page_frontend-web/span_Login2' is clicked on

2022-11-05 19:37:17 - [MESSAGE][WARNING] - Timeout '0' is invalid. Using default page load timeout: '30'

2022-11-05 19:37:25 - [MESSAGE][PASSED] - Object 'Object Repository/Login/Page_frontend-web/div_AltaShop_v-select__selections' is present

2022-11-05 19:37:26 - [MESSAGE][PASSED] - Browser is closed

2022-11-05 19:37:26 - [MESSAGE][PASSED] - Click login button

2022-11-05 19:37:26 - [TEST_CASE][PASSED] - Start Test Case : SCENARIO Login with false data: SCENARIO Login with false data

2022-11-05 19:37:26 - [TEST_STEP][PASSED] - Navigate to altashop homepage: Navigate to altashop homepage

2022-11-05 19:37:26 - [MESSAGE][INFO] - Starting 'Chrome' driver

2022-11-05 19:37:26 - [MESSAGE][INFO] - Action delay is set to 0 milliseconds

2022-11-05 19:37:28 - [MESSAGE][PASSED] - Browser is opened with url: ''

2022-11-05 19:37:31 - [MESSAGE][PASSED] - Navigate to 'https://alta-shop.vercel.app/' successfully

2022-11-05 19:37:31 - [MESSAGE][PASSED] - Navigate to altashop homepage

2022-11-05 19:37:31 - [TEST_STEP][PASSED] - User navigate to login page: User navigate to login page

2022-11-05 19:37:35 - [MESSAGE][PASSED] - Object: 'Object Repository/Login/Page_frontend-web/i_AltaShop_v-icon notranslate fas fa-sign-i_3d16a9' is clicked on

2022-11-05 19:37:35 - [MESSAGE][PASSED] - User navigate to login page

2022-11-05 19:37:35 - [TEST_STEP][PASSED] - User input zack@gmail.com and aaaaaaa: User input zack@gmail.com and aaaaaaa

2022-11-05 19:37:36 - [MESSAGE][PASSED] - Text 'zack@gmail.com' is set on object 'Object Repository/Login/Page_frontend-web/input_Email_input-602'

2022-11-05 19:37:37 - [MESSAGE][PASSED] - Text 'aaaaaaa' is set on object 'Object Repository/Login/Page_frontend-web/input_Password_input-605'

2022-11-05 19:37:37 - [MESSAGE][PASSED] - User input zack@gmail.com and aaaaaaa

2022-11-05 19:37:37 - [TEST_STEP][PASSED] - User click login button: User click login button

2022-11-05 19:37:37 - [MESSAGE][PASSED] - Object: 'Object Repository/Login/Page_frontend-web/span_Login2' is clicked on

2022-11-05 19:37:37 - [MESSAGE][WARNING] - Timeout '0' is invalid. Using default page load timeout: '30'

2022-11-05 19:37:40 - [MESSAGE][PASSED] - Object 'Object Repository/Login/Page_frontend-web/div_AltaShop_v-select__selections' is present

2022-11-05 19:37:40 - [MESSAGE][PASSED] - User click login button

2022-11-05 19:37:40 - [TEST_STEP][PASSED] - Error message showed: Error message showed

2022-11-05 19:37:40 - [MESSAGE][PASSED] - Object 'Object Repository/Login/Page_frontend-web/Login verify' is visible

2022-11-05 19:37:41 - [MESSAGE][PASSED] - Browser is closed

2022-11-05 19:37:41 - [MESSAGE][PASSED] - Error message showed

2022-11-05 19:37:41 - [TEST_CASE][PASSED] - Start Test Case : SCENARIO Login with false data: SCENARIO Login with false data

2022-11-05 19:37:41 - [TEST_STEP][PASSED] - Navigate to altashop homepage: Navigate to altashop homepage

2022-11-05 19:37:41 - [MESSAGE][INFO] - Starting 'Chrome' driver

2022-11-05 19:37:41 - [MESSAGE][INFO] - Action delay is set to 0 milliseconds

2022-11-05 19:37:42 - [MESSAGE][PASSED] - Browser is opened with url: ''

2022-11-05 19:37:45 - [MESSAGE][PASSED] - Navigate to 'https://alta-shop.vercel.app/' successfully

2022-11-05 19:37:45 - [MESSAGE][PASSED] - Navigate to altashop homepage

2022-11-05 19:37:45 - [TEST_STEP][PASSED] - User navigate to login page: User navigate to login page

2022-11-05 19:37:51 - [MESSAGE][PASSED] - Object: 'Object Repository/Login/Page_frontend-web/i_AltaShop_v-icon notranslate fas fa-sign-i_3d16a9' is clicked on

2022-11-05 19:37:51 - [MESSAGE][PASSED] - User navigate to login page

2022-11-05 19:37:51 - [TEST_STEP][PASSED] - User input aaaa@gmail.com and zack123: User input aaaa@gmail.com and zack123

2022-11-05 19:37:52 - [MESSAGE][PASSED] - Text 'aaaa@gmail.com' is set on object 'Object Repository/Login/Page_frontend-web/input_Email_input-602'

2022-11-05 19:37:53 - [MESSAGE][PASSED] - Text 'zack123' is set on object 'Object Repository/Login/Page_frontend-web/input_Password_input-605'

2022-11-05 19:37:53 - [MESSAGE][PASSED] - User input aaaa@gmail.com and zack123

2022-11-05 19:37:53 - [TEST_STEP][PASSED] - User click login button: User click login button

2022-11-05 19:37:53 - [MESSAGE][PASSED] - Object: 'Object Repository/Login/Page_frontend-web/span_Login2' is clicked on

2022-11-05 19:37:53 - [MESSAGE][WARNING] - Timeout '0' is invalid. Using default page load timeout: '30'

2022-11-05 19:37:55 - [MESSAGE][PASSED] - Object 'Object Repository/Login/Page_frontend-web/div_AltaShop_v-select__selections' is present

2022-11-05 19:37:55 - [MESSAGE][PASSED] - User click login button

2022-11-05 19:37:55 - [TEST_STEP][PASSED] - Error message showed: Error message showed

2022-11-05 19:37:55 - [MESSAGE][PASSED] - Object 'Object Repository/Login/Page_frontend-web/Login verify' is visible

2022-11-05 19:37:56 - [MESSAGE][PASSED] - Browser is closed

2022-11-05 19:37:56 - [MESSAGE][PASSED] - Error message showed

2022-11-05 19:37:56 - [TEST_CASE][PASSED] - Start Test Case : SCENARIO Login with false data: SCENARIO Login with false data

2022-11-05 19:37:56 - [TEST_STEP][PASSED] - Navigate to altashop homepage: Navigate to altashop homepage

2022-11-05 19:37:56 - [MESSAGE][INFO] - Starting 'Chrome' driver

2022-11-05 19:37:56 - [MESSAGE][INFO] - Action delay is set to 0 milliseconds

2022-11-05 19:37:58 - [MESSAGE][PASSED] - Browser is opened with url: ''

2022-11-05 19:38:00 - [MESSAGE][PASSED] - Navigate to 'https://alta-shop.vercel.app/' successfully

2022-11-05 19:38:00 - [MESSAGE][PASSED] - Navigate to altashop homepage

2022-11-05 19:38:00 - [TEST_STEP][PASSED] - User navigate to login page: User navigate to login page

2022-11-05 19:38:05 - [MESSAGE][PASSED] - Object: 'Object Repository/Login/Page_frontend-web/i_AltaShop_v-icon notranslate fas fa-sign-i_3d16a9' is clicked on

2022-11-05 19:38:05 - [MESSAGE][PASSED] - User navigate to login page

2022-11-05 19:38:05 - [TEST_STEP][PASSED] - User input zack123 and zack@gmail.com: User input zack123 and zack@gmail.com

2022-11-05 19:38:06 - [MESSAGE][PASSED] - Text 'zack123' is set on object 'Object Repository/Login/Page_frontend-web/input_Email_input-602'

2022-11-05 19:38:07 - [MESSAGE][PASSED] - Text 'zack@gmail.com' is set on object 'Object Repository/Login/Page_frontend-web/input_Password_input-605'

2022-11-05 19:38:07 - [MESSAGE][PASSED] - User input zack123 and zack@gmail.com

2022-11-05 19:38:07 - [TEST_STEP][PASSED] - User click login button: User click login button

2022-11-05 19:38:07 - [MESSAGE][PASSED] - Object: 'Object Repository/Login/Page_frontend-web/span_Login2' is clicked on

2022-11-05 19:38:08 - [MESSAGE][WARNING] - Timeout '0' is invalid. Using default page load timeout: '30'

2022-11-05 19:38:09 - [MESSAGE][PASSED] - Object 'Object Repository/Login/Page_frontend-web/div_AltaShop_v-select__selections' is present

2022-11-05 19:38:09 - [MESSAGE][PASSED] - User click login button

2022-11-05 19:38:09 - [TEST_STEP][PASSED] - Error message showed: Error message showed

2022-11-05 19:38:09 - [MESSAGE][PASSED] - Object 'Object Repository/Login/Page_frontend-web/Login verify' is visible

2022-11-05 19:38:10 - [MESSAGE][PASSED] - Browser is closed

2022-11-05 19:38:10 - [MESSAGE][PASSED] - Error message showed

2022-11-05 19:38:10 - [TEST_CASE][PASSED] - Start Test Case : SCENARIO Login with false data: SCENARIO Login with false data

2022-11-05 19:38:10 - [TEST_STEP][PASSED] - Navigate to altashop homepage: Navigate to altashop homepage

2022-11-05 19:38:10 - [MESSAGE][INFO] - Starting 'Chrome' driver

2022-11-05 19:38:10 - [MESSAGE][INFO] - Action delay is set to 0 milliseconds

2022-11-05 19:38:11 - [MESSAGE][PASSED] - Browser is opened with url: ''

2022-11-05 19:38:14 - [MESSAGE][PASSED] - Navigate to 'https://alta-shop.vercel.app/' successfully

2022-11-05 19:38:14 - [MESSAGE][PASSED] - Navigate to altashop homepage

2022-11-05 19:38:14 - [TEST_STEP][PASSED] - User navigate to login page: User navigate to login page

2022-11-05 19:38:20 - [MESSAGE][PASSED] - Object: 'Object Repository/Login/Page_frontend-web/i_AltaShop_v-icon notranslate fas fa-sign-i_3d16a9' is clicked on

2022-11-05 19:38:20 - [MESSAGE][PASSED] - User navigate to login page

2022-11-05 19:38:20 - [TEST_STEP][PASSED] - User input aaaaaaa and aaaaaaa: User input aaaaaaa and aaaaaaa

2022-11-05 19:38:21 - [MESSAGE][PASSED] - Text 'aaaaaaa' is set on object 'Object Repository/Login/Page_frontend-web/input_Email_input-602'

2022-11-05 19:38:22 - [MESSAGE][PASSED] - Text 'aaaaaaa' is set on object 'Object Repository/Login/Page_frontend-web/input_Password_input-605'

2022-11-05 19:38:22 - [MESSAGE][PASSED] - User input aaaaaaa and aaaaaaa

2022-11-05 19:38:22 - [TEST_STEP][PASSED] - User click login button: User click login button

2022-11-05 19:38:23 - [MESSAGE][PASSED] - Object: 'Object Repository/Login/Page_frontend-web/span_Login2' is clicked on

2022-11-05 19:38:23 - [MESSAGE][WARNING] - Timeout '0' is invalid. Using default page load timeout: '30'

2022-11-05 19:38:24 - [MESSAGE][PASSED] - Object 'Object Repository/Login/Page_frontend-web/div_AltaShop_v-select__selections' is present

2022-11-05 19:38:24 - [MESSAGE][PASSED] - User click login button

2022-11-05 19:38:24 - [TEST_STEP][PASSED] - Error message showed: Error message showed

2022-11-05 19:38:25 - [MESSAGE][PASSED] - Object 'Object Repository/Login/Page_frontend-web/Login verify' is visible

2022-11-05 19:38:25 - [MESSAGE][PASSED] - Browser is closed

2022-11-05 19:38:25 - [MESSAGE][PASSED] - Error message showed

2022-11-05 19:38:26 - [TEST_CASE][PASSED] - Start Test Case : SCENARIO Login with false data: SCENARIO Login with false data

2022-11-05 19:38:26 - [TEST_STEP][PASSED] - Navigate to altashop homepage: Navigate to altashop homepage

2022-11-05 19:38:26 - [MESSAGE][INFO] - Starting 'Chrome' driver

2022-11-05 19:38:26 - [MESSAGE][INFO] - Action delay is set to 0 milliseconds

2022-11-05 19:38:28 - [MESSAGE][PASSED] - Browser is opened with url: ''

2022-11-05 19:38:32 - [MESSAGE][PASSED] - Navigate to 'https://alta-shop.vercel.app/' successfully

2022-11-05 19:38:32 - [MESSAGE][PASSED] - Navigate to altashop homepage

2022-11-05 19:38:32 - [TEST_STEP][PASSED] - User navigate to login page: User navigate to login page

2022-11-05 19:38:37 - [MESSAGE][PASSED] - Object: 'Object Repository/Login/Page_frontend-web/i_AltaShop_v-icon notranslate fas fa-sign-i_3d16a9' is clicked on

2022-11-05 19:38:37 - [MESSAGE][PASSED] - User navigate to login page

2022-11-05 19:38:37 - [TEST_STEP][PASSED] - User input  and zack123: User input  and zack123

2022-11-05 19:38:38 - [MESSAGE][PASSED] - Text '' is set on object 'Object Repository/Login/Page_frontend-web/input_Email_input-602'

2022-11-05 19:38:39 - [MESSAGE][PASSED] - Text 'zack123' is set on object 'Object Repository/Login/Page_frontend-web/input_Password_input-605'

2022-11-05 19:38:39 - [MESSAGE][PASSED] - User input  and zack123

2022-11-05 19:38:39 - [TEST_STEP][PASSED] - User click login button: User click login button

2022-11-05 19:38:39 - [MESSAGE][PASSED] - Object: 'Object Repository/Login/Page_frontend-web/span_Login2' is clicked on

2022-11-05 19:38:39 - [MESSAGE][WARNING] - Timeout '0' is invalid. Using default page load timeout: '30'

2022-11-05 19:38:40 - [MESSAGE][PASSED] - Object 'Object Repository/Login/Page_frontend-web/div_AltaShop_v-select__selections' is present

2022-11-05 19:38:40 - [MESSAGE][PASSED] - User click login button

2022-11-05 19:38:40 - [TEST_STEP][PASSED] - Error message showed: Error message showed

2022-11-05 19:38:41 - [MESSAGE][PASSED] - Object 'Object Repository/Login/Page_frontend-web/Login verify' is visible

2022-11-05 19:38:42 - [MESSAGE][PASSED] - Browser is closed

2022-11-05 19:38:42 - [MESSAGE][PASSED] - Error message showed

2022-11-05 19:38:42 - [TEST_CASE][PASSED] - Start Test Case : SCENARIO Login with false data: SCENARIO Login with false data

2022-11-05 19:38:42 - [TEST_STEP][PASSED] - Navigate to altashop homepage: Navigate to altashop homepage

2022-11-05 19:38:42 - [MESSAGE][INFO] - Starting 'Chrome' driver

2022-11-05 19:38:42 - [MESSAGE][INFO] - Action delay is set to 0 milliseconds

2022-11-05 19:38:44 - [MESSAGE][PASSED] - Browser is opened with url: ''

2022-11-05 19:38:46 - [MESSAGE][PASSED] - Navigate to 'https://alta-shop.vercel.app/' successfully

2022-11-05 19:38:46 - [MESSAGE][PASSED] - Navigate to altashop homepage

2022-11-05 19:38:46 - [TEST_STEP][PASSED] - User navigate to login page: User navigate to login page

2022-11-05 19:38:51 - [MESSAGE][PASSED] - Object: 'Object Repository/Login/Page_frontend-web/i_AltaShop_v-icon notranslate fas fa-sign-i_3d16a9' is clicked on

2022-11-05 19:38:51 - [MESSAGE][PASSED] - User navigate to login page

2022-11-05 19:38:51 - [TEST_STEP][PASSED] - User input zack@gmail.com and : User input zack@gmail.com and 

2022-11-05 19:38:52 - [MESSAGE][PASSED] - Text 'zack@gmail.com' is set on object 'Object Repository/Login/Page_frontend-web/input_Email_input-602'

2022-11-05 19:38:53 - [MESSAGE][PASSED] - Text '' is set on object 'Object Repository/Login/Page_frontend-web/input_Password_input-605'

2022-11-05 19:38:53 - [MESSAGE][PASSED] - User input zack@gmail.com and 

2022-11-05 19:38:53 - [TEST_STEP][PASSED] - User click login button: User click login button

2022-11-05 19:38:53 - [MESSAGE][PASSED] - Object: 'Object Repository/Login/Page_frontend-web/span_Login2' is clicked on

2022-11-05 19:38:54 - [MESSAGE][WARNING] - Timeout '0' is invalid. Using default page load timeout: '30'

2022-11-05 19:38:55 - [MESSAGE][PASSED] - Object 'Object Repository/Login/Page_frontend-web/div_AltaShop_v-select__selections' is present

2022-11-05 19:38:55 - [MESSAGE][PASSED] - User click login button

2022-11-05 19:38:55 - [TEST_STEP][PASSED] - Error message showed: Error message showed

2022-11-05 19:38:55 - [MESSAGE][PASSED] - Object 'Object Repository/Login/Page_frontend-web/Login verify' is visible

2022-11-05 19:38:56 - [MESSAGE][PASSED] - Browser is closed

2022-11-05 19:38:56 - [MESSAGE][PASSED] - Error message showed

2022-11-05 19:38:56 - [TEST_CASE][PASSED] - Start Test Case : SCENARIO Login with false data: SCENARIO Login with false data

2022-11-05 19:38:56 - [TEST_STEP][PASSED] - Navigate to altashop homepage: Navigate to altashop homepage

2022-11-05 19:38:56 - [MESSAGE][INFO] - Starting 'Chrome' driver

2022-11-05 19:38:56 - [MESSAGE][INFO] - Action delay is set to 0 milliseconds

2022-11-05 19:38:57 - [MESSAGE][PASSED] - Browser is opened with url: ''

2022-11-05 19:39:00 - [MESSAGE][PASSED] - Navigate to 'https://alta-shop.vercel.app/' successfully

2022-11-05 19:39:00 - [MESSAGE][PASSED] - Navigate to altashop homepage

2022-11-05 19:39:00 - [TEST_STEP][PASSED] - User navigate to login page: User navigate to login page

2022-11-05 19:39:08 - [MESSAGE][PASSED] - Object: 'Object Repository/Login/Page_frontend-web/i_AltaShop_v-icon notranslate fas fa-sign-i_3d16a9' is clicked on

2022-11-05 19:39:08 - [MESSAGE][PASSED] - User navigate to login page

2022-11-05 19:39:08 - [TEST_STEP][PASSED] - User input  and : User input  and 

2022-11-05 19:39:09 - [MESSAGE][PASSED] - Text '' is set on object 'Object Repository/Login/Page_frontend-web/input_Email_input-602'

2022-11-05 19:39:10 - [MESSAGE][PASSED] - Text '' is set on object 'Object Repository/Login/Page_frontend-web/input_Password_input-605'

2022-11-05 19:39:10 - [MESSAGE][PASSED] - User input  and 

2022-11-05 19:39:10 - [TEST_STEP][PASSED] - User click login button: User click login button

2022-11-05 19:39:10 - [MESSAGE][PASSED] - Object: 'Object Repository/Login/Page_frontend-web/span_Login2' is clicked on

2022-11-05 19:39:11 - [MESSAGE][WARNING] - Timeout '0' is invalid. Using default page load timeout: '30'

2022-11-05 19:39:12 - [MESSAGE][PASSED] - Object 'Object Repository/Login/Page_frontend-web/div_AltaShop_v-select__selections' is present

2022-11-05 19:39:12 - [MESSAGE][PASSED] - User click login button

2022-11-05 19:39:12 - [TEST_STEP][PASSED] - Error message showed: Error message showed

2022-11-05 19:39:12 - [MESSAGE][PASSED] - Object 'Object Repository/Login/Page_frontend-web/Login verify' is visible

2022-11-05 19:39:13 - [MESSAGE][PASSED] - Browser is closed

2022-11-05 19:39:13 - [MESSAGE][PASSED] - Error message showed

2022-11-05 19:39:13 - [MESSAGE][PASSED] - Feature file: 'Include/features/Positive/login.feature' was passed

2022-11-05 19:39:13 - [TEST_STEP][PASSED] - runFeatureFile("Include/features/Positive/register.feature"): Feature file: 'Include/features/Positive/register.feature' was passed

2022-11-05 19:39:13 - [MESSAGE][INFO] - Starting run keyword runFeatureFile: 'Include/features/Positive/register.feature' and extract report to folder: 'C:\Users\Athif\git\MiniprojectWeb\Reports\20221105_193651\ATC_Test Suite\20221105_193651/cucumber_report/1667651953483'...

2022-11-05 19:39:13 - [TEST_CASE][PASSED] - Start Test Case : SCENARIO Register: SCENARIO Register

2022-11-05 19:39:13 - [TEST_STEP][PASSED] - Navigate to altashop homepage: Navigate to altashop homepage

2022-11-05 19:39:13 - [MESSAGE][INFO] - Starting 'Chrome' driver

2022-11-05 19:39:13 - [MESSAGE][INFO] - Action delay is set to 0 milliseconds

2022-11-05 19:39:15 - [MESSAGE][PASSED] - Browser is opened with url: ''

2022-11-05 19:39:17 - [MESSAGE][PASSED] - Navigate to 'https://alta-shop.vercel.app/' successfully

2022-11-05 19:39:17 - [MESSAGE][PASSED] - Navigate to altashop homepage

2022-11-05 19:39:17 - [TEST_STEP][PASSED] - User navigate to login page: User navigate to login page

2022-11-05 19:39:22 - [MESSAGE][PASSED] - Object: 'Object Repository/Login/Page_frontend-web/i_AltaShop_v-icon notranslate fas fa-sign-i_3d16a9' is clicked on

2022-11-05 19:39:22 - [MESSAGE][PASSED] - User navigate to login page

2022-11-05 19:39:22 - [TEST_STEP][PASSED] - User open register form: User open register form

2022-11-05 19:39:23 - [MESSAGE][PASSED] - Object: 'Object Repository/Register/Page_frontend-web/a_Register' is clicked on

2022-11-05 19:39:23 - [MESSAGE][PASSED] - User open register form

2022-11-05 19:39:23 - [TEST_STEP][PASSED] - Input new zackweb and zackweb12d@gmail.com and zack123: Input new zackweb and zackweb12d@gmail.com and zack123

2022-11-05 19:39:23 - [MESSAGE][PASSED] - Text 'zackweb' is set on object 'Object Repository/Register/Page_frontend-web/input_Nama Lengkap_input-613'

2022-11-05 19:39:24 - [MESSAGE][PASSED] - Text 'zackweb12d@gmail.com' is set on object 'Object Repository/Register/Page_frontend-web/input_Email_input-616'

2022-11-05 19:39:25 - [MESSAGE][PASSED] - Text 'zack123' is set on object 'Object Repository/Register/Page_frontend-web/input_Password_input-619'

2022-11-05 19:39:25 - [MESSAGE][PASSED] - Input new zackweb and zackweb12d@gmail.com and zack123

2022-11-05 19:39:25 - [TEST_STEP][PASSED] - Click register button: Click register button

2022-11-05 19:39:26 - [MESSAGE][PASSED] - Object: 'Object Repository/Register/Page_frontend-web/Regis_but' is clicked on

2022-11-05 19:39:26 - [MESSAGE][WARNING] - Timeout '0' is invalid. Using default page load timeout: '30'

2022-11-05 19:39:27 - [MESSAGE][PASSED] - Object 'Object Repository/Register/Page_frontend-web/div_Login' is present

2022-11-05 19:39:27 - [MESSAGE][PASSED] - Browser is closed

2022-11-05 19:39:27 - [MESSAGE][PASSED] - Click register button

2022-11-05 19:39:28 - [TEST_CASE][PASSED] - Start Test Case : SCENARIO Register with empty data: SCENARIO Register with empty data

2022-11-05 19:39:28 - [TEST_STEP][PASSED] - Navigate to altashop homepage: Navigate to altashop homepage

2022-11-05 19:39:28 - [MESSAGE][INFO] - Starting 'Chrome' driver

2022-11-05 19:39:28 - [MESSAGE][INFO] - Action delay is set to 0 milliseconds

2022-11-05 19:39:29 - [MESSAGE][PASSED] - Browser is opened with url: ''

2022-11-05 19:39:31 - [MESSAGE][PASSED] - Navigate to 'https://alta-shop.vercel.app/' successfully

2022-11-05 19:39:31 - [MESSAGE][PASSED] - Navigate to altashop homepage

2022-11-05 19:39:31 - [TEST_STEP][PASSED] - User navigate to login page: User navigate to login page

2022-11-05 19:39:36 - [MESSAGE][PASSED] - Object: 'Object Repository/Login/Page_frontend-web/i_AltaShop_v-icon notranslate fas fa-sign-i_3d16a9' is clicked on

2022-11-05 19:39:36 - [MESSAGE][PASSED] - User navigate to login page

2022-11-05 19:39:36 - [TEST_STEP][PASSED] - User open register form: User open register form

2022-11-05 19:39:37 - [MESSAGE][PASSED] - Object: 'Object Repository/Register/Page_frontend-web/a_Register' is clicked on

2022-11-05 19:39:37 - [MESSAGE][PASSED] - User open register form

2022-11-05 19:39:37 - [TEST_STEP][PASSED] - Input new  and zackweb@gmail.com and zack123: Input new  and zackweb@gmail.com and zack123

2022-11-05 19:39:37 - [MESSAGE][PASSED] - Text '' is set on object 'Object Repository/Register/Page_frontend-web/input_Nama Lengkap_input-613'

2022-11-05 19:39:38 - [MESSAGE][PASSED] - Text 'zackweb@gmail.com' is set on object 'Object Repository/Register/Page_frontend-web/input_Email_input-616'

2022-11-05 19:39:39 - [MESSAGE][PASSED] - Text 'zack123' is set on object 'Object Repository/Register/Page_frontend-web/input_Password_input-619'

2022-11-05 19:39:39 - [MESSAGE][PASSED] - Input new  and zackweb@gmail.com and zack123

2022-11-05 19:39:39 - [TEST_STEP][PASSED] - User click register button: User click register button

2022-11-05 19:39:39 - [MESSAGE][PASSED] - Object: 'Object Repository/Register/Page_frontend-web/Regis_but' is clicked on

2022-11-05 19:39:39 - [MESSAGE][PASSED] - User click register button

2022-11-05 19:39:39 - [TEST_STEP][PASSED] - Error register message showed: Error register message showed

2022-11-05 19:39:40 - [MESSAGE][PASSED] - Browser is closed

2022-11-05 19:39:40 - [MESSAGE][PASSED] - Error register message showed

2022-11-05 19:39:40 - [TEST_CASE][PASSED] - Start Test Case : SCENARIO Register with empty data: SCENARIO Register with empty data

2022-11-05 19:39:40 - [TEST_STEP][PASSED] - Navigate to altashop homepage: Navigate to altashop homepage

2022-11-05 19:39:40 - [MESSAGE][INFO] - Starting 'Chrome' driver

2022-11-05 19:39:40 - [MESSAGE][INFO] - Action delay is set to 0 milliseconds

2022-11-05 19:39:42 - [MESSAGE][PASSED] - Browser is opened with url: ''

2022-11-05 19:39:44 - [MESSAGE][PASSED] - Navigate to 'https://alta-shop.vercel.app/' successfully

2022-11-05 19:39:44 - [MESSAGE][PASSED] - Navigate to altashop homepage

2022-11-05 19:39:44 - [TEST_STEP][PASSED] - User navigate to login page: User navigate to login page

2022-11-05 19:39:49 - [MESSAGE][PASSED] - Object: 'Object Repository/Login/Page_frontend-web/i_AltaShop_v-icon notranslate fas fa-sign-i_3d16a9' is clicked on

2022-11-05 19:39:49 - [MESSAGE][PASSED] - User navigate to login page

2022-11-05 19:39:49 - [TEST_STEP][PASSED] - User open register form: User open register form

2022-11-05 19:39:49 - [MESSAGE][PASSED] - Object: 'Object Repository/Register/Page_frontend-web/a_Register' is clicked on

2022-11-05 19:39:49 - [MESSAGE][PASSED] - User open register form

2022-11-05 19:39:49 - [TEST_STEP][PASSED] - Input new zack and  and zack123: Input new zack and  and zack123

2022-11-05 19:39:50 - [MESSAGE][PASSED] - Text 'zack' is set on object 'Object Repository/Register/Page_frontend-web/input_Nama Lengkap_input-613'

2022-11-05 19:39:51 - [MESSAGE][PASSED] - Text '' is set on object 'Object Repository/Register/Page_frontend-web/input_Email_input-616'

2022-11-05 19:39:52 - [MESSAGE][PASSED] - Text 'zack123' is set on object 'Object Repository/Register/Page_frontend-web/input_Password_input-619'

2022-11-05 19:39:52 - [MESSAGE][PASSED] - Input new zack and  and zack123

2022-11-05 19:39:52 - [TEST_STEP][PASSED] - User click register button: User click register button

2022-11-05 19:39:52 - [MESSAGE][PASSED] - Object: 'Object Repository/Register/Page_frontend-web/Regis_but' is clicked on

2022-11-05 19:39:52 - [MESSAGE][PASSED] - User click register button

2022-11-05 19:39:52 - [TEST_STEP][PASSED] - Error register message showed: Error register message showed

2022-11-05 19:39:53 - [MESSAGE][PASSED] - Browser is closed

2022-11-05 19:39:53 - [MESSAGE][PASSED] - Error register message showed

2022-11-05 19:39:53 - [TEST_CASE][PASSED] - Start Test Case : SCENARIO Register with empty data: SCENARIO Register with empty data

2022-11-05 19:39:53 - [TEST_STEP][PASSED] - Navigate to altashop homepage: Navigate to altashop homepage

2022-11-05 19:39:53 - [MESSAGE][INFO] - Starting 'Chrome' driver

2022-11-05 19:39:53 - [MESSAGE][INFO] - Action delay is set to 0 milliseconds

2022-11-05 19:39:54 - [MESSAGE][PASSED] - Browser is opened with url: ''

2022-11-05 19:39:57 - [MESSAGE][PASSED] - Navigate to 'https://alta-shop.vercel.app/' successfully

2022-11-05 19:39:57 - [MESSAGE][PASSED] - Navigate to altashop homepage

2022-11-05 19:39:57 - [TEST_STEP][PASSED] - User navigate to login page: User navigate to login page

2022-11-05 19:40:01 - [MESSAGE][PASSED] - Object: 'Object Repository/Login/Page_frontend-web/i_AltaShop_v-icon notranslate fas fa-sign-i_3d16a9' is clicked on

2022-11-05 19:40:01 - [MESSAGE][PASSED] - User navigate to login page

2022-11-05 19:40:01 - [TEST_STEP][PASSED] - User open register form: User open register form

2022-11-05 19:40:02 - [MESSAGE][PASSED] - Object: 'Object Repository/Register/Page_frontend-web/a_Register' is clicked on

2022-11-05 19:40:02 - [MESSAGE][PASSED] - User open register form

2022-11-05 19:40:02 - [TEST_STEP][PASSED] - Input new zack and zackweb@gmail.com and : Input new zack and zackweb@gmail.com and 

2022-11-05 19:40:03 - [MESSAGE][PASSED] - Text 'zack' is set on object 'Object Repository/Register/Page_frontend-web/input_Nama Lengkap_input-613'

2022-11-05 19:40:04 - [MESSAGE][PASSED] - Text 'zackweb@gmail.com' is set on object 'Object Repository/Register/Page_frontend-web/input_Email_input-616'

2022-11-05 19:40:05 - [MESSAGE][PASSED] - Text '' is set on object 'Object Repository/Register/Page_frontend-web/input_Password_input-619'

2022-11-05 19:40:05 - [MESSAGE][PASSED] - Input new zack and zackweb@gmail.com and 

2022-11-05 19:40:05 - [TEST_STEP][PASSED] - User click register button: User click register button

2022-11-05 19:40:05 - [MESSAGE][PASSED] - Object: 'Object Repository/Register/Page_frontend-web/Regis_but' is clicked on

2022-11-05 19:40:05 - [MESSAGE][PASSED] - User click register button

2022-11-05 19:40:05 - [TEST_STEP][PASSED] - Error register message showed: Error register message showed

2022-11-05 19:40:06 - [MESSAGE][PASSED] - Browser is closed

2022-11-05 19:40:06 - [MESSAGE][PASSED] - Error register message showed

2022-11-05 19:40:06 - [MESSAGE][PASSED] - Feature file: 'Include/features/Positive/register.feature' was passed

2022-11-05 19:40:06 - [TEST_STEP][PASSED] - runFeatureFile("Include/features/Positive/logout.feature"): Feature file: 'Include/features/Positive/logout.feature' was passed

2022-11-05 19:40:06 - [MESSAGE][INFO] - Starting run keyword runFeatureFile: 'Include/features/Positive/logout.feature' and extract report to folder: 'C:\Users\Athif\git\MiniprojectWeb\Reports\20221105_193651\ATC_Test Suite\20221105_193651/cucumber_report/1667652006287'...

2022-11-05 19:40:06 - [TEST_CASE][PASSED] - Start Test Case : SCENARIO Logout: SCENARIO Logout

2022-11-05 19:40:06 - [TEST_STEP][PASSED] - Navigate to altashop homepage and User already logged in: Navigate to altashop homepage and User already logged in

2022-11-05 19:40:06 - [MESSAGE][INFO] - Starting 'Chrome' driver

2022-11-05 19:40:06 - [MESSAGE][INFO] - Action delay is set to 0 milliseconds

2022-11-05 19:40:08 - [MESSAGE][PASSED] - Browser is opened with url: ''

2022-11-05 19:40:11 - [MESSAGE][PASSED] - Navigate to 'https://alta-shop.vercel.app/' successfully

2022-11-05 19:40:15 - [MESSAGE][PASSED] - Object: 'Object Repository/Product/Page_frontend-web/i_AltaShop_v-icon notranslate fas fa-sign-i_3d16a9' is clicked on

2022-11-05 19:40:16 - [MESSAGE][PASSED] - Text 'zack@gmail.com' is set on object 'Object Repository/Login/Page_frontend-web/input_Email_input-602'

2022-11-05 19:40:17 - [MESSAGE][PASSED] - Text 'zack123' is set on object 'Object Repository/Login/Page_frontend-web/input_Password_input-605'

2022-11-05 19:40:18 - [MESSAGE][PASSED] - Object: 'Object Repository/Product/Page_frontend-web/span_Login' is clicked on

2022-11-05 19:40:18 - [MESSAGE][WARNING] - Timeout '0' is invalid. Using default page load timeout: '30'

2022-11-05 19:40:22 - [MESSAGE][PASSED] - Object 'Object Repository/Logout/Page_frontend-web/div_AltaShop_v-select__selections' is present

2022-11-05 19:40:22 - [MESSAGE][PASSED] - Navigate to altashop homepage and User already logged in

2022-11-05 19:40:22 - [TEST_STEP][PASSED] - User click profile icon at navbar: User click profile icon at navbar

2022-11-05 19:40:23 - [MESSAGE][PASSED] - Object: 'Object Repository/Logout/Page_frontend-web/i_AltaShop_v-icon notranslate fas fa-user t_f0827e' is clicked on

2022-11-05 19:40:23 - [MESSAGE][PASSED] - User click profile icon at navbar

2022-11-05 19:40:23 - [TEST_STEP][PASSED] - User click logout option: User click logout option

2022-11-05 19:40:23 - [MESSAGE][PASSED] - Object: 'Object Repository/Logout/Page_frontend-web/i_Transaksi_v-icon notranslate fas fa-sign-in theme--light' is clicked on

2022-11-05 19:40:23 - [MESSAGE][PASSED] - User click logout option

2022-11-05 19:40:23 - [TEST_STEP][PASSED] - User navigate to homepage: User navigate to homepage

2022-11-05 19:40:23 - [MESSAGE][WARNING] - Timeout '0' is invalid. Using default page load timeout: '30'

2022-11-05 19:40:24 - [MESSAGE][PASSED] - Object 'Object Repository/Logout/Page_frontend-web/div_Login' is present

2022-11-05 19:40:24 - [MESSAGE][PASSED] - Browser is closed

2022-11-05 19:40:24 - [MESSAGE][PASSED] - User navigate to homepage

2022-11-05 19:40:24 - [MESSAGE][PASSED] - Feature file: 'Include/features/Positive/logout.feature' was passed

2022-11-05 19:40:24 - [TEST_STEP][PASSED] - runFeatureFile("Include/features/Positive/categories.feature"): Feature file: 'Include/features/Positive/categories.feature' was passed

2022-11-05 19:40:24 - [MESSAGE][INFO] - Starting run keyword runFeatureFile: 'Include/features/Positive/categories.feature' and extract report to folder: 'C:\Users\Athif\git\MiniprojectWeb\Reports\20221105_193651\ATC_Test Suite\20221105_193651/cucumber_report/1667652024782'...

2022-11-05 19:40:25 - [TEST_CASE][PASSED] - Start Test Case : SCENARIO Select Categories: SCENARIO Select Categories

2022-11-05 19:40:25 - [TEST_STEP][PASSED] - Navigate to altashop homepage: Navigate to altashop homepage

2022-11-05 19:40:25 - [MESSAGE][INFO] - Starting 'Chrome' driver

2022-11-05 19:40:25 - [MESSAGE][INFO] - Action delay is set to 0 milliseconds

2022-11-05 19:40:26 - [MESSAGE][PASSED] - Browser is opened with url: ''

2022-11-05 19:40:29 - [MESSAGE][PASSED] - Navigate to 'https://alta-shop.vercel.app/' successfully

2022-11-05 19:40:29 - [MESSAGE][PASSED] - Navigate to altashop homepage

2022-11-05 19:40:29 - [TEST_STEP][PASSED] - User select categories dropdown: User select categories dropdown

2022-11-05 19:40:33 - [MESSAGE][PASSED] - Object: 'Object Repository/Categories/Page_frontend-web/div_AltaShop_v-select__selections' is clicked on

2022-11-05 19:40:33 - [MESSAGE][PASSED] - User select categories dropdown

2022-11-05 19:40:33 - [TEST_STEP][PASSED] - User choice categories: User choice categories

2022-11-05 19:40:34 - [MESSAGE][PASSED] - Object: 'Object Repository/Categories/Page_frontend-web/div_Dolanan' is clicked on

2022-11-05 19:40:34 - [MESSAGE][PASSED] - User choice categories

2022-11-05 19:40:34 - [TEST_STEP][PASSED] - Product with selected Categories showed: Product with selected Categories showed

2022-11-05 19:40:34 - [MESSAGE][WARNING] - Timeout '0' is invalid. Using default page load timeout: '30'

2022-11-05 19:40:35 - [MESSAGE][PASSED] - Object 'Object Repository/Categories/Page_frontend-web/button_Dolanan_v-icon notranslate v-icon--l_dd68f6' is present

2022-11-05 19:40:36 - [MESSAGE][PASSED] - Browser is closed

2022-11-05 19:40:36 - [MESSAGE][PASSED] - Product with selected Categories showed

2022-11-05 19:40:36 - [TEST_CASE][PASSED] - Start Test Case : SCENARIO Clearing Categories: SCENARIO Clearing Categories

2022-11-05 19:40:36 - [TEST_STEP][PASSED] - Navigate to altashop homepage: Navigate to altashop homepage

2022-11-05 19:40:36 - [MESSAGE][INFO] - Starting 'Chrome' driver

2022-11-05 19:40:36 - [MESSAGE][INFO] - Action delay is set to 0 milliseconds

2022-11-05 19:40:37 - [MESSAGE][PASSED] - Browser is opened with url: ''

2022-11-05 19:40:40 - [MESSAGE][PASSED] - Navigate to 'https://alta-shop.vercel.app/' successfully

2022-11-05 19:40:40 - [MESSAGE][PASSED] - Navigate to altashop homepage

2022-11-05 19:40:40 - [TEST_STEP][PASSED] - User already select categories: User already select categories

2022-11-05 19:40:45 - [MESSAGE][PASSED] - Object: 'Object Repository/Categories/Page_frontend-web/div_AltaShop_v-select__selections' is clicked on

2022-11-05 19:40:45 - [MESSAGE][PASSED] - Object: 'Object Repository/Categories/Page_frontend-web/div_Dolanan' is clicked on

2022-11-05 19:40:45 - [MESSAGE][PASSED] - User already select categories

2022-11-05 19:40:45 - [TEST_STEP][PASSED] - User click clear categories button: User click clear categories button

2022-11-05 19:40:47 - [MESSAGE][PASSED] - Object: 'Object Repository/Categories/Page_frontend-web/button_Dolanan_v-icon notranslate v-icon--l_dd68f6' is clicked on

2022-11-05 19:40:47 - [MESSAGE][PASSED] - User click clear categories button

2022-11-05 19:40:47 - [TEST_STEP][PASSED] - All product showed: All product showed

2022-11-05 19:40:47 - [MESSAGE][WARNING] - Timeout '0' is invalid. Using default page load timeout: '30'

2022-11-05 19:40:50 - [MESSAGE][PASSED] - Web element with id: 'Object Repository/Categories/Page_frontend-web/button_Dolanan_v-icon notranslate v-icon--l_dd68f6' located by 'By.xpath: /html/body/div/div[1]/main/div/div/div[1]/div/div[1]/div[1]/div[2]/div/button' is not present after '30' second(s)

2022-11-05 19:40:51 - [MESSAGE][PASSED] - Browser is closed

2022-11-05 19:40:51 - [MESSAGE][PASSED] - All product showed

2022-11-05 19:40:51 - [MESSAGE][PASSED] - Feature file: 'Include/features/Positive/categories.feature' was passed

2022-11-05 19:40:51 - [TEST_STEP][PASSED] - runFeatureFile("Include/features/Positive/product.feature"): Feature file: 'Include/features/Positive/product.feature' was passed

2022-11-05 19:40:51 - [MESSAGE][INFO] - Starting run keyword runFeatureFile: 'Include/features/Positive/product.feature' and extract report to folder: 'C:\Users\Athif\git\MiniprojectWeb\Reports\20221105_193651\ATC_Test Suite\20221105_193651/cucumber_report/1667652051282'...

2022-11-05 19:40:51 - [TEST_CASE][PASSED] - Start Test Case : SCENARIO Add Product to Cart: SCENARIO Add Product to Cart

2022-11-05 19:40:51 - [TEST_STEP][PASSED] - Navigate to altashop homepage: Navigate to altashop homepage

2022-11-05 19:40:51 - [MESSAGE][INFO] - Starting 'Chrome' driver

2022-11-05 19:40:51 - [MESSAGE][INFO] - Action delay is set to 0 milliseconds

2022-11-05 19:40:53 - [MESSAGE][PASSED] - Browser is opened with url: ''

2022-11-05 19:40:55 - [MESSAGE][PASSED] - Navigate to 'https://alta-shop.vercel.app/' successfully

2022-11-05 19:40:55 - [MESSAGE][PASSED] - Navigate to altashop homepage

2022-11-05 19:40:55 - [TEST_STEP][PASSED] - User select the product: User select the product

2022-11-05 19:40:55 - [MESSAGE][PASSED] - User select the product

2022-11-05 19:40:55 - [TEST_STEP][PASSED] - User click beli button: User click beli button

2022-11-05 19:41:00 - [MESSAGE][PASSED] - Object: 'Object Repository/Product/Page_frontend-web/beli_button' is clicked on

2022-11-05 19:41:00 - [MESSAGE][PASSED] - User click beli button

2022-11-05 19:41:00 - [TEST_STEP][PASSED] - Product will added to the cart: Product will added to the cart

2022-11-05 19:41:00 - [MESSAGE][PASSED] - Object: 'Object Repository/Product/Page_frontend-web/i_AltaShop_v-icon notranslate fas fa-shopping-cart theme--dark' is clicked on

2022-11-05 19:41:02 - [MESSAGE][PASSED] - Browser is closed

2022-11-05 19:41:02 - [MESSAGE][PASSED] - Product will added to the cart

2022-11-05 19:41:02 - [TEST_CASE][PASSED] - Start Test Case : SCENARIO Increasing Total Product in the Cart: SCENARIO Increasing Total Product in the Cart

2022-11-05 19:41:02 - [TEST_STEP][PASSED] - Navigate to altashop homepage: Navigate to altashop homepage

2022-11-05 19:41:02 - [MESSAGE][INFO] - Starting 'Chrome' driver

2022-11-05 19:41:02 - [MESSAGE][INFO] - Action delay is set to 0 milliseconds

2022-11-05 19:41:03 - [MESSAGE][PASSED] - Browser is opened with url: ''

2022-11-05 19:41:05 - [MESSAGE][PASSED] - Navigate to 'https://alta-shop.vercel.app/' successfully

2022-11-05 19:41:05 - [MESSAGE][PASSED] - Navigate to altashop homepage

2022-11-05 19:41:05 - [TEST_STEP][PASSED] - User already have product in the cart: User already have product in the cart

2022-11-05 19:41:10 - [MESSAGE][PASSED] - Object: 'Object Repository/Product/Page_frontend-web/beli_button' is clicked on

2022-11-05 19:41:10 - [MESSAGE][PASSED] - Object: 'Object Repository/Product/Page_frontend-web/i_AltaShop_v-icon notranslate fas fa-shoppi_c66ce9' is clicked on

2022-11-05 19:41:10 - [MESSAGE][PASSED] - User already have product in the cart

2022-11-05 19:41:10 - [TEST_STEP][PASSED] - User click plus button: User click plus button

2022-11-05 19:41:11 - [MESSAGE][PASSED] - Object: 'Object Repository/Product/Page_frontend-web/Increas_Button' is clicked on

2022-11-05 19:41:11 - [MESSAGE][PASSED] - User click plus button

2022-11-05 19:41:11 - [TEST_STEP][PASSED] - The ammount of product increased: The ammount of product increased

2022-11-05 19:41:12 - [MESSAGE][PASSED] - Browser is closed

2022-11-05 19:41:12 - [MESSAGE][PASSED] - The ammount of product increased

2022-11-05 19:41:12 - [TEST_CASE][PASSED] - Start Test Case : SCENARIO Decreasing Total Product in the Cart: SCENARIO Decreasing Total Product in the Cart

2022-11-05 19:41:12 - [TEST_STEP][PASSED] - Navigate to altashop homepage: Navigate to altashop homepage

2022-11-05 19:41:13 - [MESSAGE][INFO] - Starting 'Chrome' driver

2022-11-05 19:41:13 - [MESSAGE][INFO] - Action delay is set to 0 milliseconds

2022-11-05 19:41:14 - [MESSAGE][PASSED] - Browser is opened with url: ''

2022-11-05 19:41:17 - [MESSAGE][PASSED] - Navigate to 'https://alta-shop.vercel.app/' successfully

2022-11-05 19:41:17 - [MESSAGE][PASSED] - Navigate to altashop homepage

2022-11-05 19:41:17 - [TEST_STEP][PASSED] - User already have product in the cart: User already have product in the cart

2022-11-05 19:41:21 - [MESSAGE][PASSED] - Object: 'Object Repository/Product/Page_frontend-web/beli_button' is clicked on

2022-11-05 19:41:22 - [MESSAGE][PASSED] - Object: 'Object Repository/Product/Page_frontend-web/i_AltaShop_v-icon notranslate fas fa-shoppi_c66ce9' is clicked on

2022-11-05 19:41:22 - [MESSAGE][PASSED] - User already have product in the cart

2022-11-05 19:41:22 - [TEST_STEP][PASSED] - User click minus button: User click minus button

2022-11-05 19:41:22 - [MESSAGE][PASSED] - Object: 'Object Repository/Product/Page_frontend-web/Increas_Button' is clicked on

2022-11-05 19:41:23 - [MESSAGE][PASSED] - Object: 'Object Repository/Product/Page_frontend-web/decrease_button' is clicked on

2022-11-05 19:41:23 - [MESSAGE][PASSED] - User click minus button

2022-11-05 19:41:23 - [TEST_STEP][PASSED] - The ammount of product decreased: The ammount of product decreased

2022-11-05 19:41:24 - [MESSAGE][PASSED] - Browser is closed

2022-11-05 19:41:24 - [MESSAGE][PASSED] - The ammount of product decreased

2022-11-05 19:41:24 - [TEST_CASE][PASSED] - Start Test Case : SCENARIO Pay product from Cart: SCENARIO Pay product from Cart

2022-11-05 19:41:24 - [TEST_STEP][PASSED] - Navigate to altashop homepage: Navigate to altashop homepage

2022-11-05 19:41:24 - [MESSAGE][INFO] - Starting 'Chrome' driver

2022-11-05 19:41:24 - [MESSAGE][INFO] - Action delay is set to 0 milliseconds

2022-11-05 19:41:25 - [MESSAGE][PASSED] - Browser is opened with url: ''

2022-11-05 19:41:28 - [MESSAGE][PASSED] - Navigate to 'https://alta-shop.vercel.app/' successfully

2022-11-05 19:41:28 - [MESSAGE][PASSED] - Navigate to altashop homepage

2022-11-05 19:41:28 - [TEST_STEP][PASSED] - User already have product in the cart and User already logged in: User already have product in the cart and User already logged in

2022-11-05 19:41:32 - [MESSAGE][PASSED] - Object: 'Object Repository/Product/Page_frontend-web/i_AltaShop_v-icon notranslate fas fa-sign-i_3d16a9' is clicked on

2022-11-05 19:41:33 - [MESSAGE][PASSED] - Text 'zack@gmail.com' is set on object 'Object Repository/Login/Page_frontend-web/input_Email_input-602'

2022-11-05 19:41:34 - [MESSAGE][PASSED] - Text 'zack123' is set on object 'Object Repository/Login/Page_frontend-web/input_Password_input-605'

2022-11-05 19:41:34 - [MESSAGE][PASSED] - Object: 'Object Repository/Product/Page_frontend-web/span_Login' is clicked on

2022-11-05 19:41:42 - [MESSAGE][PASSED] - Object: 'Object Repository/Product/Page_frontend-web/beli_button' is clicked on

2022-11-05 19:41:43 - [MESSAGE][PASSED] - Object: 'Object Repository/Product/Page_frontend-web/i_AltaShop_v-icon notranslate fas fa-shoppi_c66ce9' is clicked on

2022-11-05 19:41:43 - [MESSAGE][PASSED] - User already have product in the cart and User already logged in

2022-11-05 19:41:43 - [TEST_STEP][PASSED] - User click pay button: User click pay button

2022-11-05 19:41:44 - [MESSAGE][PASSED] - Object: 'Object Repository/Product/Page_frontend-web/span_Bayar' is clicked on

2022-11-05 19:41:44 - [MESSAGE][PASSED] - User click pay button

2022-11-05 19:41:44 - [TEST_STEP][PASSED] - Product have been paid: Product have been paid

2022-11-05 19:41:44 - [MESSAGE][WARNING] - Timeout '0' is invalid. Using default page load timeout: '30'

2022-11-05 19:41:47 - [MESSAGE][PASSED] - Object 'Object Repository/Product/Page_frontend-web/h1_Transactions' is present

2022-11-05 19:41:48 - [MESSAGE][PASSED] - Browser is closed

2022-11-05 19:41:48 - [MESSAGE][PASSED] - Product have been paid

2022-11-05 19:41:48 - [TEST_CASE][PASSED] - Start Test Case : SCENARIO Pay product from Cart: SCENARIO Pay product from Cart

2022-11-05 19:41:48 - [TEST_STEP][PASSED] - Navigate to altashop homepage: Navigate to altashop homepage

2022-11-05 19:41:48 - [MESSAGE][INFO] - Starting 'Chrome' driver

2022-11-05 19:41:48 - [MESSAGE][INFO] - Action delay is set to 0 milliseconds

2022-11-05 19:41:49 - [MESSAGE][PASSED] - Browser is opened with url: ''

2022-11-05 19:41:53 - [MESSAGE][PASSED] - Navigate to 'https://alta-shop.vercel.app/' successfully

2022-11-05 19:41:53 - [MESSAGE][PASSED] - Navigate to altashop homepage

2022-11-05 19:41:53 - [TEST_STEP][PASSED] - User already have product in the cart: User already have product in the cart

2022-11-05 19:42:01 - [MESSAGE][PASSED] - Object: 'Object Repository/Product/Page_frontend-web/beli_button' is clicked on

2022-11-05 19:42:01 - [MESSAGE][PASSED] - Object: 'Object Repository/Product/Page_frontend-web/i_AltaShop_v-icon notranslate fas fa-shoppi_c66ce9' is clicked on

2022-11-05 19:42:01 - [MESSAGE][PASSED] - User already have product in the cart

2022-11-05 19:42:01 - [TEST_STEP][PASSED] - User click pay button: User click pay button

2022-11-05 19:42:02 - [MESSAGE][PASSED] - Object: 'Object Repository/Product/Page_frontend-web/span_Bayar' is clicked on

2022-11-05 19:42:02 - [MESSAGE][PASSED] - User click pay button

2022-11-05 19:42:02 - [TEST_STEP][PASSED] - User navigate to homepage again: User navigate to homepage again

2022-11-05 19:42:03 - [MESSAGE][PASSED] - Browser is closed

2022-11-05 19:42:03 - [MESSAGE][PASSED] - User navigate to homepage again

2022-11-05 19:42:03 - [MESSAGE][PASSED] - Feature file: 'Include/features/Positive/product.feature' was passed]]></system-out>
         <system-err><![CDATA[]]></system-err>
      </testcase>
      <system-out><![CDATA[2022-11-05 19:36:59 - [TEST_SUITE][PASSED] - ATC_Test Suite: Test Cases/Feature File]]></system-out>
      <system-err><![CDATA[]]></system-err>
   </testsuite>
</testsuites>
